Mplus VERSION 8.11 DEMO
MUTHEN & MUTHEN
12/16/2025  11:52 AM

INPUT INSTRUCTIONS

  TITLE:
  Class 1
  DATA:
  FILE = "C:/Users/chens/Desktop/useme_lca/mplus_lca_ecig_w/lca_ecig_w.dat";
  VARIABLE:
  NAMES = caseid p_rule_ec p_use_ec p_know p_rule_b p_use_b c_try_ec dem_gen dem_age
       dem_inc dem_hisp weight;
   MISSING=.;
   categorical = p_rule_ec p_use_ec p_know p_rule_b p_use_b;
  usevar = p_rule_ec p_use_ec p_know p_rule_b p_use_b;
  weight = weight;
  classes = c(1);
  ANALYSIS:
  estimator = mlr;
      type = mixture;
      starts = 1000 200;
      processors = 10;
  OUTPUT:
  tech11 tech14;
  PLOT:
  type = plot3;
       series = p_rule_ec p_use_ec p_know p_rule_b p_use_b(*);



*** WARNING in VARIABLE command
  Note that only the first 8 characters of variable names are used in the output.
  Shorten variable names to avoid any confusion.
*** WARNING in PLOT command
  Note that only the first 8 characters of variable names are used in plots.
  If variable names are not unique within the first 8 characters, problems
  may occur.
*** WARNING in OUTPUT command
  TECH11 option is not available for TYPE=MIXTURE with only one class.
  Request for TECH11 is ignored.
*** WARNING in OUTPUT command
  TECH14 option is not available for TYPE=MIXTURE with weights.
  Request for TECH14 is ignored.
   4 WARNING(S) FOUND IN THE INPUT INSTRUCTIONS




Class 1

SUMMARY OF ANALYSIS

Number of groups                                                 1
Number of observations                                        7301

Number of dependent variables                                    5
Number of independent variables                                  0
Number of continuous latent variables                            0
Number of categorical latent variables                           1

Observed dependent variables

  Binary and ordered categorical (ordinal)
   P_RULE_E    P_USE_EC    P_KNOW      P_RULE_B    P_USE_B

Categorical latent variables
   C

Variables with special functions

  Weight variable       WEIGHT

Estimator                                                      MLR
Information matrix                                        OBSERVED
Optimization Specifications for the Quasi-Newton Algorithm for
Continuous Outcomes
  Maximum number of iterations                                 100
  Convergence criterion                                  0.100D-05
Optimization Specifications for the EM Algorithm
  Maximum number of iterations                                 500
  Convergence criteria
    Loglikelihood change                                 0.100D-06
    Relative loglikelihood change                        0.100D-06
    Derivative                                           0.100D-05
Optimization Specifications for the M step of the EM Algorithm for
Categorical Latent variables
  Number of M step iterations                                    1
  M step convergence criterion                           0.100D-05
  Basis for M step termination                           ITERATION
Optimization Specifications for the M step of the EM Algorithm for
Censored, Binary or Ordered Categorical (Ordinal), Unordered
Categorical (Nominal) and Count Outcomes
  Number of M step iterations                                    1
  M step convergence criterion                           0.100D-05
  Basis for M step termination                           ITERATION
  Maximum value for logit thresholds                            15
  Minimum value for logit thresholds                           -15
  Minimum expected cell size for chi-square              0.100D-01
Maximum number of iterations for H1                           2000
Convergence criterion for H1                             0.100D-03
Optimization algorithm                                         EMA
Random Starts Specifications
  Number of initial stage random starts                       1000
  Number of final stage optimizations                          200
  Number of initial stage iterations                            10
  Initial stage convergence criterion                    0.100D+01
  Random starts scale                                    0.500D+01
  Random seed for generating random starts                       0
Link                                                         LOGIT

Input data file(s)
  C:/Users/chens/Desktop/useme_lca/mplus_lca_ecig_w/lca_ecig_w.dat
Input data format  FREE


SUMMARY OF DATA

     Number of missing data patterns             5
     Number of y missing data patterns           0
     Number of u missing data patterns           5


COVARIANCE COVERAGE OF DATA

Minimum covariance coverage value   0.100


     PROPORTION OF DATA PRESENT FOR U


           Covariance Coverage
              P_RULE_E      P_USE_EC      P_KNOW        P_RULE_B      P_USE_B
              ________      ________      ________      ________      ________
 P_RULE_E       0.996
 P_USE_EC       0.996         1.000
 P_KNOW         0.986         0.990         0.990
 P_RULE_B       0.996         0.996         0.986         0.996
 P_USE_B        0.996         1.000         0.990         0.996         1.000


UNIVARIATE PROPORTIONS AND COUNTS FOR CATEGORICAL VARIABLES

    P_RULE_E
      Category 1    0.828         6025.611
      Category 2    0.172         1247.344
    P_USE_EC
      Category 1    0.962         7025.076
      Category 2    0.038          275.924
    P_KNOW
      Category 1    0.894         6462.369
      Category 2    0.106          762.434
    P_RULE_B
      Category 1    0.872         6343.601
      Category 2    0.128          930.094
    P_USE_B
      Category 1    0.843         6155.619
      Category 2    0.157         1145.381


RANDOM STARTS RESULTS RANKED FROM THE BEST TO THE WORST LOGLIKELIHOOD VALUES

Final stage loglikelihood values at local maxima, seeds, and initial stage start numbers:

          -12895.508  118438           601
          -12895.508  342019           301
          -12895.508  964570           701
          -12895.508  246794           801
          -12895.508  700349           401
          -12895.508  36714            201
          -12895.508  371246           101
          -12895.508  137888           901
          -12895.508  294669           501
          -12895.508  unperturbed      0
          -12895.508  462953           7
          -12895.508  27071            15
          -12895.508  153942           31
          -12895.508  227563           63
          -12895.508  379729           512
          -12895.508  7959             256
          -12895.508  314034           513
          -12895.508  147440           514
          -12895.508  164305           128
          -12895.508  871851           257
          -12895.508  140849           515
          -12895.508  689529           516
          -12895.508  188498           258
          -12895.508  79212            517
          -12895.508  327475           518
          -12895.508  311214           64
          -12895.508  814975           129
          -12895.508  622860           259
          -12895.508  161421           519
          -12895.508  489927           520
          -12895.508  804660           260
          -12895.508  745972           521
          -12895.508  486622           522
          -12895.508  509733           130
          -12895.508  616917           261
          -12895.508  715255           523
          -12895.508  638611           524
          -12895.508  520177           262
          -12895.508  995249           525
          -12895.508  126371           526
          -12895.508  626891           32
          -12895.508  565819           65
          -12895.508  468036           131
          -12895.508  349263           263
          -12895.508  830292           527
          -12895.508  252346           528
          -12895.508  358488           264
          -12895.508  78862            529
          -12895.508  704798           530
          -12895.508  313407           132
          -12895.508  105435           265
          -12895.508  970689           266
          -12895.508  467339           66
          -12895.508  321390           133
          -12895.508  930323           267
          -12895.508  529455           268
          -12895.508  903369           134
          -12895.508  926283           269
          -12895.508  483369           270
          -12895.508  76974            16
          -12895.508  749453           33
          -12895.508  789985           67
          -12895.508  437181           135
          -12895.508  438144           271
          -12895.508  782821           272
          -12895.508  232559           136
          -12895.508  688839           273
          -12895.508  15715            274
          -12895.508  405079           68
          -12895.508  848331           137
          -12895.508  741888           138
          -12895.508  341041           34
          -12895.508  685657           69
          -12895.508  118421           139
          -12895.508  948615           140
          -12895.508  987090           70
          -12895.508  931874           141
          -12895.508  192071           142
          -12895.508  285380           1
          -12895.508  93468            3
          -12895.508  22089            143
          -12895.508  856536           144
          -12895.508  788796           145
          -12895.508  369602           146
          -12895.508  939021           8
          -12895.508  68985            17
          -12895.508  848356           602
          -12895.508  383979           603
          -12895.508  402699           604
          -12895.508  679832           302
          -12895.508  213189           605
          -12895.508  645052           910
          -12895.508  588923           606
          -12895.508  790452           303
          -12895.508  824956           607
          -12895.508  881886           608
          -12895.508  92689            304
          -12895.508  941525           609
          -12895.508  15270            610
          -12895.508  81117            305
          -12895.508  920593           611
          -12895.508  313306           612
          -12895.508  484687           306
          -12895.508  507218           613
          -12895.508  752476           614
          -12895.508  534864           307
          -12895.508  805935           615
          -12895.508  852283           616
          -12895.508  692169           308
          -12895.508  351807           617
          -12895.508  373815           618
          -12895.508  879338           309
          -12895.508  738393           619
          -12895.508  763285           620
          -12895.508  996231           310
          -12895.508  478421           311
          -12895.508  798839           312
          -12895.508  521575           313
          -12895.508  626087           314
          -12895.508  857799           315
          -12895.508  193042           316
          -12895.508  614009           317
          -12895.508  667250           318
          -12895.508  567165           319
          -12895.508  732596           320
          -12895.508  531546           702
          -12895.508  35191            703
          -12895.508  926762           704
          -12895.508  476393           705
          -12895.508  579138           706
          -12895.508  49293            707
          -12895.508  114433           708
          -12895.508  765586           709
          -12895.508  117391           710
          -12895.508  610181           711
          -12895.508  77210            712
          -12895.508  284716           713
          -12895.508  46502            714
          -12895.508  833196           715
          -12895.508  853781           716
          -12895.508  607072           717
          -12895.508  702492           718
          -12895.508  512403           719
          -12895.508  178031           720
          -12895.508  391368           802
          -12895.508  432513           803
          -12895.508  7886             804
          -12895.508  971853           402
          -12895.508  845580           805
          -12895.508  203508           806
          -12895.508  471040           403
          -12895.508  739214           807
          -12895.508  496344           808
          -12895.508  605565           404
          -12895.508  544077           809
          -12895.508  200041           810
          -12895.508  596257           405
          -12895.508  599136           811
          -12895.508  238317           812
          -12895.508  926797           406
          -12895.508  328661           813
          -12895.508  671390           814
          -12895.508  772131           407
          -12895.508  494149           815
          -12895.508  941975           816
          -12895.508  55115            408
          -12895.508  168888           817
          -12895.508  548245           818
          -12895.508  605161           409
          -12895.508  467561           819
          -12895.508  300697           820
          -12895.508  746978           410
          -12895.508  85734            411
          -12895.508  918558           412
          -12895.508  275475           413
          -12895.508  736574           414
          -12895.508  399508           415
          -12895.508  791285           416
          -12895.508  665121           417
          -12895.508  298275           418
          -12895.508  802682           419
          -12895.508  749635           420
          -12895.508  695453           902
          -12895.508  298201           903
          -12895.508  494209           904
          -12895.508  379823           905
          -12895.508  663090           906
          -12895.508  81951            907
          -12895.508  327927           908
          -12895.508  105656           909
          -12895.508  954914           911
          -12895.508  241299           912
          -12895.508  979450           913
          -12895.508  816435           914
          -12895.508  484116           915
          -12895.508  735928           916
          -12895.508  937068           982
          -12895.508  573367           986
          -12895.508  495490           990
          -12895.508  98068            998



THE MODEL ESTIMATION TERMINATED NORMALLY



MODEL FIT INFORMATION

Number of Free Parameters                        5

Loglikelihood

          H0 Value                      -12895.508
          H0 Scaling Correction Factor      1.1265
            for MLR

Information Criteria

          Akaike (AIC)                   25801.016
          Bayesian (BIC)                 25835.495
          Sample-Size Adjusted BIC       25819.606
            (n* = (n + 2) / 24)

Chi-Square Test of Model Fit for the Binary and Ordered Categorical
(Ordinal) Outcomes

          Pearson Chi-Square

          Value                           1361.729
          Degrees of Freedom                    26
          P-Value                           0.0000

          Likelihood Ratio Chi-Square

          Value                              0.000
          Degrees of Freedom                    26
          P-Value                           1.0000

Chi-Square Test for MCAR under the Unrestricted Latent Class Indicator Model

          Pearson Chi-Square

          Value                             17.619
          Degrees of Freedom                    52
          P-Value                           1.0000

          Likelihood Ratio Chi-Square

          Value                             21.644
          Degrees of Freedom                    52
          P-Value                           0.9999



FINAL CLASS COUNTS AND PROPORTIONS FOR THE LATENT CLASSES
BASED ON THE ESTIMATED MODEL

    Latent
   Classes

       1       7301.00000          1.00000


FINAL CLASS COUNTS AND PROPORTIONS FOR THE LATENT CLASSES
BASED ON ESTIMATED POSTERIOR PROBABILITIES

    Latent
   Classes

       1       7301.00000          1.00000


FINAL CLASS COUNTS AND PROPORTIONS FOR THE LATENT CLASSES
BASED ON THEIR MOST LIKELY LATENT CLASS MEMBERSHIP

Class Counts and Proportions

    Latent
   Classes

       1             7301          1.00000


Average Latent Class Probabilities for Most Likely Latent Class Membership (Row)
by Latent Class (Column)

           1

    1   1.000


Classification Probabilities for the Most Likely Latent Class Membership (Column)
by Latent Class (Row)

           1

    1   1.000


Logits for the Classification Probabilities for the Most Likely Latent Class Membership (Column)
by Latent Class (Row)

              1

    1      0.000


MODEL RESULTS

                                                    Two-Tailed
                    Estimate       S.E.  Est./S.E.    P-Value

Latent Class 1

 Thresholds
    P_RULE_E$1         1.575      0.033     47.664      0.000
    P_USE_EC$1         3.237      0.066     48.738      0.000
    P_KNOW$1           2.137      0.040     53.627      0.000
    P_RULE_B$1         1.920      0.037     51.552      0.000
    P_USE_B$1          1.682      0.034     49.280      0.000


QUALITY OF NUMERICAL RESULTS

     Condition Number for the Information Matrix              0.120E+00
       (ratio of smallest to largest eigenvalue)


RESULTS IN PROBABILITY SCALE

                                                    Two-Tailed
                    Estimate       S.E.  Est./S.E.    P-Value

Latent Class 1

 P_RULE_EC
    Category 1         0.828      0.005    176.456      0.000
    Category 2         0.172      0.005     36.528      0.000
 P_USE_EC
    Category 1         0.962      0.002    398.386      0.000
    Category 2         0.038      0.002     15.647      0.000
 P_KNOW
    Category 1         0.894      0.004    237.767      0.000
    Category 2         0.106      0.004     28.052      0.000
 P_RULE_B
    Category 1         0.872      0.004    209.986      0.000
    Category 2         0.128      0.004     30.788      0.000
 P_USE_B
    Category 1         0.843      0.005    186.800      0.000
    Category 2         0.157      0.005     34.758      0.000


PLOT INFORMATION

The following plots are available:

  Histograms (sample values)
  Scatterplots (sample values)
  Sample proportions and estimated probabilities

     Beginning Time:  11:52:53
        Ending Time:  11:52:57
       Elapsed Time:  00:00:04


Mplus VERSION 8.11 DEMO has the following limitations:
  Maximum number of dependent variables: 6
  Maximum number of independent variables: 2
  Maximum number of between variables: 2
  Maximum number of continuous latent variables in time series analysis: 2


MUTHEN & MUTHEN
3463 Stoner Ave.
Los Angeles, CA  90066

Tel: (310) 391-9971
Fax: (310) 391-8971
Web: www.StatModel.com
Support: Support@StatModel.com

Copyright (c) 1998-2024 Muthen & Muthen
