Mplus VERSION 8.11 DEMO
MUTHEN & MUTHEN
12/19/2025   5:38 PM

INPUT INSTRUCTIONS

  TITLE:
  Class 1
  DATA:
  FILE = "C:/Users/chens/Desktop/PATHparentLCA/useme_lca/mplus_lca_ecig/
  lca_ecig.dat";
  VARIABLE:
  NAMES = caseid p_rule_ec p_use_ec p_know p_rule_b p_use_b c_try_ec dem_gen dem_age
       dem_inc dem_hisp weight;
   MISSING=.;
   categorical = p_rule_ec p_use_ec p_know p_rule_b p_use_b;
  usevar = p_rule_ec p_use_ec p_know p_rule_b p_use_b;
  classes = c(1);
  ANALYSIS:
  estimator = mlr;
      type = mixture;
      starts = 1000 200;
      processors = 10;
  OUTPUT:
  tech11 tech14;
  PLOT:
  type = plot3;
       series = p_rule_ec p_use_ec p_know p_rule_b p_use_b(*);



*** WARNING in VARIABLE command
  Note that only the first 8 characters of variable names are used in the output.
  Shorten variable names to avoid any confusion.
*** WARNING in PLOT command
  Note that only the first 8 characters of variable names are used in plots.
  If variable names are not unique within the first 8 characters, problems
  may occur.
*** WARNING in OUTPUT command
  TECH11 option is not available for TYPE=MIXTURE with only one class.
  Request for TECH11 is ignored.
*** WARNING in OUTPUT command
  TECH14 option is not available for TYPE=MIXTURE with only one class.
  Request for TECH14 is ignored.
   4 WARNING(S) FOUND IN THE INPUT INSTRUCTIONS




Class 1

SUMMARY OF ANALYSIS

Number of groups                                                 1
Number of observations                                        7301

Number of dependent variables                                    5
Number of independent variables                                  0
Number of continuous latent variables                            0
Number of categorical latent variables                           1

Observed dependent variables

  Binary and ordered categorical (ordinal)
   P_RULE_E    P_USE_EC    P_KNOW      P_RULE_B    P_USE_B

Categorical latent variables
   C


Estimator                                                      MLR
Information matrix                                        OBSERVED
Optimization Specifications for the Quasi-Newton Algorithm for
Continuous Outcomes
  Maximum number of iterations                                 100
  Convergence criterion                                  0.100D-05
Optimization Specifications for the EM Algorithm
  Maximum number of iterations                                 500
  Convergence criteria
    Loglikelihood change                                 0.100D-06
    Relative loglikelihood change                        0.100D-06
    Derivative                                           0.100D-05
Optimization Specifications for the M step of the EM Algorithm for
Categorical Latent variables
  Number of M step iterations                                    1
  M step convergence criterion                           0.100D-05
  Basis for M step termination                           ITERATION
Optimization Specifications for the M step of the EM Algorithm for
Censored, Binary or Ordered Categorical (Ordinal), Unordered
Categorical (Nominal) and Count Outcomes
  Number of M step iterations                                    1
  M step convergence criterion                           0.100D-05
  Basis for M step termination                           ITERATION
  Maximum value for logit thresholds                            15
  Minimum value for logit thresholds                           -15
  Minimum expected cell size for chi-square              0.100D-01
Maximum number of iterations for H1                           2000
Convergence criterion for H1                             0.100D-03
Optimization algorithm                                         EMA
Random Starts Specifications
  Number of initial stage random starts                       1000
  Number of final stage optimizations                          200
  Number of initial stage iterations                            10
  Initial stage convergence criterion                    0.100D+01
  Random starts scale                                    0.500D+01
  Random seed for generating random starts                       0
Link                                                         LOGIT

Input data file(s)
  C:/Users/chens/Desktop/PATHparentLCA/useme_lca/mplus_lca_ecig/lca_ecig.dat
Input data format  FREE


SUMMARY OF DATA

     Number of missing data patterns             5
     Number of y missing data patterns           0
     Number of u missing data patterns           5


COVARIANCE COVERAGE OF DATA

Minimum covariance coverage value   0.100


     PROPORTION OF DATA PRESENT FOR U


           Covariance Coverage
              P_RULE_E      P_USE_EC      P_KNOW        P_RULE_B      P_USE_B
              ________      ________      ________      ________      ________
 P_RULE_E       0.996
 P_USE_EC       0.996         1.000
 P_KNOW         0.986         0.990         0.990
 P_RULE_B       0.996         0.996         0.986         0.996
 P_USE_B        0.996         1.000         0.990         0.996         1.000


UNIVARIATE PROPORTIONS AND COUNTS FOR CATEGORICAL VARIABLES

    P_RULE_E
      Category 1    0.827         6017.000
      Category 2    0.173         1255.000
    P_USE_EC
      Category 1    0.934         6817.000
      Category 2    0.066          484.000
    P_KNOW
      Category 1    0.888         6419.000
      Category 2    0.112          806.000
    P_RULE_B
      Category 1    0.871         6334.000
      Category 2    0.129          939.000
    P_USE_B
      Category 1    0.840         6134.000
      Category 2    0.160         1167.000


RANDOM STARTS RESULTS RANKED FROM THE BEST TO THE WORST LOGLIKELIHOOD VALUES

Final stage loglikelihood values at local maxima, seeds, and initial stage start numbers:

          -13658.731  118438           601
          -13658.731  342019           301
          -13658.731  964570           701
          -13658.731  246794           801
          -13658.731  700349           401
          -13658.731  36714            201
          -13658.731  371246           101
          -13658.731  137888           901
          -13658.731  294669           501
          -13658.731  unperturbed      0
          -13658.731  462953           7
          -13658.731  27071            15
          -13658.731  153942           31
          -13658.731  227563           63
          -13658.731  379729           512
          -13658.731  7959             256
          -13658.731  314034           513
          -13658.731  147440           514
          -13658.731  164305           128
          -13658.731  871851           257
          -13658.731  140849           515
          -13658.731  689529           516
          -13658.731  188498           258
          -13658.731  79212            517
          -13658.731  327475           518
          -13658.731  311214           64
          -13658.731  814975           129
          -13658.731  622860           259
          -13658.731  161421           519
          -13658.731  489927           520
          -13658.731  804660           260
          -13658.731  745972           521
          -13658.731  486622           522
          -13658.731  509733           130
          -13658.731  616917           261
          -13658.731  715255           523
          -13658.731  638611           524
          -13658.731  520177           262
          -13658.731  995249           525
          -13658.731  126371           526
          -13658.731  626891           32
          -13658.731  565819           65
          -13658.731  468036           131
          -13658.731  349263           263
          -13658.731  830292           527
          -13658.731  252346           528
          -13658.731  358488           264
          -13658.731  78862            529
          -13658.731  704798           530
          -13658.731  313407           132
          -13658.731  105435           265
          -13658.731  970689           266
          -13658.731  467339           66
          -13658.731  321390           133
          -13658.731  930323           267
          -13658.731  529455           268
          -13658.731  903369           134
          -13658.731  926283           269
          -13658.731  483369           270
          -13658.731  76974            16
          -13658.731  749453           33
          -13658.731  789985           67
          -13658.731  437181           135
          -13658.731  438144           271
          -13658.731  782821           272
          -13658.731  232559           136
          -13658.731  688839           273
          -13658.731  15715            274
          -13658.731  405079           68
          -13658.731  848331           137
          -13658.731  741888           138
          -13658.731  341041           34
          -13658.731  685657           69
          -13658.731  118421           139
          -13658.731  948615           140
          -13658.731  987090           70
          -13658.731  931874           141
          -13658.731  192071           142
          -13658.731  285380           1
          -13658.731  93468            3
          -13658.731  22089            143
          -13658.731  856536           144
          -13658.731  788796           145
          -13658.731  369602           146
          -13658.731  939021           8
          -13658.731  68985            17
          -13658.731  848356           602
          -13658.731  383979           603
          -13658.731  402699           604
          -13658.731  679832           302
          -13658.731  213189           605
          -13658.731  645052           910
          -13658.731  588923           606
          -13658.731  790452           303
          -13658.731  824956           607
          -13658.731  881886           608
          -13658.731  92689            304
          -13658.731  941525           609
          -13658.731  15270            610
          -13658.731  81117            305
          -13658.731  920593           611
          -13658.731  313306           612
          -13658.731  484687           306
          -13658.731  507218           613
          -13658.731  752476           614
          -13658.731  534864           307
          -13658.731  805935           615
          -13658.731  852283           616
          -13658.731  692169           308
          -13658.731  351807           617
          -13658.731  373815           618
          -13658.731  879338           309
          -13658.731  738393           619
          -13658.731  763285           620
          -13658.731  996231           310
          -13658.731  478421           311
          -13658.731  798839           312
          -13658.731  521575           313
          -13658.731  626087           314
          -13658.731  857799           315
          -13658.731  193042           316
          -13658.731  614009           317
          -13658.731  667250           318
          -13658.731  567165           319
          -13658.731  732596           320
          -13658.731  531546           702
          -13658.731  35191            703
          -13658.731  926762           704
          -13658.731  476393           705
          -13658.731  579138           706
          -13658.731  49293            707
          -13658.731  114433           708
          -13658.731  765586           709
          -13658.731  117391           710
          -13658.731  610181           711
          -13658.731  77210            712
          -13658.731  284716           713
          -13658.731  46502            714
          -13658.731  833196           715
          -13658.731  853781           716
          -13658.731  607072           717
          -13658.731  702492           718
          -13658.731  512403           719
          -13658.731  178031           720
          -13658.731  391368           802
          -13658.731  432513           803
          -13658.731  7886             804
          -13658.731  971853           402
          -13658.731  845580           805
          -13658.731  203508           806
          -13658.731  471040           403
          -13658.731  739214           807
          -13658.731  496344           808
          -13658.731  605565           404
          -13658.731  544077           809
          -13658.731  200041           810
          -13658.731  596257           405
          -13658.731  599136           811
          -13658.731  238317           812
          -13658.731  926797           406
          -13658.731  328661           813
          -13658.731  671390           814
          -13658.731  772131           407
          -13658.731  494149           815
          -13658.731  941975           816
          -13658.731  55115            408
          -13658.731  168888           817
          -13658.731  548245           818
          -13658.731  605161           409
          -13658.731  467561           819
          -13658.731  300697           820
          -13658.731  746978           410
          -13658.731  85734            411
          -13658.731  918558           412
          -13658.731  275475           413
          -13658.731  736574           414
          -13658.731  399508           415
          -13658.731  791285           416
          -13658.731  665121           417
          -13658.731  298275           418
          -13658.731  802682           419
          -13658.731  749635           420
          -13658.731  695453           902
          -13658.731  298201           903
          -13658.731  494209           904
          -13658.731  379823           905
          -13658.731  663090           906
          -13658.731  81951            907
          -13658.731  327927           908
          -13658.731  105656           909
          -13658.731  954914           911
          -13658.731  241299           912
          -13658.731  979450           913
          -13658.731  816435           914
          -13658.731  484116           915
          -13658.731  735928           916
          -13658.731  937068           982
          -13658.731  573367           986
          -13658.731  495490           990
          -13658.731  98068            998



THE MODEL ESTIMATION TERMINATED NORMALLY



MODEL FIT INFORMATION

Number of Free Parameters                        5

Loglikelihood

          H0 Value                      -13658.731
          H0 Scaling Correction Factor      1.0000
            for MLR

Information Criteria

          Akaike (AIC)                   27327.462
          Bayesian (BIC)                 27361.940
          Sample-Size Adjusted BIC       27346.052
            (n* = (n + 2) / 24)

Chi-Square Test of Model Fit for the Binary and Ordered Categorical
(Ordinal) Outcomes

          Pearson Chi-Square

          Value                           1992.055
          Degrees of Freedom                    26
          P-Value                           0.0000

          Likelihood Ratio Chi-Square

          Value                            283.283
          Degrees of Freedom                    26
          P-Value                           0.0000

Chi-Square Test for MCAR under the Unrestricted Latent Class Indicator Model

          Pearson Chi-Square

          Value                             22.504
          Degrees of Freedom                    52
          P-Value                           0.9999

          Likelihood Ratio Chi-Square

          Value                             26.182
          Degrees of Freedom                    52
          P-Value                           0.9989



FINAL CLASS COUNTS AND PROPORTIONS FOR THE LATENT CLASSES
BASED ON THE ESTIMATED MODEL

    Latent
   Classes

       1       7301.00000          1.00000


FINAL CLASS COUNTS AND PROPORTIONS FOR THE LATENT CLASSES
BASED ON ESTIMATED POSTERIOR PROBABILITIES

    Latent
   Classes

       1       7301.00000          1.00000


FINAL CLASS COUNTS AND PROPORTIONS FOR THE LATENT CLASSES
BASED ON THEIR MOST LIKELY LATENT CLASS MEMBERSHIP

Class Counts and Proportions

    Latent
   Classes

       1             7301          1.00000


Average Latent Class Probabilities for Most Likely Latent Class Membership (Row)
by Latent Class (Column)

           1

    1   1.000


Classification Probabilities for the Most Likely Latent Class Membership (Column)
by Latent Class (Row)

           1

    1   1.000


Logits for the Classification Probabilities for the Most Likely Latent Class Membership (Column)
by Latent Class (Row)

              1

    1      0.000


MODEL RESULTS

                                                    Two-Tailed
                    Estimate       S.E.  Est./S.E.    P-Value

Latent Class 1

 Thresholds
    P_RULE_E$1         1.567      0.031     50.510      0.000
    P_USE_EC$1         2.645      0.047     56.230      0.000
    P_KNOW$1           2.075      0.037     55.525      0.000
    P_RULE_B$1         1.909      0.035     54.587      0.000
    P_USE_B$1          1.659      0.032     51.960      0.000


QUALITY OF NUMERICAL RESULTS

     Condition Number for the Information Matrix              0.153E+00
       (ratio of smallest to largest eigenvalue)


RESULTS IN PROBABILITY SCALE

                                                    Two-Tailed
                    Estimate       S.E.  Est./S.E.    P-Value

Latent Class 1

 P_RULE_EC
    Category 1         0.827      0.004    186.722      0.000
    Category 2         0.173      0.004     38.946      0.000
 P_USE_EC
    Category 1         0.934      0.003    320.675      0.000
    Category 2         0.066      0.003     22.768      0.000
 P_KNOW
    Category 1         0.888      0.004    239.875      0.000
    Category 2         0.112      0.004     30.120      0.000
 P_RULE_B
    Category 1         0.871      0.004    221.495      0.000
    Category 2         0.129      0.004     32.836      0.000
 P_USE_B
    Category 1         0.840      0.004    195.897      0.000
    Category 2         0.160      0.004     37.270      0.000


PLOT INFORMATION

The following plots are available:

  Histograms (sample values)
  Scatterplots (sample values)
  Sample proportions and estimated probabilities

     Beginning Time:  17:38:49
        Ending Time:  17:38:53
       Elapsed Time:  00:00:04


Mplus VERSION 8.11 DEMO has the following limitations:
  Maximum number of dependent variables: 6
  Maximum number of independent variables: 2
  Maximum number of between variables: 2
  Maximum number of continuous latent variables in time series analysis: 2


MUTHEN & MUTHEN
3463 Stoner Ave.
Los Angeles, CA  90066

Tel: (310) 391-9971
Fax: (310) 391-8971
Web: www.StatModel.com
Support: Support@StatModel.com

Copyright (c) 1998-2024 Muthen & Muthen
