Mplus VERSION 8.11 DEMO
MUTHEN & MUTHEN
12/16/2025  10:21 PM

INPUT INSTRUCTIONS

  TITLE:
  Class 2
  DATA:
  FILE = "C:/Users/chens/Desktop/useme_lca/mplus_lca_ecig/lca_ecig.dat";
  VARIABLE:
  NAMES = caseid p_rule_ec p_use_ec p_know p_rule_b p_use_b c_try_ec dem_gen dem_age
       dem_inc dem_hisp weight;
   MISSING=.;
   categorical = p_rule_ec p_use_ec p_know p_rule_b p_use_b;
  usevar = p_rule_ec p_use_ec p_know p_rule_b p_use_b;
  classes = c(2);
  ANALYSIS:
  estimator = mlr;
      type = mixture;
      starts = 1000 200;
      processors = 10;
  OUTPUT:
  tech11 tech14;
  PLOT:
  type = plot3;
       series = p_rule_ec p_use_ec p_know p_rule_b p_use_b(*);



*** WARNING in VARIABLE command
  Note that only the first 8 characters of variable names are used in the output.
  Shorten variable names to avoid any confusion.
*** WARNING in PLOT command
  Note that only the first 8 characters of variable names are used in plots.
  If variable names are not unique within the first 8 characters, problems
  may occur.
   2 WARNING(S) FOUND IN THE INPUT INSTRUCTIONS




Class 2

SUMMARY OF ANALYSIS

Number of groups                                                 1
Number of observations                                        7301

Number of dependent variables                                    5
Number of independent variables                                  0
Number of continuous latent variables                            0
Number of categorical latent variables                           1

Observed dependent variables

  Binary and ordered categorical (ordinal)
   P_RULE_E    P_USE_EC    P_KNOW      P_RULE_B    P_USE_B

Categorical latent variables
   C


Estimator                                                      MLR
Information matrix                                        OBSERVED
Optimization Specifications for the Quasi-Newton Algorithm for
Continuous Outcomes
  Maximum number of iterations                                 100
  Convergence criterion                                  0.100D-05
Optimization Specifications for the EM Algorithm
  Maximum number of iterations                                 500
  Convergence criteria
    Loglikelihood change                                 0.100D-06
    Relative loglikelihood change                        0.100D-06
    Derivative                                           0.100D-05
Optimization Specifications for the M step of the EM Algorithm for
Categorical Latent variables
  Number of M step iterations                                    1
  M step convergence criterion                           0.100D-05
  Basis for M step termination                           ITERATION
Optimization Specifications for the M step of the EM Algorithm for
Censored, Binary or Ordered Categorical (Ordinal), Unordered
Categorical (Nominal) and Count Outcomes
  Number of M step iterations                                    1
  M step convergence criterion                           0.100D-05
  Basis for M step termination                           ITERATION
  Maximum value for logit thresholds                            15
  Minimum value for logit thresholds                           -15
  Minimum expected cell size for chi-square              0.100D-01
Maximum number of iterations for H1                           2000
Convergence criterion for H1                             0.100D-03
Optimization algorithm                                         EMA
Random Starts Specifications
  Number of initial stage random starts                       1000
  Number of final stage optimizations                          200
  Number of initial stage iterations                            10
  Initial stage convergence criterion                    0.100D+01
  Random starts scale                                    0.500D+01
  Random seed for generating random starts                       0
Link                                                         LOGIT

Input data file(s)
  C:/Users/chens/Desktop/useme_lca/mplus_lca_ecig/lca_ecig.dat
Input data format  FREE


SUMMARY OF DATA

     Number of missing data patterns             5
     Number of y missing data patterns           0
     Number of u missing data patterns           5


COVARIANCE COVERAGE OF DATA

Minimum covariance coverage value   0.100


     PROPORTION OF DATA PRESENT FOR U


           Covariance Coverage
              P_RULE_E      P_USE_EC      P_KNOW        P_RULE_B      P_USE_B
              ________      ________      ________      ________      ________
 P_RULE_E       0.996
 P_USE_EC       0.996         1.000
 P_KNOW         0.986         0.990         0.990
 P_RULE_B       0.996         0.996         0.986         0.996
 P_USE_B        0.996         1.000         0.990         0.996         1.000


UNIVARIATE PROPORTIONS AND COUNTS FOR CATEGORICAL VARIABLES

    P_RULE_E
      Category 1    0.827         6017.000
      Category 2    0.173         1255.000
    P_USE_EC
      Category 1    0.963         7033.000
      Category 2    0.037          268.000
    P_KNOW
      Category 1    0.888         6419.000
      Category 2    0.112          806.000
    P_RULE_B
      Category 1    0.871         6334.000
      Category 2    0.129          939.000
    P_USE_B
      Category 1    0.840         6134.000
      Category 2    0.160         1167.000


RANDOM STARTS RESULTS RANKED FROM THE BEST TO THE WORST LOGLIKELIHOOD VALUES

Final stage loglikelihood values at local maxima, seeds, and initial stage start numbers:

          -11614.144  614535           449
          -11614.144  923437           398
          -11614.144  576726           280
          -11614.144  58507            793
          -11614.144  4091             548
          -11614.144  848590           694
          -11614.144  400319           887
          -11614.144  622173           992
          -11614.144  22089            143
          -11614.144  377504           294
          -11614.144  216565           474
          -11614.144  597614           284
          -11614.144  314084           81
          -11614.144  313306           612
          -11614.144  209031           632
          -11614.144  407168           44
          -11614.144  761302           744
          -11614.144  699554           427
          -11614.144  21345            199
          -11614.144  781190           219
          -11614.144  536551           696
          -11614.144  505879           424
          -11614.144  55115            408
          -11614.144  779820           877
          -11614.144  580539           786
          -11614.144  372176           23
          -11614.144  7886             804
          -11614.144  508482           446
          -11614.144  76974            16
          -11614.144  889774           954
          -11614.144  824956           607
          -11614.144  775884           639
          -11614.144  404042           675
          -11614.144  194143           510
          -11614.144  754100           56
          -11614.144  391949           295
          -11614.144  312587           775
          -11614.144  506886           576
          -11614.144  735928           916
          -11614.144  265218           924
          -11614.144  616917           261
          -11614.144  121425           511
          -11614.144  876056           1000
          -11614.144  940533           764
          -11614.144  226322           478
          -11614.144  843555           952
          -11614.144  391368           802
          -11614.144  475420           71
          -11614.144  343926           624
          -11614.144  659773           663
          -11614.144  710445           792
          -11614.144  286735           175
          -11614.144  160326           546
          -11614.144  836515           341
          -11614.144  136842           58
          -11614.144  539389           544
          -11614.144  645052           910
          -11614.144  150531           154
          -11614.144  563002           360
          -11614.144  783102           433
          -11614.144  425149           878
          -11614.144  638977           643
          -11614.144  67009            564
          -11614.144  760850           739
          -11614.144  970689           266
          -11614.144  231400           738
          -11614.144  931558           898
          -11614.144  153053           378
          -11614.144  766903           505
          -11614.144  425982           485
          -11614.144  575700           100
          -11614.144  314034           513
          -11614.144  130541           896
          -11614.144  608496           4
          -11614.144  193569           440
          -11614.144  643311           888
          -11614.144  137377           397
          -11614.144  328661           813
          -11614.144  668003           647
          -11614.144  458181           189
          -11614.144  301717           823
          -11614.144  963967           941
          -11614.144  506113           895
          -11614.144  840031           276
          -11614.144  118958           994
          -11614.144  317640           437
          -11614.144  288738           940
          -11614.144  476498           179
          -11614.144  113138           585
          -11614.144  518828           432
          -11614.144  238317           812
          -11614.144  379729           512
          -11614.144  485635           876
          -11614.144  915107           54
          -11614.144  566739           575
          -11614.144  7195             697
          -11614.144  485256           371
          -11614.144  483369           270
          -11614.144  628143           854
          -11614.144  486646           586
          -11614.144  568859           49
          -11614.144  259507           53
          -11614.144  156536           245
          -11614.144  98068            998
          -11614.144  783110           72
          -11614.144  948615           140
          -11614.144  88437            761
          -11614.144  926283           269
          -11614.144  499150           216
          -11614.144  157351           579
          -11614.144  46437            153
          -11614.144  127215           9
          -11614.144  314757           345
          -11614.144  790059           469
          -11614.144  437181           135
          -11614.144  180889           920
          -11614.144  188498           258
          -11614.144  195763           358
          -11614.144  100874           108
          -11614.144  728038           177
          -11614.144  816435           914
          -11614.144  284109           82
          -11614.144  566687           597
          -11614.144  850840           232
          -11614.144  3607             873
          -11614.144  781489           627
          -11614.144  72866            692
          -11614.144  625191           350
          -11614.144  802682           419
          -11614.144  12477            155
          -11614.144  436460           89
          -11614.144  792389           746
          -11614.144  214681           824
          -11614.144  582296           452
          -11614.144  804561           59
          -11614.144  206099           363
          -11614.144  502157           799
          -11614.144  264935           281
          -11614.144  602797           336
          -11614.144  278661           674
          -11614.144  264081           186
          -11614.144  456213           160
          -11614.144  945065           255
          -11614.144  507154           387
          -11614.144  570782           193
          -11614.144  252346           528
          -11614.144  742688           594
          -11614.144  284384           600
          -11614.144  985387           381
          -11614.144  440368           797
          -11614.144  197223           332
          -11614.144  659832           754
          -11614.144  614009           317
          -11614.144  562716           300
          -11614.144  567165           319
          -11614.144  435506           988
          -11614.144  881886           608
          -11614.144  29591            633
          -11614.144  793487           595
          -11614.144  366533           484
          -11614.144  604861           800
          -11614.144  335485           496
          -11614.144  241197           747
          -11614.144  848969           173
          -11614.144  730868           977
          -11614.144  840078           203
          -11614.144  838615           677
          -11614.144  714455           476
          -11614.144  791678           974
          -11614.144  298201           903
          -11614.144  494209           904
          -11614.144  93468            3
          -11614.144  856612           700
          -11614.144  132336           362
          -11614.144  357866           968
          -11614.144  319575           499
          -11614.144  845580           805
          -11614.144  579138           706
          -11614.144  315029           471
          -11614.144  137305           379
          -11614.144  383986           159
          -11614.144  127362           757
          -11614.144  859432           770
          -11614.144  991329           182
          -11614.144  39136            226
          -11614.144  953843           651
          -11614.144  371737           532
          -11614.144  690596           858
          -11614.144  23012            352
          -11614.144  241299           912
          -11614.144  724519           333
          -11614.144  637345           19
          -11614.144  80438            246
          -11614.144  118421           139
          -11614.144  49293            707
          -11614.144  726035           191
          -11614.144  544077           809
          -11614.144  645664           39
          -11614.144  502495           724

1 perturbed starting value run(s) did not converge or were rejected in the third stage.



THE BEST LOGLIKELIHOOD VALUE HAS BEEN REPLICATED.  RERUN WITH AT LEAST TWICE THE
RANDOM STARTS TO CHECK THAT THE BEST LOGLIKELIHOOD IS STILL OBTAINED AND REPLICATED.

     IN THE OPTIMIZATION, ONE OR MORE LOGIT THRESHOLDS APPROACHED EXTREME VALUES
     OF -15.000 AND 15.000 AND WERE FIXED TO STABILIZE MODEL ESTIMATION.  THESE
     VALUES IMPLY PROBABILITIES OF 0 AND 1.  IN THE MODEL RESULTS SECTION, THESE
     PARAMETERS HAVE 0 STANDARD ERRORS AND 999 IN THE Z-SCORE AND P-VALUE COLUMNS.




THE MODEL ESTIMATION TERMINATED NORMALLY



MODEL FIT INFORMATION

Number of Free Parameters                       11

Loglikelihood

          H0 Value                      -11614.144
          H0 Scaling Correction Factor      1.0006
            for MLR

Information Criteria

          Akaike (AIC)                   23250.289
          Bayesian (BIC)                 23326.142
          Sample-Size Adjusted BIC       23291.187
            (n* = (n + 2) / 24)

Chi-Square Test of Model Fit for the Binary and Ordered Categorical
(Ordinal) Outcomes

          Pearson Chi-Square

          Value                            411.546
          Degrees of Freedom                    20
          P-Value                           0.0000

          Likelihood Ratio Chi-Square

          Value                            388.128
          Degrees of Freedom                    20
          P-Value                           0.0000

Chi-Square Test for MCAR under the Unrestricted Latent Class Indicator Model

          Pearson Chi-Square

          Value                             20.271
          Degrees of Freedom                    52
          P-Value                           1.0000

          Likelihood Ratio Chi-Square

          Value                             25.153
          Degrees of Freedom                    52
          P-Value                           0.9994



FINAL CLASS COUNTS AND PROPORTIONS FOR THE LATENT CLASSES
BASED ON THE ESTIMATED MODEL

    Latent
   Classes

       1       1735.52476          0.23771
       2       5565.47524          0.76229


FINAL CLASS COUNTS AND PROPORTIONS FOR THE LATENT CLASSES
BASED ON ESTIMATED POSTERIOR PROBABILITIES

    Latent
   Classes

       1       1735.52476          0.23771
       2       5565.47524          0.76229


FINAL CLASS COUNTS AND PROPORTIONS FOR THE LATENT CLASSES
BASED ON THEIR MOST LIKELY LATENT CLASS MEMBERSHIP

Class Counts and Proportions

    Latent
   Classes

       1             1527          0.20915
       2             5774          0.79085


CLASSIFICATION QUALITY

     Entropy                         0.840


Average Latent Class Probabilities for Most Likely Latent Class Membership (Row)
by Latent Class (Column)

           1        2

    1   0.998    0.002
    2   0.037    0.963


Classification Probabilities for the Most Likely Latent Class Membership (Column)
by Latent Class (Row)

           1        2

    1   0.878    0.122
    2   0.000    1.000


Logits for the Classification Probabilities for the Most Likely Latent Class Membership (Column)
by Latent Class (Row)

              1        2

    1      1.976    0.000
    2     -7.615    0.000


MODEL RESULTS

                                                    Two-Tailed
                    Estimate       S.E.  Est./S.E.    P-Value

Latent Class 1

 Thresholds
    P_RULE_E$1        -0.971      0.071    -13.592      0.000
    P_USE_EC$1         1.817      0.073     24.773      0.000
    P_KNOW$1           1.757      0.073     23.994      0.000
    P_RULE_B$1        -0.170      0.055     -3.075      0.002
    P_USE_B$1          0.465      0.053      8.744      0.000

Latent Class 2

 Thresholds
    P_RULE_E$1        15.000      0.000    999.000    999.000
    P_USE_EC$1         5.388      0.281     19.182      0.000
    P_KNOW$1           2.192      0.046     47.142      0.000
    P_RULE_B$1        15.000      0.000    999.000    999.000
    P_USE_B$1          2.321      0.052     44.977      0.000

Categorical Latent Variables

 Means
    C#1               -1.165      0.032    -36.052      0.000


QUALITY OF NUMERICAL RESULTS

     Condition Number for the Information Matrix              0.859E-03
       (ratio of smallest to largest eigenvalue)


RESULTS IN PROBABILITY SCALE

                                                    Two-Tailed
                    Estimate       S.E.  Est./S.E.    P-Value

Latent Class 1

 P_RULE_EC
    Category 1         0.275      0.014     19.307      0.000
    Category 2         0.725      0.014     50.965      0.000
 P_USE_EC
    Category 1         0.860      0.009     97.522      0.000
    Category 2         0.140      0.009     15.852      0.000
 P_KNOW
    Category 1         0.853      0.009     92.807      0.000
    Category 2         0.147      0.009     16.008      0.000
 P_RULE_B
    Category 1         0.458      0.014     33.420      0.000
    Category 2         0.542      0.014     39.599      0.000
 P_USE_B
    Category 1         0.614      0.013     48.711      0.000
    Category 2         0.386      0.013     30.585      0.000

Latent Class 2

 P_RULE_EC
    Category 1         1.000      0.000      0.000      1.000
    Category 2         0.000      0.000      0.000      1.000
 P_USE_EC
    Category 1         0.995      0.001    782.208      0.000
    Category 2         0.005      0.001      3.577      0.000
 P_KNOW
    Category 1         0.900      0.004    214.039      0.000
    Category 2         0.100      0.004     23.911      0.000
 P_RULE_B
    Category 1         1.000      0.000      0.000      1.000
    Category 2         0.000      0.000      0.000      1.000
 P_USE_B
    Category 1         0.911      0.004    216.751      0.000
    Category 2         0.089      0.004     21.282      0.000


LATENT CLASS INDICATOR ODDS RATIOS FOR THE LATENT CLASSES

                                                95% C.I.
                    Estimate       S.E.  Lower 2.5% Upper 2.5%

Latent Class 1 Compared to Latent Class 2

 P_RULE_E
    Category > 1   *********      0.000  *********  *********
 P_USE_EC
    Category > 1      35.550     10.813     19.585     64.528
 P_KNOW
    Category > 1       1.544      0.140      1.293      1.843
 P_RULE_B
    Category > 1   *********      0.000  *********  *********
 P_USE_B
    Category > 1       6.395      0.499      5.488      7.451


TECHNICAL 11 OUTPUT

     Random Starts Specifications for the k-1 Class Analysis Model
        Number of initial stage random starts                1000
        Number of final stage optimizations                   200



     VUONG-LO-MENDELL-RUBIN LIKELIHOOD RATIO TEST FOR 1 (H0) VERSUS 2 CLASSES

          H0 Loglikelihood Value                       -13026.419
          2 Times the Loglikelihood Difference           2824.550
          Difference in the Number of Parameters                6
          Mean                                              3.407
          Standard Deviation                                5.054
          P-Value                                          0.0000

     LO-MENDELL-RUBIN ADJUSTED LRT TEST

          Value                                          2772.603
          P-Value                                          0.0000


TECHNICAL 14 OUTPUT

     Random Starts Specifications for the k-1 Class Analysis Model
        Number of initial stage random starts                1000
        Number of final stage optimizations                   200

     Random Starts Specification for the k-1 Class Model for Generated Data
        Number of initial stage random starts                   0
        Number of final stage optimizations for the
           initial stage random starts                          0
     Random Starts Specification for the k Class Model for Generated Data
        Number of initial stage random starts                  40
        Number of final stage optimizations                     8
     Number of bootstrap draws requested                   Varies


     PARAMETRIC BOOTSTRAPPED LIKELIHOOD RATIO TEST FOR 1 (H0) VERSUS 2 CLASSES

          H0 Loglikelihood Value                       -13026.419
          2 Times the Loglikelihood Difference           2824.550
          Difference in the Number of Parameters                6
          Approximate P-Value                              0.0000
          Successful Bootstrap Draws                            5

     WARNING:  OF THE 5 BOOTSTRAP DRAWS, 3 DRAWS HAD BOTH A SMALLER LRT VALUE THAN THE
     OBSERVED LRT VALUE AND NOT A REPLICATED BEST LOGLIKELIHOOD VALUE FOR THE 2-CLASS MODEL.
     THIS MEANS THAT THE P-VALUE MAY NOT BE TRUSTWORTHY DUE TO LOCAL MAXIMA.
     INCREASE THE NUMBER OF RANDOM STARTS USING THE LRTSTARTS OPTION.



PLOT INFORMATION

The following plots are available:

  Histograms (sample values)
  Scatterplots (sample values)
  Sample proportions and estimated probabilities

     Beginning Time:  22:21:14
        Ending Time:  22:21:23
       Elapsed Time:  00:00:09


Mplus VERSION 8.11 DEMO has the following limitations:
  Maximum number of dependent variables: 6
  Maximum number of independent variables: 2
  Maximum number of between variables: 2
  Maximum number of continuous latent variables in time series analysis: 2


MUTHEN & MUTHEN
3463 Stoner Ave.
Los Angeles, CA  90066

Tel: (310) 391-9971
Fax: (310) 391-8971
Web: www.StatModel.com
Support: Support@StatModel.com

Copyright (c) 1998-2024 Muthen & Muthen
