Mplus VERSION 8.11 DEMO
MUTHEN & MUTHEN
12/19/2025   5:39 PM

INPUT INSTRUCTIONS

  TITLE:
  Class 3
  DATA:
  FILE = "C:/Users/chens/Desktop/PATHparentLCA/useme_lca/mplus_lca_ecig/
  lca_ecig.dat";
  VARIABLE:
  NAMES = caseid p_rule_ec p_use_ec p_know p_rule_b p_use_b c_try_ec dem_gen dem_age
       dem_inc dem_hisp weight;
   MISSING=.;
   categorical = p_rule_ec p_use_ec p_know p_rule_b p_use_b;
  usevar = p_rule_ec p_use_ec p_know p_rule_b p_use_b;
  classes = c(3);
  ANALYSIS:
  estimator = mlr;
      type = mixture;
      starts = 1000 200;
      processors = 10;
  OUTPUT:
  tech11 tech14;
  PLOT:
  type = plot3;
       series = p_rule_ec p_use_ec p_know p_rule_b p_use_b(*);



*** WARNING in VARIABLE command
  Note that only the first 8 characters of variable names are used in the output.
  Shorten variable names to avoid any confusion.
*** WARNING in PLOT command
  Note that only the first 8 characters of variable names are used in plots.
  If variable names are not unique within the first 8 characters, problems
  may occur.
   2 WARNING(S) FOUND IN THE INPUT INSTRUCTIONS




Class 3

SUMMARY OF ANALYSIS

Number of groups                                                 1
Number of observations                                        7301

Number of dependent variables                                    5
Number of independent variables                                  0
Number of continuous latent variables                            0
Number of categorical latent variables                           1

Observed dependent variables

  Binary and ordered categorical (ordinal)
   P_RULE_E    P_USE_EC    P_KNOW      P_RULE_B    P_USE_B

Categorical latent variables
   C


Estimator                                                      MLR
Information matrix                                        OBSERVED
Optimization Specifications for the Quasi-Newton Algorithm for
Continuous Outcomes
  Maximum number of iterations                                 100
  Convergence criterion                                  0.100D-05
Optimization Specifications for the EM Algorithm
  Maximum number of iterations                                 500
  Convergence criteria
    Loglikelihood change                                 0.100D-06
    Relative loglikelihood change                        0.100D-06
    Derivative                                           0.100D-05
Optimization Specifications for the M step of the EM Algorithm for
Categorical Latent variables
  Number of M step iterations                                    1
  M step convergence criterion                           0.100D-05
  Basis for M step termination                           ITERATION
Optimization Specifications for the M step of the EM Algorithm for
Censored, Binary or Ordered Categorical (Ordinal), Unordered
Categorical (Nominal) and Count Outcomes
  Number of M step iterations                                    1
  M step convergence criterion                           0.100D-05
  Basis for M step termination                           ITERATION
  Maximum value for logit thresholds                            15
  Minimum value for logit thresholds                           -15
  Minimum expected cell size for chi-square              0.100D-01
Maximum number of iterations for H1                           2000
Convergence criterion for H1                             0.100D-03
Optimization algorithm                                         EMA
Random Starts Specifications
  Number of initial stage random starts                       1000
  Number of final stage optimizations                          200
  Number of initial stage iterations                            10
  Initial stage convergence criterion                    0.100D+01
  Random starts scale                                    0.500D+01
  Random seed for generating random starts                       0
Link                                                         LOGIT

Input data file(s)
  C:/Users/chens/Desktop/PATHparentLCA/useme_lca/mplus_lca_ecig/lca_ecig.dat
Input data format  FREE


SUMMARY OF DATA

     Number of missing data patterns             5
     Number of y missing data patterns           0
     Number of u missing data patterns           5


COVARIANCE COVERAGE OF DATA

Minimum covariance coverage value   0.100


     PROPORTION OF DATA PRESENT FOR U


           Covariance Coverage
              P_RULE_E      P_USE_EC      P_KNOW        P_RULE_B      P_USE_B
              ________      ________      ________      ________      ________
 P_RULE_E       0.996
 P_USE_EC       0.996         1.000
 P_KNOW         0.986         0.990         0.990
 P_RULE_B       0.996         0.996         0.986         0.996
 P_USE_B        0.996         1.000         0.990         0.996         1.000


UNIVARIATE PROPORTIONS AND COUNTS FOR CATEGORICAL VARIABLES

    P_RULE_E
      Category 1    0.827         6017.000
      Category 2    0.173         1255.000
    P_USE_EC
      Category 1    0.934         6817.000
      Category 2    0.066          484.000
    P_KNOW
      Category 1    0.888         6419.000
      Category 2    0.112          806.000
    P_RULE_B
      Category 1    0.871         6334.000
      Category 2    0.129          939.000
    P_USE_B
      Category 1    0.840         6134.000
      Category 2    0.160         1167.000


RANDOM STARTS RESULTS RANKED FROM THE BEST TO THE WORST LOGLIKELIHOOD VALUES

Final stage loglikelihood values at local maxima, seeds, and initial stage start numbers:

          -11917.293  822698           621
          -11917.293  246794           801
          -11917.293  570782           193
          -11917.293  781190           219
          -11917.293  783110           72
          -11917.293  153053           378
          -11917.293  455410           999
          -11917.293  448829           938
          -11917.293  341960           685
          -11917.293  425982           485
          -11917.293  220454           288
          -11917.293  622290           880
          -11917.293  252346           528
          -11917.293  910224           580
          -11917.293  411615           171
          -11917.293  667250           318
          -11917.293  802256           477
          -11917.293  575700           100
          -11917.293  298553           773
          -11917.293  608496           4
          -11917.293  642909           251
          -11917.293  690596           858
          -11917.293  732596           320
          -11917.293  376411           473
          -11917.293  396614           918
          -11917.293  674171           195
          -11917.293  782179           835
          -11917.293  606576           151
          -11917.293  847088           750
          -11917.293  512836           289
          -11917.293  351622           551
          -11917.293  730868           977
          -11917.293  961454           665
          -11917.293  568534           961
          -11917.293  604861           800
          -11917.293  66276            217
          -11917.293  350608           334
          -11917.293  574942           558
          -11917.293  626208           698
          -11917.293  77210            712
          -11917.293  302046           863
          -11917.293  476498           179
          -11917.293  374219           353
          -11917.293  696773           80
          -11917.293  441191           361
          -11917.293  57226            208
          -11917.293  485483           498
          -11917.293  659832           754
          -11917.293  521770           945
          -11917.293  506886           576
          -11917.293  539751           459
          -11917.293  662718           460
          -11917.293  266008           656
          -11917.293  278692           342
          -11917.293  603842           61
          -11917.293  17896            592
          -11917.293  484687           306
          -11917.293  416250           390
          -11917.293  917702           693
          -11917.293  692169           308
          -11917.293  414284           158
          -11917.293  77571            980
          -11917.293  284716           713
          -11917.293  318177           748
          -11917.293  742688           594
          -11917.293  967902           52
          -11917.293  366706           29
          -11921.902  391368           802
          -11921.902  850545           357
          -11921.902  215353           164
          -11921.902  405079           68
          -11921.902  399508           415
          -11921.902  704798           530
          -11921.902  341041           34
          -11921.902  313407           132
          -11921.902  436892           565
          -11921.902  197223           332
          -11921.902  251641           784
          -11921.902  647617           725
          -11921.902  882750           646
          -11921.902  319575           499
          -11921.902  875667           367
          -11921.902  650371           14
          -11921.902  758647           951
          -11921.902  4091             548
          -11921.902  284109           82
          -11921.902  425929           508
          -11921.902  370957           554
          -11921.902  436460           89
          -11921.902  937068           982
          -11921.902  972430           491
          -11921.902  435506           988
          -11921.902  405371           569
          -11921.902  544077           809
          -11934.264  634782           979
          -11934.264  848331           137
          -11934.264  214681           824
          -11934.264  225995           847
          -11934.264  574412           679
          -11934.264  43523            297
          -11934.264  631413           439
          -11934.264  506113           895
          -11934.264  802928           892
          -11934.264  712531           631
          -11934.264  314084           81
          -11934.264  462953           7
          -11934.264  148918           682
          -11934.264  887676           22
          -11934.264  298201           903
          -11934.264  467339           66
          -11934.264  801717           364
          -11934.264  105435           265
          -11934.264  275475           413
          -11934.264  775881           778
          -11934.264  505879           424
          -11934.264  937225           394
          -11934.264  86698            893
          -11934.264  167409           772
          -11934.264  127215           9
          -11934.264  717754           180
          -11934.264  533738           11
          -11934.264  850840           232
          -11934.264  403801           762
          -11934.264  3607             873
          -11934.264  137305           379
          -11934.264  502157           799
          -11934.532  432148           30
          -11934.532  933578           506
          -11945.499  154575           539
          -11945.499  96941            890
          -11945.499  997222           229
          -11945.499  202790           198
          -11945.499  21132            351
          -11945.499  928287           197
          -11945.499  155622           507
          -11945.499  329127           185
          -11945.499  407108           366
          -11945.499  420910           928
          -11945.499  691041           590
          -11945.499  944186           541
          -11945.534  669639           699
          -11945.534  662983           666
          -11945.534  784664           75

57 perturbed starting value run(s) did not converge or were rejected in the third stage.



THE BEST LOGLIKELIHOOD VALUE HAS BEEN REPLICATED.  RERUN WITH AT LEAST TWICE THE
RANDOM STARTS TO CHECK THAT THE BEST LOGLIKELIHOOD IS STILL OBTAINED AND REPLICATED.

     IN THE OPTIMIZATION, ONE OR MORE LOGIT THRESHOLDS APPROACHED EXTREME VALUES
     OF -15.000 AND 15.000 AND WERE FIXED TO STABILIZE MODEL ESTIMATION.  THESE
     VALUES IMPLY PROBABILITIES OF 0 AND 1.  IN THE MODEL RESULTS SECTION, THESE
     PARAMETERS HAVE 0 STANDARD ERRORS AND 999 IN THE Z-SCORE AND P-VALUE COLUMNS.




THE MODEL ESTIMATION TERMINATED NORMALLY



MODEL FIT INFORMATION

Number of Free Parameters                       17

Loglikelihood

          H0 Value                      -11917.293
          H0 Scaling Correction Factor      1.0030
            for MLR

Information Criteria

          Akaike (AIC)                   23868.587
          Bayesian (BIC)                 23985.815
          Sample-Size Adjusted BIC       23931.793
            (n* = (n + 2) / 24)

Chi-Square Test of Model Fit for the Binary and Ordered Categorical
(Ordinal) Outcomes

          Pearson Chi-Square

          Value                            127.830
          Degrees of Freedom                    14
          P-Value                           0.0000

          Likelihood Ratio Chi-Square

          Value                            136.321
          Degrees of Freedom                    14
          P-Value                           0.0000

Chi-Square Test for MCAR under the Unrestricted Latent Class Indicator Model

          Pearson Chi-Square

          Value                             22.504
          Degrees of Freedom                    52
          P-Value                           0.9999

          Likelihood Ratio Chi-Square

          Value                             26.182
          Degrees of Freedom                    52
          P-Value                           0.9989



FINAL CLASS COUNTS AND PROPORTIONS FOR THE LATENT CLASSES
BASED ON THE ESTIMATED MODEL

    Latent
   Classes

       1        904.09995          0.12383
       2        624.37606          0.08552
       3       5772.52399          0.79065


FINAL CLASS COUNTS AND PROPORTIONS FOR THE LATENT CLASSES
BASED ON ESTIMATED POSTERIOR PROBABILITIES

    Latent
   Classes

       1        904.09995          0.12383
       2        624.37606          0.08552
       3       5772.52399          0.79065


FINAL CLASS COUNTS AND PROPORTIONS FOR THE LATENT CLASSES
BASED ON THEIR MOST LIKELY LATENT CLASS MEMBERSHIP

Class Counts and Proportions

    Latent
   Classes

       1              939          0.12861
       2              454          0.06218
       3             5908          0.80920


CLASSIFICATION QUALITY

     Entropy                         0.906


Average Latent Class Probabilities for Most Likely Latent Class Membership (Row)
by Latent Class (Column)

           1        2        3

    1   0.961    0.000    0.039
    2   0.000    0.944    0.056
    3   0.000    0.033    0.967


Classification Probabilities for the Most Likely Latent Class Membership (Column)
by Latent Class (Row)

           1        2        3

    1   0.998    0.000    0.002
    2   0.000    0.687    0.313
    3   0.006    0.004    0.989


Logits for the Classification Probabilities for the Most Likely Latent Class Membership (Column)
by Latent Class (Row)

              1        2        3

    1      6.260   -7.554    0.000
    2    -12.655    0.785    0.000
    3     -5.049   -5.422    0.000


MODEL RESULTS

                                                    Two-Tailed
                    Estimate       S.E.  Est./S.E.    P-Value

Latent Class 1

 Thresholds
    P_RULE_E$1        -1.074      0.110     -9.750      0.000
    P_USE_EC$1         1.680      0.100     16.754      0.000
    P_KNOW$1           1.803      0.098     18.392      0.000
    P_RULE_B$1       -15.000      0.000    999.000    999.000
    P_USE_B$1          0.014      0.072      0.199      0.842

Latent Class 2

 Thresholds
    P_RULE_E$1        -0.794      0.119     -6.646      0.000
    P_USE_EC$1        -0.192      0.187     -1.027      0.305
    P_KNOW$1           1.555      0.126     12.337      0.000
    P_RULE_B$1        15.000      0.000    999.000    999.000
    P_USE_B$1          0.620      0.110      5.630      0.000

Latent Class 3

 Thresholds
    P_RULE_E$1         3.595      0.220     16.339      0.000
    P_USE_EC$1        15.000      0.000    999.000    999.000
    P_KNOW$1           2.196      0.046     47.968      0.000
    P_RULE_B$1         5.049      0.542      9.310      0.000
    P_USE_B$1          2.356      0.051     45.936      0.000

Categorical Latent Variables

 Means
    C#1               -1.854      0.044    -41.898      0.000
    C#2               -2.224      0.095    -23.485      0.000


QUALITY OF NUMERICAL RESULTS

     Condition Number for the Information Matrix              0.128E-02
       (ratio of smallest to largest eigenvalue)


RESULTS IN PROBABILITY SCALE

                                                    Two-Tailed
                    Estimate       S.E.  Est./S.E.    P-Value

Latent Class 1

 P_RULE_EC
    Category 1         0.255      0.021     12.173      0.000
    Category 2         0.745      0.021     35.649      0.000
 P_USE_EC
    Category 1         0.843      0.013     63.485      0.000
    Category 2         0.157      0.013     11.829      0.000
 P_KNOW
    Category 1         0.858      0.012     72.091      0.000
    Category 2         0.142      0.012     11.883      0.000
 P_RULE_B
    Category 1         0.000      0.000      0.000      1.000
    Category 2         1.000      0.000      0.000      1.000
 P_USE_B
    Category 1         0.504      0.018     28.158      0.000
    Category 2         0.496      0.018     27.760      0.000

Latent Class 2

 P_RULE_EC
    Category 1         0.311      0.026     12.158      0.000
    Category 2         0.689      0.026     26.889      0.000
 P_USE_EC
    Category 1         0.452      0.046      9.784      0.000
    Category 2         0.548      0.046     11.849      0.000
 P_KNOW
    Category 1         0.826      0.018     45.503      0.000
    Category 2         0.174      0.018      9.609      0.000
 P_RULE_B
    Category 1         1.000      0.000      0.000      1.000
    Category 2         0.000      0.000      0.000      1.000
 P_USE_B
    Category 1         0.650      0.025     25.956      0.000
    Category 2         0.350      0.025     13.960      0.000

Latent Class 3

 P_RULE_EC
    Category 1         0.973      0.006    170.000      0.000
    Category 2         0.027      0.006      4.671      0.000
 P_USE_EC
    Category 1         1.000      0.000      0.000      1.000
    Category 2         0.000      0.000      0.000      1.000
 P_KNOW
    Category 1         0.900      0.004    218.226      0.000
    Category 2         0.100      0.004     24.269      0.000
 P_RULE_B
    Category 1         0.994      0.003    289.323      0.000
    Category 2         0.006      0.003      1.856      0.064
 P_USE_B
    Category 1         0.913      0.004    225.181      0.000
    Category 2         0.087      0.004     21.345      0.000


LATENT CLASS INDICATOR ODDS RATIOS FOR THE LATENT CLASSES

                                                95% C.I.
                    Estimate       S.E.  Lower 2.5% Upper 2.5%

Latent Class 1 Compared to Latent Class 2

 P_RULE_E
    Category > 1       1.324      0.214      0.964      1.819
 P_USE_EC
    Category > 1       0.154      0.032      0.102      0.232
 P_KNOW
    Category > 1       0.781      0.125      0.571      1.067
 P_RULE_B
    Category > 1   *********      0.000  *********  *********
 P_USE_B
    Category > 1       1.833      0.240      1.418      2.370

Latent Class 1 Compared to Latent Class 3

 P_RULE_E
    Category > 1     106.590     26.035     66.039    172.040
 P_USE_EC
    Category > 1   *********      0.000  *********  *********
 P_KNOW
    Category > 1       1.482      0.161      1.198      1.834
 P_RULE_B
    Category > 1   *********      0.000  *********  *********
 P_USE_B
    Category > 1      10.401      0.908      8.765     12.341

Latent Class 2 Compared to Latent Class 3

 P_RULE_E
    Category > 1      80.501     21.062     48.205    134.434
 P_USE_EC
    Category > 1   *********      0.000  *********  *********
 P_KNOW
    Category > 1       1.899      0.264      1.446      2.493
 P_RULE_B
    Category > 1       0.000      0.000      0.000      0.000
 P_USE_B
    Category > 1       5.674      0.706      4.445      7.242


TECHNICAL 11 OUTPUT

     Random Starts Specifications for the k-1 Class Analysis Model
        Number of initial stage random starts                1000
        Number of final stage optimizations                   200



     VUONG-LO-MENDELL-RUBIN LIKELIHOOD RATIO TEST FOR 2 (H0) VERSUS 3 CLASSES

          H0 Loglikelihood Value                       -12026.347
          2 Times the Loglikelihood Difference            218.106
          Difference in the Number of Parameters                6
          Mean                                              3.897
          Standard Deviation                                4.034
          P-Value                                          0.0000

     LO-MENDELL-RUBIN ADJUSTED LRT TEST

          Value                                           214.095
          P-Value                                          0.0000


TECHNICAL 14 OUTPUT

     Random Starts Specifications for the k-1 Class Analysis Model
        Number of initial stage random starts                1000
        Number of final stage optimizations                   200

     Random Starts Specification for the k-1 Class Model for Generated Data
        Number of initial stage random starts                   0
        Number of final stage optimizations for the
           initial stage random starts                          0
     Random Starts Specification for the k Class Model for Generated Data
        Number of initial stage random starts                  40
        Number of final stage optimizations                     8
     Number of bootstrap draws requested                   Varies


     PARAMETRIC BOOTSTRAPPED LIKELIHOOD RATIO TEST FOR 2 (H0) VERSUS 3 CLASSES

          H0 Loglikelihood Value                       -12026.347
          2 Times the Loglikelihood Difference            218.106
          Difference in the Number of Parameters                6
          Approximate P-Value                              0.0000
          Successful Bootstrap Draws                            5

     WARNING:  OF THE 5 BOOTSTRAP DRAWS, 5 DRAWS HAD BOTH A SMALLER LRT VALUE THAN THE
     OBSERVED LRT VALUE AND NOT A REPLICATED BEST LOGLIKELIHOOD VALUE FOR THE 3-CLASS MODEL.
     THIS MEANS THAT THE P-VALUE MAY NOT BE TRUSTWORTHY DUE TO LOCAL MAXIMA.
     INCREASE THE NUMBER OF RANDOM STARTS USING THE LRTSTARTS OPTION.



PLOT INFORMATION

The following plots are available:

  Histograms (sample values)
  Scatterplots (sample values)
  Sample proportions and estimated probabilities

     Beginning Time:  17:39:06
        Ending Time:  17:39:21
       Elapsed Time:  00:00:15


Mplus VERSION 8.11 DEMO has the following limitations:
  Maximum number of dependent variables: 6
  Maximum number of independent variables: 2
  Maximum number of between variables: 2
  Maximum number of continuous latent variables in time series analysis: 2


MUTHEN & MUTHEN
3463 Stoner Ave.
Los Angeles, CA  90066

Tel: (310) 391-9971
Fax: (310) 391-8971
Web: www.StatModel.com
Support: Support@StatModel.com

Copyright (c) 1998-2024 Muthen & Muthen
