Mplus VERSION 8.11 DEMO
MUTHEN & MUTHEN
12/19/2025   5:39 PM

INPUT INSTRUCTIONS

  TITLE:
  Class 5
  DATA:
  FILE = "C:/Users/chens/Desktop/PATHparentLCA/useme_lca/mplus_lca_ecig/
  lca_ecig.dat";
  VARIABLE:
  NAMES = caseid p_rule_ec p_use_ec p_know p_rule_b p_use_b c_try_ec dem_gen dem_age
       dem_inc dem_hisp weight;
   MISSING=.;
   categorical = p_rule_ec p_use_ec p_know p_rule_b p_use_b;
  usevar = p_rule_ec p_use_ec p_know p_rule_b p_use_b;
  classes = c(5);
  ANALYSIS:
  estimator = mlr;
      type = mixture;
      starts = 1000 200;
      processors = 10;
  OUTPUT:
  tech11 tech14;
  PLOT:
  type = plot3;
       series = p_rule_ec p_use_ec p_know p_rule_b p_use_b(*);



*** WARNING in VARIABLE command
  Note that only the first 8 characters of variable names are used in the output.
  Shorten variable names to avoid any confusion.
*** WARNING in PLOT command
  Note that only the first 8 characters of variable names are used in plots.
  If variable names are not unique within the first 8 characters, problems
  may occur.
   2 WARNING(S) FOUND IN THE INPUT INSTRUCTIONS




Class 5

SUMMARY OF ANALYSIS

Number of groups                                                 1
Number of observations                                        7301

Number of dependent variables                                    5
Number of independent variables                                  0
Number of continuous latent variables                            0
Number of categorical latent variables                           1

Observed dependent variables

  Binary and ordered categorical (ordinal)
   P_RULE_E    P_USE_EC    P_KNOW      P_RULE_B    P_USE_B

Categorical latent variables
   C


Estimator                                                      MLR
Information matrix                                        OBSERVED
Optimization Specifications for the Quasi-Newton Algorithm for
Continuous Outcomes
  Maximum number of iterations                                 100
  Convergence criterion                                  0.100D-05
Optimization Specifications for the EM Algorithm
  Maximum number of iterations                                 500
  Convergence criteria
    Loglikelihood change                                 0.100D-06
    Relative loglikelihood change                        0.100D-06
    Derivative                                           0.100D-05
Optimization Specifications for the M step of the EM Algorithm for
Categorical Latent variables
  Number of M step iterations                                    1
  M step convergence criterion                           0.100D-05
  Basis for M step termination                           ITERATION
Optimization Specifications for the M step of the EM Algorithm for
Censored, Binary or Ordered Categorical (Ordinal), Unordered
Categorical (Nominal) and Count Outcomes
  Number of M step iterations                                    1
  M step convergence criterion                           0.100D-05
  Basis for M step termination                           ITERATION
  Maximum value for logit thresholds                            15
  Minimum value for logit thresholds                           -15
  Minimum expected cell size for chi-square              0.100D-01
Maximum number of iterations for H1                           2000
Convergence criterion for H1                             0.100D-03
Optimization algorithm                                         EMA
Random Starts Specifications
  Number of initial stage random starts                       1000
  Number of final stage optimizations                          200
  Number of initial stage iterations                            10
  Initial stage convergence criterion                    0.100D+01
  Random starts scale                                    0.500D+01
  Random seed for generating random starts                       0
Link                                                         LOGIT

Input data file(s)
  C:/Users/chens/Desktop/PATHparentLCA/useme_lca/mplus_lca_ecig/lca_ecig.dat
Input data format  FREE


SUMMARY OF DATA

     Number of missing data patterns             5
     Number of y missing data patterns           0
     Number of u missing data patterns           5


COVARIANCE COVERAGE OF DATA

Minimum covariance coverage value   0.100


     PROPORTION OF DATA PRESENT FOR U


           Covariance Coverage
              P_RULE_E      P_USE_EC      P_KNOW        P_RULE_B      P_USE_B
              ________      ________      ________      ________      ________
 P_RULE_E       0.996
 P_USE_EC       0.996         1.000
 P_KNOW         0.986         0.990         0.990
 P_RULE_B       0.996         0.996         0.986         0.996
 P_USE_B        0.996         1.000         0.990         0.996         1.000


UNIVARIATE PROPORTIONS AND COUNTS FOR CATEGORICAL VARIABLES

    P_RULE_E
      Category 1    0.827         6017.000
      Category 2    0.173         1255.000
    P_USE_EC
      Category 1    0.934         6817.000
      Category 2    0.066          484.000
    P_KNOW
      Category 1    0.888         6419.000
      Category 2    0.112          806.000
    P_RULE_B
      Category 1    0.871         6334.000
      Category 2    0.129          939.000
    P_USE_B
      Category 1    0.840         6134.000
      Category 2    0.160         1167.000


RANDOM STARTS RESULTS RANKED FROM THE BEST TO THE WORST LOGLIKELIHOOD VALUES

Final stage loglikelihood values at local maxima, seeds, and initial stage start numbers:

          -11852.810  345726           461
          -11852.810  264935           281
          -11852.810  670281           721
          -11852.810  677720           681
          -11852.810  971853           402
          -11852.810  602797           336
          -11852.810  87586            871
          -11852.810  247912           537
          -11852.810  797594           234
          -11852.810  97158            205
          -11852.810  860772           174
          -11852.859  405371           569
          -11852.860  391179           78
          -11852.922  978061           488
          -11852.922  296162           856
          -11852.922  784664           75
          -11852.940  561664           392
          -11852.954  958107           790
          -11852.980  882750           646
          -11852.980  802928           892
          -11853.013  7195             697
          -11853.028  416250           390
          -11853.159  937588           293
          -11853.248  46437            153
          -11853.248  887580           493
          -11853.348  76974            16
          -11853.440  645664           39
          -11853.651  247224           94
          -11854.301  107446           12
          -11854.702  351622           551
          -11854.738  407108           366
          -11854.762  967237           48
          -11854.809  232559           136
          -11854.941  371246           101
          -11855.496  575700           100
          -11860.340  997222           229
          -11860.340  576596           99
          -11860.340  407168           44
          -11860.340  545140           278
          -11860.340  606576           151
          -11860.343  609185           181
          -11862.331  93468            3
          -11862.997  405079           68
          -11876.484  366706           29

156 perturbed starting value run(s) did not converge or were rejected in the third stage.



THE BEST LOGLIKELIHOOD VALUE HAS BEEN REPLICATED.  RERUN WITH AT LEAST TWICE THE
RANDOM STARTS TO CHECK THAT THE BEST LOGLIKELIHOOD IS STILL OBTAINED AND REPLICATED.

     IN THE OPTIMIZATION, ONE OR MORE LOGIT THRESHOLDS APPROACHED EXTREME VALUES
     OF -15.000 AND 15.000 AND WERE FIXED TO STABILIZE MODEL ESTIMATION.  THESE
     VALUES IMPLY PROBABILITIES OF 0 AND 1.  IN THE MODEL RESULTS SECTION, THESE
     PARAMETERS HAVE 0 STANDARD ERRORS AND 999 IN THE Z-SCORE AND P-VALUE COLUMNS.




THE MODEL ESTIMATION TERMINATED NORMALLY



MODEL FIT INFORMATION

Number of Free Parameters                       29

Loglikelihood

          H0 Value                      -11852.810
          H0 Scaling Correction Factor      1.0003
            for MLR

Information Criteria

          Akaike (AIC)                   23763.620
          Bayesian (BIC)                 23963.597
          Sample-Size Adjusted BIC       23871.442
            (n* = (n + 2) / 24)

Chi-Square Test of Model Fit for the Binary and Ordered Categorical
(Ordinal) Outcomes

          Pearson Chi-Square

          Value                              8.031
          Degrees of Freedom                     2
          P-Value                           0.0180

          Likelihood Ratio Chi-Square

          Value                              7.354
          Degrees of Freedom                     2
          P-Value                           0.0253

Chi-Square Test for MCAR under the Unrestricted Latent Class Indicator Model

          Pearson Chi-Square

          Value                             22.504
          Degrees of Freedom                    52
          P-Value                           0.9999

          Likelihood Ratio Chi-Square

          Value                             26.182
          Degrees of Freedom                    52
          P-Value                           0.9989



FINAL CLASS COUNTS AND PROPORTIONS FOR THE LATENT CLASSES
BASED ON THE ESTIMATED MODEL

    Latent
   Classes

       1        633.64417          0.08679
       2        604.24962          0.08276
       3        222.20138          0.03043
       4        509.83434          0.06983
       5       5331.07049          0.73018


FINAL CLASS COUNTS AND PROPORTIONS FOR THE LATENT CLASSES
BASED ON ESTIMATED POSTERIOR PROBABILITIES

    Latent
   Classes

       1        633.64417          0.08679
       2        604.24962          0.08276
       3        222.20138          0.03043
       4        509.83434          0.06983
       5       5331.07049          0.73018


FINAL CLASS COUNTS AND PROPORTIONS FOR THE LATENT CLASSES
BASED ON THEIR MOST LIKELY LATENT CLASS MEMBERSHIP

Class Counts and Proportions

    Latent
   Classes

       1              598          0.08191
       2              740          0.10136
       3              183          0.02507
       4              315          0.04314
       5             5465          0.74853


CLASSIFICATION QUALITY

     Entropy                         0.904


Average Latent Class Probabilities for Most Likely Latent Class Membership (Row)
by Latent Class (Column)

           1        2        3        4        5

    1   0.967    0.022    0.004    0.007    0.000
    2   0.075    0.698    0.000    0.227    0.000
    3   0.000    0.000    0.829    0.154    0.017
    4   0.000    0.092    0.058    0.850    0.000
    5   0.000    0.008    0.009    0.008    0.975


Classification Probabilities for the Most Likely Latent Class Membership (Column)
by Latent Class (Row)

           1        2        3        4        5

    1   0.912    0.088    0.000    0.000    0.000
    2   0.022    0.855    0.000    0.048    0.075
    3   0.012    0.000    0.683    0.082    0.223
    4   0.008    0.329    0.055    0.525    0.082
    5   0.000    0.000    0.001    0.000    0.999


Logits for the Classification Probabilities for the Most Likely Latent Class Membership (Column)
by Latent Class (Row)

              1        2        3        4        5

    1     13.724   11.383    0.000    0.000    0.000
    2     -1.238    2.429  -11.229   -0.447    0.000
    3     -2.936  -12.316    1.117   -1.002    0.000
    4     -2.306    1.386   -0.402    1.853    0.000
    5    -13.815  -13.815   -7.424  -13.815    0.000


MODEL RESULTS

                                                    Two-Tailed
                    Estimate       S.E.  Est./S.E.    P-Value

Latent Class 1

 Thresholds
    P_RULE_E$1        15.000      0.000    999.000    999.000
    P_USE_EC$1         2.217      0.169     13.141      0.000
    P_KNOW$1           1.532      0.111     13.768      0.000
    P_RULE_B$1         2.040      0.346      5.903      0.000
    P_USE_B$1        -15.000      0.000    999.000    999.000

Latent Class 2

 Thresholds
    P_RULE_E$1        -0.635      0.213     -2.984      0.003
    P_USE_EC$1        15.000      0.000    999.000    999.000
    P_KNOW$1           2.136      0.235      9.090      0.000
    P_RULE_B$1        -2.107      2.910     -0.724      0.469
    P_USE_B$1          0.706      0.355      1.990      0.047

Latent Class 3

 Thresholds
    P_RULE_E$1        -1.928      1.660     -1.162      0.245
    P_USE_EC$1        -1.681      3.168     -0.531      0.596
    P_KNOW$1           1.639      0.271      6.039      0.000
    P_RULE_B$1        15.000      0.000    999.000    999.000
    P_USE_B$1          2.268      2.687      0.844      0.399

Latent Class 4

 Thresholds
    P_RULE_E$1        -3.918      0.964     -4.063      0.000
    P_USE_EC$1         0.367      0.538      0.682      0.495
    P_KNOW$1           1.418      0.179      7.940      0.000
    P_RULE_B$1        -0.601      0.950     -0.633      0.527
    P_USE_B$1         -0.463      0.176     -2.632      0.008

Latent Class 5

 Thresholds
    P_RULE_E$1         3.417      0.603      5.665      0.000
    P_USE_EC$1         5.330      1.415      3.767      0.000
    P_KNOW$1           2.263      0.048     46.690      0.000
    P_RULE_B$1        15.000      0.000    999.000    999.000
    P_USE_B$1         15.000      0.000    999.000    999.000

Categorical Latent Variables

 Means
    C#1               -2.130      0.062    -34.627      0.000
    C#2               -2.177      0.384     -5.663      0.000
    C#3               -3.178      0.748     -4.249      0.000
    C#4               -2.347      0.280     -8.372      0.000


QUALITY OF NUMERICAL RESULTS

     Condition Number for the Information Matrix              0.116E-03
       (ratio of smallest to largest eigenvalue)


RESULTS IN PROBABILITY SCALE

                                                    Two-Tailed
                    Estimate       S.E.  Est./S.E.    P-Value

Latent Class 1

 P_RULE_EC
    Category 1         1.000      0.000      0.000      1.000
    Category 2         0.000      0.000      0.000      1.000
 P_USE_EC
    Category 1         0.902      0.015     60.334      0.000
    Category 2         0.098      0.015      6.574      0.000
 P_KNOW
    Category 1         0.822      0.016     50.569      0.000
    Category 2         0.178      0.016     10.933      0.000
 P_RULE_B
    Category 1         0.885      0.035     25.147      0.000
    Category 2         0.115      0.035      3.271      0.001
 P_USE_B
    Category 1         0.000      0.000      0.000      1.000
    Category 2         1.000      0.000      0.000      1.000

Latent Class 2

 P_RULE_EC
    Category 1         0.346      0.048      7.189      0.000
    Category 2         0.654      0.048     13.565      0.000
 P_USE_EC
    Category 1         1.000      0.000      0.000      1.000
    Category 2         0.000      0.000      0.000      1.000
 P_KNOW
    Category 1         0.894      0.022     40.282      0.000
    Category 2         0.106      0.022      4.759      0.000
 P_RULE_B
    Category 1         0.108      0.281      0.385      0.700
    Category 2         0.892      0.281      3.170      0.002
 P_USE_B
    Category 1         0.670      0.079      8.529      0.000
    Category 2         0.330      0.079      4.209      0.000

Latent Class 3

 P_RULE_EC
    Category 1         0.127      0.184      0.690      0.490
    Category 2         0.873      0.184      4.748      0.000
 P_USE_EC
    Category 1         0.157      0.419      0.374      0.708
    Category 2         0.843      0.419      2.012      0.044
 P_KNOW
    Category 1         0.837      0.037     22.664      0.000
    Category 2         0.163      0.037      4.399      0.000
 P_RULE_B
    Category 1         1.000      0.000      0.000      1.000
    Category 2         0.000      0.000      0.000      1.000
 P_USE_B
    Category 1         0.906      0.228      3.966      0.000
    Category 2         0.094      0.228      0.411      0.681

Latent Class 4

 P_RULE_EC
    Category 1         0.019      0.018      1.058      0.290
    Category 2         0.981      0.018     53.203      0.000
 P_USE_EC
    Category 1         0.591      0.130      4.542      0.000
    Category 2         0.409      0.130      3.148      0.002
 P_KNOW
    Category 1         0.805      0.028     28.718      0.000
    Category 2         0.195      0.028      6.956      0.000
 P_RULE_B
    Category 1         0.354      0.217      1.630      0.103
    Category 2         0.646      0.217      2.974      0.003
 P_USE_B
    Category 1         0.386      0.042      9.271      0.000
    Category 2         0.614      0.042     14.724      0.000

Latent Class 5

 P_RULE_EC
    Category 1         0.968      0.019     52.173      0.000
    Category 2         0.032      0.019      1.713      0.087
 P_USE_EC
    Category 1         0.995      0.007    146.594      0.000
    Category 2         0.005      0.007      0.710      0.478
 P_KNOW
    Category 1         0.906      0.004    218.898      0.000
    Category 2         0.094      0.004     22.784      0.000
 P_RULE_B
    Category 1         1.000      0.000      0.000      1.000
    Category 2         0.000      0.000      0.000      1.000
 P_USE_B
    Category 1         1.000      0.000      0.000      1.000
    Category 2         0.000      0.000      0.000      1.000


LATENT CLASS INDICATOR ODDS RATIOS FOR THE LATENT CLASSES

                                                95% C.I.
                    Estimate       S.E.  Lower 2.5% Upper 2.5%

Latent Class 1 Compared to Latent Class 2

 P_RULE_E
    Category > 1       0.000      0.000      0.000      0.000
 P_USE_EC
    Category > 1   *********      0.000  *********  *********
 P_KNOW
    Category > 1       1.830      0.475      1.100      3.045
 P_RULE_B
    Category > 1       0.016      0.047      0.000      5.599
 P_USE_B
    Category > 1   *********      0.000  *********  *********

Latent Class 1 Compared to Latent Class 3

 P_RULE_E
    Category > 1       0.000      0.000      0.000      0.000
 P_USE_EC
    Category > 1       0.020      0.064      0.000      9.893
 P_KNOW
    Category > 1       1.114      0.327      0.626      1.981
 P_RULE_B
    Category > 1   *********      0.000  *********  *********
 P_USE_B
    Category > 1   *********      0.000  *********  *********

Latent Class 1 Compared to Latent Class 4

 P_RULE_E
    Category > 1       0.000      0.000      0.000      0.000
 P_USE_EC
    Category > 1       0.157      0.079      0.059      0.419
 P_KNOW
    Category > 1       0.893      0.177      0.605      1.316
 P_RULE_B
    Category > 1       0.071      0.059      0.014      0.359
 P_USE_B
    Category > 1   *********      0.000  *********  *********

Latent Class 1 Compared to Latent Class 5

 P_RULE_E
    Category > 1       0.000      0.000      0.000      0.000
 P_USE_EC
    Category > 1      22.490     30.975      1.512    334.468
 P_KNOW
    Category > 1       2.077      0.252      1.638      2.635
 P_RULE_B
    Category > 1   *********      0.000  *********  *********
 P_USE_B
    Category > 1   *********      0.000  *********  *********

Latent Class 2 Compared to Latent Class 3

 P_RULE_E
    Category > 1       0.274      0.466      0.010      7.668
 P_USE_EC
    Category > 1       0.000      0.000      0.000      0.000
 P_KNOW
    Category > 1       0.609      0.233      0.287      1.290
 P_RULE_B
    Category > 1   *********      0.000  *********  *********
 P_USE_B
    Category > 1       4.766     13.724      0.017   1346.642

Latent Class 2 Compared to Latent Class 4

 P_RULE_E
    Category > 1       0.038      0.039      0.005      0.280
 P_USE_EC
    Category > 1       0.000      0.000      0.000      0.000
 P_KNOW
    Category > 1       0.488      0.161      0.256      0.931
 P_RULE_B
    Category > 1       4.510     16.840      0.003   6802.371
 P_USE_B
    Category > 1       0.311      0.126      0.140      0.688

Latent Class 2 Compared to Latent Class 5

 P_RULE_E
    Category > 1      57.490     36.370     16.637    198.657
 P_USE_EC
    Category > 1       0.000      0.000      0.000      0.000
 P_KNOW
    Category > 1       1.135      0.273      0.708      1.819
 P_RULE_B
    Category > 1   *********      0.000  *********  *********
 P_USE_B
    Category > 1   *********      0.000  *********  *********

Latent Class 3 Compared to Latent Class 4

 P_RULE_E
    Category > 1       0.137      0.258      0.003      5.539
 P_USE_EC
    Category > 1       7.752     24.956      0.014   4262.575
 P_KNOW
    Category > 1       0.801      0.271      0.413      1.554
 P_RULE_B
    Category > 1       0.000      0.000      0.000      0.000
 P_USE_B
    Category > 1       0.065      0.177      0.000     13.484

Latent Class 3 Compared to Latent Class 5

 P_RULE_E
    Category > 1     209.571    387.477      5.591   7855.097
 P_USE_EC
    Category > 1    1109.042   3850.949      1.228  *********
 P_KNOW
    Category > 1       1.865      0.515      1.085      3.203
 P_RULE_B
    Category > 1       1.000      0.000      1.000      1.000
 P_USE_B
    Category > 1   *********      0.000  *********  *********

Latent Class 4 Compared to Latent Class 5

 P_RULE_E
    Category > 1    1532.710   1716.760    170.619  13768.700
 P_USE_EC
    Category > 1     143.059    222.894      6.749   3032.216
 P_KNOW
    Category > 1       2.327      0.431      1.619      3.345
 P_RULE_B
    Category > 1   *********      0.000  *********  *********
 P_USE_B
    Category > 1   *********      0.000  *********  *********


TECHNICAL 11 OUTPUT

     Random Starts Specifications for the k-1 Class Analysis Model
        Number of initial stage random starts                1000
        Number of final stage optimizations                   200



     VUONG-LO-MENDELL-RUBIN LIKELIHOOD RATIO TEST FOR 4 (H0) VERSUS 5 CLASSES

          H0 Loglikelihood Value                       -11863.343
          2 Times the Loglikelihood Difference             21.066
          Difference in the Number of Parameters                6
          Mean                                              4.653
          Standard Deviation                                3.817
          P-Value                                          0.0016

     LO-MENDELL-RUBIN ADJUSTED LRT TEST

          Value                                            20.678
          P-Value                                          0.0019


TECHNICAL 14 OUTPUT

     Random Starts Specifications for the k-1 Class Analysis Model
        Number of initial stage random starts                1000
        Number of final stage optimizations                   200

     Random Starts Specification for the k-1 Class Model for Generated Data
        Number of initial stage random starts                   0
        Number of final stage optimizations for the
           initial stage random starts                          0
     Random Starts Specification for the k Class Model for Generated Data
        Number of initial stage random starts                  40
        Number of final stage optimizations                     8
     Number of bootstrap draws requested                   Varies


     PARAMETRIC BOOTSTRAPPED LIKELIHOOD RATIO TEST FOR 4 (H0) VERSUS 5 CLASSES

          H0 Loglikelihood Value                       -11863.343
          2 Times the Loglikelihood Difference             21.066
          Difference in the Number of Parameters                6
          Approximate P-Value                              0.0000
          Successful Bootstrap Draws                           49

     WARNING:  OF THE 49 BOOTSTRAP DRAWS, 41 DRAWS HAD BOTH A SMALLER LRT VALUE THAN THE
     OBSERVED LRT VALUE AND NOT A REPLICATED BEST LOGLIKELIHOOD VALUE FOR THE 5-CLASS MODEL.
     THIS MEANS THAT THE P-VALUE MAY NOT BE TRUSTWORTHY DUE TO LOCAL MAXIMA.
     INCREASE THE NUMBER OF RANDOM STARTS USING THE LRTSTARTS OPTION.



PLOT INFORMATION

The following plots are available:

  Histograms (sample values)
  Scatterplots (sample values)
  Sample proportions and estimated probabilities

     Beginning Time:  17:39:39
        Ending Time:  17:40:18
       Elapsed Time:  00:00:39


Mplus VERSION 8.11 DEMO has the following limitations:
  Maximum number of dependent variables: 6
  Maximum number of independent variables: 2
  Maximum number of between variables: 2
  Maximum number of continuous latent variables in time series analysis: 2


MUTHEN & MUTHEN
3463 Stoner Ave.
Los Angeles, CA  90066

Tel: (310) 391-9971
Fax: (310) 391-8971
Web: www.StatModel.com
Support: Support@StatModel.com

Copyright (c) 1998-2024 Muthen & Muthen
