Mplus VERSION 8.11 DEMO
MUTHEN & MUTHEN
12/19/2025   5:40 PM

INPUT INSTRUCTIONS

  TITLE:
  Class 6
  DATA:
  FILE = "C:/Users/chens/Desktop/PATHparentLCA/useme_lca/mplus_lca_ecig/
  lca_ecig.dat";
  VARIABLE:
  NAMES = caseid p_rule_ec p_use_ec p_know p_rule_b p_use_b c_try_ec dem_gen dem_age
       dem_inc dem_hisp weight;
   MISSING=.;
   categorical = p_rule_ec p_use_ec p_know p_rule_b p_use_b;
  usevar = p_rule_ec p_use_ec p_know p_rule_b p_use_b;
  classes = c(6);
  ANALYSIS:
  estimator = mlr;
      type = mixture;
      starts = 1000 200;
      processors = 10;
  OUTPUT:
  tech11 tech14;
  PLOT:
  type = plot3;
       series = p_rule_ec p_use_ec p_know p_rule_b p_use_b(*);



*** WARNING in VARIABLE command
  Note that only the first 8 characters of variable names are used in the output.
  Shorten variable names to avoid any confusion.
*** WARNING in PLOT command
  Note that only the first 8 characters of variable names are used in plots.
  If variable names are not unique within the first 8 characters, problems
  may occur.
   2 WARNING(S) FOUND IN THE INPUT INSTRUCTIONS




Class 6

SUMMARY OF ANALYSIS

Number of groups                                                 1
Number of observations                                        7301

Number of dependent variables                                    5
Number of independent variables                                  0
Number of continuous latent variables                            0
Number of categorical latent variables                           1

Observed dependent variables

  Binary and ordered categorical (ordinal)
   P_RULE_E    P_USE_EC    P_KNOW      P_RULE_B    P_USE_B

Categorical latent variables
   C


Estimator                                                      MLR
Information matrix                                        OBSERVED
Optimization Specifications for the Quasi-Newton Algorithm for
Continuous Outcomes
  Maximum number of iterations                                 100
  Convergence criterion                                  0.100D-05
Optimization Specifications for the EM Algorithm
  Maximum number of iterations                                 500
  Convergence criteria
    Loglikelihood change                                 0.100D-06
    Relative loglikelihood change                        0.100D-06
    Derivative                                           0.100D-05
Optimization Specifications for the M step of the EM Algorithm for
Categorical Latent variables
  Number of M step iterations                                    1
  M step convergence criterion                           0.100D-05
  Basis for M step termination                           ITERATION
Optimization Specifications for the M step of the EM Algorithm for
Censored, Binary or Ordered Categorical (Ordinal), Unordered
Categorical (Nominal) and Count Outcomes
  Number of M step iterations                                    1
  M step convergence criterion                           0.100D-05
  Basis for M step termination                           ITERATION
  Maximum value for logit thresholds                            15
  Minimum value for logit thresholds                           -15
  Minimum expected cell size for chi-square              0.100D-01
Maximum number of iterations for H1                           2000
Convergence criterion for H1                             0.100D-03
Optimization algorithm                                         EMA
Random Starts Specifications
  Number of initial stage random starts                       1000
  Number of final stage optimizations                          200
  Number of initial stage iterations                            10
  Initial stage convergence criterion                    0.100D+01
  Random starts scale                                    0.500D+01
  Random seed for generating random starts                       0
Link                                                         LOGIT

Input data file(s)
  C:/Users/chens/Desktop/PATHparentLCA/useme_lca/mplus_lca_ecig/lca_ecig.dat
Input data format  FREE


SUMMARY OF DATA

     Number of missing data patterns             5
     Number of y missing data patterns           0
     Number of u missing data patterns           5


COVARIANCE COVERAGE OF DATA

Minimum covariance coverage value   0.100


     PROPORTION OF DATA PRESENT FOR U


           Covariance Coverage
              P_RULE_E      P_USE_EC      P_KNOW        P_RULE_B      P_USE_B
              ________      ________      ________      ________      ________
 P_RULE_E       0.996
 P_USE_EC       0.996         1.000
 P_KNOW         0.986         0.990         0.990
 P_RULE_B       0.996         0.996         0.986         0.996
 P_USE_B        0.996         1.000         0.990         0.996         1.000


UNIVARIATE PROPORTIONS AND COUNTS FOR CATEGORICAL VARIABLES

    P_RULE_E
      Category 1    0.827         6017.000
      Category 2    0.173         1255.000
    P_USE_EC
      Category 1    0.934         6817.000
      Category 2    0.066          484.000
    P_KNOW
      Category 1    0.888         6419.000
      Category 2    0.112          806.000
    P_RULE_B
      Category 1    0.871         6334.000
      Category 2    0.129          939.000
    P_USE_B
      Category 1    0.840         6134.000
      Category 2    0.160         1167.000


RANDOM STARTS RESULTS RANKED FROM THE BEST TO THE WORST LOGLIKELIHOOD VALUES

Final stage loglikelihood values at local maxima, seeds, and initial stage start numbers:

          -11850.759  400319           887
          -11850.822  699554           427
          -11850.822  802928           892
          -11850.823  645664           39
          -11850.823  822698           621
          -11850.823  723775           97
          -11850.823  533738           11
          -11850.823  645052           910
          -11850.823  266340           683
          -11850.823  618760           489
          -11850.845  438144           271
          -11850.986  857799           315
          -11851.167  107446           12
          -11851.631  848890           95
          -11851.747  576220           115
          -11851.756  887580           493
          -11851.757  93468            3
          -11851.796  829540           324
          -11851.798  497522           502
          -11851.829  603842           61
          -11851.930  569131           26
          -11852.050  299977           956
          -11852.233  778953           635
          -11852.280  667250           318
          -11852.367  606576           151
          -11852.408  318230           46
          -11852.421  366706           29
          -11852.541  227563           63
          -11852.630  247912           537
          -11852.634  650371           14
          -11852.750  967902           52
          -11852.760  432148           30
          -11852.841  948615           140

167 perturbed starting value run(s) did not converge or were rejected in the third stage.



THE BEST LOGLIKELIHOOD VALUE HAS BEEN REPLICATED.  RERUN WITH AT LEAST TWICE THE
RANDOM STARTS TO CHECK THAT THE BEST LOGLIKELIHOOD IS STILL OBTAINED AND REPLICATED.

     IN THE OPTIMIZATION, ONE OR MORE LOGIT THRESHOLDS APPROACHED EXTREME VALUES
     OF -15.000 AND 15.000 AND WERE FIXED TO STABILIZE MODEL ESTIMATION.  THESE
     VALUES IMPLY PROBABILITIES OF 0 AND 1.  IN THE MODEL RESULTS SECTION, THESE
     PARAMETERS HAVE 0 STANDARD ERRORS AND 999 IN THE Z-SCORE AND P-VALUE COLUMNS.




THE MODEL ESTIMATION TERMINATED NORMALLY

     THE DEGREES OF FREEDOM FOR THIS MODEL ARE NEGATIVE.  THE MODEL IS NOT
     IDENTIFIED OR TOO MANY CELLS WERE DELETED.  A CHI-SQUARE TEST IS NOT
     AVAILABLE.



MODEL FIT INFORMATION

Number of Free Parameters                       35

Loglikelihood

          H0 Value                      -11850.759
          H0 Scaling Correction Factor      0.9899
            for MLR

Information Criteria

          Akaike (AIC)                   23771.519
          Bayesian (BIC)                 24012.870
          Sample-Size Adjusted BIC       23901.648
            (n* = (n + 2) / 24)



FINAL CLASS COUNTS AND PROPORTIONS FOR THE LATENT CLASSES
BASED ON THE ESTIMATED MODEL

    Latent
   Classes

       1        412.00450          0.05643
       2        377.75927          0.05174
       3        382.76897          0.05243
       4        741.89000          0.10161
       5         35.46021          0.00486
       6       5351.11704          0.73293


FINAL CLASS COUNTS AND PROPORTIONS FOR THE LATENT CLASSES
BASED ON ESTIMATED POSTERIOR PROBABILITIES

    Latent
   Classes

       1        412.00450          0.05643
       2        377.75927          0.05174
       3        382.76897          0.05243
       4        741.89000          0.10161
       5         35.46021          0.00486
       6       5351.11704          0.73293


FINAL CLASS COUNTS AND PROPORTIONS FOR THE LATENT CLASSES
BASED ON THEIR MOST LIKELY LATENT CLASS MEMBERSHIP

Class Counts and Proportions

    Latent
   Classes

       1              403          0.05520
       2              382          0.05232
       3              243          0.03328
       4              793          0.10862
       5               15          0.00205
       6             5465          0.74853


CLASSIFICATION QUALITY

     Entropy                         0.935


Average Latent Class Probabilities for Most Likely Latent Class Membership (Row)
by Latent Class (Column)

           1        2        3        4        5        6

    1   0.802    0.120    0.000    0.029    0.049    0.000
    2   0.231    0.767    0.000    0.000    0.001    0.000
    3   0.000    0.000    0.965    0.022    0.000    0.013
    4   0.000    0.041    0.046    0.914    0.000    0.000
    5   0.000    0.000    0.000    0.000    1.000    0.000
    6   0.000    0.001    0.021    0.000    0.000    0.979


Classification Probabilities for the Most Likely Latent Class Membership (Column)
by Latent Class (Row)

           1        2        3        4        5        6

    1   0.784    0.215    0.000    0.000    0.000    0.001
    2   0.128    0.776    0.000    0.085    0.000    0.011
    3   0.000    0.000    0.613    0.094    0.000    0.293
    4   0.016    0.000    0.007    0.977    0.000    0.000
    5   0.559    0.015    0.000    0.000    0.423    0.003
    6   0.000    0.000    0.001    0.000    0.000    0.999


Logits for the Classification Probabilities for the Most Likely Latent Class Membership (Column)
by Latent Class (Row)

              1        2        3        4        5        6

    1      6.530    5.234   -7.042   -7.042   -7.042    0.000
    2      2.416    4.220   -9.341    2.009   -9.341    0.000
    3    -12.587  -12.587    0.739   -1.131  -12.587    0.000
    4      9.674    0.000    8.887   13.792    0.000    0.000
    5      5.153    1.505   -8.081   -8.081    4.874    0.000
    6    -13.815  -13.815   -7.468  -13.815  -13.815    0.000


MODEL RESULTS

                                                    Two-Tailed
                    Estimate       S.E.  Est./S.E.    P-Value

Latent Class 1

 Thresholds
    P_RULE_E$1       -15.000      0.000    999.000    999.000
    P_USE_EC$1         0.783      0.191      4.099      0.000
    P_KNOW$1           1.463      0.189      7.742      0.000
    P_RULE_B$1       -15.000      0.000    999.000    999.000
    P_USE_B$1         -0.474      0.199     -2.382      0.017

Latent Class 2

 Thresholds
    P_RULE_E$1        -0.484      0.180     -2.680      0.007
    P_USE_EC$1        15.000      0.000    999.000    999.000
    P_KNOW$1          15.000      0.000    999.000    999.000
    P_RULE_B$1        -4.613     29.086     -0.159      0.874
    P_USE_B$1          1.308      0.490      2.672      0.008

Latent Class 3

 Thresholds
    P_RULE_E$1        -2.044      1.256     -1.627      0.104
    P_USE_EC$1        -0.758      1.114     -0.681      0.496
    P_KNOW$1           1.559      0.175      8.922      0.000
    P_RULE_B$1        15.000      0.000    999.000    999.000
    P_USE_B$1          1.168      0.185      6.315      0.000

Latent Class 4

 Thresholds
    P_RULE_E$1         2.234      0.747      2.990      0.003
    P_USE_EC$1         2.323      0.212     10.955      0.000
    P_KNOW$1           1.539      0.111     13.922      0.000
    P_RULE_B$1         1.651      0.187      8.807      0.000
    P_USE_B$1        -15.000      0.000    999.000    999.000

Latent Class 5

 Thresholds
    P_RULE_E$1        -0.266      0.562     -0.473      0.636
    P_USE_EC$1         2.478      1.001      2.475      0.013
    P_KNOW$1         -15.000      0.000    999.000    999.000
    P_RULE_B$1       -15.000      0.000    999.000    999.000
    P_USE_B$1         15.000      0.000    999.000    999.000

Latent Class 6

 Thresholds
    P_RULE_E$1         3.347      0.719      4.654      0.000
    P_USE_EC$1         5.356      1.182      4.531      0.000
    P_KNOW$1           2.263      0.049     46.425      0.000
    P_RULE_B$1        15.000      0.000    999.000    999.000
    P_USE_B$1         15.000      0.000    999.000    999.000

Categorical Latent Variables

 Means
    C#1               -2.564      0.135    -19.003      0.000
    C#2               -2.651      0.358     -7.409      0.000
    C#3               -2.638      0.440     -5.992      0.000
    C#4               -1.976      0.076    -25.920      0.000
    C#5               -5.017      0.300    -16.738      0.000


QUALITY OF NUMERICAL RESULTS

     Condition Number for the Information Matrix              0.896E-06
       (ratio of smallest to largest eigenvalue)


RESULTS IN PROBABILITY SCALE

                                                    Two-Tailed
                    Estimate       S.E.  Est./S.E.    P-Value

Latent Class 1

 P_RULE_EC
    Category 1         0.000      0.000      0.000      1.000
    Category 2         1.000      0.000      0.000      1.000
 P_USE_EC
    Category 1         0.686      0.041     16.687      0.000
    Category 2         0.314      0.041      7.625      0.000
 P_KNOW
    Category 1         0.812      0.029     28.145      0.000
    Category 2         0.188      0.029      6.517      0.000
 P_RULE_B
    Category 1         0.000      0.000      0.000      1.000
    Category 2         1.000      0.000      0.000      1.000
 P_USE_B
    Category 1         0.384      0.047      8.146      0.000
    Category 2         0.616      0.047     13.090      0.000

Latent Class 2

 P_RULE_EC
    Category 1         0.381      0.043      8.956      0.000
    Category 2         0.619      0.043     14.528      0.000
 P_USE_EC
    Category 1         1.000      0.000      0.000      1.000
    Category 2         0.000      0.000      0.000      1.000
 P_KNOW
    Category 1         1.000      0.000      0.000      1.000
    Category 2         0.000      0.000      0.000      1.000
 P_RULE_B
    Category 1         0.010      0.283      0.035      0.972
    Category 2         0.990      0.283      3.498      0.000
 P_USE_B
    Category 1         0.787      0.082      9.598      0.000
    Category 2         0.213      0.082      2.594      0.009

Latent Class 3

 P_RULE_EC
    Category 1         0.115      0.128      0.899      0.369
    Category 2         0.885      0.128      6.943      0.000
 P_USE_EC
    Category 1         0.319      0.242      1.319      0.187
    Category 2         0.681      0.242      2.815      0.005
 P_KNOW
    Category 1         0.826      0.025     32.929      0.000
    Category 2         0.174      0.025      6.926      0.000
 P_RULE_B
    Category 1         1.000      0.000      0.000      1.000
    Category 2         0.000      0.000      0.000      1.000
 P_USE_B
    Category 1         0.763      0.033     22.790      0.000
    Category 2         0.237      0.033      7.085      0.000

Latent Class 4

 P_RULE_EC
    Category 1         0.903      0.065     13.835      0.000
    Category 2         0.097      0.065      1.481      0.138
 P_USE_EC
    Category 1         0.911      0.017     52.837      0.000
    Category 2         0.089      0.017      5.179      0.000
 P_KNOW
    Category 1         0.823      0.016     51.202      0.000
    Category 2         0.177      0.016     10.988      0.000
 P_RULE_B
    Category 1         0.839      0.025     33.137      0.000
    Category 2         0.161      0.025      6.360      0.000
 P_USE_B
    Category 1         0.000      0.000      0.000      1.000
    Category 2         1.000      0.000      0.000      1.000

Latent Class 5

 P_RULE_EC
    Category 1         0.434      0.138      3.144      0.002
    Category 2         0.566      0.138      4.102      0.000
 P_USE_EC
    Category 1         0.923      0.072     12.902      0.000
    Category 2         0.077      0.072      1.083      0.279
 P_KNOW
    Category 1         0.000      0.000      0.000      1.000
    Category 2         1.000      0.000      0.000      1.000
 P_RULE_B
    Category 1         0.000      0.000      0.000      1.000
    Category 2         1.000      0.000      0.000      1.000
 P_USE_B
    Category 1         1.000      0.000      0.000      1.000
    Category 2         0.000      0.000      0.000      1.000

Latent Class 6

 P_RULE_EC
    Category 1         0.966      0.024     40.912      0.000
    Category 2         0.034      0.024      1.439      0.150
 P_USE_EC
    Category 1         0.995      0.006    180.066      0.000
    Category 2         0.005      0.006      0.850      0.395
 P_KNOW
    Category 1         0.906      0.004    217.745      0.000
    Category 2         0.094      0.004     22.644      0.000
 P_RULE_B
    Category 1         1.000      0.000      0.000      1.000
    Category 2         0.000      0.000      0.000      1.000
 P_USE_B
    Category 1         1.000      0.000      0.000      1.000
    Category 2         0.000      0.000      0.000      1.000


LATENT CLASS INDICATOR ODDS RATIOS FOR THE LATENT CLASSES

                                                95% C.I.
                    Estimate       S.E.  Lower 2.5% Upper 2.5%

Latent Class 1 Compared to Latent Class 2

 P_RULE_E
    Category > 1   *********      0.000  *********  *********
 P_USE_EC
    Category > 1   *********      0.000  *********  *********
 P_KNOW
    Category > 1   *********      0.000  *********  *********
 P_RULE_B
    Category > 1   32447.842      0.000  32447.842  32447.842
 P_USE_B
    Category > 1       5.946      3.426      1.922     18.396

Latent Class 1 Compared to Latent Class 3

 P_RULE_E
    Category > 1   *********      0.000  *********  *********
 P_USE_EC
    Category > 1       0.214      0.237      0.025      1.870
 P_KNOW
    Category > 1       1.101      0.281      0.667      1.817
 P_RULE_B
    Category > 1   *********      0.000  *********  *********
 P_USE_B
    Category > 1       5.169      1.386      3.056      8.744

Latent Class 1 Compared to Latent Class 4

 P_RULE_E
    Category > 1   *********      0.000  *********  *********
 P_USE_EC
    Category > 1       4.661      1.249      2.756      7.883
 P_KNOW
    Category > 1       1.079      0.221      0.722      1.613
 P_RULE_B
    Category > 1   *********      0.000  *********  *********
 P_USE_B
    Category > 1       0.000      0.000      0.000      0.000

Latent Class 1 Compared to Latent Class 5

 P_RULE_E
    Category > 1   *********      0.000  *********  *********
 P_USE_EC
    Category > 1       5.445      5.584      0.729     40.648
 P_KNOW
    Category > 1       0.000      0.000      0.000      0.000
 P_RULE_B
    Category > 1       1.000      0.000      1.000      1.000
 P_USE_B
    Category > 1   *********      0.000  *********  *********

Latent Class 1 Compared to Latent Class 6

 P_RULE_E
    Category > 1   *********      0.000  *********  *********
 P_USE_EC
    Category > 1      96.796    114.354      9.555    980.561
 P_KNOW
    Category > 1       2.227      0.433      1.521      3.260
 P_RULE_B
    Category > 1   *********      0.000  *********  *********
 P_USE_B
    Category > 1   *********      0.000  *********  *********

Latent Class 2 Compared to Latent Class 3

 P_RULE_E
    Category > 1       0.210      0.267      0.017      2.532
 P_USE_EC
    Category > 1       0.000      0.000      0.000      0.000
 P_KNOW
    Category > 1       0.000      0.000      0.000      0.000
 P_RULE_B
    Category > 1   *********      0.000  *********  *********
 P_USE_B
    Category > 1       0.869      0.454      0.312      2.421

Latent Class 2 Compared to Latent Class 4

 P_RULE_E
    Category > 1      15.150     11.439      3.449     66.545
 P_USE_EC
    Category > 1       0.000      0.000      0.000      0.000
 P_KNOW
    Category > 1       0.000      0.000      0.000      0.000
 P_RULE_B
    Category > 1     524.946  15267.259      0.000  *********
 P_USE_B
    Category > 1       0.000      0.000      0.000      0.000

Latent Class 2 Compared to Latent Class 5

 P_RULE_E
    Category > 1       1.243      0.667      0.435      3.556
 P_USE_EC
    Category > 1       0.000      0.000      0.000      0.000
 P_KNOW
    Category > 1       0.000      0.000      0.000      0.000
 P_RULE_B
    Category > 1       0.000      0.000      0.000      0.000
 P_USE_B
    Category > 1   *********      0.000  *********  *********

Latent Class 2 Compared to Latent Class 6

 P_RULE_E
    Category > 1      46.108     33.588     11.059    192.246
 P_USE_EC
    Category > 1       0.000      0.000      0.000      0.000
 P_KNOW
    Category > 1       0.000      0.000      0.000      0.000
 P_RULE_B
    Category > 1   *********      0.000  *********  *********
 P_USE_B
    Category > 1   *********      0.000  *********  *********

Latent Class 3 Compared to Latent Class 4

 P_RULE_E
    Category > 1      72.112    105.075      4.147   1254.046
 P_USE_EC
    Category > 1      21.778     24.795      2.338    202.832
 P_KNOW
    Category > 1       0.980      0.205      0.651      1.476
 P_RULE_B
    Category > 1       0.000      0.000      0.000      0.000
 P_USE_B
    Category > 1       0.000      0.000      0.000      0.000

Latent Class 3 Compared to Latent Class 5

 P_RULE_E
    Category > 1       5.918      8.208      0.390     89.699
 P_USE_EC
    Category > 1      25.437     37.698      1.393    464.490
 P_KNOW
    Category > 1       0.000      0.000      0.000      0.000
 P_RULE_B
    Category > 1       0.000      0.000      0.000      0.000
 P_USE_B
    Category > 1   *********      0.000  *********  *********

Latent Class 3 Compared to Latent Class 6

 P_RULE_E
    Category > 1     219.474    316.756     12.968   3714.535
 P_USE_EC
    Category > 1     452.237    722.283     19.763  10348.418
 P_KNOW
    Category > 1       2.023      0.365      1.420      2.881
 P_RULE_B
    Category > 1       1.000      0.000      1.000      1.000
 P_USE_B
    Category > 1   *********      0.000  *********  *********

Latent Class 4 Compared to Latent Class 5

 P_RULE_E
    Category > 1       0.082      0.074      0.014      0.477
 P_USE_EC
    Category > 1       1.168      1.205      0.155      8.827
 P_KNOW
    Category > 1       0.000      0.000      0.000      0.000
 P_RULE_B
    Category > 1       0.000      0.000      0.000      0.000
 P_USE_B
    Category > 1   *********      0.000  *********  *********

Latent Class 4 Compared to Latent Class 6

 P_RULE_E
    Category > 1       3.043      0.661      1.989      4.657
 P_USE_EC
    Category > 1      20.766     21.755      2.664    161.855
 P_KNOW
    Category > 1       2.064      0.245      1.635      2.605
 P_RULE_B
    Category > 1   *********      0.000  *********  *********
 P_USE_B
    Category > 1   *********      0.000  *********  *********

Latent Class 5 Compared to Latent Class 6

 P_RULE_E
    Category > 1      37.083     32.533      6.644    206.988
 P_USE_EC
    Category > 1      17.778     27.916      0.819    385.912
 P_KNOW
    Category > 1   *********      0.000  *********  *********
 P_RULE_B
    Category > 1   *********      0.000  *********  *********
 P_USE_B
    Category > 1       1.000      0.000      1.000      1.000


TECHNICAL 11 OUTPUT

     Random Starts Specifications for the k-1 Class Analysis Model
        Number of initial stage random starts                1000
        Number of final stage optimizations                   200



     VUONG-LO-MENDELL-RUBIN LIKELIHOOD RATIO TEST FOR 5 (H0) VERSUS 6 CLASSES

          H0 Loglikelihood Value                       -11852.810
          2 Times the Loglikelihood Difference              4.101
          Difference in the Number of Parameters                6
          Mean                                              0.336
          Standard Deviation                                2.748
          P-Value                                          0.0750

     LO-MENDELL-RUBIN ADJUSTED LRT TEST

          Value                                             4.026
          P-Value                                          0.0780


TECHNICAL 14 OUTPUT

     Random Starts Specifications for the k-1 Class Analysis Model
        Number of initial stage random starts                1000
        Number of final stage optimizations                   200

     Random Starts Specification for the k-1 Class Model for Generated Data
        Number of initial stage random starts                   0
        Number of final stage optimizations for the
           initial stage random starts                          0
     Random Starts Specification for the k Class Model for Generated Data
        Number of initial stage random starts                  40
        Number of final stage optimizations                     8
     Number of bootstrap draws requested                   Varies


     PARAMETRIC BOOTSTRAPPED LIKELIHOOD RATIO TEST FOR 5 (H0) VERSUS 6 CLASSES

          H0 Loglikelihood Value                       -11852.810
          2 Times the Loglikelihood Difference              4.101
          Difference in the Number of Parameters                6
          Approximate P-Value                              0.6667
          Successful Bootstrap Draws                            3


PLOT INFORMATION

The following plots are available:

  Histograms (sample values)
  Scatterplots (sample values)
  Sample proportions and estimated probabilities

     Beginning Time:  17:40:19
        Ending Time:  17:40:36
       Elapsed Time:  00:00:17


Mplus VERSION 8.11 DEMO has the following limitations:
  Maximum number of dependent variables: 6
  Maximum number of independent variables: 2
  Maximum number of between variables: 2
  Maximum number of continuous latent variables in time series analysis: 2


MUTHEN & MUTHEN
3463 Stoner Ave.
Los Angeles, CA  90066

Tel: (310) 391-9971
Fax: (310) 391-8971
Web: www.StatModel.com
Support: Support@StatModel.com

Copyright (c) 1998-2024 Muthen & Muthen
