Mplus VERSION 8.11 DEMO
MUTHEN & MUTHEN
12/19/2025   5:40 PM

INPUT INSTRUCTIONS

  TITLE:
  Class 7
  DATA:
  FILE = "C:/Users/chens/Desktop/PATHparentLCA/useme_lca/mplus_lca_ecig/
  lca_ecig.dat";
  VARIABLE:
  NAMES = caseid p_rule_ec p_use_ec p_know p_rule_b p_use_b c_try_ec dem_gen dem_age
       dem_inc dem_hisp weight;
   MISSING=.;
   categorical = p_rule_ec p_use_ec p_know p_rule_b p_use_b;
  usevar = p_rule_ec p_use_ec p_know p_rule_b p_use_b;
  classes = c(7);
  ANALYSIS:
  estimator = mlr;
      type = mixture;
      starts = 1000 200;
      processors = 10;
  OUTPUT:
  tech11 tech14;
  PLOT:
  type = plot3;
       series = p_rule_ec p_use_ec p_know p_rule_b p_use_b(*);



*** WARNING in VARIABLE command
  Note that only the first 8 characters of variable names are used in the output.
  Shorten variable names to avoid any confusion.
*** WARNING in PLOT command
  Note that only the first 8 characters of variable names are used in plots.
  If variable names are not unique within the first 8 characters, problems
  may occur.
   2 WARNING(S) FOUND IN THE INPUT INSTRUCTIONS




Class 7

SUMMARY OF ANALYSIS

Number of groups                                                 1
Number of observations                                        7301

Number of dependent variables                                    5
Number of independent variables                                  0
Number of continuous latent variables                            0
Number of categorical latent variables                           1

Observed dependent variables

  Binary and ordered categorical (ordinal)
   P_RULE_E    P_USE_EC    P_KNOW      P_RULE_B    P_USE_B

Categorical latent variables
   C


Estimator                                                      MLR
Information matrix                                        OBSERVED
Optimization Specifications for the Quasi-Newton Algorithm for
Continuous Outcomes
  Maximum number of iterations                                 100
  Convergence criterion                                  0.100D-05
Optimization Specifications for the EM Algorithm
  Maximum number of iterations                                 500
  Convergence criteria
    Loglikelihood change                                 0.100D-06
    Relative loglikelihood change                        0.100D-06
    Derivative                                           0.100D-05
Optimization Specifications for the M step of the EM Algorithm for
Categorical Latent variables
  Number of M step iterations                                    1
  M step convergence criterion                           0.100D-05
  Basis for M step termination                           ITERATION
Optimization Specifications for the M step of the EM Algorithm for
Censored, Binary or Ordered Categorical (Ordinal), Unordered
Categorical (Nominal) and Count Outcomes
  Number of M step iterations                                    1
  M step convergence criterion                           0.100D-05
  Basis for M step termination                           ITERATION
  Maximum value for logit thresholds                            15
  Minimum value for logit thresholds                           -15
  Minimum expected cell size for chi-square              0.100D-01
Maximum number of iterations for H1                           2000
Convergence criterion for H1                             0.100D-03
Optimization algorithm                                         EMA
Random Starts Specifications
  Number of initial stage random starts                       1000
  Number of final stage optimizations                          200
  Number of initial stage iterations                            10
  Initial stage convergence criterion                    0.100D+01
  Random starts scale                                    0.500D+01
  Random seed for generating random starts                       0
Link                                                         LOGIT

Input data file(s)
  C:/Users/chens/Desktop/PATHparentLCA/useme_lca/mplus_lca_ecig/lca_ecig.dat
Input data format  FREE


SUMMARY OF DATA

     Number of missing data patterns             5
     Number of y missing data patterns           0
     Number of u missing data patterns           5


COVARIANCE COVERAGE OF DATA

Minimum covariance coverage value   0.100


     PROPORTION OF DATA PRESENT FOR U


           Covariance Coverage
              P_RULE_E      P_USE_EC      P_KNOW        P_RULE_B      P_USE_B
              ________      ________      ________      ________      ________
 P_RULE_E       0.996
 P_USE_EC       0.996         1.000
 P_KNOW         0.986         0.990         0.990
 P_RULE_B       0.996         0.996         0.986         0.996
 P_USE_B        0.996         1.000         0.990         0.996         1.000


UNIVARIATE PROPORTIONS AND COUNTS FOR CATEGORICAL VARIABLES

    P_RULE_E
      Category 1    0.827         6017.000
      Category 2    0.173         1255.000
    P_USE_EC
      Category 1    0.934         6817.000
      Category 2    0.066          484.000
    P_KNOW
      Category 1    0.888         6419.000
      Category 2    0.112          806.000
    P_RULE_B
      Category 1    0.871         6334.000
      Category 2    0.129          939.000
    P_USE_B
      Category 1    0.840         6134.000
      Category 2    0.160         1167.000


RANDOM STARTS RESULTS RANKED FROM THE BEST TO THE WORST LOGLIKELIHOOD VALUES

Final stage loglikelihood values at local maxima, seeds, and initial stage start numbers:

          -11849.134  320494           465
          -11849.136  971853           402
          -11849.349  575700           100
          -11849.540  602032           648
          -11849.543  610181           711
          -11849.558  715255           523
          -11849.729  436892           565
          -11849.744  804104           566
          -11849.748  360419           356
          -11849.762  569131           26
          -11849.766  833196           715
          -11849.796  520865           763
          -11849.868  939870           655
          -11849.876  694303           282
          -11849.999  407108           366
          -11850.044  797594           234
          -11850.111  39136            226
          -11850.149  76451            211
          -11850.182  699554           427
          -11850.237  202790           198
          -11850.298  599729           658
          -11850.305  451258           848
          -11850.323  301428           885
          -11850.352  266340           683
          -11850.378  109357           765
          -11850.391  404510           442
          -11850.394  967902           52
          -11850.395  529496           343
          -11850.449  531546           702
          -11850.454  113138           585
          -11850.552  926797           406
          -11850.563  314034           513
          -11850.590  441191           361
          -11850.675  746978           410
          -11850.769  436806           883
          -11850.790  175199           247
          -11850.813  789528           837
          -11850.948  534864           307
          -11851.028  679615           942
          -11851.076  802779           122
          -11851.308  93468            3
          -11851.542  891347           504
          -11851.685  857799           315
          -11851.691  637095           207
          -11851.754  565819           65
          -11852.052  851945           18
          -11852.102  366706           29
          -11852.169  848331           137
          -11852.277  391179           78
          -11852.766  124999           96
          -11852.847  481835           57
          -11858.950  437181           135

148 perturbed starting value run(s) did not converge or were rejected in the third stage.



THE BEST LOGLIKELIHOOD VALUE HAS BEEN REPLICATED.  RERUN WITH AT LEAST TWICE THE
RANDOM STARTS TO CHECK THAT THE BEST LOGLIKELIHOOD IS STILL OBTAINED AND REPLICATED.

     IN THE OPTIMIZATION, ONE OR MORE LOGIT THRESHOLDS APPROACHED EXTREME VALUES
     OF -15.000 AND 15.000 AND WERE FIXED TO STABILIZE MODEL ESTIMATION.  THESE
     VALUES IMPLY PROBABILITIES OF 0 AND 1.  IN THE MODEL RESULTS SECTION, THESE
     PARAMETERS HAVE 0 STANDARD ERRORS AND 999 IN THE Z-SCORE AND P-VALUE COLUMNS.

     ONE OR MORE PARAMETERS WERE FIXED TO AVOID SINGULARITY OF THE
     INFORMATION MATRIX. THE SINGULARITY IS MOST LIKELY BECAUSE THE
     MODEL IS NOT IDENTIFIED, OR BECAUSE OF EMPTY CELLS IN THE JOINT
     DISTRIBUTION OF THE CATEGORICAL VARIABLES IN THE MODEL.
     THE FOLLOWING PARAMETERS WERE FIXED:
     Parameter 35, %C#7%: [ P_USE_B$1 ]
     Parameter 36, [ C#1 ]
     Parameter 38, [ C#3 ]
     Parameter 39, [ C#4 ]
     Parameter 40, [ C#5 ]




THE MODEL ESTIMATION TERMINATED NORMALLY

     THE DEGREES OF FREEDOM FOR THIS MODEL ARE NEGATIVE.  THE MODEL IS NOT
     IDENTIFIED OR TOO MANY CELLS WERE DELETED.  A CHI-SQUARE TEST IS NOT
     AVAILABLE.



MODEL FIT INFORMATION

Number of Free Parameters                       41

Loglikelihood

          H0 Value                      -11849.134
          H0 Scaling Correction Factor      0.9918
            for MLR

Information Criteria

          Akaike (AIC)                   23780.268
          Bayesian (BIC)                 24062.994
          Sample-Size Adjusted BIC       23932.705
            (n* = (n + 2) / 24)



FINAL CLASS COUNTS AND PROPORTIONS FOR THE LATENT CLASSES
BASED ON THE ESTIMATED MODEL

    Latent
   Classes

       1        196.08952          0.02686
       2         83.12541          0.01139
       3        832.97331          0.11409
       4         70.70557          0.00968
       5        265.43068          0.03636
       6        647.97049          0.08875
       7       5204.70501          0.71288


FINAL CLASS COUNTS AND PROPORTIONS FOR THE LATENT CLASSES
BASED ON ESTIMATED POSTERIOR PROBABILITIES

    Latent
   Classes

       1        196.08952          0.02686
       2         83.12541          0.01139
       3        832.97331          0.11409
       4         70.70557          0.00968
       5        265.43068          0.03636
       6        647.97049          0.08875
       7       5204.70501          0.71288


FINAL CLASS COUNTS AND PROPORTIONS FOR THE LATENT CLASSES
BASED ON THEIR MOST LIKELY LATENT CLASS MEMBERSHIP

Class Counts and Proportions

    Latent
   Classes

       1               39          0.00534
       2               25          0.00342
       3              878          0.12026
       4               78          0.01068
       5              237          0.03246
       6              573          0.07848
       7             5471          0.74935


CLASSIFICATION QUALITY

     Entropy                         0.874


Average Latent Class Probabilities for Most Likely Latent Class Membership (Row)
by Latent Class (Column)

           1        2        3        4        5        6        7

    1   0.847    0.005    0.000    0.000    0.148    0.000    0.000
    2   0.034    0.913    0.000    0.000    0.053    0.000    0.000
    3   0.165    0.051    0.771    0.003    0.009    0.000    0.000
    4   0.106    0.003    0.000    0.867    0.024    0.000    0.000
    5   0.010    0.030    0.000    0.001    0.955    0.000    0.005
    6   0.000    0.002    0.081    0.000    0.000    0.906    0.011
    7   0.001    0.001    0.020    0.000    0.004    0.024    0.950


Classification Probabilities for the Most Likely Latent Class Membership (Column)
by Latent Class (Row)

           1        2        3        4        5        6        7

    1   0.168    0.004    0.739    0.042    0.012    0.000    0.035
    2   0.002    0.274    0.541    0.003    0.086    0.011    0.082
    3   0.000    0.000    0.812    0.000    0.000    0.056    0.132
    4   0.000    0.000    0.042    0.956    0.002    0.000    0.000
    5   0.022    0.005    0.031    0.007    0.853    0.000    0.082
    6   0.000    0.000    0.000    0.000    0.000    0.801    0.199
    7   0.000    0.000    0.000    0.000    0.000    0.001    0.999


Logits for the Classification Probabilities for the Most Likely Latent Class Membership (Column)
by Latent Class (Row)

              1        2        3        4        5        6        7

    1      1.583   -2.064    3.061    0.195   -1.085  -10.452    0.000
    2     -3.502    1.204    1.883   -3.248    0.038   -2.024    0.000
    3    -11.791  -11.791    1.817  -11.791  -11.791   -0.864    0.000
    4      0.000    0.000   10.646   13.771    7.437    5.471    0.000
    5     -1.329   -2.802   -0.968   -2.445    2.341  -11.316    0.000
    6    -12.199  -12.199  -12.199  -12.199  -12.199    1.395    0.000
    7    -13.814  -13.814  -10.088  -13.814   -8.472   -6.694    0.000


MODEL RESULTS

                                                    Two-Tailed
                    Estimate       S.E.  Est./S.E.    P-Value

Latent Class 1

 Thresholds
    P_RULE_E$1       -15.000      0.000    999.000    999.000
    P_USE_EC$1         1.228      6.688      0.184      0.854
    P_KNOW$1           3.848     12.521      0.307      0.759
    P_RULE_B$1        -2.911     83.621     -0.035      0.972
    P_USE_B$1          1.388      7.035      0.197      0.844

Latent Class 2

 Thresholds
    P_RULE_E$1        -2.365      1.183     -1.999      0.046
    P_USE_EC$1         0.516      4.336      0.119      0.905
    P_KNOW$1         -15.000      0.000    999.000    999.000
    P_RULE_B$1        -1.097      5.605     -0.196      0.845
    P_USE_B$1         -0.023      1.012     -0.022      0.982

Latent Class 3

 Thresholds
    P_RULE_E$1        -0.355      3.134     -0.113      0.910
    P_USE_EC$1        15.000      0.000    999.000    999.000
    P_KNOW$1           2.157      0.321      6.714      0.000
    P_RULE_B$1        -1.019      7.268     -0.140      0.889
    P_USE_B$1         -0.034      0.368     -0.094      0.925

Latent Class 4

 Thresholds
    P_RULE_E$1        -2.008      1.224     -1.641      0.101
    P_USE_EC$1        -3.127     95.628     -0.033      0.974
    P_KNOW$1          15.000      0.000    999.000    999.000
    P_RULE_B$1        -6.208   1550.032     -0.004      0.997
    P_USE_B$1        -15.000      0.000    999.000    999.000

Latent Class 5

 Thresholds
    P_RULE_E$1       -15.000      0.000    999.000    999.000
    P_USE_EC$1        -2.058     20.587     -0.100      0.920
    P_KNOW$1           1.731      0.501      3.455      0.001
    P_RULE_B$1         3.227     14.357      0.225      0.822
    P_USE_B$1          1.117      3.402      0.328      0.743

Latent Class 6

 Thresholds
    P_RULE_E$1        15.000      0.000    999.000    999.000
    P_USE_EC$1         2.081      1.144      1.819      0.069
    P_KNOW$1           1.461      0.316      4.629      0.000
    P_RULE_B$1        15.000      0.000    999.000    999.000
    P_USE_B$1         -1.395      4.484     -0.311      0.756

Latent Class 7

 Thresholds
    P_RULE_E$1         3.396      4.097      0.829      0.407
    P_USE_EC$1         5.039      1.922      2.622      0.009
    P_KNOW$1           2.289      0.133     17.164      0.000
    P_RULE_B$1        15.000      0.000    999.000    999.000
    P_USE_B$1          6.661      0.000    999.000    999.000

Categorical Latent Variables

 Means
    C#1               -3.279      0.000    999.000    999.000
    C#2               -4.137      0.988     -4.189      0.000
    C#3               -1.832      0.000    999.000    999.000
    C#4               -4.299      0.000    999.000    999.000
    C#5               -2.976      0.000    999.000    999.000
    C#6               -2.083      0.461     -4.523      0.000


QUALITY OF NUMERICAL RESULTS

     Condition Number for the Information Matrix              0.538E-08
       (ratio of smallest to largest eigenvalue)


RESULTS IN PROBABILITY SCALE

                                                    Two-Tailed
                    Estimate       S.E.  Est./S.E.    P-Value

Latent Class 1

 P_RULE_EC
    Category 1         0.000      0.000      0.000      1.000
    Category 2         1.000      0.000      0.000      1.000
 P_USE_EC
    Category 1         0.773      1.172      0.660      0.509
    Category 2         0.227      1.172      0.193      0.847
 P_KNOW
    Category 1         0.979      0.256      3.825      0.000
    Category 2         0.021      0.256      0.082      0.935
 P_RULE_B
    Category 1         0.052      4.094      0.013      0.990
    Category 2         0.948      4.094      0.232      0.817
 P_USE_B
    Category 1         0.800      1.125      0.712      0.477
    Category 2         0.200      1.125      0.178      0.859

Latent Class 2

 P_RULE_EC
    Category 1         0.086      0.093      0.925      0.355
    Category 2         0.914      0.093      9.844      0.000
 P_USE_EC
    Category 1         0.626      1.015      0.617      0.537
    Category 2         0.374      1.015      0.368      0.713
 P_KNOW
    Category 1         0.000      0.000      0.000      1.000
    Category 2         1.000      0.000      0.000      1.000
 P_RULE_B
    Category 1         0.250      1.052      0.238      0.812
    Category 2         0.750      1.052      0.713      0.476
 P_USE_B
    Category 1         0.494      0.253      1.954      0.051
    Category 2         0.506      0.253      1.999      0.046

Latent Class 3

 P_RULE_EC
    Category 1         0.412      0.759      0.543      0.587
    Category 2         0.588      0.759      0.774      0.439
 P_USE_EC
    Category 1         1.000      0.000      0.000      1.000
    Category 2         0.000      0.000      0.000      1.000
 P_KNOW
    Category 1         0.896      0.030     30.020      0.000
    Category 2         0.104      0.030      3.473      0.001
 P_RULE_B
    Category 1         0.265      1.417      0.187      0.851
    Category 2         0.735      1.417      0.519      0.604
 P_USE_B
    Category 1         0.491      0.092      5.336      0.000
    Category 2         0.509      0.092      5.523      0.000

Latent Class 4

 P_RULE_EC
    Category 1         0.118      0.128      0.927      0.354
    Category 2         0.882      0.128      6.904      0.000
 P_USE_EC
    Category 1         0.042      3.849      0.011      0.991
    Category 2         0.958      3.849      0.249      0.803
 P_KNOW
    Category 1         1.000      0.000      0.000      1.000
    Category 2         0.000      0.000      0.000      1.000
 P_RULE_B
    Category 1         0.002      3.108      0.001      0.999
    Category 2         0.998      3.108      0.321      0.748
 P_USE_B
    Category 1         0.000      0.000      0.000      1.000
    Category 2         1.000      0.000      0.000      1.000

Latent Class 5

 P_RULE_EC
    Category 1         0.000      0.000      0.000      1.000
    Category 2         1.000      0.000      0.000      1.000
 P_USE_EC
    Category 1         0.113      2.068      0.055      0.956
    Category 2         0.887      2.068      0.429      0.668
 P_KNOW
    Category 1         0.849      0.064     13.264      0.000
    Category 2         0.151      0.064      2.350      0.019
 P_RULE_B
    Category 1         0.962      0.527      1.826      0.068
    Category 2         0.038      0.527      0.072      0.942
 P_USE_B
    Category 1         0.753      0.632      1.192      0.233
    Category 2         0.247      0.632      0.390      0.696

Latent Class 6

 P_RULE_EC
    Category 1         1.000      0.000      0.000      1.000
    Category 2         0.000      0.000      0.000      1.000
 P_USE_EC
    Category 1         0.889      0.113      7.881      0.000
    Category 2         0.111      0.113      0.983      0.325
 P_KNOW
    Category 1         0.812      0.048     16.827      0.000
    Category 2         0.188      0.048      3.904      0.000
 P_RULE_B
    Category 1         1.000      0.000      0.000      1.000
    Category 2         0.000      0.000      0.000      1.000
 P_USE_B
    Category 1         0.199      0.714      0.278      0.781
    Category 2         0.801      0.714      1.123      0.261

Latent Class 7

 P_RULE_EC
    Category 1         0.968      0.129      7.526      0.000
    Category 2         0.032      0.129      0.252      0.801
 P_USE_EC
    Category 1         0.994      0.012     80.775      0.000
    Category 2         0.006      0.012      0.524      0.600
 P_KNOW
    Category 1         0.908      0.011     81.477      0.000
    Category 2         0.092      0.011      8.258      0.000
 P_RULE_B
    Category 1         1.000      0.000      0.000      1.000
    Category 2         0.000      0.000      0.000      1.000
 P_USE_B
    Category 1         0.999      0.000      0.000      1.000
    Category 2         0.001      0.000      0.000      1.000


LATENT CLASS INDICATOR ODDS RATIOS FOR THE LATENT CLASSES

                                                95% C.I.
                    Estimate       S.E.  Lower 2.5% Upper 2.5%

Latent Class 1 Compared to Latent Class 2

 P_RULE_E
    Category > 1   *********      0.000  *********  *********
 P_USE_EC
    Category > 1       0.491      1.317      0.003     94.428
 P_KNOW
    Category > 1       0.000      0.000      0.000      0.000
 P_RULE_B
    Category > 1       6.137    479.643      0.000  *********
 P_USE_B
    Category > 1       0.244      1.681      0.000  *********

Latent Class 1 Compared to Latent Class 3

 P_RULE_E
    Category > 1   *********      0.000  *********  *********
 P_USE_EC
    Category > 1   *********      0.000  *********  *********
 P_KNOW
    Category > 1       0.184      2.300      0.000  *********
 P_RULE_B
    Category > 1       6.634    602.771      0.000  *********
 P_USE_B
    Category > 1       0.241      1.779      0.000  *********

Latent Class 1 Compared to Latent Class 4

 P_RULE_E
    Category > 1   *********      0.000  *********  *********
 P_USE_EC
    Category > 1       0.013      1.148      0.000  *********
 P_KNOW
    Category > 1   69715.688      0.000  69715.688  69715.688
 P_RULE_B
    Category > 1       0.037     54.366      0.000  *********
 P_USE_B
    Category > 1       0.000      0.000      0.000      0.000

Latent Class 1 Compared to Latent Class 5

 P_RULE_E
    Category > 1       1.000      0.000      1.000      1.000
 P_USE_EC
    Category > 1       0.037      1.018      0.000  *********
 P_KNOW
    Category > 1       0.120      1.485      0.000  *********
 P_RULE_B
    Category > 1     463.293  34195.836      0.000  *********
 P_USE_B
    Category > 1       0.763      3.160      0.000   2563.494

Latent Class 1 Compared to Latent Class 6

 P_RULE_E
    Category > 1   *********      0.000  *********  *********
 P_USE_EC
    Category > 1       2.348     18.272      0.000  *********
 P_KNOW
    Category > 1       0.092      1.160      0.000  *********
 P_RULE_B
    Category > 1   *********  *********      0.000  *********
 P_USE_B
    Category > 1       0.062      0.698      0.000  *********

Latent Class 1 Compared to Latent Class 7

 P_RULE_E
    Category > 1   *********      0.000  *********  *********
 P_USE_EC
    Category > 1      45.184    228.346      0.002  *********
 P_KNOW
    Category > 1       0.210      2.622      0.000  *********
 P_RULE_B
    Category > 1   *********  *********      0.000  *********
 P_USE_B
    Category > 1     195.025   1371.923      0.000  *********

Latent Class 2 Compared to Latent Class 3

 P_RULE_E
    Category > 1       7.464     23.774      0.015   3838.120
 P_USE_EC
    Category > 1   *********      0.000  *********  *********
 P_KNOW
    Category > 1   *********      0.000  *********  *********
 P_RULE_B
    Category > 1       1.081     13.841      0.000  *********
 P_USE_B
    Category > 1       0.988      1.075      0.117      8.333

Latent Class 2 Compared to Latent Class 4

 P_RULE_E
    Category > 1       1.429      2.144      0.075     27.069
 P_USE_EC
    Category > 1       0.026      2.392      0.000  *********
 P_KNOW
    Category > 1   *********      0.000  *********  *********
 P_RULE_B
    Category > 1       0.006      9.311      0.000  *********
 P_USE_B
    Category > 1       0.000      0.000      0.000      0.000

Latent Class 2 Compared to Latent Class 5

 P_RULE_E
    Category > 1       0.000      0.000      0.000      0.000
 P_USE_EC
    Category > 1       0.076      1.896      0.000  *********
 P_KNOW
    Category > 1   *********      0.000  *********  *********
 P_RULE_B
    Category > 1      75.495    871.341      0.000  *********
 P_USE_B
    Category > 1       3.125     11.285      0.003   3704.721

Latent Class 2 Compared to Latent Class 6

 P_RULE_E
    Category > 1   *********      0.000  *********  *********
 P_USE_EC
    Category > 1       4.782     26.104      0.000  *********
 P_KNOW
    Category > 1   *********      0.000  *********  *********
 P_RULE_B
    Category > 1   *********      0.000  *********  *********
 P_USE_B
    Category > 1       0.253      1.156      0.000   1931.757

Latent Class 2 Compared to Latent Class 7

 P_RULE_E
    Category > 1     317.542   1412.732      0.052  *********
 P_USE_EC
    Category > 1      92.031    240.202      0.552  15332.845
 P_KNOW
    Category > 1   *********      0.000  *********  *********
 P_RULE_B
    Category > 1   *********      0.000  *********  *********
 P_USE_B
    Category > 1     799.026    808.596    109.938   5807.283

Latent Class 3 Compared to Latent Class 4

 P_RULE_E
    Category > 1       0.191      0.389      0.004     10.232
 P_USE_EC
    Category > 1       0.000      0.000      0.000  *********
 P_KNOW
    Category > 1   *********      0.000  *********  *********
 P_RULE_B
    Category > 1       0.006      8.683      0.000  *********
 P_USE_B
    Category > 1       0.000      0.000      0.000      0.000

Latent Class 3 Compared to Latent Class 5

 P_RULE_E
    Category > 1       0.000      0.000      0.000      0.000
 P_USE_EC
    Category > 1       0.000      0.000      0.000      0.000
 P_KNOW
    Category > 1       0.653      0.324      0.247      1.725
 P_RULE_B
    Category > 1      69.836   1429.168      0.000  *********
 P_USE_B
    Category > 1       3.162     11.847      0.002   4886.754

Latent Class 3 Compared to Latent Class 6

 P_RULE_E
    Category > 1   *********      0.000  *********  *********
 P_USE_EC
    Category > 1       0.000      0.000      0.000      0.000
 P_KNOW
    Category > 1       0.499      0.274      0.170      1.463
 P_RULE_B
    Category > 1   *********      0.000  *********  *********
 P_USE_B
    Category > 1       0.256      1.068      0.000    900.805

Latent Class 3 Compared to Latent Class 7

 P_RULE_E
    Category > 1      42.541    307.478      0.000  *********
 P_USE_EC
    Category > 1       0.000      0.000      0.000      0.000
 P_KNOW
    Category > 1       1.142      0.327      0.651      2.003
 P_RULE_B
    Category > 1   *********      0.000  *********  *********
 P_USE_B
    Category > 1     808.554    297.904    392.723   1664.682

Latent Class 4 Compared to Latent Class 5

 P_RULE_E
    Category > 1       0.000      0.000      0.000      0.000
 P_USE_EC
    Category > 1       2.912    337.619      0.000  *********
 P_KNOW
    Category > 1       0.000      0.000      0.000      0.000
 P_RULE_B
    Category > 1   12523.831  *********      0.000  *********
 P_USE_B
    Category > 1   *********      0.000  *********  *********

Latent Class 4 Compared to Latent Class 6

 P_RULE_E
    Category > 1   *********      0.000  *********  *********
 P_USE_EC
    Category > 1     182.729  17681.074      0.000  *********
 P_KNOW
    Category > 1       0.000      0.000      0.000      0.000
 P_RULE_B
    Category > 1   *********  *********      0.000  *********
 P_USE_B
    Category > 1   *********      0.000  *********  *********

Latent Class 4 Compared to Latent Class 7

 P_RULE_E
    Category > 1     222.261   1169.926      0.007  *********
 P_USE_EC
    Category > 1    3516.362  *********      0.000  *********
 P_KNOW
    Category > 1       0.000      0.000      0.000      0.000
 P_RULE_B
    Category > 1   *********  *********      0.000  *********
 P_USE_B
    Category > 1   *********      0.000  *********  *********

Latent Class 5 Compared to Latent Class 6

 P_RULE_E
    Category > 1   *********      0.000  *********  *********
 P_USE_EC
    Category > 1      62.756   1221.465      0.000  *********
 P_KNOW
    Category > 1       0.764      0.586      0.170      3.433
 P_RULE_B
    Category > 1   *********      0.000  *********  *********
 P_USE_B
    Category > 1       0.081      0.630      0.000  *********

Latent Class 5 Compared to Latent Class 7

 P_RULE_E
    Category > 1   *********      0.000  *********  *********
 P_USE_EC
    Category > 1    1207.651  27043.928      0.000  *********
 P_KNOW
    Category > 1       1.748      0.714      0.785      3.893
 P_RULE_B
    Category > 1   *********      0.000  *********  *********
 P_USE_B
    Category > 1     255.682    869.848      0.325  *********

Latent Class 6 Compared to Latent Class 7

 P_RULE_E
    Category > 1       0.000      0.000      0.000      0.000
 P_USE_EC
    Category > 1      19.244     58.208      0.051   7228.804
 P_KNOW
    Category > 1       2.289      0.987      0.983      5.327
 P_RULE_B
    Category > 1       1.000      0.000      1.000      1.000
 P_USE_B
    Category > 1    3153.047  14139.487      0.480  *********


TECHNICAL 11 OUTPUT

     Random Starts Specifications for the k-1 Class Analysis Model
        Number of initial stage random starts                1000
        Number of final stage optimizations                   200



     VUONG-LO-MENDELL-RUBIN LIKELIHOOD RATIO TEST FOR 6 (H0) VERSUS 7 CLASSES

          H0 Loglikelihood Value                       -11850.184
          2 Times the Loglikelihood Difference              2.101
          Difference in the Number of Parameters                6
          Mean                                             35.041
          Standard Deviation                               46.976
          P-Value                                          0.8939

     LO-MENDELL-RUBIN ADJUSTED LRT TEST

          Value                                             2.062
          P-Value                                          0.8952


TECHNICAL 14 OUTPUT

     Random Starts Specifications for the k-1 Class Analysis Model
        Number of initial stage random starts                1000
        Number of final stage optimizations                   200

     Random Starts Specification for the k-1 Class Model for Generated Data
        Number of initial stage random starts                   0
        Number of final stage optimizations for the
           initial stage random starts                          0
     Random Starts Specification for the k Class Model for Generated Data
        Number of initial stage random starts                  40
        Number of final stage optimizations                     8
     Number of bootstrap draws requested                   Varies


     PARAMETRIC BOOTSTRAPPED LIKELIHOOD RATIO TEST FOR 6 (H0) VERSUS 7 CLASSES

          H0 Loglikelihood Value                       -11850.184
          2 Times the Loglikelihood Difference              2.101
          Difference in the Number of Parameters                6
          Approximate P-Value                              1.0000
          Successful Bootstrap Draws                            2


PLOT INFORMATION

The following plots are available:

  Histograms (sample values)
  Scatterplots (sample values)
  Sample proportions and estimated probabilities

     Beginning Time:  17:40:37
        Ending Time:  17:40:55
       Elapsed Time:  00:00:18


Mplus VERSION 8.11 DEMO has the following limitations:
  Maximum number of dependent variables: 6
  Maximum number of independent variables: 2
  Maximum number of between variables: 2
  Maximum number of continuous latent variables in time series analysis: 2


MUTHEN & MUTHEN
3463 Stoner Ave.
Los Angeles, CA  90066

Tel: (310) 391-9971
Fax: (310) 391-8971
Web: www.StatModel.com
Support: Support@StatModel.com

Copyright (c) 1998-2024 Muthen & Muthen
