Mplus VERSION 8.11 DEMO
MUTHEN & MUTHEN
12/19/2025   5:59 PM

INPUT INSTRUCTIONS

  TITLE:
  Class 1
  DATA:
  FILE = "C:/Users/chens/Desktop/PATHparentLCA/useme_lca/mplus_lca_sm/
  lca_sm.dat";
  VARIABLE:
  NAMES = caseid p_rule_sm p_use_sm p_know p_rule_b p_use_b c_try_sm dem_gen dem_age
       dem_inc dem_hisp weight;
   MISSING=.;
   categorical = p_rule_sm p_use_sm p_know p_rule_b p_use_b;
  usevar = p_rule_sm p_use_sm p_know p_rule_b p_use_b;
  classes = c(1);
  ANALYSIS:
  estimator = mlr;
      type = mixture;
      starts = 1000 200;
      processors = 10;
  OUTPUT:
  tech11 tech14;
  PLOT:
  type = plot3;
       series = p_rule_sm p_use_sm p_know p_rule_b p_use_b(*);



*** WARNING in VARIABLE command
  Note that only the first 8 characters of variable names are used in the output.
  Shorten variable names to avoid any confusion.
*** WARNING in PLOT command
  Note that only the first 8 characters of variable names are used in plots.
  If variable names are not unique within the first 8 characters, problems
  may occur.
*** WARNING in OUTPUT command
  TECH11 option is not available for TYPE=MIXTURE with only one class.
  Request for TECH11 is ignored.
*** WARNING in OUTPUT command
  TECH14 option is not available for TYPE=MIXTURE with only one class.
  Request for TECH14 is ignored.
   4 WARNING(S) FOUND IN THE INPUT INSTRUCTIONS




Class 1

SUMMARY OF ANALYSIS

Number of groups                                                 1
Number of observations                                        7301

Number of dependent variables                                    5
Number of independent variables                                  0
Number of continuous latent variables                            0
Number of categorical latent variables                           1

Observed dependent variables

  Binary and ordered categorical (ordinal)
   P_RULE_S    P_USE_SM    P_KNOW      P_RULE_B    P_USE_B

Categorical latent variables
   C


Estimator                                                      MLR
Information matrix                                        OBSERVED
Optimization Specifications for the Quasi-Newton Algorithm for
Continuous Outcomes
  Maximum number of iterations                                 100
  Convergence criterion                                  0.100D-05
Optimization Specifications for the EM Algorithm
  Maximum number of iterations                                 500
  Convergence criteria
    Loglikelihood change                                 0.100D-06
    Relative loglikelihood change                        0.100D-06
    Derivative                                           0.100D-05
Optimization Specifications for the M step of the EM Algorithm for
Categorical Latent variables
  Number of M step iterations                                    1
  M step convergence criterion                           0.100D-05
  Basis for M step termination                           ITERATION
Optimization Specifications for the M step of the EM Algorithm for
Censored, Binary or Ordered Categorical (Ordinal), Unordered
Categorical (Nominal) and Count Outcomes
  Number of M step iterations                                    1
  M step convergence criterion                           0.100D-05
  Basis for M step termination                           ITERATION
  Maximum value for logit thresholds                            15
  Minimum value for logit thresholds                           -15
  Minimum expected cell size for chi-square              0.100D-01
Maximum number of iterations for H1                           2000
Convergence criterion for H1                             0.100D-03
Optimization algorithm                                         EMA
Random Starts Specifications
  Number of initial stage random starts                       1000
  Number of final stage optimizations                          200
  Number of initial stage iterations                            10
  Initial stage convergence criterion                    0.100D+01
  Random starts scale                                    0.500D+01
  Random seed for generating random starts                       0
Link                                                         LOGIT

Input data file(s)
  C:/Users/chens/Desktop/PATHparentLCA/useme_lca/mplus_lca_sm/lca_sm.dat
Input data format  FREE


SUMMARY OF DATA

     Number of missing data patterns             5
     Number of y missing data patterns           0
     Number of u missing data patterns           5


COVARIANCE COVERAGE OF DATA

Minimum covariance coverage value   0.100


     PROPORTION OF DATA PRESENT FOR U


           Covariance Coverage
              P_RULE_S      P_USE_SM      P_KNOW        P_RULE_B      P_USE_B
              ________      ________      ________      ________      ________
 P_RULE_S       0.995
 P_USE_SM       0.995         1.000
 P_KNOW         0.984         0.990         0.990
 P_RULE_B       0.995         0.996         0.986         0.996
 P_USE_B        0.995         1.000         0.990         0.996         1.000


UNIVARIATE PROPORTIONS AND COUNTS FOR CATEGORICAL VARIABLES

    P_RULE_S
      Category 1    0.840         6097.000
      Category 2    0.160         1165.000
    P_USE_SM
      Category 1    0.977         7130.000
      Category 2    0.023          171.000
    P_KNOW
      Category 1    0.888         6419.000
      Category 2    0.112          806.000
    P_RULE_B
      Category 1    0.871         6334.000
      Category 2    0.129          939.000
    P_USE_B
      Category 1    0.840         6134.000
      Category 2    0.160         1167.000


RANDOM STARTS RESULTS RANKED FROM THE BEST TO THE WORST LOGLIKELIHOOD VALUES

Final stage loglikelihood values at local maxima, seeds, and initial stage start numbers:

          -12541.857  118438           601
          -12541.857  342019           301
          -12541.857  964570           701
          -12541.857  246794           801
          -12541.857  700349           401
          -12541.857  36714            201
          -12541.857  371246           101
          -12541.857  137888           901
          -12541.857  294669           501
          -12541.857  unperturbed      0
          -12541.857  462953           7
          -12541.857  27071            15
          -12541.857  153942           31
          -12541.857  227563           63
          -12541.857  379729           512
          -12541.857  7959             256
          -12541.857  314034           513
          -12541.857  147440           514
          -12541.857  164305           128
          -12541.857  871851           257
          -12541.857  140849           515
          -12541.857  689529           516
          -12541.857  188498           258
          -12541.857  79212            517
          -12541.857  327475           518
          -12541.857  311214           64
          -12541.857  814975           129
          -12541.857  622860           259
          -12541.857  161421           519
          -12541.857  489927           520
          -12541.857  804660           260
          -12541.857  745972           521
          -12541.857  486622           522
          -12541.857  509733           130
          -12541.857  616917           261
          -12541.857  715255           523
          -12541.857  638611           524
          -12541.857  520177           262
          -12541.857  995249           525
          -12541.857  126371           526
          -12541.857  626891           32
          -12541.857  565819           65
          -12541.857  468036           131
          -12541.857  349263           263
          -12541.857  830292           527
          -12541.857  252346           528
          -12541.857  358488           264
          -12541.857  78862            529
          -12541.857  704798           530
          -12541.857  313407           132
          -12541.857  105435           265
          -12541.857  970689           266
          -12541.857  467339           66
          -12541.857  321390           133
          -12541.857  930323           267
          -12541.857  529455           268
          -12541.857  903369           134
          -12541.857  926283           269
          -12541.857  483369           270
          -12541.857  76974            16
          -12541.857  749453           33
          -12541.857  789985           67
          -12541.857  437181           135
          -12541.857  438144           271
          -12541.857  782821           272
          -12541.857  232559           136
          -12541.857  688839           273
          -12541.857  15715            274
          -12541.857  405079           68
          -12541.857  848331           137
          -12541.857  741888           138
          -12541.857  341041           34
          -12541.857  685657           69
          -12541.857  118421           139
          -12541.857  948615           140
          -12541.857  987090           70
          -12541.857  931874           141
          -12541.857  192071           142
          -12541.857  285380           1
          -12541.857  93468            3
          -12541.857  22089            143
          -12541.857  856536           144
          -12541.857  788796           145
          -12541.857  369602           146
          -12541.857  939021           8
          -12541.857  68985            17
          -12541.857  848356           602
          -12541.857  383979           603
          -12541.857  402699           604
          -12541.857  679832           302
          -12541.857  213189           605
          -12541.857  645052           910
          -12541.857  588923           606
          -12541.857  790452           303
          -12541.857  824956           607
          -12541.857  881886           608
          -12541.857  92689            304
          -12541.857  941525           609
          -12541.857  15270            610
          -12541.857  81117            305
          -12541.857  920593           611
          -12541.857  313306           612
          -12541.857  484687           306
          -12541.857  507218           613
          -12541.857  752476           614
          -12541.857  534864           307
          -12541.857  805935           615
          -12541.857  852283           616
          -12541.857  692169           308
          -12541.857  351807           617
          -12541.857  373815           618
          -12541.857  879338           309
          -12541.857  738393           619
          -12541.857  763285           620
          -12541.857  996231           310
          -12541.857  478421           311
          -12541.857  798839           312
          -12541.857  521575           313
          -12541.857  626087           314
          -12541.857  857799           315
          -12541.857  193042           316
          -12541.857  614009           317
          -12541.857  667250           318
          -12541.857  567165           319
          -12541.857  732596           320
          -12541.857  531546           702
          -12541.857  35191            703
          -12541.857  926762           704
          -12541.857  476393           705
          -12541.857  579138           706
          -12541.857  49293            707
          -12541.857  114433           708
          -12541.857  765586           709
          -12541.857  117391           710
          -12541.857  610181           711
          -12541.857  77210            712
          -12541.857  284716           713
          -12541.857  46502            714
          -12541.857  833196           715
          -12541.857  853781           716
          -12541.857  607072           717
          -12541.857  702492           718
          -12541.857  512403           719
          -12541.857  178031           720
          -12541.857  391368           802
          -12541.857  432513           803
          -12541.857  7886             804
          -12541.857  971853           402
          -12541.857  845580           805
          -12541.857  203508           806
          -12541.857  471040           403
          -12541.857  739214           807
          -12541.857  496344           808
          -12541.857  605565           404
          -12541.857  544077           809
          -12541.857  200041           810
          -12541.857  596257           405
          -12541.857  599136           811
          -12541.857  238317           812
          -12541.857  926797           406
          -12541.857  328661           813
          -12541.857  671390           814
          -12541.857  772131           407
          -12541.857  494149           815
          -12541.857  941975           816
          -12541.857  55115            408
          -12541.857  168888           817
          -12541.857  548245           818
          -12541.857  605161           409
          -12541.857  467561           819
          -12541.857  300697           820
          -12541.857  746978           410
          -12541.857  85734            411
          -12541.857  918558           412
          -12541.857  275475           413
          -12541.857  736574           414
          -12541.857  399508           415
          -12541.857  791285           416
          -12541.857  665121           417
          -12541.857  298275           418
          -12541.857  802682           419
          -12541.857  749635           420
          -12541.857  695453           902
          -12541.857  298201           903
          -12541.857  494209           904
          -12541.857  379823           905
          -12541.857  663090           906
          -12541.857  81951            907
          -12541.857  327927           908
          -12541.857  105656           909
          -12541.857  954914           911
          -12541.857  241299           912
          -12541.857  979450           913
          -12541.857  816435           914
          -12541.857  484116           915
          -12541.857  735928           916
          -12541.857  937068           982
          -12541.857  573367           986
          -12541.857  495490           990
          -12541.857  98068            998



THE MODEL ESTIMATION TERMINATED NORMALLY



MODEL FIT INFORMATION

Number of Free Parameters                        5

Loglikelihood

          H0 Value                      -12541.857
          H0 Scaling Correction Factor      1.0000
            for MLR

Information Criteria

          Akaike (AIC)                   25093.713
          Bayesian (BIC)                 25128.192
          Sample-Size Adjusted BIC       25112.303
            (n* = (n + 2) / 24)

Chi-Square Test of Model Fit for the Binary and Ordered Categorical
(Ordinal) Outcomes

          Pearson Chi-Square

          Value                           1289.339
          Degrees of Freedom                    26
          P-Value                           0.0000

          Likelihood Ratio Chi-Square

          The chi-square is negative for this model part.  This is most likely
          due to deleted cells in the H0 log-likelihood calculation.

Chi-Square Test for MCAR under the Unrestricted Latent Class Indicator Model

          Pearson Chi-Square

          Value                             41.521
          Degrees of Freedom                    52
          P-Value                           0.8507

          Likelihood Ratio Chi-Square

          Value                             36.698
          Degrees of Freedom                    52
          P-Value                           0.9466



FINAL CLASS COUNTS AND PROPORTIONS FOR THE LATENT CLASSES
BASED ON THE ESTIMATED MODEL

    Latent
   Classes

       1       7301.00000          1.00000


FINAL CLASS COUNTS AND PROPORTIONS FOR THE LATENT CLASSES
BASED ON ESTIMATED POSTERIOR PROBABILITIES

    Latent
   Classes

       1       7301.00000          1.00000


FINAL CLASS COUNTS AND PROPORTIONS FOR THE LATENT CLASSES
BASED ON THEIR MOST LIKELY LATENT CLASS MEMBERSHIP

Class Counts and Proportions

    Latent
   Classes

       1             7301          1.00000


Average Latent Class Probabilities for Most Likely Latent Class Membership (Row)
by Latent Class (Column)

           1

    1   1.000


Classification Probabilities for the Most Likely Latent Class Membership (Column)
by Latent Class (Row)

           1

    1   1.000


Logits for the Classification Probabilities for the Most Likely Latent Class Membership (Column)
by Latent Class (Row)

              1

    1      0.000


MODEL RESULTS

                                                    Two-Tailed
                    Estimate       S.E.  Est./S.E.    P-Value

Latent Class 1

 Thresholds
    P_RULE_S$1         1.655      0.032     51.762      0.000
    P_USE_SM$1         3.730      0.077     48.207      0.000
    P_KNOW$1           2.075      0.037     55.525      0.000
    P_RULE_B$1         1.909      0.035     54.587      0.000
    P_USE_B$1          1.659      0.032     51.960      0.000


QUALITY OF NUMERICAL RESULTS

     Condition Number for the Information Matrix              0.107E+00
       (ratio of smallest to largest eigenvalue)


RESULTS IN PROBABILITY SCALE

                                                    Two-Tailed
                    Estimate       S.E.  Est./S.E.    P-Value

Latent Class 1

 P_RULE_SM
    Category 1         0.840      0.004    194.950      0.000
    Category 2         0.160      0.004     37.251      0.000
 P_USE_SM
    Category 1         0.977      0.002    551.744      0.000
    Category 2         0.023      0.002     13.233      0.000
 P_KNOW
    Category 1         0.888      0.004    239.875      0.000
    Category 2         0.112      0.004     30.120      0.000
 P_RULE_B
    Category 1         0.871      0.004    221.495      0.000
    Category 2         0.129      0.004     32.836      0.000
 P_USE_B
    Category 1         0.840      0.004    195.897      0.000
    Category 2         0.160      0.004     37.270      0.000


PLOT INFORMATION

The following plots are available:

  Histograms (sample values)
  Scatterplots (sample values)
  Sample proportions and estimated probabilities

     Beginning Time:  17:59:30
        Ending Time:  17:59:34
       Elapsed Time:  00:00:04


Mplus VERSION 8.11 DEMO has the following limitations:
  Maximum number of dependent variables: 6
  Maximum number of independent variables: 2
  Maximum number of between variables: 2
  Maximum number of continuous latent variables in time series analysis: 2


MUTHEN & MUTHEN
3463 Stoner Ave.
Los Angeles, CA  90066

Tel: (310) 391-9971
Fax: (310) 391-8971
Web: www.StatModel.com
Support: Support@StatModel.com

Copyright (c) 1998-2024 Muthen & Muthen
