Mplus VERSION 8.11 DEMO
MUTHEN & MUTHEN
12/19/2025   5:59 PM

INPUT INSTRUCTIONS

  TITLE:
  Class 3
  DATA:
  FILE = "C:/Users/chens/Desktop/PATHparentLCA/useme_lca/mplus_lca_sm/
  lca_sm.dat";
  VARIABLE:
  NAMES = caseid p_rule_sm p_use_sm p_know p_rule_b p_use_b c_try_sm dem_gen dem_age
       dem_inc dem_hisp weight;
   MISSING=.;
   categorical = p_rule_sm p_use_sm p_know p_rule_b p_use_b;
  usevar = p_rule_sm p_use_sm p_know p_rule_b p_use_b;
  classes = c(3);
  ANALYSIS:
  estimator = mlr;
      type = mixture;
      starts = 1000 200;
      processors = 10;
  OUTPUT:
  tech11 tech14;
  PLOT:
  type = plot3;
       series = p_rule_sm p_use_sm p_know p_rule_b p_use_b(*);



*** WARNING in VARIABLE command
  Note that only the first 8 characters of variable names are used in the output.
  Shorten variable names to avoid any confusion.
*** WARNING in PLOT command
  Note that only the first 8 characters of variable names are used in plots.
  If variable names are not unique within the first 8 characters, problems
  may occur.
   2 WARNING(S) FOUND IN THE INPUT INSTRUCTIONS




Class 3

SUMMARY OF ANALYSIS

Number of groups                                                 1
Number of observations                                        7301

Number of dependent variables                                    5
Number of independent variables                                  0
Number of continuous latent variables                            0
Number of categorical latent variables                           1

Observed dependent variables

  Binary and ordered categorical (ordinal)
   P_RULE_S    P_USE_SM    P_KNOW      P_RULE_B    P_USE_B

Categorical latent variables
   C


Estimator                                                      MLR
Information matrix                                        OBSERVED
Optimization Specifications for the Quasi-Newton Algorithm for
Continuous Outcomes
  Maximum number of iterations                                 100
  Convergence criterion                                  0.100D-05
Optimization Specifications for the EM Algorithm
  Maximum number of iterations                                 500
  Convergence criteria
    Loglikelihood change                                 0.100D-06
    Relative loglikelihood change                        0.100D-06
    Derivative                                           0.100D-05
Optimization Specifications for the M step of the EM Algorithm for
Categorical Latent variables
  Number of M step iterations                                    1
  M step convergence criterion                           0.100D-05
  Basis for M step termination                           ITERATION
Optimization Specifications for the M step of the EM Algorithm for
Censored, Binary or Ordered Categorical (Ordinal), Unordered
Categorical (Nominal) and Count Outcomes
  Number of M step iterations                                    1
  M step convergence criterion                           0.100D-05
  Basis for M step termination                           ITERATION
  Maximum value for logit thresholds                            15
  Minimum value for logit thresholds                           -15
  Minimum expected cell size for chi-square              0.100D-01
Maximum number of iterations for H1                           2000
Convergence criterion for H1                             0.100D-03
Optimization algorithm                                         EMA
Random Starts Specifications
  Number of initial stage random starts                       1000
  Number of final stage optimizations                          200
  Number of initial stage iterations                            10
  Initial stage convergence criterion                    0.100D+01
  Random starts scale                                    0.500D+01
  Random seed for generating random starts                       0
Link                                                         LOGIT

Input data file(s)
  C:/Users/chens/Desktop/PATHparentLCA/useme_lca/mplus_lca_sm/lca_sm.dat
Input data format  FREE


SUMMARY OF DATA

     Number of missing data patterns             5
     Number of y missing data patterns           0
     Number of u missing data patterns           5


COVARIANCE COVERAGE OF DATA

Minimum covariance coverage value   0.100


     PROPORTION OF DATA PRESENT FOR U


           Covariance Coverage
              P_RULE_S      P_USE_SM      P_KNOW        P_RULE_B      P_USE_B
              ________      ________      ________      ________      ________
 P_RULE_S       0.995
 P_USE_SM       0.995         1.000
 P_KNOW         0.984         0.990         0.990
 P_RULE_B       0.995         0.996         0.986         0.996
 P_USE_B        0.995         1.000         0.990         0.996         1.000


UNIVARIATE PROPORTIONS AND COUNTS FOR CATEGORICAL VARIABLES

    P_RULE_S
      Category 1    0.840         6097.000
      Category 2    0.160         1165.000
    P_USE_SM
      Category 1    0.977         7130.000
      Category 2    0.023          171.000
    P_KNOW
      Category 1    0.888         6419.000
      Category 2    0.112          806.000
    P_RULE_B
      Category 1    0.871         6334.000
      Category 2    0.129          939.000
    P_USE_B
      Category 1    0.840         6134.000
      Category 2    0.160         1167.000


RANDOM STARTS RESULTS RANKED FROM THE BEST TO THE WORST LOGLIKELIHOOD VALUES

Final stage loglikelihood values at local maxima, seeds, and initial stage start numbers:

          -11677.108  329127           185
          -11677.108  147440           514
          -11677.108  512836           289
          -11677.108  202790           198
          -11677.108  155622           507
          -11677.108  420910           928
          -11677.108  691041           590
          -11677.108  761302           744
          -11677.108  407108           366
          -11677.108  604861           800
          -11677.108  944186           541
          -11677.108  857799           315
          -11677.108  736574           414
          -11677.108  647617           725
          -11677.108  21132            351
          -11677.108  545140           278
          -11677.108  784664           75
          -11677.108  153053           378
          -11677.108  997222           229
          -11677.108  341041           34
          -11677.108  232559           136
          -11677.108  85734            411
          -11677.108  968846           970
          -11677.108  408713           450
          -11677.108  928287           197
          -11677.195  96941            890
          -11677.195  192071           142
          -11677.195  654136           167
          -11677.195  14262            781
          -11677.195  971853           402
          -11677.195  669639           699
          -11678.696  372176           23
          -11678.696  967902           52
          -11678.696  941975           816
          -11678.696  207896           25
          -11678.696  351622           551
          -11678.696  574412           679
          -11678.696  732596           320
          -11678.696  539751           459
          -11678.696  622290           880
          -11678.696  220454           288
          -11678.696  568534           961
          -11678.696  197223           332
          -11678.696  436460           89
          -11678.696  690596           858
          -11678.696  758647           951
          -11678.696  302046           863
          -11678.696  783110           72
          -11678.696  650371           14
          -11678.696  835767           210
          -11678.696  374219           353
          -11678.696  606576           151
          -11678.696  730868           977
          -11678.696  674171           195
          -11678.696  723775           97
          -11678.696  667250           318
          -11678.696  313407           132
          -11678.696  341960           685
          -11678.696  662718           460
          -11678.696  645664           39
          -11678.696  484687           306
          -11678.696  77210            712
          -11678.696  399671           13
          -11678.696  551639           55
          -11678.696  506886           576
          -11678.696  57226            208
          -11678.696  850112           922
          -11678.696  441191           361
          -11678.696  575700           100
          -11678.696  642909           251
          -11678.696  608496           4
          -11678.696  574942           558
          -11678.696  278692           342
          -11678.696  461866           722
          -11678.696  518828           432
          -11678.696  376411           473
          -11678.696  802256           477
          -11678.696  284716           713
          -11678.696  66276            217
          -11678.696  425929           508
          -11682.645  467339           66
          -11682.645  127215           9
          -11682.645  106561           686
          -11682.645  533738           11
          -11682.645  779820           877
          -11682.645  820977           776
          -11682.645  830292           527
          -11682.645  781190           219
          -11682.645  462821           745
          -11682.645  802928           892
          -11682.645  373815           618
          -11682.645  298201           903
          -11682.645  502157           799
          -11682.645  137305           379
          -11682.645  214681           824
          -11682.645  843555           952
          -11682.645  43523            297
          -11682.645  505879           424
          -11682.645  266038           672
          -11682.645  710445           792
          -11682.645  59963            670
          -11682.645  937225           394
          -11682.645  86698            893
          -11682.645  148918           682
          -11682.645  167409           772
          -11682.645  631413           439
          -11682.645  225995           847

93 perturbed starting value run(s) did not converge or were rejected in the third stage.



THE BEST LOGLIKELIHOOD VALUE HAS BEEN REPLICATED.  RERUN WITH AT LEAST TWICE THE
RANDOM STARTS TO CHECK THAT THE BEST LOGLIKELIHOOD IS STILL OBTAINED AND REPLICATED.

     IN THE OPTIMIZATION, ONE OR MORE LOGIT THRESHOLDS APPROACHED EXTREME VALUES
     OF -15.000 AND 15.000 AND WERE FIXED TO STABILIZE MODEL ESTIMATION.  THESE
     VALUES IMPLY PROBABILITIES OF 0 AND 1.  IN THE MODEL RESULTS SECTION, THESE
     PARAMETERS HAVE 0 STANDARD ERRORS AND 999 IN THE Z-SCORE AND P-VALUE COLUMNS.




THE MODEL ESTIMATION TERMINATED NORMALLY



MODEL FIT INFORMATION

Number of Free Parameters                       17

Loglikelihood

          H0 Value                      -11677.108
          H0 Scaling Correction Factor      1.0206
            for MLR

Information Criteria

          Akaike (AIC)                   23388.217
          Bayesian (BIC)                 23505.445
          Sample-Size Adjusted BIC       23451.422
            (n* = (n + 2) / 24)

Chi-Square Test of Model Fit for the Binary and Ordered Categorical
(Ordinal) Outcomes

          Pearson Chi-Square

          Value                             77.224
          Degrees of Freedom                    14
          P-Value                           0.0000

          Likelihood Ratio Chi-Square

          Value                             74.202
          Degrees of Freedom                    14
          P-Value                           0.0000

Chi-Square Test for MCAR under the Unrestricted Latent Class Indicator Model

          Pearson Chi-Square

          Value                             41.521
          Degrees of Freedom                    52
          P-Value                           0.8507

          Likelihood Ratio Chi-Square

          Value                             36.698
          Degrees of Freedom                    52
          P-Value                           0.9466



FINAL CLASS COUNTS AND PROPORTIONS FOR THE LATENT CLASSES
BASED ON THE ESTIMATED MODEL

    Latent
   Classes

       1        784.99301          0.10752
       2       5726.89340          0.78440
       3        789.11359          0.10808


FINAL CLASS COUNTS AND PROPORTIONS FOR THE LATENT CLASSES
BASED ON ESTIMATED POSTERIOR PROBABILITIES

    Latent
   Classes

       1        784.99301          0.10752
       2       5726.89340          0.78440
       3        789.11359          0.10808


FINAL CLASS COUNTS AND PROPORTIONS FOR THE LATENT CLASSES
BASED ON THEIR MOST LIKELY LATENT CLASS MEMBERSHIP

Class Counts and Proportions

    Latent
   Classes

       1              821          0.11245
       2             5879          0.80523
       3              601          0.08232


CLASSIFICATION QUALITY

     Entropy                         0.911


Average Latent Class Probabilities for Most Likely Latent Class Membership (Row)
by Latent Class (Column)

           1        2        3

    1   0.952    0.002    0.047
    2   0.001    0.970    0.029
    3   0.000    0.037    0.963


Classification Probabilities for the Most Likely Latent Class Membership (Column)
by Latent Class (Row)

           1        2        3

    1   0.995    0.005    0.000
    2   0.000    0.996    0.004
    3   0.049    0.218    0.734


Logits for the Classification Probabilities for the Most Likely Latent Class Membership (Column)
by Latent Class (Row)

              1        2        3

    1     13.811    8.470    0.000
    2     -2.824    5.557    0.000
    3     -2.712   -1.216    0.000


MODEL RESULTS

                                                    Two-Tailed
                    Estimate       S.E.  Est./S.E.    P-Value

Latent Class 1

 Thresholds
    P_RULE_S$1       -15.000      0.000    999.000    999.000
    P_USE_SM$1         2.414      0.135     17.874      0.000
    P_KNOW$1           1.887      0.111     16.962      0.000
    P_RULE_B$1         0.805      0.109      7.399      0.000
    P_USE_B$1         15.000      0.000    999.000    999.000

Latent Class 2

 Thresholds
    P_RULE_S$1        15.000      0.000    999.000    999.000
    P_USE_SM$1         5.144      0.205     25.126      0.000
    P_KNOW$1           2.194      0.048     45.326      0.000
    P_RULE_B$1         3.244      0.147     22.123      0.000
    P_USE_B$1          2.446      0.076     32.367      0.000

Latent Class 3

 Thresholds
    P_RULE_S$1         0.040      0.110      0.366      0.714
    P_USE_SM$1         2.279      0.148     15.383      0.000
    P_KNOW$1           1.563      0.118     13.270      0.000
    P_RULE_B$1        -0.461      0.119     -3.885      0.000
    P_USE_B$1         -2.199      1.043     -2.108      0.035

Categorical Latent Variables

 Means
    C#1               -0.005      0.178     -0.029      0.977
    C#2                1.982      0.136     14.581      0.000


QUALITY OF NUMERICAL RESULTS

     Condition Number for the Information Matrix              0.656E-03
       (ratio of smallest to largest eigenvalue)


RESULTS IN PROBABILITY SCALE

                                                    Two-Tailed
                    Estimate       S.E.  Est./S.E.    P-Value

Latent Class 1

 P_RULE_SM
    Category 1         0.000      0.000      0.000      1.000
    Category 2         1.000      0.000      0.000      1.000
 P_USE_SM
    Category 1         0.918      0.010     90.175      0.000
    Category 2         0.082      0.010      8.067      0.000
 P_KNOW
    Category 1         0.868      0.013     68.319      0.000
    Category 2         0.132      0.013     10.348      0.000
 P_RULE_B
    Category 1         0.691      0.023     29.742      0.000
    Category 2         0.309      0.023     13.292      0.000
 P_USE_B
    Category 1         1.000      0.000      0.000      1.000
    Category 2         0.000      0.000      0.000      1.000

Latent Class 2

 P_RULE_SM
    Category 1         1.000      0.000      0.000      1.000
    Category 2         0.000      0.000      0.000      1.000
 P_USE_SM
    Category 1         0.994      0.001    841.854      0.000
    Category 2         0.006      0.001      4.913      0.000
 P_KNOW
    Category 1         0.900      0.004    205.959      0.000
    Category 2         0.100      0.004     22.966      0.000
 P_RULE_B
    Category 1         0.962      0.005    181.666      0.000
    Category 2         0.038      0.005      7.085      0.000
 P_USE_B
    Category 1         0.920      0.006    165.954      0.000
    Category 2         0.080      0.006     14.380      0.000

Latent Class 3

 P_RULE_SM
    Category 1         0.510      0.028     18.492      0.000
    Category 2         0.490      0.028     17.759      0.000
 P_USE_SM
    Category 1         0.907      0.012     72.663      0.000
    Category 2         0.093      0.012      7.442      0.000
 P_KNOW
    Category 1         0.827      0.017     49.014      0.000
    Category 2         0.173      0.017     10.270      0.000
 P_RULE_B
    Category 1         0.387      0.028     13.739      0.000
    Category 2         0.613      0.028     21.788      0.000
 P_USE_B
    Category 1         0.100      0.094      1.065      0.287
    Category 2         0.900      0.094      9.599      0.000


LATENT CLASS INDICATOR ODDS RATIOS FOR THE LATENT CLASSES

                                                95% C.I.
                    Estimate       S.E.  Lower 2.5% Upper 2.5%

Latent Class 1 Compared to Latent Class 2

 P_RULE_S
    Category > 1   *********      0.000  *********  *********
 P_USE_SM
    Category > 1      15.328      3.869      9.345     25.140
 P_KNOW
    Category > 1       1.358      0.162      1.076      1.715
 P_RULE_B
    Category > 1      11.459      1.419      8.990     14.606
 P_USE_B
    Category > 1       0.000      0.000      0.000      0.000

Latent Class 1 Compared to Latent Class 3

 P_RULE_S
    Category > 1   *********      0.000  *********  *********
 P_USE_SM
    Category > 1       0.873      0.185      0.577      1.322
 P_KNOW
    Category > 1       0.723      0.123      0.518      1.008
 P_RULE_B
    Category > 1       0.282      0.045      0.207      0.384
 P_USE_B
    Category > 1       0.000      0.000      0.000      0.000

Latent Class 2 Compared to Latent Class 3

 P_RULE_S
    Category > 1       0.000      0.000      0.000      0.000
 P_USE_SM
    Category > 1       0.057      0.014      0.035      0.092
 P_KNOW
    Category > 1       0.532      0.073      0.407      0.696
 P_RULE_B
    Category > 1       0.025      0.004      0.017      0.035
 P_USE_B
    Category > 1       0.010      0.010      0.001      0.073


TECHNICAL 11 OUTPUT

     Random Starts Specifications for the k-1 Class Analysis Model
        Number of initial stage random starts                1000
        Number of final stage optimizations                   200



     VUONG-LO-MENDELL-RUBIN LIKELIHOOD RATIO TEST FOR 2 (H0) VERSUS 3 CLASSES

          H0 Loglikelihood Value                       -11732.116
          2 Times the Loglikelihood Difference            110.015
          Difference in the Number of Parameters                6
          Mean                                              3.920
          Standard Deviation                                4.545
          P-Value                                          0.0000

     LO-MENDELL-RUBIN ADJUSTED LRT TEST

          Value                                           107.991
          P-Value                                          0.0000


TECHNICAL 14 OUTPUT

     Random Starts Specifications for the k-1 Class Analysis Model
        Number of initial stage random starts                1000
        Number of final stage optimizations                   200

     Random Starts Specification for the k-1 Class Model for Generated Data
        Number of initial stage random starts                   0
        Number of final stage optimizations for the
           initial stage random starts                          0
     Random Starts Specification for the k Class Model for Generated Data
        Number of initial stage random starts                  40
        Number of final stage optimizations                     8
     Number of bootstrap draws requested                   Varies


     PARAMETRIC BOOTSTRAPPED LIKELIHOOD RATIO TEST FOR 2 (H0) VERSUS 3 CLASSES

          H0 Loglikelihood Value                       -11732.116
          2 Times the Loglikelihood Difference            110.015
          Difference in the Number of Parameters                6
          Approximate P-Value                              0.0000
          Successful Bootstrap Draws                            5

     WARNING:  OF THE 5 BOOTSTRAP DRAWS, 4 DRAWS HAD BOTH A SMALLER LRT VALUE THAN THE
     OBSERVED LRT VALUE AND NOT A REPLICATED BEST LOGLIKELIHOOD VALUE FOR THE 3-CLASS MODEL.
     THIS MEANS THAT THE P-VALUE MAY NOT BE TRUSTWORTHY DUE TO LOCAL MAXIMA.
     INCREASE THE NUMBER OF RANDOM STARTS USING THE LRTSTARTS OPTION.



PLOT INFORMATION

The following plots are available:

  Histograms (sample values)
  Scatterplots (sample values)
  Sample proportions and estimated probabilities

     Beginning Time:  17:59:49
        Ending Time:  18:00:06
       Elapsed Time:  00:00:17


Mplus VERSION 8.11 DEMO has the following limitations:
  Maximum number of dependent variables: 6
  Maximum number of independent variables: 2
  Maximum number of between variables: 2
  Maximum number of continuous latent variables in time series analysis: 2


MUTHEN & MUTHEN
3463 Stoner Ave.
Los Angeles, CA  90066

Tel: (310) 391-9971
Fax: (310) 391-8971
Web: www.StatModel.com
Support: Support@StatModel.com

Copyright (c) 1998-2024 Muthen & Muthen
