Mplus VERSION 8.11 DEMO
MUTHEN & MUTHEN
12/19/2025   6:00 PM

INPUT INSTRUCTIONS

  TITLE:
  Class 5
  DATA:
  FILE = "C:/Users/chens/Desktop/PATHparentLCA/useme_lca/mplus_lca_sm/
  lca_sm.dat";
  VARIABLE:
  NAMES = caseid p_rule_sm p_use_sm p_know p_rule_b p_use_b c_try_sm dem_gen dem_age
       dem_inc dem_hisp weight;
   MISSING=.;
   categorical = p_rule_sm p_use_sm p_know p_rule_b p_use_b;
  usevar = p_rule_sm p_use_sm p_know p_rule_b p_use_b;
  classes = c(5);
  ANALYSIS:
  estimator = mlr;
      type = mixture;
      starts = 1000 200;
      processors = 10;
  OUTPUT:
  tech11 tech14;
  PLOT:
  type = plot3;
       series = p_rule_sm p_use_sm p_know p_rule_b p_use_b(*);



*** WARNING in VARIABLE command
  Note that only the first 8 characters of variable names are used in the output.
  Shorten variable names to avoid any confusion.
*** WARNING in PLOT command
  Note that only the first 8 characters of variable names are used in plots.
  If variable names are not unique within the first 8 characters, problems
  may occur.
   2 WARNING(S) FOUND IN THE INPUT INSTRUCTIONS




Class 5

SUMMARY OF ANALYSIS

Number of groups                                                 1
Number of observations                                        7301

Number of dependent variables                                    5
Number of independent variables                                  0
Number of continuous latent variables                            0
Number of categorical latent variables                           1

Observed dependent variables

  Binary and ordered categorical (ordinal)
   P_RULE_S    P_USE_SM    P_KNOW      P_RULE_B    P_USE_B

Categorical latent variables
   C


Estimator                                                      MLR
Information matrix                                        OBSERVED
Optimization Specifications for the Quasi-Newton Algorithm for
Continuous Outcomes
  Maximum number of iterations                                 100
  Convergence criterion                                  0.100D-05
Optimization Specifications for the EM Algorithm
  Maximum number of iterations                                 500
  Convergence criteria
    Loglikelihood change                                 0.100D-06
    Relative loglikelihood change                        0.100D-06
    Derivative                                           0.100D-05
Optimization Specifications for the M step of the EM Algorithm for
Categorical Latent variables
  Number of M step iterations                                    1
  M step convergence criterion                           0.100D-05
  Basis for M step termination                           ITERATION
Optimization Specifications for the M step of the EM Algorithm for
Censored, Binary or Ordered Categorical (Ordinal), Unordered
Categorical (Nominal) and Count Outcomes
  Number of M step iterations                                    1
  M step convergence criterion                           0.100D-05
  Basis for M step termination                           ITERATION
  Maximum value for logit thresholds                            15
  Minimum value for logit thresholds                           -15
  Minimum expected cell size for chi-square              0.100D-01
Maximum number of iterations for H1                           2000
Convergence criterion for H1                             0.100D-03
Optimization algorithm                                         EMA
Random Starts Specifications
  Number of initial stage random starts                       1000
  Number of final stage optimizations                          200
  Number of initial stage iterations                            10
  Initial stage convergence criterion                    0.100D+01
  Random starts scale                                    0.500D+01
  Random seed for generating random starts                       0
Link                                                         LOGIT

Input data file(s)
  C:/Users/chens/Desktop/PATHparentLCA/useme_lca/mplus_lca_sm/lca_sm.dat
Input data format  FREE


SUMMARY OF DATA

     Number of missing data patterns             5
     Number of y missing data patterns           0
     Number of u missing data patterns           5


COVARIANCE COVERAGE OF DATA

Minimum covariance coverage value   0.100


     PROPORTION OF DATA PRESENT FOR U


           Covariance Coverage
              P_RULE_S      P_USE_SM      P_KNOW        P_RULE_B      P_USE_B
              ________      ________      ________      ________      ________
 P_RULE_S       0.995
 P_USE_SM       0.995         1.000
 P_KNOW         0.984         0.990         0.990
 P_RULE_B       0.995         0.996         0.986         0.996
 P_USE_B        0.995         1.000         0.990         0.996         1.000


UNIVARIATE PROPORTIONS AND COUNTS FOR CATEGORICAL VARIABLES

    P_RULE_S
      Category 1    0.840         6097.000
      Category 2    0.160         1165.000
    P_USE_SM
      Category 1    0.977         7130.000
      Category 2    0.023          171.000
    P_KNOW
      Category 1    0.888         6419.000
      Category 2    0.112          806.000
    P_RULE_B
      Category 1    0.871         6334.000
      Category 2    0.129          939.000
    P_USE_B
      Category 1    0.840         6134.000
      Category 2    0.160         1167.000


RANDOM STARTS RESULTS RANKED FROM THE BEST TO THE WORST LOGLIKELIHOOD VALUES

Final stage loglikelihood values at local maxima, seeds, and initial stage start numbers:

          -11642.155  657994           788
          -11642.159  534864           307
          -11642.170  97158            205
          -11642.170  7195             697
          -11642.190  784664           75
          -11642.190  296162           856
          -11642.190  978061           488
          -11642.464  391179           78
          -11642.489  937588           293
          -11642.500  682718           733
          -11642.500  900631           774
          -11642.500  677720           681
          -11642.515  798821           423
          -11642.515  726035           191
          -11642.515  371246           101
          -11642.515  609185           181
          -11642.515  226322           478
          -11642.623  130011           587
          -11642.623  548245           818
          -11642.623  679448           937
          -11642.623  887580           493
          -11643.275  29591            633
          -11644.414  407108           366
          -11644.415  87586            871
          -11644.450  405079           68
          -11644.537  268896           124
          -11644.537  736574           414
          -11645.608  575700           100
          -11645.696  902278           21
          -11645.715  967902           52
          -11645.837  264935           281
          -11645.837  232559           136
          -11645.848  967237           48
          -11645.888  481835           57
          -11646.173  227563           63
          -11646.192  545140           278
          -11646.778  415931           10
          -11649.610  247224           94
          -11649.830  366706           29
          -11650.608  915107           54
          -11652.787  372176           23

159 perturbed starting value run(s) did not converge or were rejected in the third stage.



THE BEST LOGLIKELIHOOD VALUE HAS BEEN REPLICATED.  RERUN WITH AT LEAST TWICE THE
RANDOM STARTS TO CHECK THAT THE BEST LOGLIKELIHOOD IS STILL OBTAINED AND REPLICATED.

     IN THE OPTIMIZATION, ONE OR MORE LOGIT THRESHOLDS APPROACHED EXTREME VALUES
     OF -15.000 AND 15.000 AND WERE FIXED TO STABILIZE MODEL ESTIMATION.  THESE
     VALUES IMPLY PROBABILITIES OF 0 AND 1.  IN THE MODEL RESULTS SECTION, THESE
     PARAMETERS HAVE 0 STANDARD ERRORS AND 999 IN THE Z-SCORE AND P-VALUE COLUMNS.




THE MODEL ESTIMATION TERMINATED NORMALLY



MODEL FIT INFORMATION

Number of Free Parameters                       29

Loglikelihood

          H0 Value                      -11642.155
          H0 Scaling Correction Factor      1.0054
            for MLR

Information Criteria

          Akaike (AIC)                   23342.310
          Bayesian (BIC)                 23542.287
          Sample-Size Adjusted BIC       23450.131
            (n* = (n + 2) / 24)

Chi-Square Test of Model Fit for the Binary and Ordered Categorical
(Ordinal) Outcomes

          Pearson Chi-Square

          Value                              4.064
          Degrees of Freedom                     2
          P-Value                           0.1311

          Likelihood Ratio Chi-Square

          Value                              4.295
          Degrees of Freedom                     2
          P-Value                           0.1168

Chi-Square Test for MCAR under the Unrestricted Latent Class Indicator Model

          Pearson Chi-Square

          Value                             41.521
          Degrees of Freedom                    52
          P-Value                           0.8507

          Likelihood Ratio Chi-Square

          Value                             36.698
          Degrees of Freedom                    52
          P-Value                           0.9466



FINAL CLASS COUNTS AND PROPORTIONS FOR THE LATENT CLASSES
BASED ON THE ESTIMATED MODEL

    Latent
   Classes

       1       1161.39828          0.15907
       2         56.70970          0.00777
       3        612.47946          0.08389
       4       5215.73010          0.71439
       5        254.68246          0.03488


FINAL CLASS COUNTS AND PROPORTIONS FOR THE LATENT CLASSES
BASED ON ESTIMATED POSTERIOR PROBABILITIES

    Latent
   Classes

       1       1161.39828          0.15907
       2         56.70970          0.00777
       3        612.47946          0.08389
       4       5215.73010          0.71439
       5        254.68246          0.03488


FINAL CLASS COUNTS AND PROPORTIONS FOR THE LATENT CLASSES
BASED ON THEIR MOST LIKELY LATENT CLASS MEMBERSHIP

Class Counts and Proportions

    Latent
   Classes

       1             1004          0.13752
       2               58          0.00794
       3              592          0.08108
       4             5557          0.76113
       5               90          0.01233


CLASSIFICATION QUALITY

     Entropy                         0.860


Average Latent Class Probabilities for Most Likely Latent Class Membership (Row)
by Latent Class (Column)

           1        2        3        4        5

    1   0.915    0.000    0.083    0.000    0.002
    2   0.067    0.863    0.055    0.000    0.015
    3   0.106    0.006    0.888    0.000    0.000
    4   0.032    0.000    0.000    0.939    0.030
    5   0.008    0.037    0.000    0.000    0.955


Classification Probabilities for the Most Likely Latent Class Membership (Column)
by Latent Class (Row)

           1        2        3        4        5

    1   0.791    0.003    0.054    0.151    0.001
    2   0.000    0.882    0.059    0.000    0.058
    3   0.136    0.005    0.858    0.000    0.000
    4   0.000    0.000    0.000    1.000    0.000
    5   0.007    0.003    0.000    0.652    0.337


Logits for the Classification Probabilities for the Most Likely Latent Class Membership (Column)
by Latent Class (Row)

              1        2        3        4        5

    1      7.135    1.672    4.453    5.481    0.000
    2    -10.976    2.714    0.013  -10.976    0.000
    3     11.823    8.559   13.663    0.000    0.000
    4      4.361    0.000    0.000   13.815    0.000
    5     -3.853   -4.582  -12.729    0.658    0.000


MODEL RESULTS

                                                    Two-Tailed
                    Estimate       S.E.  Est./S.E.    P-Value

Latent Class 1

 Thresholds
    P_RULE_S$1        -0.151      0.097     -1.556      0.120
    P_USE_SM$1         5.467      5.771      0.947      0.343
    P_KNOW$1           1.813      0.105     17.273      0.000
    P_RULE_B$1        -1.010      1.059     -0.954      0.340
    P_USE_B$1          0.251      0.124      2.029      0.042

Latent Class 2

 Thresholds
    P_RULE_S$1        -1.162      0.732     -1.588      0.112
    P_USE_SM$1       -15.000      0.000    999.000    999.000
    P_KNOW$1           2.484      0.678      3.661      0.000
    P_RULE_B$1        -0.767      0.436     -1.760      0.078
    P_USE_B$1         -1.491      1.372     -1.087      0.277

Latent Class 3

 Thresholds
    P_RULE_S$1         2.630      2.042      1.288      0.198
    P_USE_SM$1         3.263      0.299     10.911      0.000
    P_KNOW$1           1.430      0.132     10.803      0.000
    P_RULE_B$1         2.446      0.617      3.962      0.000
    P_USE_B$1        -15.000      0.000    999.000    999.000

Latent Class 4

 Thresholds
    P_RULE_S$1         2.819      0.322      8.743      0.000
    P_USE_SM$1        15.000      0.000    999.000    999.000
    P_KNOW$1           2.297      0.054     42.728      0.000
    P_RULE_B$1        15.000      0.000    999.000    999.000
    P_USE_B$1         15.000      0.000    999.000    999.000

Latent Class 5

 Thresholds
    P_RULE_S$1        -0.682      0.239     -2.856      0.004
    P_USE_SM$1         0.659      0.850      0.775      0.438
    P_KNOW$1           1.355      0.280      4.844      0.000
    P_RULE_B$1         4.583     11.447      0.400      0.689
    P_USE_B$1         15.000      0.000    999.000    999.000

Categorical Latent Variables

 Means
    C#1                1.517      0.796      1.907      0.056
    C#2               -1.502      0.828     -1.815      0.070
    C#3                0.877      0.541      1.623      0.105
    C#4                3.019      0.610      4.954      0.000


QUALITY OF NUMERICAL RESULTS

     Condition Number for the Information Matrix              0.381E-05
       (ratio of smallest to largest eigenvalue)


RESULTS IN PROBABILITY SCALE

                                                    Two-Tailed
                    Estimate       S.E.  Est./S.E.    P-Value

Latent Class 1

 P_RULE_SM
    Category 1         0.462      0.024     19.175      0.000
    Category 2         0.538      0.024     22.299      0.000
 P_USE_SM
    Category 1         0.996      0.024     41.209      0.000
    Category 2         0.004      0.024      0.174      0.862
 P_KNOW
    Category 1         0.860      0.013     67.917      0.000
    Category 2         0.140      0.013     11.082      0.000
 P_RULE_B
    Category 1         0.267      0.207      1.288      0.198
    Category 2         0.733      0.207      3.537      0.000
 P_USE_B
    Category 1         0.562      0.030     18.483      0.000
    Category 2         0.438      0.030     14.382      0.000

Latent Class 2

 P_RULE_SM
    Category 1         0.238      0.133      1.795      0.073
    Category 2         0.762      0.133      5.734      0.000
 P_USE_SM
    Category 1         0.000      0.000      0.000      1.000
    Category 2         1.000      0.000      0.000      1.000
 P_KNOW
    Category 1         0.923      0.048     19.141      0.000
    Category 2         0.077      0.048      1.597      0.110
 P_RULE_B
    Category 1         0.317      0.094      3.360      0.001
    Category 2         0.683      0.094      7.236      0.000
 P_USE_B
    Category 1         0.184      0.206      0.893      0.372
    Category 2         0.816      0.206      3.968      0.000

Latent Class 3

 P_RULE_SM
    Category 1         0.933      0.128      7.284      0.000
    Category 2         0.067      0.128      0.525      0.600
 P_USE_SM
    Category 1         0.963      0.011     90.720      0.000
    Category 2         0.037      0.011      3.472      0.001
 P_KNOW
    Category 1         0.807      0.021     39.126      0.000
    Category 2         0.193      0.021      9.359      0.000
 P_RULE_B
    Category 1         0.920      0.045     20.314      0.000
    Category 2         0.080      0.045      1.761      0.078
 P_USE_B
    Category 1         0.000      0.000      0.000      1.000
    Category 2         1.000      0.000      0.000      1.000

Latent Class 4

 P_RULE_SM
    Category 1         0.944      0.017     55.079      0.000
    Category 2         0.056      0.017      3.287      0.001
 P_USE_SM
    Category 1         1.000      0.000      0.000      1.000
    Category 2         0.000      0.000      0.000      1.000
 P_KNOW
    Category 1         0.909      0.004    203.568      0.000
    Category 2         0.091      0.004     20.474      0.000
 P_RULE_B
    Category 1         1.000      0.000      0.000      1.000
    Category 2         0.000      0.000      0.000      1.000
 P_USE_B
    Category 1         1.000      0.000      0.000      1.000
    Category 2         0.000      0.000      0.000      1.000

Latent Class 5

 P_RULE_SM
    Category 1         0.336      0.053      6.306      0.000
    Category 2         0.664      0.053     12.471      0.000
 P_USE_SM
    Category 1         0.659      0.191      3.449      0.001
    Category 2         0.341      0.191      1.784      0.074
 P_KNOW
    Category 1         0.795      0.046     17.435      0.000
    Category 2         0.205      0.046      4.499      0.000
 P_RULE_B
    Category 1         0.990      0.115      8.635      0.000
    Category 2         0.010      0.115      0.088      0.930
 P_USE_B
    Category 1         1.000      0.000      0.000      1.000
    Category 2         0.000      0.000      0.000      1.000


LATENT CLASS INDICATOR ODDS RATIOS FOR THE LATENT CLASSES

                                                95% C.I.
                    Estimate       S.E.  Lower 2.5% Upper 2.5%

Latent Class 1 Compared to Latent Class 2

 P_RULE_S
    Category > 1       0.364      0.261      0.089      1.481
 P_USE_SM
    Category > 1       0.000      0.000      0.000      0.000
 P_KNOW
    Category > 1       1.955      1.330      0.516      7.414
 P_RULE_B
    Category > 1       1.275      1.194      0.203      7.994
 P_USE_B
    Category > 1       0.175      0.238      0.012      2.517

Latent Class 1 Compared to Latent Class 3

 P_RULE_S
    Category > 1      16.131     32.856      0.298    873.913
 P_USE_SM
    Category > 1       0.110      0.633      0.000   8353.513
 P_KNOW
    Category > 1       0.682      0.117      0.488      0.954
 P_RULE_B
    Category > 1      31.674     37.252      3.159    317.553
 P_USE_B
    Category > 1       0.000      0.000      0.000      0.000

Latent Class 1 Compared to Latent Class 4

 P_RULE_S
    Category > 1      19.489      6.485     10.152     37.412
 P_USE_SM
    Category > 1   13804.556      0.000  13804.555  13804.555
 P_KNOW
    Category > 1       1.622      0.194      1.283      2.052
 P_RULE_B
    Category > 1   *********      0.000  *********  *********
 P_USE_B
    Category > 1   *********      0.000  *********  *********

Latent Class 1 Compared to Latent Class 5

 P_RULE_S
    Category > 1       0.588      0.154      0.352      0.982
 P_USE_SM
    Category > 1       0.008      0.048      0.000    769.414
 P_KNOW
    Category > 1       0.632      0.187      0.354      1.129
 P_RULE_B
    Category > 1     268.612   3084.655      0.000  *********
 P_USE_B
    Category > 1   *********      0.000  *********  *********

Latent Class 2 Compared to Latent Class 3

 P_RULE_S
    Category > 1      44.321     94.673      0.673   2916.634
 P_USE_SM
    Category > 1   *********      0.000  *********  *********
 P_KNOW
    Category > 1       0.349      0.240      0.091      1.340
 P_RULE_B
    Category > 1      24.846     18.485      5.780    106.798
 P_USE_B
    Category > 1       0.000      0.000      0.000      0.000

Latent Class 2 Compared to Latent Class 4

 P_RULE_S
    Category > 1      53.547     42.731     11.206    255.868
 P_USE_SM
    Category > 1   *********      0.000  *********  *********
 P_KNOW
    Category > 1       0.830      0.565      0.218      3.155
 P_RULE_B
    Category > 1   *********      0.000  *********  *********
 P_USE_B
    Category > 1   *********      0.000  *********  *********

Latent Class 2 Compared to Latent Class 5

 P_RULE_S
    Category > 1       1.616      1.235      0.361      7.232
 P_USE_SM
    Category > 1   *********      0.000  *********  *********
 P_KNOW
    Category > 1       0.323      0.234      0.078      1.335
 P_RULE_B
    Category > 1     210.702   2405.190      0.000  *********
 P_USE_B
    Category > 1   *********      0.000  *********  *********

Latent Class 3 Compared to Latent Class 4

 P_RULE_S
    Category > 1       1.208      2.292      0.029     49.784
 P_USE_SM
    Category > 1   *********      0.000  *********  *********
 P_KNOW
    Category > 1       2.378      0.344      1.790      3.159
 P_RULE_B
    Category > 1   *********      0.000  *********  *********
 P_USE_B
    Category > 1   *********      0.000  *********  *********

Latent Class 3 Compared to Latent Class 5

 P_RULE_S
    Category > 1       0.036      0.075      0.001      2.035
 P_USE_SM
    Category > 1       0.074      0.064      0.014      0.401
 P_KNOW
    Category > 1       0.927      0.286      0.506      1.697
 P_RULE_B
    Category > 1       8.480     98.000      0.000  *********
 P_USE_B
    Category > 1   *********      0.000  *********  *********

Latent Class 4 Compared to Latent Class 5

 P_RULE_S
    Category > 1       0.030      0.012      0.014      0.067
 P_USE_SM
    Category > 1       0.000      0.000      0.000      0.000
 P_KNOW
    Category > 1       0.390      0.111      0.223      0.682
 P_RULE_B
    Category > 1       0.000      0.000      0.000      0.000
 P_USE_B
    Category > 1       1.000      0.000      1.000      1.000


TECHNICAL 11 OUTPUT

     Random Starts Specifications for the k-1 Class Analysis Model
        Number of initial stage random starts                1000
        Number of final stage optimizations                   200



     VUONG-LO-MENDELL-RUBIN LIKELIHOOD RATIO TEST FOR 4 (H0) VERSUS 5 CLASSES

          H0 Loglikelihood Value                       -11652.280
          2 Times the Loglikelihood Difference             20.250
          Difference in the Number of Parameters                6
          Mean                                              3.848
          Standard Deviation                                4.008
          P-Value                                          0.0015

     LO-MENDELL-RUBIN ADJUSTED LRT TEST

          Value                                            19.877
          P-Value                                          0.0018


TECHNICAL 14 OUTPUT

     Random Starts Specifications for the k-1 Class Analysis Model
        Number of initial stage random starts                1000
        Number of final stage optimizations                   200

     Random Starts Specification for the k-1 Class Model for Generated Data
        Number of initial stage random starts                   0
        Number of final stage optimizations for the
           initial stage random starts                          0
     Random Starts Specification for the k Class Model for Generated Data
        Number of initial stage random starts                  40
        Number of final stage optimizations                     8
     Number of bootstrap draws requested                   Varies


     PARAMETRIC BOOTSTRAPPED LIKELIHOOD RATIO TEST FOR 4 (H0) VERSUS 5 CLASSES

          H0 Loglikelihood Value                       -11652.280
          2 Times the Loglikelihood Difference             20.250
          Difference in the Number of Parameters                6
          Approximate P-Value                              0.0000
          Successful Bootstrap Draws                           49

     WARNING:  OF THE 49 BOOTSTRAP DRAWS, 44 DRAWS HAD BOTH A SMALLER LRT VALUE THAN THE
     OBSERVED LRT VALUE AND NOT A REPLICATED BEST LOGLIKELIHOOD VALUE FOR THE 5-CLASS MODEL.
     THIS MEANS THAT THE P-VALUE MAY NOT BE TRUSTWORTHY DUE TO LOCAL MAXIMA.
     INCREASE THE NUMBER OF RANDOM STARTS USING THE LRTSTARTS OPTION.



PLOT INFORMATION

The following plots are available:

  Histograms (sample values)
  Scatterplots (sample values)
  Sample proportions and estimated probabilities

     Beginning Time:  18:00:27
        Ending Time:  18:01:01
       Elapsed Time:  00:00:34


Mplus VERSION 8.11 DEMO has the following limitations:
  Maximum number of dependent variables: 6
  Maximum number of independent variables: 2
  Maximum number of between variables: 2
  Maximum number of continuous latent variables in time series analysis: 2


MUTHEN & MUTHEN
3463 Stoner Ave.
Los Angeles, CA  90066

Tel: (310) 391-9971
Fax: (310) 391-8971
Web: www.StatModel.com
Support: Support@StatModel.com

Copyright (c) 1998-2024 Muthen & Muthen
