Mplus VERSION 8.11 DEMO
MUTHEN & MUTHEN
12/16/2025   9:37 PM

INPUT INSTRUCTIONS

  TITLE:
  Class 6
  DATA:
  FILE = "C:/Users/chens/Desktop/useme_lca/mplus_lca_sm/lca_sm.dat";
  VARIABLE:
  NAMES = caseid p_rule_sm p_use_sm p_know p_rule_b p_use_b c_try_sm dem_gen dem_age
       dem_inc dem_hisp weight;
   MISSING=.;
   categorical = p_rule_sm p_use_sm p_know p_rule_b p_use_b;
  usevar = p_rule_sm p_use_sm p_know p_rule_b p_use_b;
  classes = c(6);
  ANALYSIS:
  estimator = mlr;
      type = mixture;
      starts = 1000 200;
      processors = 10;
  OUTPUT:
  tech11 tech14;
  PLOT:
  type = plot3;
       series = p_rule_sm p_use_sm p_know p_rule_b p_use_b(*);



*** WARNING in VARIABLE command
  Note that only the first 8 characters of variable names are used in the output.
  Shorten variable names to avoid any confusion.
*** WARNING in PLOT command
  Note that only the first 8 characters of variable names are used in plots.
  If variable names are not unique within the first 8 characters, problems
  may occur.
   2 WARNING(S) FOUND IN THE INPUT INSTRUCTIONS




Class 6

SUMMARY OF ANALYSIS

Number of groups                                                 1
Number of observations                                        7301

Number of dependent variables                                    5
Number of independent variables                                  0
Number of continuous latent variables                            0
Number of categorical latent variables                           1

Observed dependent variables

  Binary and ordered categorical (ordinal)
   P_RULE_S    P_USE_SM    P_KNOW      P_RULE_B    P_USE_B

Categorical latent variables
   C


Estimator                                                      MLR
Information matrix                                        OBSERVED
Optimization Specifications for the Quasi-Newton Algorithm for
Continuous Outcomes
  Maximum number of iterations                                 100
  Convergence criterion                                  0.100D-05
Optimization Specifications for the EM Algorithm
  Maximum number of iterations                                 500
  Convergence criteria
    Loglikelihood change                                 0.100D-06
    Relative loglikelihood change                        0.100D-06
    Derivative                                           0.100D-05
Optimization Specifications for the M step of the EM Algorithm for
Categorical Latent variables
  Number of M step iterations                                    1
  M step convergence criterion                           0.100D-05
  Basis for M step termination                           ITERATION
Optimization Specifications for the M step of the EM Algorithm for
Censored, Binary or Ordered Categorical (Ordinal), Unordered
Categorical (Nominal) and Count Outcomes
  Number of M step iterations                                    1
  M step convergence criterion                           0.100D-05
  Basis for M step termination                           ITERATION
  Maximum value for logit thresholds                            15
  Minimum value for logit thresholds                           -15
  Minimum expected cell size for chi-square              0.100D-01
Maximum number of iterations for H1                           2000
Convergence criterion for H1                             0.100D-03
Optimization algorithm                                         EMA
Random Starts Specifications
  Number of initial stage random starts                       1000
  Number of final stage optimizations                          200
  Number of initial stage iterations                            10
  Initial stage convergence criterion                    0.100D+01
  Random starts scale                                    0.500D+01
  Random seed for generating random starts                       0
Link                                                         LOGIT

Input data file(s)
  C:/Users/chens/Desktop/useme_lca/mplus_lca_sm/lca_sm.dat
Input data format  FREE


SUMMARY OF DATA

     Number of missing data patterns             5
     Number of y missing data patterns           0
     Number of u missing data patterns           5


COVARIANCE COVERAGE OF DATA

Minimum covariance coverage value   0.100


     PROPORTION OF DATA PRESENT FOR U


           Covariance Coverage
              P_RULE_S      P_USE_SM      P_KNOW        P_RULE_B      P_USE_B
              ________      ________      ________      ________      ________
 P_RULE_S       0.995
 P_USE_SM       0.995         1.000
 P_KNOW         0.984         0.990         0.990
 P_RULE_B       0.995         0.996         0.986         0.996
 P_USE_B        0.995         1.000         0.990         0.996         1.000


UNIVARIATE PROPORTIONS AND COUNTS FOR CATEGORICAL VARIABLES

    P_RULE_S
      Category 1    0.840         6097.000
      Category 2    0.160         1165.000
    P_USE_SM
      Category 1    0.986         7201.000
      Category 2    0.014          100.000
    P_KNOW
      Category 1    0.888         6419.000
      Category 2    0.112          806.000
    P_RULE_B
      Category 1    0.871         6334.000
      Category 2    0.129          939.000
    P_USE_B
      Category 1    0.840         6134.000
      Category 2    0.160         1167.000


RANDOM STARTS RESULTS RANKED FROM THE BEST TO THE WORST LOGLIKELIHOOD VALUES

Final stage loglikelihood values at local maxima, seeds, and initial stage start numbers:

          -11383.452  618000           190
          -11383.460  915642           40
          -11383.471  491970           563
          -11383.472  788796           145
          -11383.479  425149           878
          -11383.480  869564           869
          -11383.480  797594           234
          -11383.480  317868           740
          -11383.481  606576           151
          -11383.481  39136            226
          -11383.485  645664           39
          -11383.500  608460           244
          -11383.503  637095           207
          -11383.506  507154           387
          -11383.550  422103           62
          -11383.553  399848           220
          -11383.575  629720           926
          -11383.580  608496           4
          -11383.580  478421           311
          -11383.603  848890           95
          -11383.693  576220           115
          -11383.938  602797           336
          -11383.938  650371           14
          -11383.938  85462            51
          -11383.938  967902           52
          -11383.938  850112           922
          -11383.938  576596           99
          -11383.938  366706           29
          -11383.938  961454           665
          -11383.938  299700           932
          -11383.938  438144           271
          -11383.939  227563           63
          -11384.032  749453           33
          -11384.089  957392           79
          -11384.209  318230           46

165 perturbed starting value run(s) did not converge or were rejected in the third stage.



THE BEST LOGLIKELIHOOD VALUE HAS BEEN REPLICATED.  RERUN WITH AT LEAST TWICE THE
RANDOM STARTS TO CHECK THAT THE BEST LOGLIKELIHOOD IS STILL OBTAINED AND REPLICATED.

     IN THE OPTIMIZATION, ONE OR MORE LOGIT THRESHOLDS APPROACHED EXTREME VALUES
     OF -15.000 AND 15.000 AND WERE FIXED TO STABILIZE MODEL ESTIMATION.  THESE
     VALUES IMPLY PROBABILITIES OF 0 AND 1.  IN THE MODEL RESULTS SECTION, THESE
     PARAMETERS HAVE 0 STANDARD ERRORS AND 999 IN THE Z-SCORE AND P-VALUE COLUMNS.

     THE STANDARD ERRORS OF THE MODEL PARAMETER ESTIMATES MAY NOT BE
     TRUSTWORTHY FOR SOME PARAMETERS DUE TO A NON-POSITIVE DEFINITE
     FIRST-ORDER DERIVATIVE PRODUCT MATRIX.  THIS MAY BE DUE TO THE STARTING
     VALUES BUT MAY ALSO BE AN INDICATION OF MODEL NONIDENTIFICATION.  THE
     CONDITION NUMBER IS       0.467D-16.  PROBLEM INVOLVING THE FOLLOWING PARAMETER:
     Parameter 35, [ C#5 ]




THE MODEL ESTIMATION TERMINATED NORMALLY

     THE DEGREES OF FREEDOM FOR THIS MODEL ARE NEGATIVE.  THE MODEL IS NOT
     IDENTIFIED OR TOO MANY CELLS WERE DELETED.  A CHI-SQUARE TEST IS NOT
     AVAILABLE.



MODEL FIT INFORMATION

Number of Free Parameters                       35

Loglikelihood

          H0 Value                      -11383.452
          H0 Scaling Correction Factor      0.9535
            for MLR

Information Criteria

          Akaike (AIC)                   22836.903
          Bayesian (BIC)                 23078.255
          Sample-Size Adjusted BIC       22967.033
            (n* = (n + 2) / 24)



FINAL CLASS COUNTS AND PROPORTIONS FOR THE LATENT CLASSES
BASED ON THE ESTIMATED MODEL

    Latent
   Classes

       1        698.09649          0.09562
       2        902.06094          0.12355
       3         36.85378          0.00505
       4        563.84962          0.07723
       5       4740.57719          0.64931
       6        359.56198          0.04925


FINAL CLASS COUNTS AND PROPORTIONS FOR THE LATENT CLASSES
BASED ON ESTIMATED POSTERIOR PROBABILITIES

    Latent
   Classes

       1        698.09649          0.09562
       2        902.06094          0.12355
       3         36.85378          0.00505
       4        563.84962          0.07723
       5       4740.57719          0.64931
       6        359.56198          0.04925


FINAL CLASS COUNTS AND PROPORTIONS FOR THE LATENT CLASSES
BASED ON THEIR MOST LIKELY LATENT CLASS MEMBERSHIP

Class Counts and Proportions

    Latent
   Classes

       1              577          0.07903
       2              905          0.12396
       3               18          0.00247
       4              579          0.07930
       5             5076          0.69525
       6              146          0.02000


CLASSIFICATION QUALITY

     Entropy                         0.796


Average Latent Class Probabilities for Most Likely Latent Class Membership (Row)
by Latent Class (Column)

           1        2        3        4        5        6

    1   0.765    0.124    0.041    0.025    0.000    0.045
    2   0.101    0.718    0.000    0.000    0.000    0.181
    3   0.278    0.000    0.722    0.000    0.000    0.000
    4   0.024    0.000    0.000    0.920    0.022    0.034
    5   0.027    0.036    0.000    0.001    0.931    0.005
    6   0.065    0.000    0.000    0.076    0.000    0.859


Classification Probabilities for the Most Likely Latent Class Membership (Column)
by Latent Class (Row)

           1        2        3        4        5        6

    1   0.632    0.132    0.007    0.020    0.195    0.014
    2   0.079    0.720    0.000    0.000    0.201    0.000
    3   0.648    0.000    0.352    0.000    0.000    0.000
    4   0.026    0.000    0.000    0.945    0.010    0.020
    5   0.000    0.000    0.000    0.003    0.997    0.000
    6   0.072    0.455    0.000    0.054    0.070    0.349


Logits for the Classification Probabilities for the Most Likely Latent Class Membership (Column)
by Latent Class (Row)

              1        2        3        4        5        6

    1      3.837    2.267   -0.641    0.395    2.662    0.000
    2     11.279   13.487    0.000    0.000   12.210    0.000
    3     13.381    0.000   12.773    0.000    0.000    0.000
    4      0.265   -4.057   -9.882    3.876   -0.693    0.000
    5      0.000    0.000    0.000    7.896   13.813    0.000
    6     -1.575    0.265  -12.762   -1.864   -1.603    0.000


MODEL RESULTS

                                                    Two-Tailed
                    Estimate       S.E.  Est./S.E.    P-Value

Latent Class 1

 Thresholds
    P_RULE_S$1        -0.959      0.469     -2.043      0.041
    P_USE_SM$1         2.308      0.758      3.046      0.002
    P_KNOW$1           2.253      1.069      2.109      0.035
    P_RULE_B$1         1.656      0.641      2.583      0.010
    P_USE_B$1         15.000      0.000    999.000    999.000

Latent Class 2

 Thresholds
    P_RULE_S$1         0.135      0.846      0.159      0.873
    P_USE_SM$1        15.000      0.000    999.000    999.000
    P_KNOW$1          15.000      0.000    999.000    999.000
    P_RULE_B$1        -0.521      0.834     -0.624      0.532
    P_USE_B$1         -0.173      0.196     -0.880      0.379

Latent Class 3

 Thresholds
    P_RULE_S$1        -0.327      0.890     -0.367      0.713
    P_USE_SM$1       -15.000      0.000    999.000    999.000
    P_KNOW$1           0.608      1.249      0.487      0.626
    P_RULE_B$1        15.000      0.000    999.000    999.000
    P_USE_B$1         15.000      0.000    999.000    999.000

Latent Class 4

 Thresholds
    P_RULE_S$1         3.410      3.018      1.130      0.258
    P_USE_SM$1        15.000      0.000    999.000    999.000
    P_KNOW$1         -15.000      0.000    999.000    999.000
    P_RULE_B$1         4.247      1.963      2.164      0.030
    P_USE_B$1          1.477      0.131     11.277      0.000

Latent Class 5

 Thresholds
    P_RULE_S$1        15.000      0.000    999.000    999.000
    P_USE_SM$1        15.000      0.000    999.000    999.000
    P_KNOW$1           5.907      3.059      1.931      0.053
    P_RULE_B$1        15.000      0.000    999.000    999.000
    P_USE_B$1          2.470      0.104     23.652      0.000

Latent Class 6

 Thresholds
    P_RULE_S$1        -0.305      0.334     -0.911      0.362
    P_USE_SM$1        15.000      0.000    999.000    999.000
    P_KNOW$1           0.240      7.429      0.032      0.974
    P_RULE_B$1        -0.901      0.796     -1.132      0.258
    P_USE_B$1         -0.258      0.414     -0.623      0.534

Categorical Latent Variables

 Means
    C#1                0.663      4.164      0.159      0.873
    C#2                0.920      5.853      0.157      0.875
    C#3               -2.278      3.923     -0.581      0.562
    C#4                0.450      4.118      0.109      0.913
    C#5                2.579      4.214      0.612      0.541


QUALITY OF NUMERICAL RESULTS

     Condition Number for the Information Matrix              0.467E-16
       (ratio of smallest to largest eigenvalue)


RESULTS IN PROBABILITY SCALE

                                                    Two-Tailed
                    Estimate       S.E.  Est./S.E.    P-Value

Latent Class 1

 P_RULE_SM
    Category 1         0.277      0.094      2.949      0.003
    Category 2         0.723      0.094      7.690      0.000
 P_USE_SM
    Category 1         0.910      0.062     14.589      0.000
    Category 2         0.090      0.062      1.451      0.147
 P_KNOW
    Category 1         0.905      0.092      9.846      0.000
    Category 2         0.095      0.092      1.034      0.301
 P_RULE_B
    Category 1         0.840      0.086      9.732      0.000
    Category 2         0.160      0.086      1.858      0.063
 P_USE_B
    Category 1         1.000      0.000      0.000      1.000
    Category 2         0.000      0.000      0.000      1.000

Latent Class 2

 P_RULE_SM
    Category 1         0.534      0.211      2.535      0.011
    Category 2         0.466      0.211      2.215      0.027
 P_USE_SM
    Category 1         1.000      0.000      0.000      1.000
    Category 2         0.000      0.000      0.000      1.000
 P_KNOW
    Category 1         1.000      0.000      0.000      1.000
    Category 2         0.000      0.000      0.000      1.000
 P_RULE_B
    Category 1         0.373      0.195      1.911      0.056
    Category 2         0.627      0.195      3.217      0.001
 P_USE_B
    Category 1         0.457      0.049      9.398      0.000
    Category 2         0.543      0.049     11.168      0.000

Latent Class 3

 P_RULE_SM
    Category 1         0.419      0.217      1.933      0.053
    Category 2         0.581      0.217      2.682      0.007
 P_USE_SM
    Category 1         0.000      0.000      0.000      1.000
    Category 2         1.000      0.000      0.000      1.000
 P_KNOW
    Category 1         0.648      0.285      2.271      0.023
    Category 2         0.352      0.285      1.236      0.216
 P_RULE_B
    Category 1         1.000      0.000      0.000      1.000
    Category 2         0.000      0.000      0.000      1.000
 P_USE_B
    Category 1         1.000      0.000      0.000      1.000
    Category 2         0.000      0.000      0.000      1.000

Latent Class 4

 P_RULE_SM
    Category 1         0.968      0.093     10.365      0.000
    Category 2         0.032      0.093      0.342      0.732
 P_USE_SM
    Category 1         1.000      0.000      0.000      1.000
    Category 2         0.000      0.000      0.000      1.000
 P_KNOW
    Category 1         0.000      0.000      0.000      1.000
    Category 2         1.000      0.000      0.000      1.000
 P_RULE_B
    Category 1         0.986      0.027     36.131      0.000
    Category 2         0.014      0.027      0.517      0.605
 P_USE_B
    Category 1         0.814      0.020     41.077      0.000
    Category 2         0.186      0.020      9.375      0.000

Latent Class 5

 P_RULE_SM
    Category 1         1.000      0.000      0.000      1.000
    Category 2         0.000      0.000      0.000      1.000
 P_USE_SM
    Category 1         1.000      0.000      0.000      1.000
    Category 2         0.000      0.000      0.000      1.000
 P_KNOW
    Category 1         0.997      0.008    120.451      0.000
    Category 2         0.003      0.008      0.328      0.743
 P_RULE_B
    Category 1         1.000      0.000      0.000      1.000
    Category 2         0.000      0.000      0.000      1.000
 P_USE_B
    Category 1         0.922      0.008    122.816      0.000
    Category 2         0.078      0.008     10.383      0.000

Latent Class 6

 P_RULE_SM
    Category 1         0.424      0.082      5.198      0.000
    Category 2         0.576      0.082      7.049      0.000
 P_USE_SM
    Category 1         1.000      0.000      0.000      1.000
    Category 2         0.000      0.000      0.000      1.000
 P_KNOW
    Category 1         0.560      1.831      0.306      0.760
    Category 2         0.440      1.831      0.240      0.810
 P_RULE_B
    Category 1         0.289      0.163      1.767      0.077
    Category 2         0.711      0.163      4.351      0.000
 P_USE_B
    Category 1         0.436      0.102      4.280      0.000
    Category 2         0.564      0.102      5.539      0.000


LATENT CLASS INDICATOR ODDS RATIOS FOR THE LATENT CLASSES

                                                95% C.I.
                    Estimate       S.E.  Lower 2.5% Upper 2.5%

Latent Class 1 Compared to Latent Class 2

 P_RULE_S
    Category > 1       2.984      2.462      0.593     15.031
 P_USE_SM
    Category > 1   *********      0.000  *********  *********
 P_KNOW
    Category > 1   *********      0.000  *********  *********
 P_RULE_B
    Category > 1       0.113      0.144      0.009      1.365
 P_USE_B
    Category > 1       0.000      0.000      0.000      0.000

Latent Class 1 Compared to Latent Class 3

 P_RULE_S
    Category > 1       1.880      2.312      0.169     20.923
 P_USE_SM
    Category > 1       0.000      0.000      0.000      0.000
 P_KNOW
    Category > 1       0.193      0.360      0.005      7.454
 P_RULE_B
    Category > 1   *********      0.000  *********  *********
 P_USE_B
    Category > 1       1.000      0.000      1.000      1.000

Latent Class 1 Compared to Latent Class 4

 P_RULE_S
    Category > 1      78.964    250.550      0.157  39656.109
 P_USE_SM
    Category > 1   *********      0.000  *********  *********
 P_KNOW
    Category > 1       0.000      0.000      0.000      0.000
 P_RULE_B
    Category > 1      13.347     27.104      0.249    714.458
 P_USE_B
    Category > 1       0.000      0.000      0.000      0.000

Latent Class 1 Compared to Latent Class 5

 P_RULE_S
    Category > 1   *********      0.000  *********  *********
 P_USE_SM
    Category > 1   *********      0.000  *********  *********
 P_KNOW
    Category > 1      38.593     84.285      0.534   2789.471
 P_RULE_B
    Category > 1   *********      0.000  *********  *********
 P_USE_B
    Category > 1       0.000      0.000      0.000      0.000

Latent Class 1 Compared to Latent Class 6

 P_RULE_S
    Category > 1       1.923      1.074      0.644      5.744
 P_USE_SM
    Category > 1   *********      0.000  *********  *********
 P_KNOW
    Category > 1       0.134      0.930      0.000  *********
 P_RULE_B
    Category > 1       0.078      0.073      0.012      0.493
 P_USE_B
    Category > 1       0.000      0.000      0.000      0.000

Latent Class 2 Compared to Latent Class 3

 P_RULE_S
    Category > 1       0.630      0.948      0.033     12.040
 P_USE_SM
    Category > 1       0.000      0.000      0.000      0.000
 P_KNOW
    Category > 1       0.000      0.000      0.000      0.000
 P_RULE_B
    Category > 1   *********      0.000  *********  *********
 P_USE_B
    Category > 1   *********      0.000  *********  *********

Latent Class 2 Compared to Latent Class 4

 P_RULE_S
    Category > 1      26.458     91.435      0.030  23131.709
 P_USE_SM
    Category > 1       1.000      0.000      1.000      1.000
 P_KNOW
    Category > 1       0.000      0.000      0.000      0.000
 P_RULE_B
    Category > 1     117.729    199.750      4.233   3274.401
 P_USE_B
    Category > 1       5.207      1.244      3.260      8.315

Latent Class 2 Compared to Latent Class 5

 P_RULE_S
    Category > 1   *********      0.000  *********  *********
 P_USE_SM
    Category > 1       1.000      0.000      1.000      1.000
 P_KNOW
    Category > 1       0.000      0.000      0.000      0.000
 P_RULE_B
    Category > 1   *********      0.000  *********  *********
 P_USE_B
    Category > 1      14.055      3.460      8.675     22.772

Latent Class 2 Compared to Latent Class 6

 P_RULE_S
    Category > 1       0.644      0.514      0.135      3.079
 P_USE_SM
    Category > 1       1.000      0.000      1.000      1.000
 P_KNOW
    Category > 1       0.000      0.000      0.000      0.000
 P_RULE_B
    Category > 1       0.684      0.952      0.045     10.464
 P_USE_B
    Category > 1       0.918      0.379      0.409      2.063

Latent Class 3 Compared to Latent Class 4

 P_RULE_S
    Category > 1      41.991    122.124      0.140  12553.571
 P_USE_SM
    Category > 1   *********      0.000  *********  *********
 P_KNOW
    Category > 1       0.000      0.000      0.000      0.000
 P_RULE_B
    Category > 1       0.000      0.000      0.000      0.000
 P_USE_B
    Category > 1       0.000      0.000      0.000      0.000

Latent Class 3 Compared to Latent Class 5

 P_RULE_S
    Category > 1   *********      0.000  *********  *********
 P_USE_SM
    Category > 1   *********      0.000  *********  *********
 P_KNOW
    Category > 1     199.983    688.805      0.234  *********
 P_RULE_B
    Category > 1       1.000      0.000      1.000      1.000
 P_USE_B
    Category > 1       0.000      0.000      0.000      0.000

Latent Class 3 Compared to Latent Class 6

 P_RULE_S
    Category > 1       1.023      0.983      0.155      6.730
 P_USE_SM
    Category > 1   *********      0.000  *********  *********
 P_KNOW
    Category > 1       0.692      5.086      0.000  *********
 P_RULE_B
    Category > 1       0.000      0.000      0.000      0.000
 P_USE_B
    Category > 1       0.000      0.000      0.000      0.000

Latent Class 4 Compared to Latent Class 5

 P_RULE_S
    Category > 1   *********      0.000  *********  *********
 P_USE_SM
    Category > 1       1.000      0.000      1.000      1.000
 P_KNOW
    Category > 1   *********      0.000  *********  *********
 P_RULE_B
    Category > 1   46747.441      0.000  46747.441  46747.441
 P_USE_B
    Category > 1       2.699      0.424      1.984      3.673

Latent Class 4 Compared to Latent Class 6

 P_RULE_S
    Category > 1       0.024      0.075      0.000      9.849
 P_USE_SM
    Category > 1       1.000      0.000      1.000      1.000
 P_KNOW
    Category > 1   *********      0.000  *********  *********
 P_RULE_B
    Category > 1       0.006      0.013      0.000      0.454
 P_USE_B
    Category > 1       0.176      0.072      0.080      0.391

Latent Class 5 Compared to Latent Class 6

 P_RULE_S
    Category > 1       0.000      0.000      0.000      0.000
 P_USE_SM
    Category > 1       1.000      0.000      1.000      1.000
 P_KNOW
    Category > 1       0.003      0.020      0.000    239.145
 P_RULE_B
    Category > 1       0.000      0.000      0.000      0.000
 P_USE_B
    Category > 1       0.065      0.026      0.030      0.142


TECHNICAL 11 OUTPUT

     Random Starts Specifications for the k-1 Class Analysis Model
        Number of initial stage random starts                1000
        Number of final stage optimizations                   200



     VUONG-LO-MENDELL-RUBIN LIKELIHOOD RATIO TEST FOR 5 (H0) VERSUS 6 CLASSES

          H0 Loglikelihood Value                       -11384.080
          2 Times the Loglikelihood Difference              1.256
          Difference in the Number of Parameters                6
          Mean                                              1.672
          Standard Deviation                                2.936
          P-Value                                          0.5182

     LO-MENDELL-RUBIN ADJUSTED LRT TEST

          Value                                             1.233
          P-Value                                          0.5227


TECHNICAL 14 OUTPUT

     Random Starts Specifications for the k-1 Class Analysis Model
        Number of initial stage random starts                1000
        Number of final stage optimizations                   200

     Random Starts Specification for the k-1 Class Model for Generated Data
        Number of initial stage random starts                   0
        Number of final stage optimizations for the
           initial stage random starts                          0
     Random Starts Specification for the k Class Model for Generated Data
        Number of initial stage random starts                  40
        Number of final stage optimizations                     8
     Number of bootstrap draws requested                   Varies


     PARAMETRIC BOOTSTRAPPED LIKELIHOOD RATIO TEST FOR 5 (H0) VERSUS 6 CLASSES

          H0 Loglikelihood Value                       -11384.080
          2 Times the Loglikelihood Difference              1.256
          Difference in the Number of Parameters                6
          Approximate P-Value                              1.0000
          Successful Bootstrap Draws                            2


PLOT INFORMATION

The following plots are available:

  Histograms (sample values)
  Scatterplots (sample values)
  Sample proportions and estimated probabilities

     Beginning Time:  21:37:53
        Ending Time:  21:38:08
       Elapsed Time:  00:00:15


Mplus VERSION 8.11 DEMO has the following limitations:
  Maximum number of dependent variables: 6
  Maximum number of independent variables: 2
  Maximum number of between variables: 2
  Maximum number of continuous latent variables in time series analysis: 2


MUTHEN & MUTHEN
3463 Stoner Ave.
Los Angeles, CA  90066

Tel: (310) 391-9971
Fax: (310) 391-8971
Web: www.StatModel.com
Support: Support@StatModel.com

Copyright (c) 1998-2024 Muthen & Muthen
