Mplus VERSION 8.11 DEMO
MUTHEN & MUTHEN
12/16/2025   9:38 PM

INPUT INSTRUCTIONS

  TITLE:
  Class 7
  DATA:
  FILE = "C:/Users/chens/Desktop/useme_lca/mplus_lca_sm/lca_sm.dat";
  VARIABLE:
  NAMES = caseid p_rule_sm p_use_sm p_know p_rule_b p_use_b c_try_sm dem_gen dem_age
       dem_inc dem_hisp weight;
   MISSING=.;
   categorical = p_rule_sm p_use_sm p_know p_rule_b p_use_b;
  usevar = p_rule_sm p_use_sm p_know p_rule_b p_use_b;
  classes = c(7);
  ANALYSIS:
  estimator = mlr;
      type = mixture;
      starts = 1000 200;
      processors = 10;
  OUTPUT:
  tech11 tech14;
  PLOT:
  type = plot3;
       series = p_rule_sm p_use_sm p_know p_rule_b p_use_b(*);



*** WARNING in VARIABLE command
  Note that only the first 8 characters of variable names are used in the output.
  Shorten variable names to avoid any confusion.
*** WARNING in PLOT command
  Note that only the first 8 characters of variable names are used in plots.
  If variable names are not unique within the first 8 characters, problems
  may occur.
   2 WARNING(S) FOUND IN THE INPUT INSTRUCTIONS




Class 7

SUMMARY OF ANALYSIS

Number of groups                                                 1
Number of observations                                        7301

Number of dependent variables                                    5
Number of independent variables                                  0
Number of continuous latent variables                            0
Number of categorical latent variables                           1

Observed dependent variables

  Binary and ordered categorical (ordinal)
   P_RULE_S    P_USE_SM    P_KNOW      P_RULE_B    P_USE_B

Categorical latent variables
   C


Estimator                                                      MLR
Information matrix                                        OBSERVED
Optimization Specifications for the Quasi-Newton Algorithm for
Continuous Outcomes
  Maximum number of iterations                                 100
  Convergence criterion                                  0.100D-05
Optimization Specifications for the EM Algorithm
  Maximum number of iterations                                 500
  Convergence criteria
    Loglikelihood change                                 0.100D-06
    Relative loglikelihood change                        0.100D-06
    Derivative                                           0.100D-05
Optimization Specifications for the M step of the EM Algorithm for
Categorical Latent variables
  Number of M step iterations                                    1
  M step convergence criterion                           0.100D-05
  Basis for M step termination                           ITERATION
Optimization Specifications for the M step of the EM Algorithm for
Censored, Binary or Ordered Categorical (Ordinal), Unordered
Categorical (Nominal) and Count Outcomes
  Number of M step iterations                                    1
  M step convergence criterion                           0.100D-05
  Basis for M step termination                           ITERATION
  Maximum value for logit thresholds                            15
  Minimum value for logit thresholds                           -15
  Minimum expected cell size for chi-square              0.100D-01
Maximum number of iterations for H1                           2000
Convergence criterion for H1                             0.100D-03
Optimization algorithm                                         EMA
Random Starts Specifications
  Number of initial stage random starts                       1000
  Number of final stage optimizations                          200
  Number of initial stage iterations                            10
  Initial stage convergence criterion                    0.100D+01
  Random starts scale                                    0.500D+01
  Random seed for generating random starts                       0
Link                                                         LOGIT

Input data file(s)
  C:/Users/chens/Desktop/useme_lca/mplus_lca_sm/lca_sm.dat
Input data format  FREE


SUMMARY OF DATA

     Number of missing data patterns             5
     Number of y missing data patterns           0
     Number of u missing data patterns           5


COVARIANCE COVERAGE OF DATA

Minimum covariance coverage value   0.100


     PROPORTION OF DATA PRESENT FOR U


           Covariance Coverage
              P_RULE_S      P_USE_SM      P_KNOW        P_RULE_B      P_USE_B
              ________      ________      ________      ________      ________
 P_RULE_S       0.995
 P_USE_SM       0.995         1.000
 P_KNOW         0.984         0.990         0.990
 P_RULE_B       0.995         0.996         0.986         0.996
 P_USE_B        0.995         1.000         0.990         0.996         1.000


UNIVARIATE PROPORTIONS AND COUNTS FOR CATEGORICAL VARIABLES

    P_RULE_S
      Category 1    0.840         6097.000
      Category 2    0.160         1165.000
    P_USE_SM
      Category 1    0.986         7201.000
      Category 2    0.014          100.000
    P_KNOW
      Category 1    0.888         6419.000
      Category 2    0.112          806.000
    P_RULE_B
      Category 1    0.871         6334.000
      Category 2    0.129          939.000
    P_USE_B
      Category 1    0.840         6134.000
      Category 2    0.160         1167.000


RANDOM STARTS RESULTS RANKED FROM THE BEST TO THE WORST LOGLIKELIHOOD VALUES

Final stage loglikelihood values at local maxima, seeds, and initial stage start numbers:

          -11383.047  21345            199
          -11383.047  407108           366
          -11383.047  939870           655
          -11383.053  565819           65
          -11383.123  49221            254
          -11383.144  760531           550
          -11383.148  484406           421
          -11383.410  545140           278
          -11383.426  833196           715
          -11383.427  465160           862
          -11383.427  507154           387
          -11383.427  491970           563
          -11383.427  146900           391
          -11383.427  599729           658
          -11383.427  251680           794
          -11383.427  320494           465
          -11383.427  710154           831
          -11383.427  910224           580
          -11383.427  694303           282
          -11383.427  781489           627
          -11383.427  163110           584
          -11383.427  153053           378
          -11383.427  39136            226
          -11383.427  317868           740
          -11383.468  467339           66
          -11383.469  856536           144
          -11383.484  109357           765
          -11383.523  227563           63
          -11383.580  967902           52
          -11383.638  848331           137
          -11383.663  366706           29
          -11383.938  168762           200
          -11383.938  851945           18
          -11383.938  124999           96
          -11383.938  40340            188
          -11383.938  416463           467
          -11383.938  40327            971
          -11383.938  567165           319
          -11383.938  502532           445
          -11383.938  202790           198
          -11383.938  21132            351
          -11383.938  957392           79
          -11383.938  603842           61
          -11383.938  296162           856
          -11384.043  645664           39

155 perturbed starting value run(s) did not converge or were rejected in the third stage.



THE BEST LOGLIKELIHOOD VALUE HAS BEEN REPLICATED.  RERUN WITH AT LEAST TWICE THE
RANDOM STARTS TO CHECK THAT THE BEST LOGLIKELIHOOD IS STILL OBTAINED AND REPLICATED.

     IN THE OPTIMIZATION, ONE OR MORE LOGIT THRESHOLDS APPROACHED EXTREME VALUES
     OF -15.000 AND 15.000 AND WERE FIXED TO STABILIZE MODEL ESTIMATION.  THESE
     VALUES IMPLY PROBABILITIES OF 0 AND 1.  IN THE MODEL RESULTS SECTION, THESE
     PARAMETERS HAVE 0 STANDARD ERRORS AND 999 IN THE Z-SCORE AND P-VALUE COLUMNS.

     THE STANDARD ERRORS OF THE MODEL PARAMETER ESTIMATES MAY NOT BE
     TRUSTWORTHY FOR SOME PARAMETERS DUE TO A NON-POSITIVE DEFINITE
     FIRST-ORDER DERIVATIVE PRODUCT MATRIX.  THIS MAY BE DUE TO THE STARTING
     VALUES BUT MAY ALSO BE AN INDICATION OF MODEL NONIDENTIFICATION.  THE
     CONDITION NUMBER IS      -0.358D-17.  PROBLEM INVOLVING THE FOLLOWING PARAMETER:
     Parameter 35, %C#7%: [ P_USE_B$1 ]

     ONE OR MORE PARAMETERS WERE FIXED TO AVOID SINGULARITY OF THE
     INFORMATION MATRIX. THE SINGULARITY IS MOST LIKELY BECAUSE THE
     MODEL IS NOT IDENTIFIED, OR BECAUSE OF EMPTY CELLS IN THE JOINT
     DISTRIBUTION OF THE CATEGORICAL VARIABLES IN THE MODEL.
     THE FOLLOWING PARAMETERS WERE FIXED:
     Parameter 39, [ C#4 ]
     Parameter 40, [ C#5 ]
     Parameter 26, %C#6%: [ P_RULE_SM$1 ]
     Parameter 21, %C#5%: [ P_RULE_SM$1 ]




THE MODEL ESTIMATION TERMINATED NORMALLY

     THE DEGREES OF FREEDOM FOR THIS MODEL ARE NEGATIVE.  THE MODEL IS NOT
     IDENTIFIED OR TOO MANY CELLS WERE DELETED.  A CHI-SQUARE TEST IS NOT
     AVAILABLE.



MODEL FIT INFORMATION

Number of Free Parameters                       41

Loglikelihood

          H0 Value                      -11383.047
          H0 Scaling Correction Factor      0.7805
            for MLR

Information Criteria

          Akaike (AIC)                   22848.094
          Bayesian (BIC)                 23130.820
          Sample-Size Adjusted BIC       23000.531
            (n* = (n + 2) / 24)



FINAL CLASS COUNTS AND PROPORTIONS FOR THE LATENT CLASSES
BASED ON THE ESTIMATED MODEL

    Latent
   Classes

       1        344.20298          0.04714
       2        152.94177          0.02095
       3        961.19007          0.13165
       4        370.53439          0.05075
       5        173.74761          0.02380
       6        607.04107          0.08314
       7       4691.34210          0.64256


FINAL CLASS COUNTS AND PROPORTIONS FOR THE LATENT CLASSES
BASED ON ESTIMATED POSTERIOR PROBABILITIES

    Latent
   Classes

       1        344.20298          0.04714
       2        152.94177          0.02095
       3        961.19007          0.13165
       4        370.53439          0.05075
       5        173.74761          0.02380
       6        607.04107          0.08314
       7       4691.34210          0.64256


FINAL CLASS COUNTS AND PROPORTIONS FOR THE LATENT CLASSES
BASED ON THEIR MOST LIKELY LATENT CLASS MEMBERSHIP

Class Counts and Proportions

    Latent
   Classes

       1              561          0.07684
       2                3          0.00041
       3             1052          0.14409
       4              481          0.06588
       5               30          0.00411
       6              579          0.07930
       7             4595          0.62937


CLASSIFICATION QUALITY

     Entropy                         0.768


Average Latent Class Probabilities for Most Likely Latent Class Membership (Row)
by Latent Class (Column)

           1        2        3        4        5        6        7

    1   0.569    0.012    0.164    0.001    0.000    0.000    0.254
    2   0.000    1.000    0.000    0.000    0.000    0.000    0.000
    3   0.022    0.126    0.716    0.112    0.000    0.016    0.008
    4   0.000    0.000    0.107    0.456    0.000    0.033    0.404
    5   0.000    0.011    0.000    0.000    0.989    0.000    0.000
    6   0.000    0.000    0.032    0.023    0.058    0.865    0.021
    7   0.000    0.002    0.010    0.004    0.024    0.016    0.943


Classification Probabilities for the Most Likely Latent Class Membership (Column)
by Latent Class (Row)

           1        2        3        4        5        6        7

    1   0.927    0.000    0.068    0.000    0.000    0.001    0.004
    2   0.044    0.020    0.866    0.000    0.002    0.000    0.068
    3   0.095    0.000    0.784    0.054    0.000    0.019    0.047
    4   0.002    0.000    0.317    0.592    0.000    0.036    0.054
    5   0.000    0.000    0.000    0.000    0.171    0.194    0.636
    6   0.000    0.000    0.027    0.026    0.000    0.825    0.122
    7   0.030    0.000    0.002    0.041    0.000    0.003    0.924


Logits for the Classification Probabilities for the Most Likely Latent Class Membership (Column)
by Latent Class (Row)

              1        2        3        4        5        6        7

    1      5.539   -8.202    2.928   -8.202   -8.202   -1.579    0.000
    2     -0.428   -1.246    2.541  -11.130   -3.436  -11.130    0.000
    3      0.703  -10.764    2.809    0.127  -10.764   -0.889    0.000
    4     -3.400  -10.892    1.774    2.398  -10.892   -0.401    0.000
    5     -7.989  -13.362  -13.362  -13.362   -1.314   -1.189    0.000
    6     -9.601  -11.713   -1.503   -1.557  -11.713    1.910    0.000
    7     -3.415  -13.736   -6.230   -3.103  -13.736   -5.861    0.000


MODEL RESULTS

                                                    Two-Tailed
                    Estimate       S.E.  Est./S.E.    P-Value

Latent Class 1

 Thresholds
    P_RULE_S$1       -15.000      0.000    999.000    999.000
    P_USE_SM$1         1.453      0.414      3.511      0.000
    P_KNOW$1           1.490      0.336      4.435      0.000
    P_RULE_B$1         2.398      1.043      2.298      0.022
    P_USE_B$1         15.000      0.000    999.000    999.000

Latent Class 2

 Thresholds
    P_RULE_S$1         0.653      3.451      0.189      0.850
    P_USE_SM$1         3.372      3.696      0.912      0.362
    P_KNOW$1          15.000      0.000    999.000    999.000
    P_RULE_B$1        -2.190      1.354     -1.617      0.106
    P_USE_B$1         15.000      0.000    999.000    999.000

Latent Class 3

 Thresholds
    P_RULE_S$1        -0.568      3.428     -0.166      0.868
    P_USE_SM$1        15.000      0.000    999.000    999.000
    P_KNOW$1           1.631      0.243      6.715      0.000
    P_RULE_B$1        -0.721      0.417     -1.728      0.084
    P_USE_B$1         -0.160      0.278     -0.574      0.566

Latent Class 4

 Thresholds
    P_RULE_S$1         3.444      7.111      0.484      0.628
    P_USE_SM$1        15.000      0.000    999.000    999.000
    P_KNOW$1           2.877      7.690      0.374      0.708
    P_RULE_B$1         0.862      5.619      0.153      0.878
    P_USE_B$1         -2.401      4.181     -0.574      0.566

Latent Class 5

 Thresholds
    P_RULE_S$1         8.437      0.000    999.000    999.000
    P_USE_SM$1         1.580      0.386      4.094      0.000
    P_KNOW$1           1.175      0.434      2.708      0.007
    P_RULE_B$1        15.000      0.000    999.000    999.000
    P_USE_B$1         15.000      0.000    999.000    999.000

Latent Class 6

 Thresholds
    P_RULE_S$1        11.477      0.000    999.000    999.000
    P_USE_SM$1        15.000      0.000    999.000    999.000
    P_KNOW$1          -1.789      5.204     -0.344      0.731
    P_RULE_B$1         3.575      5.058      0.707      0.480
    P_USE_B$1          1.544      0.556      2.778      0.005

Latent Class 7

 Thresholds
    P_RULE_S$1         3.410      0.620      5.497      0.000
    P_USE_SM$1        15.000      0.000    999.000    999.000
    P_KNOW$1           5.895      1.414      4.170      0.000
    P_RULE_B$1         7.815      1.826      4.281      0.000
    P_USE_B$1          3.103      3.066      1.012      0.311

Categorical Latent Variables

 Means
    C#1               -2.612      0.304     -8.607      0.000
    C#2               -3.423      2.397     -1.428      0.153
    C#3               -1.585      1.695     -0.935      0.350
    C#4               -2.539      0.000    999.000    999.000
    C#5               -3.296      0.000    999.000    999.000
    C#6               -2.045      0.879     -2.326      0.020


QUALITY OF NUMERICAL RESULTS

     Condition Number for the Information Matrix              0.271E-09
       (ratio of smallest to largest eigenvalue)


RESULTS IN PROBABILITY SCALE

                                                    Two-Tailed
                    Estimate       S.E.  Est./S.E.    P-Value

Latent Class 1

 P_RULE_SM
    Category 1         0.000      0.000      0.000      1.000
    Category 2         1.000      0.000      0.000      1.000
 P_USE_SM
    Category 1         0.810      0.064     12.747      0.000
    Category 2         0.190      0.064      2.982      0.003
 P_KNOW
    Category 1         0.816      0.050     16.186      0.000
    Category 2         0.184      0.050      3.647      0.000
 P_RULE_B
    Category 1         0.917      0.080     11.500      0.000
    Category 2         0.083      0.080      1.045      0.296
 P_USE_B
    Category 1         1.000      0.000      0.000      1.000
    Category 2         0.000      0.000      0.000      1.000

Latent Class 2

 P_RULE_SM
    Category 1         0.658      0.777      0.846      0.397
    Category 2         0.342      0.777      0.441      0.659
 P_USE_SM
    Category 1         0.967      0.119      8.158      0.000
    Category 2         0.033      0.119      0.280      0.780
 P_KNOW
    Category 1         1.000      0.000      0.000      1.000
    Category 2         0.000      0.000      0.000      1.000
 P_RULE_B
    Category 1         0.101      0.123      0.821      0.412
    Category 2         0.899      0.123      7.337      0.000
 P_USE_B
    Category 1         1.000      0.000      0.000      1.000
    Category 2         0.000      0.000      0.000      1.000

Latent Class 3

 P_RULE_SM
    Category 1         0.362      0.791      0.457      0.648
    Category 2         0.638      0.791      0.807      0.420
 P_USE_SM
    Category 1         1.000      0.000      0.000      1.000
    Category 2         0.000      0.000      0.000      1.000
 P_KNOW
    Category 1         0.836      0.033     25.150      0.000
    Category 2         0.164      0.033      4.923      0.000
 P_RULE_B
    Category 1         0.327      0.092      3.562      0.000
    Category 2         0.673      0.092      7.326      0.000
 P_USE_B
    Category 1         0.460      0.069      6.670      0.000
    Category 2         0.540      0.069      7.824      0.000

Latent Class 4

 P_RULE_SM
    Category 1         0.969      0.213      4.546      0.000
    Category 2         0.031      0.213      0.145      0.885
 P_USE_SM
    Category 1         1.000      0.000      0.000      1.000
    Category 2         0.000      0.000      0.000      1.000
 P_KNOW
    Category 1         0.947      0.388      2.440      0.015
    Category 2         0.053      0.388      0.137      0.891
 P_RULE_B
    Category 1         0.703      1.173      0.599      0.549
    Category 2         0.297      1.173      0.253      0.800
 P_USE_B
    Category 1         0.083      0.319      0.261      0.794
    Category 2         0.917      0.319      2.877      0.004

Latent Class 5

 P_RULE_SM
    Category 1         1.000      0.000      0.000      1.000
    Category 2         0.000      0.000      0.000      1.000
 P_USE_SM
    Category 1         0.829      0.055     15.173      0.000
    Category 2         0.171      0.055      3.124      0.002
 P_KNOW
    Category 1         0.764      0.078      9.769      0.000
    Category 2         0.236      0.078      3.017      0.003
 P_RULE_B
    Category 1         1.000      0.000      0.000      1.000
    Category 2         0.000      0.000      0.000      1.000
 P_USE_B
    Category 1         1.000      0.000      0.000      1.000
    Category 2         0.000      0.000      0.000      1.000

Latent Class 6

 P_RULE_SM
    Category 1         1.000      0.000      0.000      1.000
    Category 2         0.000      0.000      0.000      1.000
 P_USE_SM
    Category 1         1.000      0.000      0.000      1.000
    Category 2         0.000      0.000      0.000      1.000
 P_KNOW
    Category 1         0.143      0.639      0.224      0.823
    Category 2         0.857      0.639      1.342      0.180
 P_RULE_B
    Category 1         0.973      0.134      7.255      0.000
    Category 2         0.027      0.134      0.203      0.839
 P_USE_B
    Category 1         0.824      0.081     10.225      0.000
    Category 2         0.176      0.081      2.183      0.029

Latent Class 7

 P_RULE_SM
    Category 1         0.968      0.019     50.395      0.000
    Category 2         0.032      0.019      1.665      0.096
 P_USE_SM
    Category 1         1.000      0.000      0.000      1.000
    Category 2         0.000      0.000      0.000      1.000
 P_KNOW
    Category 1         0.997      0.004    257.531      0.000
    Category 2         0.003      0.004      0.709      0.478
 P_RULE_B
    Category 1         1.000      0.001   1357.320      0.000
    Category 2         0.000      0.001      0.548      0.584
 P_USE_B
    Category 1         0.957      0.126      7.591      0.000
    Category 2         0.043      0.126      0.341      0.733


LATENT CLASS INDICATOR ODDS RATIOS FOR THE LATENT CLASSES

                                                95% C.I.
                    Estimate       S.E.  Lower 2.5% Upper 2.5%

Latent Class 1 Compared to Latent Class 2

 P_RULE_S
    Category > 1   *********      0.000  *********  *********
 P_USE_SM
    Category > 1       6.820     24.099      0.007   6946.001
 P_KNOW
    Category > 1   *********      0.000  *********  *********
 P_RULE_B
    Category > 1       0.010      0.022      0.000      0.760
 P_USE_B
    Category > 1       1.000      0.000      1.000      1.000

Latent Class 1 Compared to Latent Class 3

 P_RULE_S
    Category > 1   *********      0.000  *********  *********
 P_USE_SM
    Category > 1   *********      0.000  *********  *********
 P_KNOW
    Category > 1       1.151      0.489      0.501      2.646
 P_RULE_B
    Category > 1       0.044      0.046      0.006      0.337
 P_USE_B
    Category > 1       0.000      0.000      0.000      0.000

Latent Class 1 Compared to Latent Class 4

 P_RULE_S
    Category > 1   *********      0.000  *********  *********
 P_USE_SM
    Category > 1   *********      0.000  *********  *********
 P_KNOW
    Category > 1       4.002     31.137      0.000  *********
 P_RULE_B
    Category > 1       0.215      1.029      0.000   2531.528
 P_USE_B
    Category > 1       0.000      0.000      0.000      0.000

Latent Class 1 Compared to Latent Class 5

 P_RULE_S
    Category > 1   *********      0.000  *********  *********
 P_USE_SM
    Category > 1       1.136      0.528      0.456      2.827
 P_KNOW
    Category > 1       0.729      0.403      0.247      2.153
 P_RULE_B
    Category > 1   *********      0.000  *********  *********
 P_USE_B
    Category > 1       1.000      0.000      1.000      1.000

Latent Class 1 Compared to Latent Class 6

 P_RULE_S
    Category > 1   *********      0.000  *********  *********
 P_USE_SM
    Category > 1   *********      0.000  *********  *********
 P_KNOW
    Category > 1       0.038      0.200      0.000   1226.971
 P_RULE_B
    Category > 1       3.245     13.707      0.001  12780.442
 P_USE_B
    Category > 1       0.000      0.000      0.000      0.000

Latent Class 1 Compared to Latent Class 7

 P_RULE_S
    Category > 1   *********      0.000  *********  *********
 P_USE_SM
    Category > 1   *********      0.000  *********  *********
 P_KNOW
    Category > 1      81.791    107.679      6.195   1079.803
 P_RULE_B
    Category > 1     225.168    547.396      1.919  26415.682
 P_USE_B
    Category > 1       0.000      0.000      0.000      0.000

Latent Class 2 Compared to Latent Class 3

 P_RULE_S
    Category > 1       0.295      2.018      0.000  *********
 P_USE_SM
    Category > 1   *********      0.000  *********  *********
 P_KNOW
    Category > 1       0.000      0.000      0.000      0.000
 P_RULE_B
    Category > 1       4.345      7.342      0.158    119.255
 P_USE_B
    Category > 1       0.000      0.000      0.000      0.000

Latent Class 2 Compared to Latent Class 4

 P_RULE_S
    Category > 1      16.312    138.608      0.000  *********
 P_USE_SM
    Category > 1   *********      0.000  *********  *********
 P_KNOW
    Category > 1       0.000      0.000      0.000      0.000
 P_RULE_B
    Category > 1      21.157    140.848      0.000  *********
 P_USE_B
    Category > 1       0.000      0.000      0.000      0.000

Latent Class 2 Compared to Latent Class 5

 P_RULE_S
    Category > 1    2402.078   8289.377      2.774  *********
 P_USE_SM
    Category > 1       0.167      0.566      0.000    129.527
 P_KNOW
    Category > 1       0.000      0.000      0.000      0.000
 P_RULE_B
    Category > 1   *********      0.000  *********  *********
 P_USE_B
    Category > 1       1.000      0.000      1.000      1.000

Latent Class 2 Compared to Latent Class 6

 P_RULE_S
    Category > 1   50235.309  *********     58.013  *********
 P_USE_SM
    Category > 1   *********      0.000  *********  *********
 P_KNOW
    Category > 1       0.000      0.000      0.000      0.000
 P_RULE_B
    Category > 1     319.012   1953.059      0.002  *********
 P_USE_B
    Category > 1       0.000      0.000      0.000      0.000

Latent Class 2 Compared to Latent Class 7

 P_RULE_S
    Category > 1      15.759     50.993      0.028   8952.324
 P_USE_SM
    Category > 1   *********      0.000  *********  *********
 P_KNOW
    Category > 1       0.000      0.000      0.000      0.000
 P_RULE_B
    Category > 1   22134.639  18472.975   4311.908  *********
 P_USE_B
    Category > 1       0.000      0.000      0.000      0.000

Latent Class 3 Compared to Latent Class 4

 P_RULE_S
    Category > 1      55.288    393.571      0.000  *********
 P_USE_SM
    Category > 1       1.000      0.000      1.000      1.000
 P_KNOW
    Category > 1       3.478     26.663      0.000  *********
 P_RULE_B
    Category > 1       4.870     26.788      0.000  *********
 P_USE_B
    Category > 1       0.106      0.429      0.000    289.624

Latent Class 3 Compared to Latent Class 5

 P_RULE_S
    Category > 1    8141.589  27906.270      9.841  *********
 P_USE_SM
    Category > 1       0.000      0.000      0.000      0.000
 P_KNOW
    Category > 1       0.634      0.311      0.242      1.657
 P_RULE_B
    Category > 1   *********      0.000  *********  *********
 P_USE_B
    Category > 1   *********      0.000  *********  *********

Latent Class 3 Compared to Latent Class 6

 P_RULE_S
    Category > 1   *********  *********    205.817  *********
 P_USE_SM
    Category > 1       1.000      0.000      1.000      1.000
 P_KNOW
    Category > 1       0.033      0.168      0.000    746.817
 P_RULE_B
    Category > 1      73.428    362.840      0.005  *********
 P_USE_B
    Category > 1       5.493      3.768      1.432     21.076

Latent Class 3 Compared to Latent Class 7

 P_RULE_S
    Category > 1      53.412    197.995      0.037  76390.539
 P_USE_SM
    Category > 1       1.000      0.000      1.000      1.000
 P_KNOW
    Category > 1      71.068     97.201      4.869   1037.298
 P_RULE_B
    Category > 1    5094.823  11287.438     66.265  *********
 P_USE_B
    Category > 1      26.124     77.343      0.079   8652.852

Latent Class 4 Compared to Latent Class 5

 P_RULE_S
    Category > 1     147.257   1047.125      0.000  *********
 P_USE_SM
    Category > 1       0.000      0.000      0.000      0.000
 P_KNOW
    Category > 1       0.182      1.401      0.000  *********
 P_RULE_B
    Category > 1   *********      0.000  *********  *********
 P_USE_B
    Category > 1   *********      0.000  *********  *********

Latent Class 4 Compared to Latent Class 6

 P_RULE_S
    Category > 1    3079.619  21898.803      0.003  *********
 P_USE_SM
    Category > 1       1.000      0.000      1.000      1.000
 P_KNOW
    Category > 1       0.009      0.031      0.000      5.740
 P_RULE_B
    Category > 1      15.078     13.559      2.588     87.865
 P_USE_B
    Category > 1      51.651    234.764      0.007  *********

Latent Class 4 Compared to Latent Class 7

 P_RULE_S
    Category > 1       0.966      6.970      0.000  *********
 P_USE_SM
    Category > 1       1.000      0.000      1.000      1.000
 P_KNOW
    Category > 1      20.436    178.850      0.000  *********
 P_RULE_B
    Category > 1    1046.215   7054.965      0.002  *********
 P_USE_B
    Category > 1     245.652    559.552      2.827  21342.434

Latent Class 5 Compared to Latent Class 6

 P_RULE_S
    Category > 1      20.913      0.000     20.913     20.913
 P_USE_SM
    Category > 1   *********      0.000  *********  *********
 P_KNOW
    Category > 1       0.052      0.269      0.000   1388.442
 P_RULE_B
    Category > 1       0.000      0.000      0.000      0.000
 P_USE_B
    Category > 1       0.000      0.000      0.000      0.000

Latent Class 5 Compared to Latent Class 7

 P_RULE_S
    Category > 1       0.007      0.004      0.002      0.022
 P_USE_SM
    Category > 1   *********      0.000  *********  *********
 P_KNOW
    Category > 1     112.135    166.261      6.133   2050.338
 P_RULE_B
    Category > 1       0.001      0.000      0.001      0.001
 P_USE_B
    Category > 1       0.000      0.000      0.000      0.000

Latent Class 6 Compared to Latent Class 7

 P_RULE_S
    Category > 1       0.000      0.000      0.000      0.001
 P_USE_SM
    Category > 1       1.000      0.000      1.000      1.000
 P_KNOW
    Category > 1    2171.670  13186.686      0.015  *********
 P_RULE_B
    Category > 1      69.385    430.100      0.000  *********
 P_USE_B
    Category > 1       4.756     17.011      0.004   5270.621


TECHNICAL 11 OUTPUT

     Random Starts Specifications for the k-1 Class Analysis Model
        Number of initial stage random starts                1000
        Number of final stage optimizations                   200



     VUONG-LO-MENDELL-RUBIN LIKELIHOOD RATIO TEST FOR 6 (H0) VERSUS 7 CLASSES

          H0 Loglikelihood Value                       -11383.480
          2 Times the Loglikelihood Difference              0.867
          Difference in the Number of Parameters                6
          Mean                                             -2.056
          Standard Deviation                                4.845
          P-Value                                          0.1896

     LO-MENDELL-RUBIN ADJUSTED LRT TEST

          Value                                             0.851
          P-Value                                          0.1919


TECHNICAL 14 OUTPUT

     Random Starts Specifications for the k-1 Class Analysis Model
        Number of initial stage random starts                1000
        Number of final stage optimizations                   200

     Random Starts Specification for the k-1 Class Model for Generated Data
        Number of initial stage random starts                   0
        Number of final stage optimizations for the
           initial stage random starts                          0
     Random Starts Specification for the k Class Model for Generated Data
        Number of initial stage random starts                  40
        Number of final stage optimizations                     8
     Number of bootstrap draws requested                   Varies


     PARAMETRIC BOOTSTRAPPED LIKELIHOOD RATIO TEST FOR 6 (H0) VERSUS 7 CLASSES

          H0 Loglikelihood Value                       -11383.480
          2 Times the Loglikelihood Difference              0.867
          Difference in the Number of Parameters                6
          Approximate P-Value                              1.0000
          Successful Bootstrap Draws                            2


PLOT INFORMATION

The following plots are available:

  Histograms (sample values)
  Scatterplots (sample values)
  Sample proportions and estimated probabilities

     Beginning Time:  21:38:09
        Ending Time:  21:38:23
       Elapsed Time:  00:00:14


Mplus VERSION 8.11 DEMO has the following limitations:
  Maximum number of dependent variables: 6
  Maximum number of independent variables: 2
  Maximum number of between variables: 2
  Maximum number of continuous latent variables in time series analysis: 2


MUTHEN & MUTHEN
3463 Stoner Ave.
Los Angeles, CA  90066

Tel: (310) 391-9971
Fax: (310) 391-8971
Web: www.StatModel.com
Support: Support@StatModel.com

Copyright (c) 1998-2024 Muthen & Muthen
