Mplus VERSION 8.11 DEMO
MUTHEN & MUTHEN
12/19/2025   6:02 PM

INPUT INSTRUCTIONS

  TITLE:
  Class 1
  DATA:
  FILE = "C:/Users/chens/Desktop/PATHparentLCA/useme_lca/mplus_lca_sm_w/
  lca_sm_w.dat";
  VARIABLE:
  NAMES = caseid p_rule_sm p_use_sm p_know p_rule_b p_use_b c_try_sm dem_gen dem_age
       dem_inc dem_hisp weight;
   MISSING=.;
   categorical = p_rule_sm p_use_sm p_know p_rule_b p_use_b;
  usevar = p_rule_sm p_use_sm p_know p_rule_b p_use_b;
  weight = weight;
  classes = c(1);
  ANALYSIS:
  estimator = mlr;
      type = mixture;
      starts = 1000 200;
      processors = 10;
  OUTPUT:
  tech11 tech14;
  PLOT:
  type = plot3;
       series = p_rule_sm p_use_sm p_know p_rule_b p_use_b(*);



*** WARNING in VARIABLE command
  Note that only the first 8 characters of variable names are used in the output.
  Shorten variable names to avoid any confusion.
*** WARNING in PLOT command
  Note that only the first 8 characters of variable names are used in plots.
  If variable names are not unique within the first 8 characters, problems
  may occur.
*** WARNING in OUTPUT command
  TECH11 option is not available for TYPE=MIXTURE with only one class.
  Request for TECH11 is ignored.
*** WARNING in OUTPUT command
  TECH14 option is not available for TYPE=MIXTURE with weights.
  Request for TECH14 is ignored.
   4 WARNING(S) FOUND IN THE INPUT INSTRUCTIONS




Class 1

SUMMARY OF ANALYSIS

Number of groups                                                 1
Number of observations                                        7301

Number of dependent variables                                    5
Number of independent variables                                  0
Number of continuous latent variables                            0
Number of categorical latent variables                           1

Observed dependent variables

  Binary and ordered categorical (ordinal)
   P_RULE_S    P_USE_SM    P_KNOW      P_RULE_B    P_USE_B

Categorical latent variables
   C

Variables with special functions

  Weight variable       WEIGHT

Estimator                                                      MLR
Information matrix                                        OBSERVED
Optimization Specifications for the Quasi-Newton Algorithm for
Continuous Outcomes
  Maximum number of iterations                                 100
  Convergence criterion                                  0.100D-05
Optimization Specifications for the EM Algorithm
  Maximum number of iterations                                 500
  Convergence criteria
    Loglikelihood change                                 0.100D-06
    Relative loglikelihood change                        0.100D-06
    Derivative                                           0.100D-05
Optimization Specifications for the M step of the EM Algorithm for
Categorical Latent variables
  Number of M step iterations                                    1
  M step convergence criterion                           0.100D-05
  Basis for M step termination                           ITERATION
Optimization Specifications for the M step of the EM Algorithm for
Censored, Binary or Ordered Categorical (Ordinal), Unordered
Categorical (Nominal) and Count Outcomes
  Number of M step iterations                                    1
  M step convergence criterion                           0.100D-05
  Basis for M step termination                           ITERATION
  Maximum value for logit thresholds                            15
  Minimum value for logit thresholds                           -15
  Minimum expected cell size for chi-square              0.100D-01
Maximum number of iterations for H1                           2000
Convergence criterion for H1                             0.100D-03
Optimization algorithm                                         EMA
Random Starts Specifications
  Number of initial stage random starts                       1000
  Number of final stage optimizations                          200
  Number of initial stage iterations                            10
  Initial stage convergence criterion                    0.100D+01
  Random starts scale                                    0.500D+01
  Random seed for generating random starts                       0
Link                                                         LOGIT

Input data file(s)
  C:/Users/chens/Desktop/PATHparentLCA/useme_lca/mplus_lca_sm_w/lca_sm_w.dat
Input data format  FREE


SUMMARY OF DATA

     Number of missing data patterns             5
     Number of y missing data patterns           0
     Number of u missing data patterns           5


COVARIANCE COVERAGE OF DATA

Minimum covariance coverage value   0.100


     PROPORTION OF DATA PRESENT FOR U


           Covariance Coverage
              P_RULE_S      P_USE_SM      P_KNOW        P_RULE_B      P_USE_B
              ________      ________      ________      ________      ________
 P_RULE_S       0.995
 P_USE_SM       0.995         1.000
 P_KNOW         0.984         0.990         0.990
 P_RULE_B       0.995         0.996         0.986         0.996
 P_USE_B        0.995         1.000         0.990         0.996         1.000


UNIVARIATE PROPORTIONS AND COUNTS FOR CATEGORICAL VARIABLES

    P_RULE_S
      Category 1    0.845         6136.811
      Category 2    0.155         1126.803
    P_USE_SM
      Category 1    0.976         7129.100
      Category 2    0.024          171.900
    P_KNOW
      Category 1    0.894         6462.369
      Category 2    0.106          762.434
    P_RULE_B
      Category 1    0.872         6343.601
      Category 2    0.128          930.094
    P_USE_B
      Category 1    0.843         6155.619
      Category 2    0.157         1145.381


RANDOM STARTS RESULTS RANKED FROM THE BEST TO THE WORST LOGLIKELIHOOD VALUES

Final stage loglikelihood values at local maxima, seeds, and initial stage start numbers:

          -12336.679  118438           601
          -12336.679  342019           301
          -12336.679  964570           701
          -12336.679  246794           801
          -12336.679  700349           401
          -12336.679  36714            201
          -12336.679  371246           101
          -12336.679  137888           901
          -12336.679  294669           501
          -12336.679  unperturbed      0
          -12336.679  462953           7
          -12336.679  27071            15
          -12336.679  153942           31
          -12336.679  227563           63
          -12336.679  379729           512
          -12336.679  7959             256
          -12336.679  314034           513
          -12336.679  147440           514
          -12336.679  164305           128
          -12336.679  871851           257
          -12336.679  140849           515
          -12336.679  689529           516
          -12336.679  188498           258
          -12336.679  79212            517
          -12336.679  327475           518
          -12336.679  311214           64
          -12336.679  814975           129
          -12336.679  622860           259
          -12336.679  161421           519
          -12336.679  489927           520
          -12336.679  804660           260
          -12336.679  745972           521
          -12336.679  486622           522
          -12336.679  509733           130
          -12336.679  616917           261
          -12336.679  715255           523
          -12336.679  638611           524
          -12336.679  520177           262
          -12336.679  995249           525
          -12336.679  126371           526
          -12336.679  626891           32
          -12336.679  565819           65
          -12336.679  468036           131
          -12336.679  349263           263
          -12336.679  830292           527
          -12336.679  252346           528
          -12336.679  358488           264
          -12336.679  78862            529
          -12336.679  704798           530
          -12336.679  313407           132
          -12336.679  105435           265
          -12336.679  970689           266
          -12336.679  467339           66
          -12336.679  321390           133
          -12336.679  930323           267
          -12336.679  529455           268
          -12336.679  903369           134
          -12336.679  926283           269
          -12336.679  483369           270
          -12336.679  76974            16
          -12336.679  749453           33
          -12336.679  789985           67
          -12336.679  437181           135
          -12336.679  438144           271
          -12336.679  782821           272
          -12336.679  232559           136
          -12336.679  688839           273
          -12336.679  15715            274
          -12336.679  405079           68
          -12336.679  848331           137
          -12336.679  741888           138
          -12336.679  341041           34
          -12336.679  685657           69
          -12336.679  118421           139
          -12336.679  948615           140
          -12336.679  987090           70
          -12336.679  931874           141
          -12336.679  192071           142
          -12336.679  93468            3
          -12336.679  22089            143
          -12336.679  856536           144
          -12336.679  788796           145
          -12336.679  369602           146
          -12336.679  939021           8
          -12336.679  68985            17
          -12336.679  848356           602
          -12336.679  383979           603
          -12336.679  402699           604
          -12336.679  679832           302
          -12336.679  213189           605
          -12336.679  588923           606
          -12336.679  645052           910
          -12336.679  790452           303
          -12336.679  824956           607
          -12336.679  881886           608
          -12336.679  92689            304
          -12336.679  941525           609
          -12336.679  15270            610
          -12336.679  81117            305
          -12336.679  920593           611
          -12336.679  313306           612
          -12336.679  484687           306
          -12336.679  507218           613
          -12336.679  752476           614
          -12336.679  534864           307
          -12336.679  805935           615
          -12336.679  852283           616
          -12336.679  692169           308
          -12336.679  351807           617
          -12336.679  373815           618
          -12336.679  879338           309
          -12336.679  738393           619
          -12336.679  996231           310
          -12336.679  478421           311
          -12336.679  798839           312
          -12336.679  521575           313
          -12336.679  626087           314
          -12336.679  857799           315
          -12336.679  193042           316
          -12336.679  614009           317
          -12336.679  667250           318
          -12336.679  567165           319
          -12336.679  732596           320
          -12336.679  278661           674
          -12336.679  531546           702
          -12336.679  544048           87
          -12336.679  35191            703
          -12336.679  926762           704
          -12336.679  476393           705
          -12336.679  579138           706
          -12336.679  49293            707
          -12336.679  114433           708
          -12336.679  765586           709
          -12336.679  117391           710
          -12336.679  610181           711
          -12336.679  77210            712
          -12336.679  284716           713
          -12336.679  46502            714
          -12336.679  833196           715
          -12336.679  853781           716
          -12336.679  607072           717
          -12336.679  702492           718
          -12336.679  512403           719
          -12336.679  178031           720
          -12336.679  391368           802
          -12336.679  432513           803
          -12336.679  7886             804
          -12336.679  971853           402
          -12336.679  845580           805
          -12336.679  203508           806
          -12336.679  471040           403
          -12336.679  739214           807
          -12336.679  496344           808
          -12336.679  605565           404
          -12336.679  544077           809
          -12336.679  200041           810
          -12336.679  596257           405
          -12336.679  599136           811
          -12336.679  238317           812
          -12336.679  926797           406
          -12336.679  328661           813
          -12336.679  671390           814
          -12336.679  772131           407
          -12336.679  494149           815
          -12336.679  941975           816
          -12336.679  55115            408
          -12336.679  168888           817
          -12336.679  548245           818
          -12336.679  605161           409
          -12336.679  467561           819
          -12336.679  300697           820
          -12336.679  746978           410
          -12336.679  85734            411
          -12336.679  918558           412
          -12336.679  275475           413
          -12336.679  736574           414
          -12336.679  399508           415
          -12336.679  791285           416
          -12336.679  665121           417
          -12336.679  298275           418
          -12336.679  802682           419
          -12336.679  749635           420
          -12336.679  695453           902
          -12336.679  298201           903
          -12336.679  494209           904
          -12336.679  379823           905
          -12336.679  663090           906
          -12336.679  81951            907
          -12336.679  327927           908
          -12336.679  105656           909
          -12336.679  954914           911
          -12336.679  241299           912
          -12336.679  979450           913
          -12336.679  816435           914
          -12336.679  484116           915
          -12336.679  735928           916
          -12336.679  937068           982
          -12336.679  573367           986
          -12336.679  495490           990
          -12336.679  98068            998



THE MODEL ESTIMATION TERMINATED NORMALLY



MODEL FIT INFORMATION

Number of Free Parameters                        5

Loglikelihood

          H0 Value                      -12336.679
          H0 Scaling Correction Factor      1.1137
            for MLR

Information Criteria

          Akaike (AIC)                   24683.358
          Bayesian (BIC)                 24717.837
          Sample-Size Adjusted BIC       24701.948
            (n* = (n + 2) / 24)

Chi-Square Test of Model Fit for the Binary and Ordered Categorical
(Ordinal) Outcomes

          Pearson Chi-Square

          Value                           1189.054
          Degrees of Freedom                    26
          P-Value                           0.0000

          Likelihood Ratio Chi-Square

          Value                              0.000
          Degrees of Freedom                    26
          P-Value                           1.0000

Chi-Square Test for MCAR under the Unrestricted Latent Class Indicator Model

          Pearson Chi-Square

          Value                             49.657
          Degrees of Freedom                    52
          P-Value                           0.5666

          Likelihood Ratio Chi-Square

          Value                             38.058
          Degrees of Freedom                    52
          P-Value                           0.9259



FINAL CLASS COUNTS AND PROPORTIONS FOR THE LATENT CLASSES
BASED ON THE ESTIMATED MODEL

    Latent
   Classes

       1       7301.00000          1.00000


FINAL CLASS COUNTS AND PROPORTIONS FOR THE LATENT CLASSES
BASED ON ESTIMATED POSTERIOR PROBABILITIES

    Latent
   Classes

       1       7301.00000          1.00000


FINAL CLASS COUNTS AND PROPORTIONS FOR THE LATENT CLASSES
BASED ON THEIR MOST LIKELY LATENT CLASS MEMBERSHIP

Class Counts and Proportions

    Latent
   Classes

       1             7301          1.00000


Average Latent Class Probabilities for Most Likely Latent Class Membership (Row)
by Latent Class (Column)

           1

    1   1.000


Classification Probabilities for the Most Likely Latent Class Membership (Column)
by Latent Class (Row)

           1

    1   1.000


Logits for the Classification Probabilities for the Most Likely Latent Class Membership (Column)
by Latent Class (Row)

              1

    1      0.000


MODEL RESULTS

                                                    Two-Tailed
                    Estimate       S.E.  Est./S.E.    P-Value

Latent Class 1

 Thresholds
    P_RULE_S$1         1.695      0.034     50.059      0.000
    P_USE_SM$1         3.725      0.083     45.119      0.000
    P_KNOW$1           2.137      0.040     53.627      0.000
    P_RULE_B$1         1.920      0.037     51.552      0.000
    P_USE_B$1          1.682      0.034     49.280      0.000


QUALITY OF NUMERICAL RESULTS

     Condition Number for the Information Matrix              0.114E+00
       (ratio of smallest to largest eigenvalue)


RESULTS IN PROBABILITY SCALE

                                                    Two-Tailed
                    Estimate       S.E.  Est./S.E.    P-Value

Latent Class 1

 P_RULE_SM
    Category 1         0.845      0.004    190.389      0.000
    Category 2         0.155      0.004     34.958      0.000
 P_USE_SM
    Category 1         0.976      0.002    514.438      0.000
    Category 2         0.024      0.002     12.404      0.000
 P_KNOW
    Category 1         0.894      0.004    237.767      0.000
    Category 2         0.106      0.004     28.052      0.000
 P_RULE_B
    Category 1         0.872      0.004    209.986      0.000
    Category 2         0.128      0.004     30.788      0.000
 P_USE_B
    Category 1         0.843      0.005    186.800      0.000
    Category 2         0.157      0.005     34.758      0.000


PLOT INFORMATION

The following plots are available:

  Histograms (sample values)
  Scatterplots (sample values)
  Sample proportions and estimated probabilities

     Beginning Time:  18:02:06
        Ending Time:  18:02:10
       Elapsed Time:  00:00:04


Mplus VERSION 8.11 DEMO has the following limitations:
  Maximum number of dependent variables: 6
  Maximum number of independent variables: 2
  Maximum number of between variables: 2
  Maximum number of continuous latent variables in time series analysis: 2


MUTHEN & MUTHEN
3463 Stoner Ave.
Los Angeles, CA  90066

Tel: (310) 391-9971
Fax: (310) 391-8971
Web: www.StatModel.com
Support: Support@StatModel.com

Copyright (c) 1998-2024 Muthen & Muthen
