Mplus VERSION 8.11 DEMO
MUTHEN & MUTHEN
12/19/2025   6:02 PM

INPUT INSTRUCTIONS

  TITLE:
  Class 2
  DATA:
  FILE = "C:/Users/chens/Desktop/PATHparentLCA/useme_lca/mplus_lca_sm_w/
  lca_sm_w.dat";
  VARIABLE:
  NAMES = caseid p_rule_sm p_use_sm p_know p_rule_b p_use_b c_try_sm dem_gen dem_age
       dem_inc dem_hisp weight;
   MISSING=.;
   categorical = p_rule_sm p_use_sm p_know p_rule_b p_use_b;
  usevar = p_rule_sm p_use_sm p_know p_rule_b p_use_b;
  weight = weight;
  classes = c(2);
  ANALYSIS:
  estimator = mlr;
      type = mixture;
      starts = 1000 200;
      processors = 10;
  OUTPUT:
  tech11 tech14;
  PLOT:
  type = plot3;
       series = p_rule_sm p_use_sm p_know p_rule_b p_use_b(*);



*** WARNING in VARIABLE command
  Note that only the first 8 characters of variable names are used in the output.
  Shorten variable names to avoid any confusion.
*** WARNING in PLOT command
  Note that only the first 8 characters of variable names are used in plots.
  If variable names are not unique within the first 8 characters, problems
  may occur.
*** WARNING in OUTPUT command
  TECH14 option is not available for TYPE=MIXTURE with weights.
  Request for TECH14 is ignored.
   3 WARNING(S) FOUND IN THE INPUT INSTRUCTIONS




Class 2

SUMMARY OF ANALYSIS

Number of groups                                                 1
Number of observations                                        7301

Number of dependent variables                                    5
Number of independent variables                                  0
Number of continuous latent variables                            0
Number of categorical latent variables                           1

Observed dependent variables

  Binary and ordered categorical (ordinal)
   P_RULE_S    P_USE_SM    P_KNOW      P_RULE_B    P_USE_B

Categorical latent variables
   C

Variables with special functions

  Weight variable       WEIGHT

Estimator                                                      MLR
Information matrix                                        OBSERVED
Optimization Specifications for the Quasi-Newton Algorithm for
Continuous Outcomes
  Maximum number of iterations                                 100
  Convergence criterion                                  0.100D-05
Optimization Specifications for the EM Algorithm
  Maximum number of iterations                                 500
  Convergence criteria
    Loglikelihood change                                 0.100D-06
    Relative loglikelihood change                        0.100D-06
    Derivative                                           0.100D-05
Optimization Specifications for the M step of the EM Algorithm for
Categorical Latent variables
  Number of M step iterations                                    1
  M step convergence criterion                           0.100D-05
  Basis for M step termination                           ITERATION
Optimization Specifications for the M step of the EM Algorithm for
Censored, Binary or Ordered Categorical (Ordinal), Unordered
Categorical (Nominal) and Count Outcomes
  Number of M step iterations                                    1
  M step convergence criterion                           0.100D-05
  Basis for M step termination                           ITERATION
  Maximum value for logit thresholds                            15
  Minimum value for logit thresholds                           -15
  Minimum expected cell size for chi-square              0.100D-01
Maximum number of iterations for H1                           2000
Convergence criterion for H1                             0.100D-03
Optimization algorithm                                         EMA
Random Starts Specifications
  Number of initial stage random starts                       1000
  Number of final stage optimizations                          200
  Number of initial stage iterations                            10
  Initial stage convergence criterion                    0.100D+01
  Random starts scale                                    0.500D+01
  Random seed for generating random starts                       0
Link                                                         LOGIT

Input data file(s)
  C:/Users/chens/Desktop/PATHparentLCA/useme_lca/mplus_lca_sm_w/lca_sm_w.dat
Input data format  FREE


SUMMARY OF DATA

     Number of missing data patterns             5
     Number of y missing data patterns           0
     Number of u missing data patterns           5


COVARIANCE COVERAGE OF DATA

Minimum covariance coverage value   0.100


     PROPORTION OF DATA PRESENT FOR U


           Covariance Coverage
              P_RULE_S      P_USE_SM      P_KNOW        P_RULE_B      P_USE_B
              ________      ________      ________      ________      ________
 P_RULE_S       0.995
 P_USE_SM       0.995         1.000
 P_KNOW         0.984         0.990         0.990
 P_RULE_B       0.995         0.996         0.986         0.996
 P_USE_B        0.995         1.000         0.990         0.996         1.000


UNIVARIATE PROPORTIONS AND COUNTS FOR CATEGORICAL VARIABLES

    P_RULE_S
      Category 1    0.845         6136.811
      Category 2    0.155         1126.803
    P_USE_SM
      Category 1    0.976         7129.100
      Category 2    0.024          171.900
    P_KNOW
      Category 1    0.894         6462.369
      Category 2    0.106          762.434
    P_RULE_B
      Category 1    0.872         6343.601
      Category 2    0.128          930.094
    P_USE_B
      Category 1    0.843         6155.619
      Category 2    0.157         1145.381


RANDOM STARTS RESULTS RANKED FROM THE BEST TO THE WORST LOGLIKELIHOOD VALUES

Final stage loglikelihood values at local maxima, seeds, and initial stage start numbers:

          -11547.669  570782           193
          -11547.669  563002           360
          -11547.669  299977           956
          -11547.669  596257           405
          -11547.669  760850           739
          -11547.669  730868           977
          -11547.669  36714            201
          -11547.669  425982           485
          -11547.669  876056           1000
          -11547.669  436460           89
          -11547.669  792993           859
          -11547.669  802779           122
          -11547.669  614009           317
          -11547.669  859432           770
          -11547.669  923437           398
          -11547.669  945065           255
          -11547.669  724519           333
          -11547.669  331681           549
          -11547.669  100874           108
          -11547.669  761302           744
          -11547.669  39136            226
          -11547.669  879211           453
          -11547.669  288738           940
          -11547.669  391949           295
          -11547.669  931558           898
          -11547.669  383986           159
          -11547.669  485635           876
          -11547.669  699810           571
          -11547.669  659832           754
          -11547.669  197223           332
          -11547.669  355254           796
          -11547.669  940533           764
          -11547.669  629720           926
          -11547.669  343926           624
          -11547.669  284384           600
          -11547.669  616917           261
          -11547.669  690596           858
          -11547.669  836515           341
          -11547.669  351622           551
          -11547.669  850840           232
          -11547.669  910224           580
          -11547.669  761633           50
          -11547.669  804561           59
          -11547.669  76974            16
          -11547.669  816435           914
          -11547.669  535303           923
          -11547.669  802682           419
          -11547.669  608849           224
          -11547.669  140849           515
          -11547.669  118958           994
          -11547.669  213189           605
          -11547.669  779820           877
          -11547.669  300697           820
          -11547.669  121425           511
          -11547.669  314034           513
          -11547.669  55115            408
          -11547.669  648555           113
          -11547.669  792389           746
          -11547.669  622173           992
          -11547.669  647617           725
          -11547.669  476498           179
          -11547.669  266008           656
          -11547.669  845580           805
          -11547.669  566687           597
          -11547.669  822698           621
          -11547.669  437181           135
          -11547.669  303834           798
          -11547.669  432148           30
          -11547.669  772131           407
          -11547.669  506113           895
          -11547.669  342019           301
          -11547.669  742688           594
          -11547.669  377504           294
          -11547.669  193569           440
          -11547.669  928287           197
          -11547.669  130541           896
          -11547.669  576726           280
          -11547.669  58507            793
          -11547.669  780698           337
          -11547.669  700846           867
          -11547.669  372176           23
          -11547.669  124999           96
          -11547.669  692169           308
          -11547.669  856612           700
          -11547.669  464179           106
          -11547.669  726035           191
          -11547.669  423661           875
          -11547.669  848590           694
          -11547.669  238317           812
          -11547.669  931874           141
          -11547.669  602797           336
          -11547.669  7886             804
          -11547.669  137377           397
          -11547.669  518828           432
          -11547.669  251680           794
          -11547.669  953843           651
          -11547.669  735928           916
          -11547.669  301717           823
          -11547.669  603842           61
          -11547.669  534864           307
          -11547.669  46437            153
          -11547.669  49293            707
          -11547.669  520865           763
          -11547.669  754100           56
          -11547.669  922042           492
          -11547.669  668003           647
          -11547.669  444228           860
          -11547.669  220454           288
          -11547.669  521575           313
          -11547.669  739214           807
          -11547.669  206099           363
          -11547.669  985387           381
          -11547.669  574412           679
          -11547.669  150531           154
          -11547.669  506886           576
          -11547.669  443442           380
          -11547.669  160326           546
          -11547.669  7195             697
          -11547.669  39810            966
          -11547.669  435506           988
          -11547.669  456213           160
          -11547.669  876943           650
          -11547.669  539389           544
          -11547.669  625191           350
          -11547.669  992389           77
          -11547.669  963053           43
          -11547.669  823392           479
          -11547.669  595619           779
          -11547.669  226322           478
          -11547.669  781190           219
          -11547.669  926283           269
          -11547.669  391368           802
          -11547.669  188498           258
          -11547.669  638977           643
          -11547.669  575700           100
          -11547.669  357866           968
          -11547.669  264081           186
          -11547.669  715561           125
          -11547.669  915107           54
          -11547.669  881886           608
          -11547.669  265218           924
          -11547.669  314757           345
          -11547.669  521770           945
          -11547.669  752476           614
          -11547.669  714455           476
          -11547.669  957392           79
          -11547.669  136842           58
          -11547.669  850112           922
          -11547.669  15715            274
          -11547.669  645664           39
          -11547.669  333082           578
          -11547.669  783102           433
          -11547.669  766903           505
          -11547.669  425149           878
          -11547.669  552272           654
          -11547.669  72866            692
          -11547.669  820977           776
          -11547.669  551340           766
          -11547.669  485256           371
          -11547.669  836066           372
          -11547.669  889774           954
          -11547.669  98068            998
          -11547.669  4091             548
          -11547.669  366533           484
          -11547.669  264935           281
          -11547.669  328661           813
          -11547.669  486646           586
          -11547.669  313306           612
          -11547.669  793035           187
          -11547.669  317640           437
          -11547.669  848969           173
          -11547.669  440368           797
          -11547.669  284716           713
          -11547.669  113138           585
          -11547.669  12477            155
          -11547.669  78862            529
          -11547.669  573096           20
          -11547.669  80438            246
          -11547.669  963967           941
          -11547.669  843555           952
          -11547.669  148918           682
          -11547.669  502495           724
          -11547.669  349263           263
          -11547.669  699554           427
          -11547.669  21345            199
          -11547.669  399380           436
          -11547.669  790059           469
          -11547.669  67009            564
          -11547.669  597614           284
          -11547.669  231400           738
          -11547.669  404042           675
          -11547.669  781489           627
          -11547.669  407168           44
          -11547.669  568859           49
          -11547.669  783110           72
          -11547.669  737601           891
          -11547.669  315029           471
          -11547.669  930872           277
          -11547.669  499150           216
          -11547.669  508482           446



THE BEST LOGLIKELIHOOD VALUE HAS BEEN REPLICATED.  RERUN WITH AT LEAST TWICE THE
RANDOM STARTS TO CHECK THAT THE BEST LOGLIKELIHOOD IS STILL OBTAINED AND REPLICATED.

     IN THE OPTIMIZATION, ONE OR MORE LOGIT THRESHOLDS APPROACHED EXTREME VALUES
     OF -15.000 AND 15.000 AND WERE FIXED TO STABILIZE MODEL ESTIMATION.  THESE
     VALUES IMPLY PROBABILITIES OF 0 AND 1.  IN THE MODEL RESULTS SECTION, THESE
     PARAMETERS HAVE 0 STANDARD ERRORS AND 999 IN THE Z-SCORE AND P-VALUE COLUMNS.




THE MODEL ESTIMATION TERMINATED NORMALLY



MODEL FIT INFORMATION

Number of Free Parameters                       11

Loglikelihood

          H0 Value                      -11547.669
          H0 Scaling Correction Factor      1.1160
            for MLR

Information Criteria

          Akaike (AIC)                   23117.338
          Bayesian (BIC)                 23193.191
          Sample-Size Adjusted BIC       23158.236
            (n* = (n + 2) / 24)

Chi-Square Test of Model Fit for the Binary and Ordered Categorical
(Ordinal) Outcomes

          Pearson Chi-Square

          Value                            175.333
          Degrees of Freedom                    20
          P-Value                           0.0000

          Likelihood Ratio Chi-Square

          Value                            163.753
          Degrees of Freedom                    20
          P-Value                           0.0000

Chi-Square Test for MCAR under the Unrestricted Latent Class Indicator Model

          Pearson Chi-Square

          Value                             49.657
          Degrees of Freedom                    52
          P-Value                           0.5666

          Likelihood Ratio Chi-Square

          Value                             38.058
          Degrees of Freedom                    52
          P-Value                           0.9259



FINAL CLASS COUNTS AND PROPORTIONS FOR THE LATENT CLASSES
BASED ON THE ESTIMATED MODEL

    Latent
   Classes

       1       1695.34188          0.23221
       2       5605.65812          0.76779


FINAL CLASS COUNTS AND PROPORTIONS FOR THE LATENT CLASSES
BASED ON ESTIMATED POSTERIOR PROBABILITIES

    Latent
   Classes

       1       1695.34188          0.23221
       2       5605.65812          0.76779


FINAL CLASS COUNTS AND PROPORTIONS FOR THE LATENT CLASSES
BASED ON THEIR MOST LIKELY LATENT CLASS MEMBERSHIP

Class Counts and Proportions

    Latent
   Classes

       1             1216          0.16662
       2             6085          0.83338


CLASSIFICATION QUALITY

     Entropy                         0.690


Average Latent Class Probabilities for Most Likely Latent Class Membership (Row)
by Latent Class (Column)

           1        2

    1   0.958    0.042
    2   0.087    0.913


Classification Probabilities for the Most Likely Latent Class Membership (Column)
by Latent Class (Row)

           1        2

    1   0.687    0.313
    2   0.009    0.991


Logits for the Classification Probabilities for the Most Likely Latent Class Membership (Column)
by Latent Class (Row)

              1        2

    1      0.788    0.000
    2     -4.688    0.000


MODEL RESULTS

                                                    Two-Tailed
                    Estimate       S.E.  Est./S.E.    P-Value

Latent Class 1

 Thresholds
    P_RULE_S$1         0.027      0.072      0.376      0.707
    P_USE_SM$1         2.255      0.097     23.353      0.000
    P_KNOW$1           1.723      0.085     20.354      0.000
    P_RULE_B$1        -0.201      0.122     -1.650      0.099
    P_USE_B$1          0.291      0.076      3.842      0.000

Latent Class 2

 Thresholds
    P_RULE_S$1         2.883      0.123     23.391      0.000
    P_USE_SM$1         6.237      0.838      7.440      0.000
    P_KNOW$1           2.294      0.056     40.758      0.000
    P_RULE_B$1        15.000      0.000    999.000    999.000
    P_USE_B$1          2.513      0.079     31.985      0.000

Categorical Latent Variables

 Means
    C#1               -1.196      0.071    -16.872      0.000


QUALITY OF NUMERICAL RESULTS

     Condition Number for the Information Matrix              0.912E-03
       (ratio of smallest to largest eigenvalue)


RESULTS IN PROBABILITY SCALE

                                                    Two-Tailed
                    Estimate       S.E.  Est./S.E.    P-Value

Latent Class 1

 P_RULE_SM
    Category 1         0.507      0.018     27.987      0.000
    Category 2         0.493      0.018     27.236      0.000
 P_USE_SM
    Category 1         0.905      0.008    109.091      0.000
    Category 2         0.095      0.008     11.444      0.000
 P_KNOW
    Category 1         0.849      0.011     77.984      0.000
    Category 2         0.151      0.011     13.920      0.000
 P_RULE_B
    Category 1         0.450      0.030     14.942      0.000
    Category 2         0.550      0.030     18.264      0.000
 P_USE_B
    Category 1         0.572      0.019     30.837      0.000
    Category 2         0.428      0.019     23.044      0.000

Latent Class 2

 P_RULE_SM
    Category 1         0.947      0.006    153.057      0.000
    Category 2         0.053      0.006      8.569      0.000
 P_USE_SM
    Category 1         0.998      0.002    611.242      0.000
    Category 2         0.002      0.002      1.195      0.232
 P_KNOW
    Category 1         0.908      0.005    193.881      0.000
    Category 2         0.092      0.005     19.563      0.000
 P_RULE_B
    Category 1         1.000      0.000      0.000      1.000
    Category 2         0.000      0.000      0.000      1.000
 P_USE_B
    Category 1         0.925      0.005    169.775      0.000
    Category 2         0.075      0.005     13.762      0.000


LATENT CLASS INDICATOR ODDS RATIOS FOR THE LATENT CLASSES

                                                95% C.I.
                    Estimate       S.E.  Lower 2.5% Upper 2.5%

Latent Class 1 Compared to Latent Class 2

 P_RULE_S
    Category > 1      17.382      2.455     13.179     22.927
 P_USE_SM
    Category > 1      53.652     47.104      9.600    299.855
 P_KNOW
    Category > 1       1.769      0.200      1.417      2.209
 P_RULE_B
    Category > 1   *********      0.000  *********  *********
 P_USE_B
    Category > 1       9.219      1.004      7.447     11.413


TECHNICAL 11 OUTPUT

     Random Starts Specifications for the k-1 Class Analysis Model
        Number of initial stage random starts                1000
        Number of final stage optimizations                   200



     VUONG-LO-MENDELL-RUBIN LIKELIHOOD RATIO TEST FOR 1 (H0) VERSUS 2 CLASSES

          H0 Loglikelihood Value                       -12336.679
          2 Times the Loglikelihood Difference           1578.020
          Difference in the Number of Parameters                6
          Mean                                              6.447
          Standard Deviation                                6.704
          P-Value                                          0.0000

     LO-MENDELL-RUBIN ADJUSTED LRT TEST

          Value                                          1548.999
          P-Value                                          0.0000


PLOT INFORMATION

The following plots are available:

  Histograms (sample values)
  Scatterplots (sample values)
  Sample proportions and estimated probabilities

     Beginning Time:  18:02:11
        Ending Time:  18:02:20
       Elapsed Time:  00:00:09


Mplus VERSION 8.11 DEMO has the following limitations:
  Maximum number of dependent variables: 6
  Maximum number of independent variables: 2
  Maximum number of between variables: 2
  Maximum number of continuous latent variables in time series analysis: 2


MUTHEN & MUTHEN
3463 Stoner Ave.
Los Angeles, CA  90066

Tel: (310) 391-9971
Fax: (310) 391-8971
Web: www.StatModel.com
Support: Support@StatModel.com

Copyright (c) 1998-2024 Muthen & Muthen
