Mplus VERSION 8.11 DEMO
MUTHEN & MUTHEN
12/19/2025   6:02 PM

INPUT INSTRUCTIONS

  TITLE:
  Class 4
  DATA:
  FILE = "C:/Users/chens/Desktop/PATHparentLCA/useme_lca/mplus_lca_sm_w/
  lca_sm_w.dat";
  VARIABLE:
  NAMES = caseid p_rule_sm p_use_sm p_know p_rule_b p_use_b c_try_sm dem_gen dem_age
       dem_inc dem_hisp weight;
   MISSING=.;
   categorical = p_rule_sm p_use_sm p_know p_rule_b p_use_b;
  usevar = p_rule_sm p_use_sm p_know p_rule_b p_use_b;
  weight = weight;
  classes = c(4);
  ANALYSIS:
  estimator = mlr;
      type = mixture;
      starts = 1000 200;
      processors = 10;
  OUTPUT:
  tech11 tech14;
  PLOT:
  type = plot3;
       series = p_rule_sm p_use_sm p_know p_rule_b p_use_b(*);



*** WARNING in VARIABLE command
  Note that only the first 8 characters of variable names are used in the output.
  Shorten variable names to avoid any confusion.
*** WARNING in PLOT command
  Note that only the first 8 characters of variable names are used in plots.
  If variable names are not unique within the first 8 characters, problems
  may occur.
*** WARNING in OUTPUT command
  TECH14 option is not available for TYPE=MIXTURE with weights.
  Request for TECH14 is ignored.
   3 WARNING(S) FOUND IN THE INPUT INSTRUCTIONS




Class 4

SUMMARY OF ANALYSIS

Number of groups                                                 1
Number of observations                                        7301

Number of dependent variables                                    5
Number of independent variables                                  0
Number of continuous latent variables                            0
Number of categorical latent variables                           1

Observed dependent variables

  Binary and ordered categorical (ordinal)
   P_RULE_S    P_USE_SM    P_KNOW      P_RULE_B    P_USE_B

Categorical latent variables
   C

Variables with special functions

  Weight variable       WEIGHT

Estimator                                                      MLR
Information matrix                                        OBSERVED
Optimization Specifications for the Quasi-Newton Algorithm for
Continuous Outcomes
  Maximum number of iterations                                 100
  Convergence criterion                                  0.100D-05
Optimization Specifications for the EM Algorithm
  Maximum number of iterations                                 500
  Convergence criteria
    Loglikelihood change                                 0.100D-06
    Relative loglikelihood change                        0.100D-06
    Derivative                                           0.100D-05
Optimization Specifications for the M step of the EM Algorithm for
Categorical Latent variables
  Number of M step iterations                                    1
  M step convergence criterion                           0.100D-05
  Basis for M step termination                           ITERATION
Optimization Specifications for the M step of the EM Algorithm for
Censored, Binary or Ordered Categorical (Ordinal), Unordered
Categorical (Nominal) and Count Outcomes
  Number of M step iterations                                    1
  M step convergence criterion                           0.100D-05
  Basis for M step termination                           ITERATION
  Maximum value for logit thresholds                            15
  Minimum value for logit thresholds                           -15
  Minimum expected cell size for chi-square              0.100D-01
Maximum number of iterations for H1                           2000
Convergence criterion for H1                             0.100D-03
Optimization algorithm                                         EMA
Random Starts Specifications
  Number of initial stage random starts                       1000
  Number of final stage optimizations                          200
  Number of initial stage iterations                            10
  Initial stage convergence criterion                    0.100D+01
  Random starts scale                                    0.500D+01
  Random seed for generating random starts                       0
Link                                                         LOGIT

Input data file(s)
  C:/Users/chens/Desktop/PATHparentLCA/useme_lca/mplus_lca_sm_w/lca_sm_w.dat
Input data format  FREE


SUMMARY OF DATA

     Number of missing data patterns             5
     Number of y missing data patterns           0
     Number of u missing data patterns           5


COVARIANCE COVERAGE OF DATA

Minimum covariance coverage value   0.100


     PROPORTION OF DATA PRESENT FOR U


           Covariance Coverage
              P_RULE_S      P_USE_SM      P_KNOW        P_RULE_B      P_USE_B
              ________      ________      ________      ________      ________
 P_RULE_S       0.995
 P_USE_SM       0.995         1.000
 P_KNOW         0.984         0.990         0.990
 P_RULE_B       0.995         0.996         0.986         0.996
 P_USE_B        0.995         1.000         0.990         0.996         1.000


UNIVARIATE PROPORTIONS AND COUNTS FOR CATEGORICAL VARIABLES

    P_RULE_S
      Category 1    0.845         6136.811
      Category 2    0.155         1126.803
    P_USE_SM
      Category 1    0.976         7129.100
      Category 2    0.024          171.900
    P_KNOW
      Category 1    0.894         6462.369
      Category 2    0.106          762.434
    P_RULE_B
      Category 1    0.872         6343.601
      Category 2    0.128          930.094
    P_USE_B
      Category 1    0.843         6155.619
      Category 2    0.157         1145.381


RANDOM STARTS RESULTS RANKED FROM THE BEST TO THE WORST LOGLIKELIHOOD VALUES

Final stage loglikelihood values at local maxima, seeds, and initial stage start numbers:

          -11470.634  549244           756
          -11470.634  788796           145
          -11470.634  772131           407
          -11470.634  46437            153
          -11470.634  907810           795
          -11470.634  155622           507
          -11470.634  604861           800
          -11470.634  318177           748
          -11470.634  699554           427
          -11470.634  602032           648
          -11470.634  848331           137
          -11470.634  702492           718
          -11470.634  85734            411
          -11470.634  302046           863
          -11470.634  648555           113
          -11470.634  247224           94
          -11470.634  657994           788
          -11470.634  575700           100
          -11470.634  829540           324
          -11470.634  505879           424
          -11470.635  797594           234
          -11470.635  276102           599
          -11470.635  22362            365
          -11470.769  49221            254
          -11470.769  97158            205
          -11470.769  506886           576
          -11470.769  484501           163
          -11470.769  534864           307
          -11470.769  654136           167
          -11470.769  86698            893
          -11470.769  850840           232
          -11472.345  107446           12
          -11472.728  928287           197
          -11472.728  957392           79
          -11472.728  467339           66
          -11472.728  260601           36
          -11472.910  190339           102
          -11472.910  645664           39
          -11472.910  570908           98
          -11472.910  576596           99
          -11472.990  533738           11
          -11473.148  481835           57
          -11475.247  392418           28
          -11475.247  761633           50
          -11475.247  207896           25
          -11475.247  366706           29
          -11480.271  76974            16
          -11494.487  47719            962

152 perturbed starting value run(s) did not converge or were rejected in the third stage.



THE BEST LOGLIKELIHOOD VALUE HAS BEEN REPLICATED.  RERUN WITH AT LEAST TWICE THE
RANDOM STARTS TO CHECK THAT THE BEST LOGLIKELIHOOD IS STILL OBTAINED AND REPLICATED.

     IN THE OPTIMIZATION, ONE OR MORE LOGIT THRESHOLDS APPROACHED EXTREME VALUES
     OF -15.000 AND 15.000 AND WERE FIXED TO STABILIZE MODEL ESTIMATION.  THESE
     VALUES IMPLY PROBABILITIES OF 0 AND 1.  IN THE MODEL RESULTS SECTION, THESE
     PARAMETERS HAVE 0 STANDARD ERRORS AND 999 IN THE Z-SCORE AND P-VALUE COLUMNS.




THE MODEL ESTIMATION TERMINATED NORMALLY



MODEL FIT INFORMATION

Number of Free Parameters                       23

Loglikelihood

          H0 Value                      -11470.634
          H0 Scaling Correction Factor      1.0773
            for MLR

Information Criteria

          Akaike (AIC)                   22987.268
          Bayesian (BIC)                 23145.871
          Sample-Size Adjusted BIC       23072.782
            (n* = (n + 2) / 24)

Chi-Square Test of Model Fit for the Binary and Ordered Categorical
(Ordinal) Outcomes

          Pearson Chi-Square

          Value                             22.096
          Degrees of Freedom                     8
          P-Value                           0.0047

          Likelihood Ratio Chi-Square

          Value                             22.348
          Degrees of Freedom                     8
          P-Value                           0.0043

Chi-Square Test for MCAR under the Unrestricted Latent Class Indicator Model

          Pearson Chi-Square

          Value                             49.657
          Degrees of Freedom                    52
          P-Value                           0.5666

          Likelihood Ratio Chi-Square

          Value                             38.058
          Degrees of Freedom                    52
          P-Value                           0.9259



FINAL CLASS COUNTS AND PROPORTIONS FOR THE LATENT CLASSES
BASED ON THE ESTIMATED MODEL

    Latent
   Classes

       1       1047.02770          0.14341
       2        195.32744          0.02675
       3       5358.81686          0.73398
       4        699.82800          0.09585


FINAL CLASS COUNTS AND PROPORTIONS FOR THE LATENT CLASSES
BASED ON ESTIMATED POSTERIOR PROBABILITIES

    Latent
   Classes

       1       1047.02770          0.14341
       2        195.32744          0.02675
       3       5358.81686          0.73398
       4        699.82800          0.09585


FINAL CLASS COUNTS AND PROPORTIONS FOR THE LATENT CLASSES
BASED ON THEIR MOST LIKELY LATENT CLASS MEMBERSHIP

Class Counts and Proportions

    Latent
   Classes

       1              818          0.11201
       2               87          0.01192
       3             5804          0.79495
       4              592          0.08112


CLASSIFICATION QUALITY

     Entropy                         0.832


Average Latent Class Probabilities for Most Likely Latent Class Membership (Row)
by Latent Class (Column)

           1        2        3        4

    1   0.989    0.006    0.000    0.006
    2   0.084    0.813    0.000    0.103
    3   0.040    0.019    0.921    0.020
    4   0.001    0.020    0.021    0.958


Classification Probabilities for the Most Likely Latent Class Membership (Column)
by Latent Class (Row)

           1        2        3        4

    1   0.772    0.007    0.220    0.001
    2   0.023    0.362    0.553    0.062
    3   0.000    0.000    0.998    0.002
    4   0.007    0.013    0.169    0.811


Logits for the Classification Probabilities for the Most Likely Latent Class Membership (Column)
by Latent Class (Row)

              1        2        3        4

    1      7.240    2.540    5.986    0.000
    2     -0.970    1.770    2.193    0.000
    3     -7.728   -7.728    6.085    0.000
    4     -4.769   -4.151   -1.565    0.000


MODEL RESULTS

                                                    Two-Tailed
                    Estimate       S.E.  Est./S.E.    P-Value

Latent Class 1

 Thresholds
    P_RULE_S$1        15.000      0.000    999.000    999.000
    P_USE_SM$1         3.117      0.241     12.912      0.000
    P_KNOW$1           1.656      0.101     16.421      0.000
    P_RULE_B$1         0.963      0.325      2.963      0.003
    P_USE_B$1         -1.209      1.828     -0.661      0.508

Latent Class 2

 Thresholds
    P_RULE_S$1        -0.945      0.655     -1.442      0.149
    P_USE_SM$1         0.424      1.153      0.368      0.713
    P_KNOW$1           1.471      0.323      4.555      0.000
    P_RULE_B$1        15.000      0.000    999.000    999.000
    P_USE_B$1          2.382      0.985      2.418      0.016

Latent Class 3

 Thresholds
    P_RULE_S$1         2.821      0.269     10.479      0.000
    P_USE_SM$1        15.000      0.000    999.000    999.000
    P_KNOW$1           2.357      0.086     27.547      0.000
    P_RULE_B$1         3.399      0.326     10.418      0.000
    P_USE_B$1         15.000      0.000    999.000    999.000

Latent Class 4

 Thresholds
    P_RULE_S$1        -4.428     32.989     -0.134      0.893
    P_USE_SM$1         2.559      0.203     12.578      0.000
    P_KNOW$1           1.763      0.133     13.295      0.000
    P_RULE_B$1        -0.715      0.201     -3.560      0.000
    P_USE_B$1          0.157      0.103      1.522      0.128

Categorical Latent Variables

 Means
    C#1                0.403      0.953      0.423      0.673
    C#2               -1.276      0.847     -1.506      0.132
    C#3                2.036      0.335      6.082      0.000


QUALITY OF NUMERICAL RESULTS

     Condition Number for the Information Matrix              0.604E-06
       (ratio of smallest to largest eigenvalue)


RESULTS IN PROBABILITY SCALE

                                                    Two-Tailed
                    Estimate       S.E.  Est./S.E.    P-Value

Latent Class 1

 P_RULE_SM
    Category 1         1.000      0.000      0.000      1.000
    Category 2         0.000      0.000      0.000      1.000
 P_USE_SM
    Category 1         0.958      0.010     97.689      0.000
    Category 2         0.042      0.010      4.326      0.000
 P_KNOW
    Category 1         0.840      0.014     61.855      0.000
    Category 2         0.160      0.014     11.812      0.000
 P_RULE_B
    Category 1         0.724      0.065     11.137      0.000
    Category 2         0.276      0.065      4.251      0.000
 P_USE_B
    Category 1         0.230      0.324      0.710      0.478
    Category 2         0.770      0.324      2.379      0.017

Latent Class 2

 P_RULE_SM
    Category 1         0.280      0.132      2.119      0.034
    Category 2         0.720      0.132      5.450      0.000
 P_USE_SM
    Category 1         0.605      0.276      2.193      0.028
    Category 2         0.395      0.276      1.434      0.151
 P_KNOW
    Category 1         0.813      0.049     16.578      0.000
    Category 2         0.187      0.049      3.808      0.000
 P_RULE_B
    Category 1         1.000      0.000      0.000      1.000
    Category 2         0.000      0.000      0.000      1.000
 P_USE_B
    Category 1         0.915      0.076     12.006      0.000
    Category 2         0.085      0.076      1.109      0.268

Latent Class 3

 P_RULE_SM
    Category 1         0.944      0.014     66.092      0.000
    Category 2         0.056      0.014      3.936      0.000
 P_USE_SM
    Category 1         1.000      0.000      0.000      1.000
    Category 2         0.000      0.000      0.000      1.000
 P_KNOW
    Category 1         0.913      0.007    135.092      0.000
    Category 2         0.087      0.007     12.794      0.000
 P_RULE_B
    Category 1         0.968      0.010     94.794      0.000
    Category 2         0.032      0.010      3.168      0.002
 P_USE_B
    Category 1         1.000      0.000      0.000      1.000
    Category 2         0.000      0.000      0.000      1.000

Latent Class 4

 P_RULE_SM
    Category 1         0.012      0.385      0.031      0.976
    Category 2         0.988      0.385      2.568      0.010
 P_USE_SM
    Category 1         0.928      0.014     68.444      0.000
    Category 2         0.072      0.014      5.295      0.000
 P_KNOW
    Category 1         0.854      0.017     51.506      0.000
    Category 2         0.146      0.017      8.835      0.000
 P_RULE_B
    Category 1         0.329      0.044      7.416      0.000
    Category 2         0.671      0.044     15.158      0.000
 P_USE_B
    Category 1         0.539      0.026     21.051      0.000
    Category 2         0.461      0.026     17.994      0.000


LATENT CLASS INDICATOR ODDS RATIOS FOR THE LATENT CLASSES

                                                95% C.I.
                    Estimate       S.E.  Lower 2.5% Upper 2.5%

Latent Class 1 Compared to Latent Class 2

 P_RULE_S
    Category > 1       0.000      0.000      0.000      0.000
 P_USE_SM
    Category > 1       0.068      0.080      0.007      0.693
 P_KNOW
    Category > 1       0.831      0.279      0.430      1.606
 P_RULE_B
    Category > 1   *********      0.000  *********  *********
 P_USE_B
    Category > 1      36.285     77.322      0.557   2363.916

Latent Class 1 Compared to Latent Class 3

 P_RULE_S
    Category > 1       0.000      0.000      0.000      0.000
 P_USE_SM
    Category > 1   *********      0.000  *********  *********
 P_KNOW
    Category > 1       2.016      0.264      1.561      2.605
 P_RULE_B
    Category > 1      11.422      6.713      3.610     36.143
 P_USE_B
    Category > 1   *********      0.000  *********  *********

Latent Class 1 Compared to Latent Class 4

 P_RULE_S
    Category > 1       0.000      0.000      0.000     33.863
 P_USE_SM
    Category > 1       0.572      0.168      0.322      1.018
 P_KNOW
    Category > 1       1.113      0.192      0.794      1.561
 P_RULE_B
    Category > 1       0.187      0.070      0.089      0.390
 P_USE_B
    Category > 1       3.919      7.060      0.115    133.798

Latent Class 2 Compared to Latent Class 3

 P_RULE_S
    Category > 1      43.198     32.356      9.952    187.516
 P_USE_SM
    Category > 1   *********      0.000  *********  *********
 P_KNOW
    Category > 1       2.426      0.767      1.305      4.507
 P_RULE_B
    Category > 1       0.000      0.000      0.000      0.000
 P_USE_B
    Category > 1   *********      0.000  *********  *********

Latent Class 2 Compared to Latent Class 4

 P_RULE_S
    Category > 1       0.031      0.997      0.000  *********
 P_USE_SM
    Category > 1       8.456      9.825      0.867     82.446
 P_KNOW
    Category > 1       1.339      0.491      0.653      2.746
 P_RULE_B
    Category > 1       0.000      0.000      0.000      0.000
 P_USE_B
    Category > 1       0.108      0.108      0.015      0.765

Latent Class 3 Compared to Latent Class 4

 P_RULE_S
    Category > 1       0.001      0.023      0.000  *********
 P_USE_SM
    Category > 1       0.000      0.000      0.000      0.000
 P_KNOW
    Category > 1       0.552      0.092      0.398      0.766
 P_RULE_B
    Category > 1       0.016      0.007      0.007      0.036
 P_USE_B
    Category > 1       0.000      0.000      0.000      0.000


TECHNICAL 11 OUTPUT

     Random Starts Specifications for the k-1 Class Analysis Model
        Number of initial stage random starts                1000
        Number of final stage optimizations                   200



     VUONG-LO-MENDELL-RUBIN LIKELIHOOD RATIO TEST FOR 3 (H0) VERSUS 4 CLASSES

          H0 Loglikelihood Value                       -11491.242
          2 Times the Loglikelihood Difference             41.215
          Difference in the Number of Parameters                6
          Mean                                              9.971
          Standard Deviation                               10.103
          P-Value                                          0.0125

     LO-MENDELL-RUBIN ADJUSTED LRT TEST

          Value                                            40.457
          P-Value                                          0.0135


PLOT INFORMATION

The following plots are available:

  Histograms (sample values)
  Scatterplots (sample values)
  Sample proportions and estimated probabilities

     Beginning Time:  18:02:36
        Ending Time:  18:02:50
       Elapsed Time:  00:00:14


Mplus VERSION 8.11 DEMO has the following limitations:
  Maximum number of dependent variables: 6
  Maximum number of independent variables: 2
  Maximum number of between variables: 2
  Maximum number of continuous latent variables in time series analysis: 2


MUTHEN & MUTHEN
3463 Stoner Ave.
Los Angeles, CA  90066

Tel: (310) 391-9971
Fax: (310) 391-8971
Web: www.StatModel.com
Support: Support@StatModel.com

Copyright (c) 1998-2024 Muthen & Muthen
