Mplus VERSION 8.11 DEMO
MUTHEN & MUTHEN
12/19/2025   6:02 PM

INPUT INSTRUCTIONS

  TITLE:
  Class 5
  DATA:
  FILE = "C:/Users/chens/Desktop/PATHparentLCA/useme_lca/mplus_lca_sm_w/
  lca_sm_w.dat";
  VARIABLE:
  NAMES = caseid p_rule_sm p_use_sm p_know p_rule_b p_use_b c_try_sm dem_gen dem_age
       dem_inc dem_hisp weight;
   MISSING=.;
   categorical = p_rule_sm p_use_sm p_know p_rule_b p_use_b;
  usevar = p_rule_sm p_use_sm p_know p_rule_b p_use_b;
  weight = weight;
  classes = c(5);
  ANALYSIS:
  estimator = mlr;
      type = mixture;
      starts = 1000 200;
      processors = 10;
  OUTPUT:
  tech11 tech14;
  PLOT:
  type = plot3;
       series = p_rule_sm p_use_sm p_know p_rule_b p_use_b(*);



*** WARNING in VARIABLE command
  Note that only the first 8 characters of variable names are used in the output.
  Shorten variable names to avoid any confusion.
*** WARNING in PLOT command
  Note that only the first 8 characters of variable names are used in plots.
  If variable names are not unique within the first 8 characters, problems
  may occur.
*** WARNING in OUTPUT command
  TECH14 option is not available for TYPE=MIXTURE with weights.
  Request for TECH14 is ignored.
   3 WARNING(S) FOUND IN THE INPUT INSTRUCTIONS




Class 5

SUMMARY OF ANALYSIS

Number of groups                                                 1
Number of observations                                        7301

Number of dependent variables                                    5
Number of independent variables                                  0
Number of continuous latent variables                            0
Number of categorical latent variables                           1

Observed dependent variables

  Binary and ordered categorical (ordinal)
   P_RULE_S    P_USE_SM    P_KNOW      P_RULE_B    P_USE_B

Categorical latent variables
   C

Variables with special functions

  Weight variable       WEIGHT

Estimator                                                      MLR
Information matrix                                        OBSERVED
Optimization Specifications for the Quasi-Newton Algorithm for
Continuous Outcomes
  Maximum number of iterations                                 100
  Convergence criterion                                  0.100D-05
Optimization Specifications for the EM Algorithm
  Maximum number of iterations                                 500
  Convergence criteria
    Loglikelihood change                                 0.100D-06
    Relative loglikelihood change                        0.100D-06
    Derivative                                           0.100D-05
Optimization Specifications for the M step of the EM Algorithm for
Categorical Latent variables
  Number of M step iterations                                    1
  M step convergence criterion                           0.100D-05
  Basis for M step termination                           ITERATION
Optimization Specifications for the M step of the EM Algorithm for
Censored, Binary or Ordered Categorical (Ordinal), Unordered
Categorical (Nominal) and Count Outcomes
  Number of M step iterations                                    1
  M step convergence criterion                           0.100D-05
  Basis for M step termination                           ITERATION
  Maximum value for logit thresholds                            15
  Minimum value for logit thresholds                           -15
  Minimum expected cell size for chi-square              0.100D-01
Maximum number of iterations for H1                           2000
Convergence criterion for H1                             0.100D-03
Optimization algorithm                                         EMA
Random Starts Specifications
  Number of initial stage random starts                       1000
  Number of final stage optimizations                          200
  Number of initial stage iterations                            10
  Initial stage convergence criterion                    0.100D+01
  Random starts scale                                    0.500D+01
  Random seed for generating random starts                       0
Link                                                         LOGIT

Input data file(s)
  C:/Users/chens/Desktop/PATHparentLCA/useme_lca/mplus_lca_sm_w/lca_sm_w.dat
Input data format  FREE


SUMMARY OF DATA

     Number of missing data patterns             5
     Number of y missing data patterns           0
     Number of u missing data patterns           5


COVARIANCE COVERAGE OF DATA

Minimum covariance coverage value   0.100


     PROPORTION OF DATA PRESENT FOR U


           Covariance Coverage
              P_RULE_S      P_USE_SM      P_KNOW        P_RULE_B      P_USE_B
              ________      ________      ________      ________      ________
 P_RULE_S       0.995
 P_USE_SM       0.995         1.000
 P_KNOW         0.984         0.990         0.990
 P_RULE_B       0.995         0.996         0.986         0.996
 P_USE_B        0.995         1.000         0.990         0.996         1.000


UNIVARIATE PROPORTIONS AND COUNTS FOR CATEGORICAL VARIABLES

    P_RULE_S
      Category 1    0.845         6136.811
      Category 2    0.155         1126.803
    P_USE_SM
      Category 1    0.976         7129.100
      Category 2    0.024          171.900
    P_KNOW
      Category 1    0.894         6462.369
      Category 2    0.106          762.434
    P_RULE_B
      Category 1    0.872         6343.601
      Category 2    0.128          930.094
    P_USE_B
      Category 1    0.843         6155.619
      Category 2    0.157         1145.381


RANDOM STARTS RESULTS RANKED FROM THE BEST TO THE WORST LOGLIKELIHOOD VALUES

Final stage loglikelihood values at local maxima, seeds, and initial stage start numbers:

          -11461.094  495366           964
          -11461.094  548245           818
          -11461.094  677720           681
          -11461.094  900631           774
          -11461.094  617658           660
          -11461.094  130011           587
          -11461.094  682718           733
          -11461.094  887580           493
          -11461.094  97158            205
          -11461.094  609185           181
          -11461.094  226322           478
          -11461.094  726035           191
          -11461.094  371246           101
          -11461.114  395754           388
          -11461.340  481835           57
          -11461.356  645664           39
          -11462.313  46437            153
          -11462.313  978061           488
          -11462.488  784664           75
          -11462.599  937588           293
          -11463.761  561664           392
          -11463.761  710154           831
          -11463.761  227563           63
          -11463.761  544009           842
          -11463.761  7195             697
          -11463.762  232559           136
          -11463.766  939870           655
          -11463.766  575700           100
          -11463.767  247912           537
          -11463.767  384199           882
          -11463.775  570908           98
          -11463.778  391179           78
          -11463.788  967237           48
          -11463.791  440368           797
          -11463.793  850545           357
          -11463.793  264935           281
          -11463.793  51375            148
          -11464.171  405079           68
          -11464.938  967902           52
          -11464.938  268896           124
          -11465.564  415931           10
          -11466.166  576596           99
          -11466.195  247224           94
          -11467.228  366706           29
          -11467.932  372176           23
          -11467.932  902278           21

154 perturbed starting value run(s) did not converge or were rejected in the third stage.



THE BEST LOGLIKELIHOOD VALUE HAS BEEN REPLICATED.  RERUN WITH AT LEAST TWICE THE
RANDOM STARTS TO CHECK THAT THE BEST LOGLIKELIHOOD IS STILL OBTAINED AND REPLICATED.

     IN THE OPTIMIZATION, ONE OR MORE LOGIT THRESHOLDS APPROACHED EXTREME VALUES
     OF -15.000 AND 15.000 AND WERE FIXED TO STABILIZE MODEL ESTIMATION.  THESE
     VALUES IMPLY PROBABILITIES OF 0 AND 1.  IN THE MODEL RESULTS SECTION, THESE
     PARAMETERS HAVE 0 STANDARD ERRORS AND 999 IN THE Z-SCORE AND P-VALUE COLUMNS.




THE MODEL ESTIMATION TERMINATED NORMALLY



MODEL FIT INFORMATION

Number of Free Parameters                       29

Loglikelihood

          H0 Value                      -11461.094
          H0 Scaling Correction Factor      1.1478
            for MLR

Information Criteria

          Akaike (AIC)                   22980.188
          Bayesian (BIC)                 23180.165
          Sample-Size Adjusted BIC       23088.009
            (n* = (n + 2) / 24)

Chi-Square Test of Model Fit for the Binary and Ordered Categorical
(Ordinal) Outcomes

          Pearson Chi-Square

          Value                              4.826
          Degrees of Freedom                     2
          P-Value                           0.0896

          Likelihood Ratio Chi-Square

          Value                              4.746
          Degrees of Freedom                     2
          P-Value                           0.0932

Chi-Square Test for MCAR under the Unrestricted Latent Class Indicator Model

          Pearson Chi-Square

          Value                             49.657
          Degrees of Freedom                    52
          P-Value                           0.5666

          Likelihood Ratio Chi-Square

          Value                             38.058
          Degrees of Freedom                    52
          P-Value                           0.9259



FINAL CLASS COUNTS AND PROPORTIONS FOR THE LATENT CLASSES
BASED ON THE ESTIMATED MODEL

    Latent
   Classes

       1        400.22483          0.05482
       2         53.79837          0.00737
       3       5184.42082          0.71010
       4        462.50297          0.06335
       5       1200.05301          0.16437


FINAL CLASS COUNTS AND PROPORTIONS FOR THE LATENT CLASSES
BASED ON ESTIMATED POSTERIOR PROBABILITIES

    Latent
   Classes

       1        400.22483          0.05482
       2         53.79837          0.00737
       3       5184.42082          0.71010
       4        462.50297          0.06335
       5       1200.05301          0.16437


FINAL CLASS COUNTS AND PROPORTIONS FOR THE LATENT CLASSES
BASED ON THEIR MOST LIKELY LATENT CLASS MEMBERSHIP

Class Counts and Proportions

    Latent
   Classes

       1              128          0.01760
       2               48          0.00662
       3             5565          0.76220
       4              573          0.07841
       5              987          0.13517


CLASSIFICATION QUALITY

     Entropy                         0.766


Average Latent Class Probabilities for Most Likely Latent Class Membership (Row)
by Latent Class (Column)

           1        2        3        4        5

    1   0.675    0.045    0.171    0.012    0.097
    2   0.023    0.977    0.000    0.000    0.000
    3   0.050    0.000    0.906    0.010    0.033
    4   0.034    0.001    0.195    0.612    0.157
    5   0.012    0.000    0.006    0.054    0.927


Classification Probabilities for the Most Likely Latent Class Membership (Column)
by Latent Class (Row)

           1        2        3        4        5

    1   0.217    0.003    0.701    0.049    0.030
    2   0.108    0.878    0.000    0.014    0.000
    3   0.004    0.000    0.973    0.022    0.001
    4   0.003    0.000    0.124    0.757    0.116
    5   0.010    0.000    0.152    0.075    0.762


Logits for the Classification Probabilities for the Most Likely Latent Class Membership (Column)
by Latent Class (Row)

              1        2        3        4        5

    1      1.969   -2.405    3.144    0.488    0.000
    2     11.592   13.685    0.000    9.538    0.000
    3      1.231   -7.119    6.669    2.858    0.000
    4     -3.564  -11.661    0.063    1.876    0.000
    5     -4.295  -13.544   -1.611   -2.317    0.000


MODEL RESULTS

                                                    Two-Tailed
                    Estimate       S.E.  Est./S.E.    P-Value

Latent Class 1

 Thresholds
    P_RULE_S$1         2.790      1.642      1.699      0.089
    P_USE_SM$1         2.322      0.661      3.513      0.000
    P_KNOW$1           0.730      0.743      0.983      0.325
    P_RULE_B$1        15.000      0.000    999.000    999.000
    P_USE_B$1         -0.278      0.998     -0.278      0.781

Latent Class 2

 Thresholds
    P_RULE_S$1        -0.681      0.457     -1.492      0.136
    P_USE_SM$1       -15.000      0.000    999.000    999.000
    P_KNOW$1           2.461      0.715      3.442      0.001
    P_RULE_B$1        -0.726      0.434     -1.671      0.095
    P_USE_B$1         -4.255     67.955     -0.063      0.950

Latent Class 3

 Thresholds
    P_RULE_S$1         3.761      2.678      1.404      0.160
    P_USE_SM$1         8.597     55.119      0.156      0.876
    P_KNOW$1           2.441      0.117     20.909      0.000
    P_RULE_B$1        15.000      0.000    999.000    999.000
    P_USE_B$1          2.855      0.464      6.160      0.000

Latent Class 4

 Thresholds
    P_RULE_S$1        -1.590      4.583     -0.347      0.729
    P_USE_SM$1         1.544      1.011      1.528      0.127
    P_KNOW$1           1.915      0.540      3.544      0.000
    P_RULE_B$1         1.812      1.879      0.965      0.335
    P_USE_B$1         15.000      0.000    999.000    999.000

Latent Class 5

 Thresholds
    P_RULE_S$1         0.091      0.181      0.505      0.614
    P_USE_SM$1        15.000      0.000    999.000    999.000
    P_KNOW$1           1.860      0.119     15.659      0.000
    P_RULE_B$1        -0.813      0.436     -1.864      0.062
    P_USE_B$1          0.058      0.449      0.129      0.897

Categorical Latent Variables

 Means
    C#1               -1.098      0.960     -1.144      0.252
    C#2               -3.105      0.846     -3.669      0.000
    C#3                1.463      0.144     10.175      0.000
    C#4               -0.953      2.029     -0.470      0.638


QUALITY OF NUMERICAL RESULTS

     Condition Number for the Information Matrix              0.301E-06
       (ratio of smallest to largest eigenvalue)


RESULTS IN PROBABILITY SCALE

                                                    Two-Tailed
                    Estimate       S.E.  Est./S.E.    P-Value

Latent Class 1

 P_RULE_SM
    Category 1         0.942      0.090     10.523      0.000
    Category 2         0.058      0.090      0.646      0.518
 P_USE_SM
    Category 1         0.911      0.054     16.936      0.000
    Category 2         0.089      0.054      1.661      0.097
 P_KNOW
    Category 1         0.675      0.163      4.142      0.000
    Category 2         0.325      0.163      1.995      0.046
 P_RULE_B
    Category 1         1.000      0.000      0.000      1.000
    Category 2         0.000      0.000      0.000      1.000
 P_USE_B
    Category 1         0.431      0.245      1.761      0.078
    Category 2         0.569      0.245      2.325      0.020

Latent Class 2

 P_RULE_SM
    Category 1         0.336      0.102      3.299      0.001
    Category 2         0.664      0.102      6.518      0.000
 P_USE_SM
    Category 1         0.000      0.000      0.000      1.000
    Category 2         1.000      0.000      0.000      1.000
 P_KNOW
    Category 1         0.921      0.052     17.786      0.000
    Category 2         0.079      0.052      1.518      0.129
 P_RULE_B
    Category 1         0.326      0.095      3.417      0.001
    Category 2         0.674      0.095      7.061      0.000
 P_USE_B
    Category 1         0.014      0.938      0.015      0.988
    Category 2         0.986      0.938      1.051      0.293

Latent Class 3

 P_RULE_SM
    Category 1         0.977      0.059     16.428      0.000
    Category 2         0.023      0.059      0.382      0.702
 P_USE_SM
    Category 1         1.000      0.010     98.260      0.000
    Category 2         0.000      0.010      0.018      0.986
 P_KNOW
    Category 1         0.920      0.009    106.951      0.000
    Category 2         0.080      0.009      9.310      0.000
 P_RULE_B
    Category 1         1.000      0.000      0.000      1.000
    Category 2         0.000      0.000      0.000      1.000
 P_USE_B
    Category 1         0.946      0.024     39.653      0.000
    Category 2         0.054      0.024      2.281      0.023

Latent Class 4

 P_RULE_SM
    Category 1         0.169      0.645      0.263      0.793
    Category 2         0.831      0.645      1.288      0.198
 P_USE_SM
    Category 1         0.824      0.147      5.623      0.000
    Category 2         0.176      0.147      1.201      0.230
 P_KNOW
    Category 1         0.872      0.060     14.414      0.000
    Category 2         0.128      0.060      2.123      0.034
 P_RULE_B
    Category 1         0.860      0.227      3.793      0.000
    Category 2         0.140      0.227      0.619      0.536
 P_USE_B
    Category 1         1.000      0.000      0.000      1.000
    Category 2         0.000      0.000      0.000      1.000

Latent Class 5

 P_RULE_SM
    Category 1         0.523      0.045     11.573      0.000
    Category 2         0.477      0.045     10.562      0.000
 P_USE_SM
    Category 1         1.000      0.000      0.000      1.000
    Category 2         0.000      0.000      0.000      1.000
 P_KNOW
    Category 1         0.865      0.014     62.492      0.000
    Category 2         0.135      0.014      9.732      0.000
 P_RULE_B
    Category 1         0.307      0.093      3.310      0.001
    Category 2         0.693      0.093      7.463      0.000
 P_USE_B
    Category 1         0.515      0.112      4.587      0.000
    Category 2         0.485      0.112      4.328      0.000


LATENT CLASS INDICATOR ODDS RATIOS FOR THE LATENT CLASSES

                                                95% C.I.
                    Estimate       S.E.  Lower 2.5% Upper 2.5%

Latent Class 1 Compared to Latent Class 2

 P_RULE_S
    Category > 1       0.031      0.053      0.001      0.882
 P_USE_SM
    Category > 1       0.000      0.000      0.000      0.000
 P_KNOW
    Category > 1       5.645      6.765      0.539     59.132
 P_RULE_B
    Category > 1       0.000      0.000      0.000      0.000
 P_USE_B
    Category > 1       0.019      1.264      0.000  *********

Latent Class 1 Compared to Latent Class 3

 P_RULE_S
    Category > 1       2.641      7.529      0.010    705.094
 P_USE_SM
    Category > 1     531.151  29221.018      0.000  *********
 P_KNOW
    Category > 1       5.534      3.964      1.359     22.532
 P_RULE_B
    Category > 1       1.000      0.000      1.000      1.000
 P_USE_B
    Category > 1      22.943     23.347      3.122    168.593

Latent Class 1 Compared to Latent Class 4

 P_RULE_S
    Category > 1       0.013      0.060      0.000    150.572
 P_USE_SM
    Category > 1       0.459      0.582      0.038      5.511
 P_KNOW
    Category > 1       3.271      2.549      0.710     15.063
 P_RULE_B
    Category > 1       0.000      0.000      0.000      0.000
 P_USE_B
    Category > 1   *********      0.000  *********  *********

Latent Class 1 Compared to Latent Class 5

 P_RULE_S
    Category > 1       0.067      0.110      0.003      1.664
 P_USE_SM
    Category > 1   *********      0.000  *********  *********
 P_KNOW
    Category > 1       3.094      2.378      0.686     13.953
 P_RULE_B
    Category > 1       0.000      0.000      0.000      0.000
 P_USE_B
    Category > 1       1.399      1.236      0.248      7.905

Latent Class 2 Compared to Latent Class 3

 P_RULE_S
    Category > 1      84.951    240.574      0.330  21864.980
 P_USE_SM
    Category > 1   *********  *********      0.000  *********
 P_KNOW
    Category > 1       0.980      0.698      0.243      3.959
 P_RULE_B
    Category > 1   *********      0.000  *********  *********
 P_USE_B
    Category > 1    1224.294  83450.055      0.000  *********

Latent Class 2 Compared to Latent Class 4

 P_RULE_S
    Category > 1       0.403      1.950      0.000   5273.884
 P_USE_SM
    Category > 1   *********      0.000  *********  *********
 P_KNOW
    Category > 1       0.579      0.615      0.072      4.646
 P_RULE_B
    Category > 1      12.656     23.448      0.335    477.962
 P_USE_B
    Category > 1   *********  *********      0.000  *********

Latent Class 2 Compared to Latent Class 5

 P_RULE_S
    Category > 1       2.165      1.197      0.732      6.401
 P_USE_SM
    Category > 1   *********      0.000  *********  *********
 P_KNOW
    Category > 1       0.548      0.380      0.141      2.136
 P_RULE_B
    Category > 1       0.916      0.505      0.311      2.697
 P_USE_B
    Category > 1      74.649   5040.822      0.000  *********

Latent Class 3 Compared to Latent Class 4

 P_RULE_S
    Category > 1       0.005      0.016      0.000      4.129
 P_USE_SM
    Category > 1       0.001      0.047      0.000  *********
 P_KNOW
    Category > 1       0.591      0.337      0.193      1.808
 P_RULE_B
    Category > 1       0.000      0.000      0.000      0.000
 P_USE_B
    Category > 1   *********      0.000  *********  *********

Latent Class 3 Compared to Latent Class 5

 P_RULE_S
    Category > 1       0.025      0.065      0.000      3.680
 P_USE_SM
    Category > 1     603.692  27260.887      0.000  *********
 P_KNOW
    Category > 1       0.559      0.089      0.409      0.764
 P_RULE_B
    Category > 1       0.000      0.000      0.000      0.000
 P_USE_B
    Category > 1       0.061      0.047      0.013      0.276

Latent Class 4 Compared to Latent Class 5

 P_RULE_S
    Category > 1       5.371     23.865      0.001  32533.516
 P_USE_SM
    Category > 1   *********      0.000  *********  *********
 P_KNOW
    Category > 1       0.946      0.566      0.292      3.059
 P_RULE_B
    Category > 1       0.072      0.153      0.001      4.604
 P_USE_B
    Category > 1       0.000      0.000      0.000      0.000


TECHNICAL 11 OUTPUT

     Random Starts Specifications for the k-1 Class Analysis Model
        Number of initial stage random starts                1000
        Number of final stage optimizations                   200



     VUONG-LO-MENDELL-RUBIN LIKELIHOOD RATIO TEST FOR 4 (H0) VERSUS 5 CLASSES

          H0 Loglikelihood Value                       -11470.634
          2 Times the Loglikelihood Difference             19.081
          Difference in the Number of Parameters                6
          Mean                                             47.455
          Standard Deviation                               49.025
          P-Value                                          0.6940

     LO-MENDELL-RUBIN ADJUSTED LRT TEST

          Value                                            18.730
          P-Value                                          0.7000


PLOT INFORMATION

The following plots are available:

  Histograms (sample values)
  Scatterplots (sample values)
  Sample proportions and estimated probabilities

     Beginning Time:  18:02:51
        Ending Time:  18:03:06
       Elapsed Time:  00:00:15


Mplus VERSION 8.11 DEMO has the following limitations:
  Maximum number of dependent variables: 6
  Maximum number of independent variables: 2
  Maximum number of between variables: 2
  Maximum number of continuous latent variables in time series analysis: 2


MUTHEN & MUTHEN
3463 Stoner Ave.
Los Angeles, CA  90066

Tel: (310) 391-9971
Fax: (310) 391-8971
Web: www.StatModel.com
Support: Support@StatModel.com

Copyright (c) 1998-2024 Muthen & Muthen
