Mplus VERSION 8.11 DEMO
MUTHEN & MUTHEN
12/19/2025   6:03 PM

INPUT INSTRUCTIONS

  TITLE:
  Class 6
  DATA:
  FILE = "C:/Users/chens/Desktop/PATHparentLCA/useme_lca/mplus_lca_sm_w/
  lca_sm_w.dat";
  VARIABLE:
  NAMES = caseid p_rule_sm p_use_sm p_know p_rule_b p_use_b c_try_sm dem_gen dem_age
       dem_inc dem_hisp weight;
   MISSING=.;
   categorical = p_rule_sm p_use_sm p_know p_rule_b p_use_b;
  usevar = p_rule_sm p_use_sm p_know p_rule_b p_use_b;
  weight = weight;
  classes = c(6);
  ANALYSIS:
  estimator = mlr;
      type = mixture;
      starts = 1000 200;
      processors = 10;
  OUTPUT:
  tech11 tech14;
  PLOT:
  type = plot3;
       series = p_rule_sm p_use_sm p_know p_rule_b p_use_b(*);



*** WARNING in VARIABLE command
  Note that only the first 8 characters of variable names are used in the output.
  Shorten variable names to avoid any confusion.
*** WARNING in PLOT command
  Note that only the first 8 characters of variable names are used in plots.
  If variable names are not unique within the first 8 characters, problems
  may occur.
*** WARNING in OUTPUT command
  TECH14 option is not available for TYPE=MIXTURE with weights.
  Request for TECH14 is ignored.
   3 WARNING(S) FOUND IN THE INPUT INSTRUCTIONS




Class 6

SUMMARY OF ANALYSIS

Number of groups                                                 1
Number of observations                                        7301

Number of dependent variables                                    5
Number of independent variables                                  0
Number of continuous latent variables                            0
Number of categorical latent variables                           1

Observed dependent variables

  Binary and ordered categorical (ordinal)
   P_RULE_S    P_USE_SM    P_KNOW      P_RULE_B    P_USE_B

Categorical latent variables
   C

Variables with special functions

  Weight variable       WEIGHT

Estimator                                                      MLR
Information matrix                                        OBSERVED
Optimization Specifications for the Quasi-Newton Algorithm for
Continuous Outcomes
  Maximum number of iterations                                 100
  Convergence criterion                                  0.100D-05
Optimization Specifications for the EM Algorithm
  Maximum number of iterations                                 500
  Convergence criteria
    Loglikelihood change                                 0.100D-06
    Relative loglikelihood change                        0.100D-06
    Derivative                                           0.100D-05
Optimization Specifications for the M step of the EM Algorithm for
Categorical Latent variables
  Number of M step iterations                                    1
  M step convergence criterion                           0.100D-05
  Basis for M step termination                           ITERATION
Optimization Specifications for the M step of the EM Algorithm for
Censored, Binary or Ordered Categorical (Ordinal), Unordered
Categorical (Nominal) and Count Outcomes
  Number of M step iterations                                    1
  M step convergence criterion                           0.100D-05
  Basis for M step termination                           ITERATION
  Maximum value for logit thresholds                            15
  Minimum value for logit thresholds                           -15
  Minimum expected cell size for chi-square              0.100D-01
Maximum number of iterations for H1                           2000
Convergence criterion for H1                             0.100D-03
Optimization algorithm                                         EMA
Random Starts Specifications
  Number of initial stage random starts                       1000
  Number of final stage optimizations                          200
  Number of initial stage iterations                            10
  Initial stage convergence criterion                    0.100D+01
  Random starts scale                                    0.500D+01
  Random seed for generating random starts                       0
Link                                                         LOGIT

Input data file(s)
  C:/Users/chens/Desktop/PATHparentLCA/useme_lca/mplus_lca_sm_w/lca_sm_w.dat
Input data format  FREE


SUMMARY OF DATA

     Number of missing data patterns             5
     Number of y missing data patterns           0
     Number of u missing data patterns           5


COVARIANCE COVERAGE OF DATA

Minimum covariance coverage value   0.100


     PROPORTION OF DATA PRESENT FOR U


           Covariance Coverage
              P_RULE_S      P_USE_SM      P_KNOW        P_RULE_B      P_USE_B
              ________      ________      ________      ________      ________
 P_RULE_S       0.995
 P_USE_SM       0.995         1.000
 P_KNOW         0.984         0.990         0.990
 P_RULE_B       0.995         0.996         0.986         0.996
 P_USE_B        0.995         1.000         0.990         0.996         1.000


UNIVARIATE PROPORTIONS AND COUNTS FOR CATEGORICAL VARIABLES

    P_RULE_S
      Category 1    0.845         6136.811
      Category 2    0.155         1126.803
    P_USE_SM
      Category 1    0.976         7129.100
      Category 2    0.024          171.900
    P_KNOW
      Category 1    0.894         6462.369
      Category 2    0.106          762.434
    P_RULE_B
      Category 1    0.872         6343.601
      Category 2    0.128          930.094
    P_USE_B
      Category 1    0.843         6155.619
      Category 2    0.157         1145.381


RANDOM STARTS RESULTS RANKED FROM THE BEST TO THE WORST LOGLIKELIHOOD VALUES

Final stage loglikelihood values at local maxima, seeds, and initial stage start numbers:

          -11459.614  392766           331
          -11459.614  347222           533
          -11459.615  700846           867
          -11459.628  576220           115
          -11459.652  961454           665
          -11459.696  438144           271
          -11459.869  618760           489
          -11459.880  247912           537
          -11459.887  699554           427
          -11459.999  822698           621
          -11459.999  484406           421
          -11460.001  915642           40
          -11460.018  802928           892
          -11460.042  518828           432
          -11460.042  377504           294
          -11460.061  679615           942
          -11460.061  710154           831
          -11460.062  788796           145
          -11460.062  443442           380
          -11460.062  830570           369
          -11460.099  686482           215
          -11460.099  168762           200
          -11460.112  722748           346
          -11460.148  70118            104
          -11460.306  691041           590
          -11460.346  789528           837
          -11460.466  425149           878
          -11460.532  829540           324
          -11460.536  318230           46
          -11460.835  39136            226
          -11460.857  682718           733
          -11460.863  957392           79
          -11460.875  926762           704
          -11460.875  475419           987
          -11460.961  130011           587
          -11461.176  667250           318
          -11461.380  588923           606
          -11461.507  366706           29
          -11462.462  798821           423
          -11462.599  948615           140
          -11463.318  608460           244
          -11463.348  152496           123
          -11463.359  692169           308
          -11463.454  576596           99
          -11463.510  749453           33
          -11463.557  7959             256
          -11463.897  418686           338
          -11464.975  645664           39

152 perturbed starting value run(s) did not converge or were rejected in the third stage.



THE BEST LOGLIKELIHOOD VALUE HAS BEEN REPLICATED.  RERUN WITH AT LEAST TWICE THE
RANDOM STARTS TO CHECK THAT THE BEST LOGLIKELIHOOD IS STILL OBTAINED AND REPLICATED.

     IN THE OPTIMIZATION, ONE OR MORE LOGIT THRESHOLDS APPROACHED EXTREME VALUES
     OF -15.000 AND 15.000 AND WERE FIXED TO STABILIZE MODEL ESTIMATION.  THESE
     VALUES IMPLY PROBABILITIES OF 0 AND 1.  IN THE MODEL RESULTS SECTION, THESE
     PARAMETERS HAVE 0 STANDARD ERRORS AND 999 IN THE Z-SCORE AND P-VALUE COLUMNS.




THE MODEL ESTIMATION TERMINATED NORMALLY



MODEL FIT INFORMATION

Number of Free Parameters                       35

Loglikelihood

          H0 Value                      -11459.614
          H0 Scaling Correction Factor      1.0727
            for MLR

Information Criteria

          Akaike (AIC)                   22989.227
          Bayesian (BIC)                 23230.579
          Sample-Size Adjusted BIC       23119.357
            (n* = (n + 2) / 24)

Chi-Square Test of Model Fit for the Binary and Ordered Categorical
(Ordinal) Outcomes

          Pearson Chi-Square

          Value                              2.198
          Degrees of freedom cannot be computed for this model part.

          Likelihood Ratio Chi-Square

          Value                              1.915
          Degrees of freedom cannot be computed for this model part.

Chi-Square Test for MCAR under the Unrestricted Latent Class Indicator Model

          Pearson Chi-Square

          Value                             49.657
          Degrees of Freedom                    52
          P-Value                           0.5666

          Likelihood Ratio Chi-Square

          Value                             38.058
          Degrees of Freedom                    52
          P-Value                           0.9259



FINAL CLASS COUNTS AND PROPORTIONS FOR THE LATENT CLASSES
BASED ON THE ESTIMATED MODEL

    Latent
   Classes

       1       1149.18477          0.15740
       2        482.53764          0.06609
       3        235.04202          0.03219
       4         49.49270          0.00678
       5       5239.35322          0.71762
       6        145.38964          0.01991


FINAL CLASS COUNTS AND PROPORTIONS FOR THE LATENT CLASSES
BASED ON ESTIMATED POSTERIOR PROBABILITIES

    Latent
   Classes

       1       1149.18477          0.15740
       2        482.53764          0.06609
       3        235.04202          0.03219
       4         49.49270          0.00678
       5       5239.35322          0.71762
       6        145.38964          0.01991


FINAL CLASS COUNTS AND PROPORTIONS FOR THE LATENT CLASSES
BASED ON THEIR MOST LIKELY LATENT CLASS MEMBERSHIP

Class Counts and Proportions

    Latent
   Classes

       1              988          0.13531
       2              488          0.06688
       3              126          0.01722
       4               48          0.00662
       5             5541          0.75893
       6              110          0.01505


CLASSIFICATION QUALITY

     Entropy                         0.792


Average Latent Class Probabilities for Most Likely Latent Class Membership (Row)
by Latent Class (Column)

           1        2        3        4        5        6

    1   0.872    0.090    0.023    0.000    0.014    0.002
    2   0.137    0.491    0.000    0.009    0.361    0.002
    3   0.134    0.000    0.710    0.000    0.145    0.011
    4   0.000    0.068    0.000    0.930    0.001    0.002
    5   0.035    0.027    0.022    0.000    0.905    0.011
    6   0.106    0.000    0.000    0.003    0.146    0.745


Classification Probabilities for the Most Likely Latent Class Membership (Column)
by Latent Class (Row)

           1        2        3        4        5        6

    1   0.749    0.058    0.015    0.000    0.168    0.010
    2   0.184    0.497    0.000    0.007    0.312    0.000
    3   0.097    0.000    0.380    0.000    0.524    0.000
    4   0.000    0.084    0.000    0.908    0.000    0.008
    5   0.003    0.034    0.003    0.000    0.957    0.003
    6   0.010    0.007    0.009    0.001    0.410    0.563


Logits for the Classification Probabilities for the Most Likely Latent Class Membership (Column)
by Latent Class (Row)

              1        2        3        4        5        6

    1      4.301    1.745    0.370   -9.226    2.803    0.000
    2     12.124   13.117    0.000    8.821   12.651    0.000
    3     11.478    0.000   12.847    0.000   13.169    0.000
    4     -8.951    2.393   -8.951    4.767   -8.951    0.000
    5     -0.167    2.400    0.128   -6.445    5.747    0.000
    6     -4.006   -4.427   -4.109   -6.705   -0.315    0.000


MODEL RESULTS

                                                    Two-Tailed
                    Estimate       S.E.  Est./S.E.    P-Value

Latent Class 1

 Thresholds
    P_RULE_S$1        -0.178      0.243     -0.733      0.464
    P_USE_SM$1        15.000      0.000    999.000    999.000
    P_KNOW$1           1.732      0.146     11.903      0.000
    P_RULE_B$1        -0.705      0.239     -2.949      0.003
    P_USE_B$1          0.188      0.191      0.981      0.327

Latent Class 2

 Thresholds
    P_RULE_S$1        15.000      0.000    999.000    999.000
    P_USE_SM$1         2.794      1.248      2.239      0.025
    P_KNOW$1          15.000      0.000    999.000    999.000
    P_RULE_B$1         1.412      1.311      1.077      0.281
    P_USE_B$1         -0.458      1.377     -0.332      0.740

Latent Class 3

 Thresholds
    P_RULE_S$1       -15.000      0.000    999.000    999.000
    P_USE_SM$1         0.894      1.342      0.666      0.505
    P_KNOW$1           1.760      0.426      4.135      0.000
    P_RULE_B$1         1.852      0.443      4.178      0.000
    P_USE_B$1         15.000      0.000    999.000    999.000

Latent Class 4

 Thresholds
    P_RULE_S$1        -1.003      0.653     -1.534      0.125
    P_USE_SM$1       -15.000      0.000    999.000    999.000
    P_KNOW$1           2.352      0.558      4.217      0.000
    P_RULE_B$1        -0.646      0.363     -1.778      0.075
    P_USE_B$1        -15.000      0.000    999.000    999.000

Latent Class 5

 Thresholds
    P_RULE_S$1         3.065      0.832      3.683      0.000
    P_USE_SM$1         5.880      0.979      6.004      0.000
    P_KNOW$1           2.457      0.135     18.255      0.000
    P_RULE_B$1         7.087     20.855      0.340      0.734
    P_USE_B$1          3.225      1.620      1.991      0.046

Latent Class 6

 Thresholds
    P_RULE_S$1         3.880      3.548      1.094      0.274
    P_USE_SM$1         2.430      0.614      3.957      0.000
    P_KNOW$1         -15.000      0.000    999.000    999.000
    P_RULE_B$1        15.000      0.000    999.000    999.000
    P_USE_B$1         -0.177      0.727     -0.244      0.807

Categorical Latent Variables

 Means
    C#1                2.067      0.464      4.452      0.000
    C#2                1.200      1.100      1.091      0.275
    C#3                0.480      1.167      0.412      0.681
    C#4               -1.078      0.482     -2.236      0.025
    C#5                3.585      0.617      5.810      0.000


QUALITY OF NUMERICAL RESULTS

     Condition Number for the Information Matrix              0.786E-06
       (ratio of smallest to largest eigenvalue)


RESULTS IN PROBABILITY SCALE

                                                    Two-Tailed
                    Estimate       S.E.  Est./S.E.    P-Value

Latent Class 1

 P_RULE_SM
    Category 1         0.456      0.060      7.556      0.000
    Category 2         0.544      0.060      9.030      0.000
 P_USE_SM
    Category 1         1.000      0.000      0.000      1.000
    Category 2         0.000      0.000      0.000      1.000
 P_KNOW
    Category 1         0.850      0.019     45.713      0.000
    Category 2         0.150      0.019      8.088      0.000
 P_RULE_B
    Category 1         0.331      0.053      6.244      0.000
    Category 2         0.669      0.053     12.643      0.000
 P_USE_B
    Category 1         0.547      0.047     11.527      0.000
    Category 2         0.453      0.047      9.554      0.000

Latent Class 2

 P_RULE_SM
    Category 1         1.000      0.000      0.000      1.000
    Category 2         0.000      0.000      0.000      1.000
 P_USE_SM
    Category 1         0.942      0.068     13.903      0.000
    Category 2         0.058      0.068      0.850      0.395
 P_KNOW
    Category 1         1.000      0.000      0.000      1.000
    Category 2         0.000      0.000      0.000      1.000
 P_RULE_B
    Category 1         0.804      0.206      3.895      0.000
    Category 2         0.196      0.206      0.949      0.343
 P_USE_B
    Category 1         0.388      0.327      1.186      0.236
    Category 2         0.612      0.327      1.874      0.061

Latent Class 3

 P_RULE_SM
    Category 1         0.000      0.000      0.000      1.000
    Category 2         1.000      0.000      0.000      1.000
 P_USE_SM
    Category 1         0.710      0.276      2.567      0.010
    Category 2         0.290      0.276      1.050      0.294
 P_KNOW
    Category 1         0.853      0.053     16.004      0.000
    Category 2         0.147      0.053      2.753      0.006
 P_RULE_B
    Category 1         0.864      0.052     16.632      0.000
    Category 2         0.136      0.052      2.610      0.009
 P_USE_B
    Category 1         1.000      0.000      0.000      1.000
    Category 2         0.000      0.000      0.000      1.000

Latent Class 4

 P_RULE_SM
    Category 1         0.268      0.128      2.092      0.036
    Category 2         0.732      0.128      5.700      0.000
 P_USE_SM
    Category 1         0.000      0.000      0.000      1.000
    Category 2         1.000      0.000      0.000      1.000
 P_KNOW
    Category 1         0.913      0.044     20.631      0.000
    Category 2         0.087      0.044      1.964      0.050
 P_RULE_B
    Category 1         0.344      0.082      4.193      0.000
    Category 2         0.656      0.082      8.001      0.000
 P_USE_B
    Category 1         0.000      0.000      0.000      1.000
    Category 2         1.000      0.000      0.000      1.000

Latent Class 5

 P_RULE_SM
    Category 1         0.955      0.035     26.950      0.000
    Category 2         0.045      0.035      1.258      0.208
 P_USE_SM
    Category 1         0.997      0.003    366.321      0.000
    Category 2         0.003      0.003      1.024      0.306
 P_KNOW
    Category 1         0.921      0.010     94.122      0.000
    Category 2         0.079      0.010      8.067      0.000
 P_RULE_B
    Category 1         0.999      0.017     57.420      0.000
    Category 2         0.001      0.017      0.048      0.962
 P_USE_B
    Category 1         0.962      0.060     16.141      0.000
    Category 2         0.038      0.060      0.642      0.521

Latent Class 6

 P_RULE_SM
    Category 1         0.980      0.070     13.935      0.000
    Category 2         0.020      0.070      0.288      0.774
 P_USE_SM
    Category 1         0.919      0.046     20.121      0.000
    Category 2         0.081      0.046      1.772      0.076
 P_KNOW
    Category 1         0.000      0.000      0.000      1.000
    Category 2         1.000      0.000      0.000      1.000
 P_RULE_B
    Category 1         1.000      0.000      0.000      1.000
    Category 2         0.000      0.000      0.000      1.000
 P_USE_B
    Category 1         0.456      0.180      2.528      0.011
    Category 2         0.544      0.180      3.018      0.003


LATENT CLASS INDICATOR ODDS RATIOS FOR THE LATENT CLASSES

                                                95% C.I.
                    Estimate       S.E.  Lower 2.5% Upper 2.5%

Latent Class 1 Compared to Latent Class 2

 P_RULE_S
    Category > 1   *********      0.000  *********  *********
 P_USE_SM
    Category > 1       0.000      0.000      0.000      0.000
 P_KNOW
    Category > 1   *********      0.000  *********  *********
 P_RULE_B
    Category > 1       8.313      9.920      0.802     86.205
 P_USE_B
    Category > 1       0.524      0.696      0.039      7.066

Latent Class 1 Compared to Latent Class 3

 P_RULE_S
    Category > 1       0.000      0.000      0.000      0.000
 P_USE_SM
    Category > 1       0.000      0.000      0.000      0.000
 P_KNOW
    Category > 1       1.029      0.489      0.405      2.610
 P_RULE_B
    Category > 1      12.901      6.457      4.837     34.406
 P_USE_B
    Category > 1   *********      0.000  *********  *********

Latent Class 1 Compared to Latent Class 4

 P_RULE_S
    Category > 1       0.439      0.281      0.125      1.538
 P_USE_SM
    Category > 1       0.000      0.000      0.000      0.000
 P_KNOW
    Category > 1       1.859      1.046      0.617      5.602
 P_RULE_B
    Category > 1       1.061      0.465      0.449      2.505
 P_USE_B
    Category > 1       0.000      0.000      0.000      0.000

Latent Class 1 Compared to Latent Class 5

 P_RULE_S
    Category > 1      25.605     22.473      4.584    143.028
 P_USE_SM
    Category > 1       0.000      0.000      0.000      0.000
 P_KNOW
    Category > 1       2.064      0.414      1.393      3.059
 P_RULE_B
    Category > 1    2422.506  50384.363      0.000  *********
 P_USE_B
    Category > 1      20.838     32.929      0.941    461.299

Latent Class 1 Compared to Latent Class 6

 P_RULE_S
    Category > 1      57.886    209.438      0.048  69560.484
 P_USE_SM
    Category > 1       0.000      0.000      0.000      0.000
 P_KNOW
    Category > 1       0.000      0.000      0.000      0.000
 P_RULE_B
    Category > 1   *********      0.000  *********  *********
 P_USE_B
    Category > 1       0.694      0.517      0.161      2.992

Latent Class 2 Compared to Latent Class 3

 P_RULE_S
    Category > 1       0.000      0.000      0.000      0.000
 P_USE_SM
    Category > 1       0.150      0.306      0.003      8.283
 P_KNOW
    Category > 1       0.000      0.000      0.000      0.000
 P_RULE_B
    Category > 1       1.552      2.093      0.110     21.814
 P_USE_B
    Category > 1   *********      0.000  *********  *********

Latent Class 2 Compared to Latent Class 4

 P_RULE_S
    Category > 1       0.000      0.000      0.000      0.000
 P_USE_SM
    Category > 1       0.000      0.000      0.000      0.000
 P_KNOW
    Category > 1       0.000      0.000      0.000      0.000
 P_RULE_B
    Category > 1       0.128      0.176      0.008      1.919
 P_USE_B
    Category > 1       0.000      0.000      0.000      0.000

Latent Class 2 Compared to Latent Class 5

 P_RULE_S
    Category > 1       0.000      0.000      0.000      0.000
 P_USE_SM
    Category > 1      21.881     21.907      3.075    155.699
 P_KNOW
    Category > 1       0.000      0.000      0.000      0.000
 P_RULE_B
    Category > 1     291.408   5815.016      0.000  *********
 P_USE_B
    Category > 1      39.739     47.897      3.743    421.864

Latent Class 2 Compared to Latent Class 6

 P_RULE_S
    Category > 1       0.000      0.000      0.000      0.000
 P_USE_SM
    Category > 1       0.695      0.758      0.082      5.891
 P_KNOW
    Category > 1       0.000      0.000      0.000      0.000
 P_RULE_B
    Category > 1   *********      0.000  *********  *********
 P_USE_B
    Category > 1       1.324      1.831      0.088     19.906

Latent Class 3 Compared to Latent Class 4

 P_RULE_S
    Category > 1   *********      0.000  *********  *********
 P_USE_SM
    Category > 1       0.000      0.000      0.000      0.000
 P_KNOW
    Category > 1       1.807      1.291      0.446      7.328
 P_RULE_B
    Category > 1       0.082      0.047      0.027      0.253
 P_USE_B
    Category > 1       0.000      0.000      0.000      0.000

Latent Class 3 Compared to Latent Class 5

 P_RULE_S
    Category > 1   *********      0.000  *********  *********
 P_USE_SM
    Category > 1     146.313    268.228      4.025   5318.361
 P_KNOW
    Category > 1       2.007      0.887      0.844      4.773
 P_RULE_B
    Category > 1     187.780   3899.246      0.000  *********
 P_USE_B
    Category > 1       0.000      0.000      0.000      0.000

Latent Class 3 Compared to Latent Class 6

 P_RULE_S
    Category > 1   *********      0.000  *********  *********
 P_USE_SM
    Category > 1       4.645      7.118      0.230     93.653
 P_KNOW
    Category > 1       0.000      0.000      0.000      0.000
 P_RULE_B
    Category > 1   *********      0.000  *********  *********
 P_USE_B
    Category > 1       0.000      0.000      0.000      0.000

Latent Class 4 Compared to Latent Class 5

 P_RULE_S
    Category > 1      58.389     66.061      6.357    536.272
 P_USE_SM
    Category > 1   *********      0.000  *********  *********
 P_KNOW
    Category > 1       1.111      0.644      0.356      3.463
 P_RULE_B
    Category > 1    2283.216  47625.402      0.000  *********
 P_USE_B
    Category > 1   *********      0.000  *********  *********

Latent Class 4 Compared to Latent Class 6

 P_RULE_S
    Category > 1     132.002    474.539      0.115  *********
 P_USE_SM
    Category > 1   *********      0.000  *********  *********
 P_KNOW
    Category > 1       0.000      0.000      0.000      0.000
 P_RULE_B
    Category > 1   *********      0.000  *********  *********
 P_USE_B
    Category > 1   *********      0.000  *********  *********

Latent Class 5 Compared to Latent Class 6

 P_RULE_S
    Category > 1       2.261      7.661      0.003   1732.836
 P_USE_SM
    Category > 1       0.032      0.030      0.005      0.207
 P_KNOW
    Category > 1       0.000      0.000      0.000      0.000
 P_RULE_B
    Category > 1    2732.150      0.000   2732.150   2732.150
 P_USE_B
    Category > 1       0.033      0.055      0.001      0.854


TECHNICAL 11 OUTPUT

     Random Starts Specifications for the k-1 Class Analysis Model
        Number of initial stage random starts                1000
        Number of final stage optimizations                   200



     VUONG-LO-MENDELL-RUBIN LIKELIHOOD RATIO TEST FOR 5 (H0) VERSUS 6 CLASSES

          H0 Loglikelihood Value                       -11461.094
          2 Times the Loglikelihood Difference              2.960
          Difference in the Number of Parameters                6
          Mean                                              3.102
          Standard Deviation                               18.695
          P-Value                                          0.5192

     LO-MENDELL-RUBIN ADJUSTED LRT TEST

          Value                                             2.906
          P-Value                                          0.5209


PLOT INFORMATION

The following plots are available:

  Histograms (sample values)
  Scatterplots (sample values)
  Sample proportions and estimated probabilities

     Beginning Time:  18:03:07
        Ending Time:  18:03:24
       Elapsed Time:  00:00:17


Mplus VERSION 8.11 DEMO has the following limitations:
  Maximum number of dependent variables: 6
  Maximum number of independent variables: 2
  Maximum number of between variables: 2
  Maximum number of continuous latent variables in time series analysis: 2


MUTHEN & MUTHEN
3463 Stoner Ave.
Los Angeles, CA  90066

Tel: (310) 391-9971
Fax: (310) 391-8971
Web: www.StatModel.com
Support: Support@StatModel.com

Copyright (c) 1998-2024 Muthen & Muthen
