Mplus VERSION 8.11 DEMO
MUTHEN & MUTHEN
12/19/2025   6:03 PM

INPUT INSTRUCTIONS

  TITLE:
  Class 7
  DATA:
  FILE = "C:/Users/chens/Desktop/PATHparentLCA/useme_lca/mplus_lca_sm_w/
  lca_sm_w.dat";
  VARIABLE:
  NAMES = caseid p_rule_sm p_use_sm p_know p_rule_b p_use_b c_try_sm dem_gen dem_age
       dem_inc dem_hisp weight;
   MISSING=.;
   categorical = p_rule_sm p_use_sm p_know p_rule_b p_use_b;
  usevar = p_rule_sm p_use_sm p_know p_rule_b p_use_b;
  weight = weight;
  classes = c(7);
  ANALYSIS:
  estimator = mlr;
      type = mixture;
      starts = 1000 200;
      processors = 10;
  OUTPUT:
  tech11 tech14;
  PLOT:
  type = plot3;
       series = p_rule_sm p_use_sm p_know p_rule_b p_use_b(*);



*** WARNING in VARIABLE command
  Note that only the first 8 characters of variable names are used in the output.
  Shorten variable names to avoid any confusion.
*** WARNING in PLOT command
  Note that only the first 8 characters of variable names are used in plots.
  If variable names are not unique within the first 8 characters, problems
  may occur.
*** WARNING in OUTPUT command
  TECH14 option is not available for TYPE=MIXTURE with weights.
  Request for TECH14 is ignored.
   3 WARNING(S) FOUND IN THE INPUT INSTRUCTIONS




Class 7

SUMMARY OF ANALYSIS

Number of groups                                                 1
Number of observations                                        7301

Number of dependent variables                                    5
Number of independent variables                                  0
Number of continuous latent variables                            0
Number of categorical latent variables                           1

Observed dependent variables

  Binary and ordered categorical (ordinal)
   P_RULE_S    P_USE_SM    P_KNOW      P_RULE_B    P_USE_B

Categorical latent variables
   C

Variables with special functions

  Weight variable       WEIGHT

Estimator                                                      MLR
Information matrix                                        OBSERVED
Optimization Specifications for the Quasi-Newton Algorithm for
Continuous Outcomes
  Maximum number of iterations                                 100
  Convergence criterion                                  0.100D-05
Optimization Specifications for the EM Algorithm
  Maximum number of iterations                                 500
  Convergence criteria
    Loglikelihood change                                 0.100D-06
    Relative loglikelihood change                        0.100D-06
    Derivative                                           0.100D-05
Optimization Specifications for the M step of the EM Algorithm for
Categorical Latent variables
  Number of M step iterations                                    1
  M step convergence criterion                           0.100D-05
  Basis for M step termination                           ITERATION
Optimization Specifications for the M step of the EM Algorithm for
Censored, Binary or Ordered Categorical (Ordinal), Unordered
Categorical (Nominal) and Count Outcomes
  Number of M step iterations                                    1
  M step convergence criterion                           0.100D-05
  Basis for M step termination                           ITERATION
  Maximum value for logit thresholds                            15
  Minimum value for logit thresholds                           -15
  Minimum expected cell size for chi-square              0.100D-01
Maximum number of iterations for H1                           2000
Convergence criterion for H1                             0.100D-03
Optimization algorithm                                         EMA
Random Starts Specifications
  Number of initial stage random starts                       1000
  Number of final stage optimizations                          200
  Number of initial stage iterations                            10
  Initial stage convergence criterion                    0.100D+01
  Random starts scale                                    0.500D+01
  Random seed for generating random starts                       0
Link                                                         LOGIT

Input data file(s)
  C:/Users/chens/Desktop/PATHparentLCA/useme_lca/mplus_lca_sm_w/lca_sm_w.dat
Input data format  FREE


SUMMARY OF DATA

     Number of missing data patterns             5
     Number of y missing data patterns           0
     Number of u missing data patterns           5


COVARIANCE COVERAGE OF DATA

Minimum covariance coverage value   0.100


     PROPORTION OF DATA PRESENT FOR U


           Covariance Coverage
              P_RULE_S      P_USE_SM      P_KNOW        P_RULE_B      P_USE_B
              ________      ________      ________      ________      ________
 P_RULE_S       0.995
 P_USE_SM       0.995         1.000
 P_KNOW         0.984         0.990         0.990
 P_RULE_B       0.995         0.996         0.986         0.996
 P_USE_B        0.995         1.000         0.990         0.996         1.000


UNIVARIATE PROPORTIONS AND COUNTS FOR CATEGORICAL VARIABLES

    P_RULE_S
      Category 1    0.845         6136.811
      Category 2    0.155         1126.803
    P_USE_SM
      Category 1    0.976         7129.100
      Category 2    0.024          171.900
    P_KNOW
      Category 1    0.894         6462.369
      Category 2    0.106          762.434
    P_RULE_B
      Category 1    0.872         6343.601
      Category 2    0.128          930.094
    P_USE_B
      Category 1    0.843         6155.619
      Category 2    0.157         1145.381


RANDOM STARTS RESULTS RANKED FROM THE BEST TO THE WORST LOGLIKELIHOOD VALUES

Final stage loglikelihood values at local maxima, seeds, and initial stage start numbers:

          -11458.539  407108           366
          -11458.545  610181           711
          -11458.546  848331           137
          -11458.547  891347           504
          -11458.547  195873           6
          -11458.549  822698           621
          -11458.552  314034           513
          -11458.553  569131           26
          -11458.660  804104           566
          -11458.667  136842           58
          -11458.667  320494           465
          -11458.705  321390           133
          -11458.708  856536           144
          -11458.708  327927           908
          -11458.714  967902           52
          -11458.722  508445           946
          -11458.731  97158            205
          -11458.734  436892           565
          -11458.735  296162           856
          -11458.745  622860           259
          -11458.745  699554           427
          -11458.745  436806           883
          -11458.897  40340            188
          -11458.897  789528           837
          -11458.960  679615           942
          -11458.974  202790           198
          -11459.468  366706           29
          -11459.502  76451            211
          -11459.557  602032           648
          -11459.584  392766           331
          -11459.604  682718           733
          -11459.644  317868           740
          -11459.712  404510           442
          -11459.712  987560           985
          -11459.752  603842           61
          -11459.755  39136            226
          -11459.830  351807           617
          -11459.941  565819           65
          -11460.032  836066           372
          -11460.467  153053           378
          -11460.858  342019           301
          -11461.710  124999           96
          -11462.711  948615           140

157 perturbed starting value run(s) did not converge or were rejected in the third stage.



THE BEST LOGLIKELIHOOD VALUE HAS BEEN REPLICATED.  RERUN WITH AT LEAST TWICE THE
RANDOM STARTS TO CHECK THAT THE BEST LOGLIKELIHOOD IS STILL OBTAINED AND REPLICATED.

     IN THE OPTIMIZATION, ONE OR MORE LOGIT THRESHOLDS APPROACHED EXTREME VALUES
     OF -15.000 AND 15.000 AND WERE FIXED TO STABILIZE MODEL ESTIMATION.  THESE
     VALUES IMPLY PROBABILITIES OF 0 AND 1.  IN THE MODEL RESULTS SECTION, THESE
     PARAMETERS HAVE 0 STANDARD ERRORS AND 999 IN THE Z-SCORE AND P-VALUE COLUMNS.

     THE STANDARD ERRORS OF THE MODEL PARAMETER ESTIMATES MAY NOT BE
     TRUSTWORTHY FOR SOME PARAMETERS DUE TO A NON-POSITIVE DEFINITE
     FIRST-ORDER DERIVATIVE PRODUCT MATRIX.  THIS MAY BE DUE TO THE STARTING
     VALUES BUT MAY ALSO BE AN INDICATION OF MODEL NONIDENTIFICATION.  THE
     CONDITION NUMBER IS       0.464D-11.  PROBLEM INVOLVING THE FOLLOWING PARAMETER:
     Parameter 19, %C#4%: [ P_RULE_B$1 ]

     ONE OR MORE PARAMETERS WERE FIXED TO AVOID SINGULARITY OF THE
     INFORMATION MATRIX. THE SINGULARITY IS MOST LIKELY BECAUSE THE
     MODEL IS NOT IDENTIFIED, OR BECAUSE OF EMPTY CELLS IN THE JOINT
     DISTRIBUTION OF THE CATEGORICAL VARIABLES IN THE MODEL.
     THE FOLLOWING PARAMETERS WERE FIXED:
     Parameter 14, %C#3%: [ P_RULE_B$1 ]
     Parameter 31, %C#7%: [ P_RULE_SM$1 ]
     Parameter 35, %C#7%: [ P_USE_B$1 ]
     Parameter 36, [ C#1 ]
     Parameter 37, [ C#2 ]
     Parameter 38, [ C#3 ]
     Parameter 39, [ C#4 ]
     Parameter 40, [ C#5 ]
     Parameter 41, [ C#6 ]
     Parameter 4, %C#1%: [ P_RULE_B$1 ]




THE MODEL ESTIMATION TERMINATED NORMALLY



MODEL FIT INFORMATION

Number of Free Parameters                       41

Loglikelihood

          H0 Value                      -11458.539
          H0 Scaling Correction Factor      0.7360
            for MLR

Information Criteria

          Akaike (AIC)                   22999.078
          Bayesian (BIC)                 23281.804
          Sample-Size Adjusted BIC       23151.515
            (n* = (n + 2) / 24)

Chi-Square Test of Model Fit for the Binary and Ordered Categorical
(Ordinal) Outcomes

          Pearson Chi-Square

          Value                              0.000
          Degrees of freedom cannot be computed for this model part.

          Likelihood Ratio Chi-Square

          Value                              0.000
          Degrees of freedom cannot be computed for this model part.

Chi-Square Test for MCAR under the Unrestricted Latent Class Indicator Model

          Pearson Chi-Square

          Value                             49.657
          Degrees of Freedom                    52
          P-Value                           0.5666

          Likelihood Ratio Chi-Square

          Value                             38.058
          Degrees of Freedom                    52
          P-Value                           0.9259



FINAL CLASS COUNTS AND PROPORTIONS FOR THE LATENT CLASSES
BASED ON THE ESTIMATED MODEL

    Latent
   Classes

       1        219.24458          0.03003
       2         80.89856          0.01108
       3        542.53315          0.07431
       4       4940.58158          0.67670
       5         56.48656          0.00774
       6        987.70389          0.13528
       7        473.55168          0.06486


FINAL CLASS COUNTS AND PROPORTIONS FOR THE LATENT CLASSES
BASED ON ESTIMATED POSTERIOR PROBABILITIES

    Latent
   Classes

       1        219.24458          0.03003
       2         80.89856          0.01108
       3        542.53315          0.07431
       4       4940.58158          0.67670
       5         56.48656          0.00774
       6        987.70389          0.13528
       7        473.55168          0.06486


FINAL CLASS COUNTS AND PROPORTIONS FOR THE LATENT CLASSES
BASED ON THEIR MOST LIKELY LATENT CLASS MEMBERSHIP

Class Counts and Proportions

    Latent
   Classes

       1              217          0.02973
       2               69          0.00945
       3              745          0.10199
       4             5519          0.75587
       5               47          0.00637
       6              538          0.07375
       7              167          0.02283


CLASSIFICATION QUALITY

     Entropy                         0.788


Average Latent Class Probabilities for Most Likely Latent Class Membership (Row)
by Latent Class (Column)

           1        2        3        4        5        6        7

    1   0.736    0.000    0.138    0.000    0.013    0.113    0.000
    2   0.000    0.870    0.000    0.007    0.092    0.000    0.032
    3   0.063    0.000    0.653    0.000    0.007    0.068    0.209
    4   0.000    0.003    0.000    0.890    0.000    0.073    0.034
    5   0.265    0.000    0.000    0.000    0.697    0.000    0.038
    6   0.000    0.010    0.000    0.033    0.002    0.940    0.016
    7   0.000    0.000    0.156    0.059    0.045    0.029    0.711


Classification Probabilities for the Most Likely Latent Class Membership (Column)
by Latent Class (Row)

           1        2        3        4        5        6        7

    1   0.728    0.000    0.215    0.000    0.056    0.000    0.000
    2   0.000    0.741    0.000    0.195    0.000    0.064    0.000
    3   0.055    0.000    0.897    0.000    0.000    0.000    0.048
    4   0.000    0.000    0.000    0.994    0.000    0.004    0.002
    5   0.050    0.112    0.091    0.017    0.574    0.022    0.134
    6   0.025    0.000    0.051    0.407    0.000    0.512    0.005
    7   0.000    0.005    0.328    0.395    0.004    0.018    0.250


Logits for the Classification Probabilities for the Most Likely Latent Class Membership (Column)
by Latent Class (Row)

              1        2        3        4        5        6        7

    1     11.258   -2.240   10.040   -2.240    8.697   -2.240    0.000
    2      0.000   13.516    0.000   12.181    0.000   11.063    0.000
    3      0.146  -10.776    2.930   -7.260  -10.776   -8.167    0.000
    4     -7.602   -3.084   -7.602    6.208   -7.602    0.570    0.000
    5     -0.988   -0.179   -0.385   -2.040    1.458   -1.791    0.000
    6      1.627   -8.493    2.350    4.423   -8.493    4.654    0.000
    7    -12.430   -3.973    0.271    0.458   -4.209   -2.628    0.000


MODEL RESULTS

                                                    Two-Tailed
                    Estimate       S.E.  Est./S.E.    P-Value

Latent Class 1

 Thresholds
    P_RULE_S$1        -0.896      0.263     -3.407      0.001
    P_USE_SM$1         2.583      0.624      4.138      0.000
    P_KNOW$1           1.384      0.239      5.789      0.000
    P_RULE_B$1       -10.035      0.000    999.000    999.000
    P_USE_B$1        -15.000      0.000    999.000    999.000

Latent Class 2

 Thresholds
    P_RULE_S$1       -15.000      0.000    999.000    999.000
    P_USE_SM$1        -1.053      0.633     -1.664      0.096
    P_KNOW$1           1.629      0.367      4.439      0.000
    P_RULE_B$1         2.243      0.718      3.123      0.002
    P_USE_B$1         15.000      0.000    999.000    999.000

Latent Class 3

 Thresholds
    P_RULE_S$1         1.853      0.241      7.690      0.000
    P_USE_SM$1        12.856     36.195      0.355      0.722
    P_KNOW$1           2.628      0.595      4.419      0.000
    P_RULE_B$1         0.934      0.000    999.000    999.000
    P_USE_B$1         -9.960    121.597     -0.082      0.935

Latent Class 4

 Thresholds
    P_RULE_S$1         3.085      0.143     21.525      0.000
    P_USE_SM$1         6.166      0.633      9.743      0.000
    P_KNOW$1           2.476      0.074     33.562      0.000
    P_RULE_B$1        14.310     21.583      0.663      0.507
    P_USE_B$1         15.000      0.000    999.000    999.000

Latent Class 5

 Thresholds
    P_RULE_S$1        -0.518      0.547     -0.947      0.344
    P_USE_SM$1        -1.514      1.452     -1.043      0.297
    P_KNOW$1          15.000      0.000    999.000    999.000
    P_RULE_B$1        -0.254      0.618     -0.411      0.681
    P_USE_B$1         -1.266      0.782     -1.619      0.105

Latent Class 6

 Thresholds
    P_RULE_S$1        -0.079      0.099     -0.797      0.425
    P_USE_SM$1        15.000      0.000    999.000    999.000
    P_KNOW$1           1.910      0.131     14.588      0.000
    P_RULE_B$1        -0.109      0.116     -0.940      0.347
    P_USE_B$1          2.431      0.431      5.637      0.000

Latent Class 7

 Thresholds
    P_RULE_S$1         1.955      0.000    999.000    999.000
    P_USE_SM$1         2.386      0.316      7.545      0.000
    P_KNOW$1           0.616      0.289      2.131      0.033
    P_RULE_B$1        15.000      0.000    999.000    999.000
    P_USE_B$1         -0.194      0.000    999.000    999.000

Categorical Latent Variables

 Means
    C#1               -0.770      0.000    999.000    999.000
    C#2               -1.767      0.000    999.000    999.000
    C#3                0.136      0.000    999.000    999.000
    C#4                2.345      0.000    999.000    999.000
    C#5               -2.126      0.000    999.000    999.000
    C#6                0.735      0.000    999.000    999.000


QUALITY OF NUMERICAL RESULTS

     Condition Number for the Information Matrix              0.598E-08
       (ratio of smallest to largest eigenvalue)


RESULTS IN PROBABILITY SCALE

                                                    Two-Tailed
                    Estimate       S.E.  Est./S.E.    P-Value

Latent Class 1

 P_RULE_SM
    Category 1         0.290      0.054      5.355      0.000
    Category 2         0.710      0.054     13.117      0.000
 P_USE_SM
    Category 1         0.930      0.041     22.809      0.000
    Category 2         0.070      0.041      1.723      0.085
 P_KNOW
    Category 1         0.800      0.038     20.878      0.000
    Category 2         0.200      0.038      5.230      0.000
 P_RULE_B
    Category 1         0.000      0.000      0.000      1.000
    Category 2         1.000      0.000      0.000      1.000
 P_USE_B
    Category 1         0.000      0.000      0.000      1.000
    Category 2         1.000      0.000      0.000      1.000

Latent Class 2

 P_RULE_SM
    Category 1         0.000      0.000      0.000      1.000
    Category 2         1.000      0.000      0.000      1.000
 P_USE_SM
    Category 1         0.259      0.121      2.132      0.033
    Category 2         0.741      0.121      6.109      0.000
 P_KNOW
    Category 1         0.836      0.050     16.618      0.000
    Category 2         0.164      0.050      3.261      0.001
 P_RULE_B
    Category 1         0.904      0.062     14.505      0.000
    Category 2         0.096      0.062      1.540      0.123
 P_USE_B
    Category 1         1.000      0.000      0.000      1.000
    Category 2         0.000      0.000      0.000      1.000

Latent Class 3

 P_RULE_SM
    Category 1         0.865      0.028     30.625      0.000
    Category 2         0.135      0.028      4.800      0.000
 P_USE_SM
    Category 1         1.000      0.000  10586.331      0.000
    Category 2         0.000      0.000      0.028      0.978
 P_KNOW
    Category 1         0.933      0.037     24.960      0.000
    Category 2         0.067      0.037      1.803      0.071
 P_RULE_B
    Category 1         0.718      0.000      0.000      1.000
    Category 2         0.282      0.000      0.000      1.000
 P_USE_B
    Category 1         0.000      0.006      0.008      0.993
    Category 2         1.000      0.006    174.128      0.000

Latent Class 4

 P_RULE_SM
    Category 1         0.956      0.006    159.578      0.000
    Category 2         0.044      0.006      7.296      0.000
 P_USE_SM
    Category 1         0.998      0.001    754.448      0.000
    Category 2         0.002      0.001      1.583      0.113
 P_KNOW
    Category 1         0.922      0.005    174.737      0.000
    Category 2         0.078      0.005     14.697      0.000
 P_RULE_B
    Category 1         1.000      0.000  75970.172      0.000
    Category 2         0.000      0.000      0.046      0.963
 P_USE_B
    Category 1         1.000      0.000      0.000      1.000
    Category 2         0.000      0.000      0.000      1.000

Latent Class 5

 P_RULE_SM
    Category 1         0.373      0.128      2.918      0.004
    Category 2         0.627      0.128      4.896      0.000
 P_USE_SM
    Category 1         0.180      0.215      0.840      0.401
    Category 2         0.820      0.215      3.818      0.000
 P_KNOW
    Category 1         1.000      0.000      0.000      1.000
    Category 2         0.000      0.000      0.000      1.000
 P_RULE_B
    Category 1         0.437      0.152      2.872      0.004
    Category 2         0.563      0.152      3.703      0.000
 P_USE_B
    Category 1         0.220      0.134      1.640      0.101
    Category 2         0.780      0.134      5.816      0.000

Latent Class 6

 P_RULE_SM
    Category 1         0.480      0.025     19.524      0.000
    Category 2         0.520      0.025     21.120      0.000
 P_USE_SM
    Category 1         1.000      0.000      0.000      1.000
    Category 2         0.000      0.000      0.000      1.000
 P_KNOW
    Category 1         0.871      0.015     59.207      0.000
    Category 2         0.129      0.015      8.771      0.000
 P_RULE_B
    Category 1         0.473      0.029     16.413      0.000
    Category 2         0.527      0.029     18.297      0.000
 P_USE_B
    Category 1         0.919      0.032     28.681      0.000
    Category 2         0.081      0.032      2.523      0.012

Latent Class 7

 P_RULE_SM
    Category 1         0.876      0.000      0.000      1.000
    Category 2         0.124      0.000      0.000      1.000
 P_USE_SM
    Category 1         0.916      0.024     37.538      0.000
    Category 2         0.084      0.024      3.452      0.001
 P_KNOW
    Category 1         0.649      0.066      9.870      0.000
    Category 2         0.351      0.066      5.333      0.000
 P_RULE_B
    Category 1         1.000      0.000      0.000      1.000
    Category 2         0.000      0.000      0.000      1.000
 P_USE_B
    Category 1         0.452      0.000      0.000      1.000
    Category 2         0.548      0.000      0.000      1.000


LATENT CLASS INDICATOR ODDS RATIOS FOR THE LATENT CLASSES

                                                95% C.I.
                    Estimate       S.E.  Lower 2.5% Upper 2.5%

Latent Class 1 Compared to Latent Class 2

 P_RULE_S
    Category > 1       0.000      0.000      0.000      0.000
 P_USE_SM
    Category > 1       0.026      0.024      0.004      0.160
 P_KNOW
    Category > 1       1.277      0.569      0.533      3.056
 P_RULE_B
    Category > 1   *********  *********  52582.223  *********
 P_USE_B
    Category > 1   *********      0.000  *********  *********

Latent Class 1 Compared to Latent Class 3

 P_RULE_S
    Category > 1      15.628      6.445      6.964     35.071
 P_USE_SM
    Category > 1   28945.650  *********      0.000  *********
 P_KNOW
    Category > 1       3.467      2.585      0.804     14.952
 P_RULE_B
    Category > 1   58075.691      0.000  58075.688  58075.688
 P_USE_B
    Category > 1     154.400  18129.156      0.000  *********

Latent Class 1 Compared to Latent Class 4

 P_RULE_S
    Category > 1      53.579     15.695     30.175     95.134
 P_USE_SM
    Category > 1      35.994     34.340      5.548    233.528
 P_KNOW
    Category > 1       2.978      0.783      1.779      4.986
 P_RULE_B
    Category > 1   *********  *********      0.000  *********
 P_USE_B
    Category > 1   *********      0.000  *********  *********

Latent Class 1 Compared to Latent Class 5

 P_RULE_S
    Category > 1       1.460      0.950      0.407      5.230
 P_USE_SM
    Category > 1       0.017      0.031      0.000      0.611
 P_KNOW
    Category > 1   *********      0.000  *********  *********
 P_RULE_B
    Category > 1   17696.416  10939.188   5268.636  59439.137
 P_USE_B
    Category > 1   *********      0.000  *********  *********

Latent Class 1 Compared to Latent Class 6

 P_RULE_S
    Category > 1       2.264      0.648      1.293      3.966
 P_USE_SM
    Category > 1   *********      0.000  *********  *********
 P_KNOW
    Category > 1       1.691      0.476      0.974      2.935
 P_RULE_B
    Category > 1   20466.666   2365.533  16317.868  25670.289
 P_USE_B
    Category > 1   *********      0.000  *********  *********

Latent Class 1 Compared to Latent Class 7

 P_RULE_S
    Category > 1      17.297      4.549     10.330     28.961
 P_USE_SM
    Category > 1       0.821      0.565      0.213      3.162
 P_KNOW
    Category > 1       0.464      0.135      0.262      0.821
 P_RULE_B
    Category > 1   *********      0.000  *********  *********
 P_USE_B
    Category > 1   *********      0.000  *********  *********

Latent Class 2 Compared to Latent Class 3

 P_RULE_S
    Category > 1   *********      0.000  *********  *********
 P_USE_SM
    Category > 1   *********  *********      0.000  *********
 P_KNOW
    Category > 1       2.716      1.855      0.712     10.358
 P_RULE_B
    Category > 1       0.270      0.194      0.066      1.104
 P_USE_B
    Category > 1       0.000      0.000      0.000  *********

Latent Class 2 Compared to Latent Class 4

 P_RULE_S
    Category > 1   *********      0.000  *********  *********
 P_USE_SM
    Category > 1    1365.288   1155.484    259.904   7171.913
 P_KNOW
    Category > 1       2.333      0.869      1.124      4.840
 P_RULE_B
    Category > 1   *********  *********      0.000  *********
 P_USE_B
    Category > 1       1.000      0.000      1.000      1.000

Latent Class 2 Compared to Latent Class 5

 P_RULE_S
    Category > 1   *********      0.000  *********  *********
 P_USE_SM
    Category > 1       0.631      1.040      0.025     15.974
 P_KNOW
    Category > 1   *********      0.000  *********  *********
 P_RULE_B
    Category > 1       0.082      0.082      0.012      0.586
 P_USE_B
    Category > 1       0.000      0.000      0.000      0.000

Latent Class 2 Compared to Latent Class 6

 P_RULE_S
    Category > 1   *********      0.000  *********  *********
 P_USE_SM
    Category > 1   *********      0.000  *********  *********
 P_KNOW
    Category > 1       1.325      0.527      0.607      2.890
 P_RULE_B
    Category > 1       0.095      0.070      0.023      0.403
 P_USE_B
    Category > 1       0.000      0.000      0.000      0.000

Latent Class 2 Compared to Latent Class 7

 P_RULE_S
    Category > 1   *********      0.000  *********  *********
 P_USE_SM
    Category > 1      31.154     22.909      7.372    131.656
 P_KNOW
    Category > 1       0.363      0.174      0.142      0.931
 P_RULE_B
    Category > 1   *********      0.000  *********  *********
 P_USE_B
    Category > 1       0.000      0.000      0.000      0.000

Latent Class 3 Compared to Latent Class 4

 P_RULE_S
    Category > 1       3.428      1.007      1.927      6.098
 P_USE_SM
    Category > 1       0.001      0.045      0.000  *********
 P_KNOW
    Category > 1       0.859      0.489      0.281      2.623
 P_RULE_B
    Category > 1   *********  *********      0.000  *********
 P_USE_B
    Category > 1   *********  *********      0.000  *********

Latent Class 3 Compared to Latent Class 5

 P_RULE_S
    Category > 1       0.093      0.055      0.029      0.298
 P_USE_SM
    Category > 1       0.000      0.000      0.000  *********
 P_KNOW
    Category > 1   *********      0.000  *********  *********
 P_RULE_B
    Category > 1       0.305      0.188      0.091      1.023
 P_USE_B
    Category > 1    5970.078  *********      0.000  *********

Latent Class 3 Compared to Latent Class 6

 P_RULE_S
    Category > 1       0.145      0.039      0.086      0.245
 P_USE_SM
    Category > 1       8.531    150.478      0.000  *********
 P_KNOW
    Category > 1       0.488      0.296      0.149      1.601
 P_RULE_B
    Category > 1       0.352      0.041      0.281      0.442
 P_USE_B
    Category > 1   *********  *********      0.000  *********

Latent Class 3 Compared to Latent Class 7

 P_RULE_S
    Category > 1       1.107      0.267      0.690      1.775
 P_USE_SM
    Category > 1       0.000      0.001      0.000  *********
 P_KNOW
    Category > 1       0.134      0.113      0.026      0.700
 P_RULE_B
    Category > 1   *********      0.000  *********  *********
 P_USE_B
    Category > 1   17433.096  *********      0.000  *********

Latent Class 4 Compared to Latent Class 5

 P_RULE_S
    Category > 1       0.027      0.016      0.009      0.085
 P_USE_SM
    Category > 1       0.000      0.001      0.000      0.009
 P_KNOW
    Category > 1   *********      0.000  *********  *********
 P_RULE_B
    Category > 1       0.000      0.000      0.000  *********
 P_USE_B
    Category > 1       0.000      0.000      0.000      0.000

Latent Class 4 Compared to Latent Class 6

 P_RULE_S
    Category > 1       0.042      0.008      0.029      0.063
 P_USE_SM
    Category > 1    6860.746      0.000   6860.746   6860.746
 P_KNOW
    Category > 1       0.568      0.090      0.416      0.776
 P_RULE_B
    Category > 1       0.000      0.000      0.000  *********
 P_USE_B
    Category > 1       0.000      0.000      0.000      0.000

Latent Class 4 Compared to Latent Class 7

 P_RULE_S
    Category > 1       0.323      0.046      0.244      0.428
 P_USE_SM
    Category > 1       0.023      0.019      0.004      0.121
 P_KNOW
    Category > 1       0.156      0.051      0.081      0.298
 P_RULE_B
    Category > 1       1.994      0.000      1.994      1.994
 P_USE_B
    Category > 1       0.000      0.000      0.000      0.000

Latent Class 5 Compared to Latent Class 6

 P_RULE_S
    Category > 1       1.551      0.863      0.522      4.614
 P_USE_SM
    Category > 1   *********      0.000  *********  *********
 P_KNOW
    Category > 1       0.000      0.000      0.000      0.000
 P_RULE_B
    Category > 1       1.157      0.744      0.328      4.078
 P_USE_B
    Category > 1      40.319     38.950      6.070    267.812

Latent Class 5 Compared to Latent Class 7

 P_RULE_S
    Category > 1      11.850      6.482      4.056     34.621
 P_USE_SM
    Category > 1      49.400     77.615      2.272   1074.265
 P_KNOW
    Category > 1       0.000      0.000      0.000      0.000
 P_RULE_B
    Category > 1   *********      0.000  *********  *********
 P_USE_B
    Category > 1       2.920      2.283      0.631     13.516

Latent Class 6 Compared to Latent Class 7

 P_RULE_S
    Category > 1       7.638      0.753      6.297      9.266
 P_USE_SM
    Category > 1       0.000      0.000      0.000      0.000
 P_KNOW
    Category > 1       0.274      0.089      0.145      0.518
 P_RULE_B
    Category > 1   *********      0.000  *********  *********
 P_USE_B
    Category > 1       0.072      0.031      0.031      0.169


TECHNICAL 11 OUTPUT

     Random Starts Specifications for the k-1 Class Analysis Model
        Number of initial stage random starts                1000
        Number of final stage optimizations                   200



     VUONG-LO-MENDELL-RUBIN LIKELIHOOD RATIO TEST FOR 6 (H0) VERSUS 7 CLASSES

          H0 Loglikelihood Value                       -11459.614
          2 Times the Loglikelihood Difference              2.150
          Difference in the Number of Parameters                6
          Mean                                              3.686
          Standard Deviation                               16.200
          P-Value                                          0.4545

     LO-MENDELL-RUBIN ADJUSTED LRT TEST

          Value                                             2.110
          P-Value                                          0.4557


PLOT INFORMATION

The following plots are available:

  Histograms (sample values)
  Scatterplots (sample values)
  Sample proportions and estimated probabilities

     Beginning Time:  18:03:25
        Ending Time:  18:03:44
       Elapsed Time:  00:00:19


Mplus VERSION 8.11 DEMO has the following limitations:
  Maximum number of dependent variables: 6
  Maximum number of independent variables: 2
  Maximum number of between variables: 2
  Maximum number of continuous latent variables in time series analysis: 2


MUTHEN & MUTHEN
3463 Stoner Ave.
Los Angeles, CA  90066

Tel: (310) 391-9971
Fax: (310) 391-8971
Web: www.StatModel.com
Support: Support@StatModel.com

Copyright (c) 1998-2024 Muthen & Muthen
