Mplus VERSION 8.11 DEMO
MUTHEN & MUTHEN
12/19/2025   5:43 PM

INPUT INSTRUCTIONS

  TITLE:
  Class 1
  DATA:
  FILE = "C:/Users/chens/Desktop/PATHparentLCA/useme_lca/mplus_lca_ecig_w/
  lca_ecig_w.dat";
  VARIABLE:
  NAMES = caseid p_rule_ec p_use_ec p_know p_rule_b p_use_b c_try_ec dem_gen dem_age
       dem_inc dem_hisp weight;
   MISSING=.;
   categorical = p_rule_ec p_use_ec p_know p_rule_b p_use_b;
  usevar = p_rule_ec p_use_ec p_know p_rule_b p_use_b;
  weight = weight;
  classes = c(1);
  ANALYSIS:
  estimator = mlr;
      type = mixture;
      starts = 1000 200;
      processors = 10;
  OUTPUT:
  tech11 tech14;
  PLOT:
  type = plot3;
       series = p_rule_ec p_use_ec p_know p_rule_b p_use_b(*);



*** WARNING in VARIABLE command
  Note that only the first 8 characters of variable names are used in the output.
  Shorten variable names to avoid any confusion.
*** WARNING in PLOT command
  Note that only the first 8 characters of variable names are used in plots.
  If variable names are not unique within the first 8 characters, problems
  may occur.
*** WARNING in OUTPUT command
  TECH11 option is not available for TYPE=MIXTURE with only one class.
  Request for TECH11 is ignored.
*** WARNING in OUTPUT command
  TECH14 option is not available for TYPE=MIXTURE with weights.
  Request for TECH14 is ignored.
   4 WARNING(S) FOUND IN THE INPUT INSTRUCTIONS




Class 1

SUMMARY OF ANALYSIS

Number of groups                                                 1
Number of observations                                        7301

Number of dependent variables                                    5
Number of independent variables                                  0
Number of continuous latent variables                            0
Number of categorical latent variables                           1

Observed dependent variables

  Binary and ordered categorical (ordinal)
   P_RULE_E    P_USE_EC    P_KNOW      P_RULE_B    P_USE_B

Categorical latent variables
   C

Variables with special functions

  Weight variable       WEIGHT

Estimator                                                      MLR
Information matrix                                        OBSERVED
Optimization Specifications for the Quasi-Newton Algorithm for
Continuous Outcomes
  Maximum number of iterations                                 100
  Convergence criterion                                  0.100D-05
Optimization Specifications for the EM Algorithm
  Maximum number of iterations                                 500
  Convergence criteria
    Loglikelihood change                                 0.100D-06
    Relative loglikelihood change                        0.100D-06
    Derivative                                           0.100D-05
Optimization Specifications for the M step of the EM Algorithm for
Categorical Latent variables
  Number of M step iterations                                    1
  M step convergence criterion                           0.100D-05
  Basis for M step termination                           ITERATION
Optimization Specifications for the M step of the EM Algorithm for
Censored, Binary or Ordered Categorical (Ordinal), Unordered
Categorical (Nominal) and Count Outcomes
  Number of M step iterations                                    1
  M step convergence criterion                           0.100D-05
  Basis for M step termination                           ITERATION
  Maximum value for logit thresholds                            15
  Minimum value for logit thresholds                           -15
  Minimum expected cell size for chi-square              0.100D-01
Maximum number of iterations for H1                           2000
Convergence criterion for H1                             0.100D-03
Optimization algorithm                                         EMA
Random Starts Specifications
  Number of initial stage random starts                       1000
  Number of final stage optimizations                          200
  Number of initial stage iterations                            10
  Initial stage convergence criterion                    0.100D+01
  Random starts scale                                    0.500D+01
  Random seed for generating random starts                       0
Link                                                         LOGIT

Input data file(s)
  C:/Users/chens/Desktop/PATHparentLCA/useme_lca/mplus_lca_ecig_w/lca_ecig_w.dat
Input data format  FREE


SUMMARY OF DATA

     Number of missing data patterns             5
     Number of y missing data patterns           0
     Number of u missing data patterns           5


COVARIANCE COVERAGE OF DATA

Minimum covariance coverage value   0.100


     PROPORTION OF DATA PRESENT FOR U


           Covariance Coverage
              P_RULE_E      P_USE_EC      P_KNOW        P_RULE_B      P_USE_B
              ________      ________      ________      ________      ________
 P_RULE_E       0.996
 P_USE_EC       0.996         1.000
 P_KNOW         0.986         0.990         0.990
 P_RULE_B       0.996         0.996         0.986         0.996
 P_USE_B        0.996         1.000         0.990         0.996         1.000


UNIVARIATE PROPORTIONS AND COUNTS FOR CATEGORICAL VARIABLES

    P_RULE_E
      Category 1    0.828         6025.611
      Category 2    0.172         1247.344
    P_USE_EC
      Category 1    0.934         6820.261
      Category 2    0.066          480.739
    P_KNOW
      Category 1    0.894         6462.369
      Category 2    0.106          762.434
    P_RULE_B
      Category 1    0.872         6343.601
      Category 2    0.128          930.094
    P_USE_B
      Category 1    0.843         6155.619
      Category 2    0.157         1145.381


RANDOM STARTS RESULTS RANKED FROM THE BEST TO THE WORST LOGLIKELIHOOD VALUES

Final stage loglikelihood values at local maxima, seeds, and initial stage start numbers:

          -13493.410  118438           601
          -13493.410  342019           301
          -13493.410  964570           701
          -13493.410  246794           801
          -13493.410  700349           401
          -13493.410  36714            201
          -13493.410  371246           101
          -13493.410  137888           901
          -13493.410  294669           501
          -13493.410  unperturbed      0
          -13493.410  462953           7
          -13493.410  27071            15
          -13493.410  153942           31
          -13493.410  227563           63
          -13493.410  379729           512
          -13493.410  7959             256
          -13493.410  314034           513
          -13493.410  147440           514
          -13493.410  164305           128
          -13493.410  871851           257
          -13493.410  140849           515
          -13493.410  689529           516
          -13493.410  188498           258
          -13493.410  79212            517
          -13493.410  327475           518
          -13493.410  311214           64
          -13493.410  814975           129
          -13493.410  622860           259
          -13493.410  161421           519
          -13493.410  489927           520
          -13493.410  804660           260
          -13493.410  745972           521
          -13493.410  486622           522
          -13493.410  509733           130
          -13493.410  616917           261
          -13493.410  715255           523
          -13493.410  638611           524
          -13493.410  520177           262
          -13493.410  995249           525
          -13493.410  126371           526
          -13493.410  626891           32
          -13493.410  565819           65
          -13493.410  468036           131
          -13493.410  349263           263
          -13493.410  830292           527
          -13493.410  252346           528
          -13493.410  358488           264
          -13493.410  78862            529
          -13493.410  704798           530
          -13493.410  313407           132
          -13493.410  105435           265
          -13493.410  970689           266
          -13493.410  467339           66
          -13493.410  321390           133
          -13493.410  930323           267
          -13493.410  529455           268
          -13493.410  903369           134
          -13493.410  926283           269
          -13493.410  483369           270
          -13493.410  76974            16
          -13493.410  749453           33
          -13493.410  789985           67
          -13493.410  437181           135
          -13493.410  438144           271
          -13493.410  782821           272
          -13493.410  232559           136
          -13493.410  688839           273
          -13493.410  15715            274
          -13493.410  405079           68
          -13493.410  848331           137
          -13493.410  741888           138
          -13493.410  341041           34
          -13493.410  685657           69
          -13493.410  118421           139
          -13493.410  948615           140
          -13493.410  987090           70
          -13493.410  931874           141
          -13493.410  192071           142
          -13493.410  285380           1
          -13493.410  93468            3
          -13493.410  22089            143
          -13493.410  856536           144
          -13493.410  788796           145
          -13493.410  369602           146
          -13493.410  939021           8
          -13493.410  68985            17
          -13493.410  848356           602
          -13493.410  383979           603
          -13493.410  402699           604
          -13493.410  679832           302
          -13493.410  213189           605
          -13493.410  645052           910
          -13493.410  588923           606
          -13493.410  790452           303
          -13493.410  824956           607
          -13493.410  881886           608
          -13493.410  92689            304
          -13493.410  941525           609
          -13493.410  15270            610
          -13493.410  81117            305
          -13493.410  920593           611
          -13493.410  313306           612
          -13493.410  484687           306
          -13493.410  507218           613
          -13493.410  752476           614
          -13493.410  534864           307
          -13493.410  805935           615
          -13493.410  852283           616
          -13493.410  692169           308
          -13493.410  351807           617
          -13493.410  373815           618
          -13493.410  879338           309
          -13493.410  738393           619
          -13493.410  763285           620
          -13493.410  996231           310
          -13493.410  478421           311
          -13493.410  798839           312
          -13493.410  521575           313
          -13493.410  626087           314
          -13493.410  857799           315
          -13493.410  193042           316
          -13493.410  614009           317
          -13493.410  667250           318
          -13493.410  567165           319
          -13493.410  732596           320
          -13493.410  531546           702
          -13493.410  35191            703
          -13493.410  926762           704
          -13493.410  476393           705
          -13493.410  579138           706
          -13493.410  49293            707
          -13493.410  114433           708
          -13493.410  765586           709
          -13493.410  117391           710
          -13493.410  610181           711
          -13493.410  77210            712
          -13493.410  284716           713
          -13493.410  46502            714
          -13493.410  833196           715
          -13493.410  853781           716
          -13493.410  607072           717
          -13493.410  702492           718
          -13493.410  512403           719
          -13493.410  178031           720
          -13493.410  391368           802
          -13493.410  432513           803
          -13493.410  7886             804
          -13493.410  971853           402
          -13493.410  845580           805
          -13493.410  203508           806
          -13493.410  471040           403
          -13493.410  739214           807
          -13493.410  496344           808
          -13493.410  605565           404
          -13493.410  544077           809
          -13493.410  200041           810
          -13493.410  596257           405
          -13493.410  599136           811
          -13493.410  238317           812
          -13493.410  926797           406
          -13493.410  328661           813
          -13493.410  671390           814
          -13493.410  772131           407
          -13493.410  494149           815
          -13493.410  941975           816
          -13493.410  55115            408
          -13493.410  168888           817
          -13493.410  548245           818
          -13493.410  605161           409
          -13493.410  467561           819
          -13493.410  300697           820
          -13493.410  746978           410
          -13493.410  85734            411
          -13493.410  918558           412
          -13493.410  275475           413
          -13493.410  736574           414
          -13493.410  399508           415
          -13493.410  791285           416
          -13493.410  665121           417
          -13493.410  298275           418
          -13493.410  802682           419
          -13493.410  749635           420
          -13493.410  695453           902
          -13493.410  298201           903
          -13493.410  494209           904
          -13493.410  379823           905
          -13493.410  663090           906
          -13493.410  81951            907
          -13493.410  327927           908
          -13493.410  105656           909
          -13493.410  954914           911
          -13493.410  241299           912
          -13493.410  979450           913
          -13493.410  816435           914
          -13493.410  484116           915
          -13493.410  735928           916
          -13493.410  937068           982
          -13493.410  573367           986
          -13493.410  495490           990
          -13493.410  98068            998



THE MODEL ESTIMATION TERMINATED NORMALLY



MODEL FIT INFORMATION

Number of Free Parameters                        5

Loglikelihood

          H0 Value                      -13493.410
          H0 Scaling Correction Factor      1.1153
            for MLR

Information Criteria

          Akaike (AIC)                   26996.820
          Bayesian (BIC)                 27031.299
          Sample-Size Adjusted BIC       27015.410
            (n* = (n + 2) / 24)

Chi-Square Test of Model Fit for the Binary and Ordered Categorical
(Ordinal) Outcomes

          Pearson Chi-Square

          Value                           1845.661
          Degrees of Freedom                    26
          P-Value                           0.0000

          Likelihood Ratio Chi-Square

          Value                            256.956
          Degrees of Freedom                    26
          P-Value                           0.0000

Chi-Square Test for MCAR under the Unrestricted Latent Class Indicator Model

          Pearson Chi-Square

          Value                             20.593
          Degrees of Freedom                    52
          P-Value                           1.0000

          Likelihood Ratio Chi-Square

          Value                             23.142
          Degrees of Freedom                    52
          P-Value                           0.9998



FINAL CLASS COUNTS AND PROPORTIONS FOR THE LATENT CLASSES
BASED ON THE ESTIMATED MODEL

    Latent
   Classes

       1       7301.00000          1.00000


FINAL CLASS COUNTS AND PROPORTIONS FOR THE LATENT CLASSES
BASED ON ESTIMATED POSTERIOR PROBABILITIES

    Latent
   Classes

       1       7301.00000          1.00000


FINAL CLASS COUNTS AND PROPORTIONS FOR THE LATENT CLASSES
BASED ON THEIR MOST LIKELY LATENT CLASS MEMBERSHIP

Class Counts and Proportions

    Latent
   Classes

       1             7301          1.00000


Average Latent Class Probabilities for Most Likely Latent Class Membership (Row)
by Latent Class (Column)

           1

    1   1.000


Classification Probabilities for the Most Likely Latent Class Membership (Column)
by Latent Class (Row)

           1

    1   1.000


Logits for the Classification Probabilities for the Most Likely Latent Class Membership (Column)
by Latent Class (Row)

              1

    1      0.000


MODEL RESULTS

                                                    Two-Tailed
                    Estimate       S.E.  Est./S.E.    P-Value

Latent Class 1

 Thresholds
    P_RULE_E$1         1.575      0.033     47.664      0.000
    P_USE_EC$1         2.652      0.050     53.227      0.000
    P_KNOW$1           2.137      0.040     53.627      0.000
    P_RULE_B$1         1.920      0.037     51.552      0.000
    P_USE_B$1          1.682      0.034     49.280      0.000


QUALITY OF NUMERICAL RESULTS

     Condition Number for the Information Matrix              0.154E+00
       (ratio of smallest to largest eigenvalue)


RESULTS IN PROBABILITY SCALE

                                                    Two-Tailed
                    Estimate       S.E.  Est./S.E.    P-Value

Latent Class 1

 P_RULE_EC
    Category 1         0.828      0.005    176.456      0.000
    Category 2         0.172      0.005     36.528      0.000
 P_USE_EC
    Category 1         0.934      0.003    304.772      0.000
    Category 2         0.066      0.003     21.482      0.000
 P_KNOW
    Category 1         0.894      0.004    237.767      0.000
    Category 2         0.106      0.004     28.052      0.000
 P_RULE_B
    Category 1         0.872      0.004    209.986      0.000
    Category 2         0.128      0.004     30.788      0.000
 P_USE_B
    Category 1         0.843      0.005    186.800      0.000
    Category 2         0.157      0.005     34.758      0.000


PLOT INFORMATION

The following plots are available:

  Histograms (sample values)
  Scatterplots (sample values)
  Sample proportions and estimated probabilities

     Beginning Time:  17:43:45
        Ending Time:  17:43:48
       Elapsed Time:  00:00:03


Mplus VERSION 8.11 DEMO has the following limitations:
  Maximum number of dependent variables: 6
  Maximum number of independent variables: 2
  Maximum number of between variables: 2
  Maximum number of continuous latent variables in time series analysis: 2


MUTHEN & MUTHEN
3463 Stoner Ave.
Los Angeles, CA  90066

Tel: (310) 391-9971
Fax: (310) 391-8971
Web: www.StatModel.com
Support: Support@StatModel.com

Copyright (c) 1998-2024 Muthen & Muthen
