Mplus VERSION 8.11 DEMO
MUTHEN & MUTHEN
12/19/2025   5:43 PM

INPUT INSTRUCTIONS

  TITLE:
  Class 2
  DATA:
  FILE = "C:/Users/chens/Desktop/PATHparentLCA/useme_lca/mplus_lca_ecig_w/
  lca_ecig_w.dat";
  VARIABLE:
  NAMES = caseid p_rule_ec p_use_ec p_know p_rule_b p_use_b c_try_ec dem_gen dem_age
       dem_inc dem_hisp weight;
   MISSING=.;
   categorical = p_rule_ec p_use_ec p_know p_rule_b p_use_b;
  usevar = p_rule_ec p_use_ec p_know p_rule_b p_use_b;
  weight = weight;
  classes = c(2);
  ANALYSIS:
  estimator = mlr;
      type = mixture;
      starts = 1000 200;
      processors = 10;
  OUTPUT:
  tech11 tech14;
  PLOT:
  type = plot3;
       series = p_rule_ec p_use_ec p_know p_rule_b p_use_b(*);



*** WARNING in VARIABLE command
  Note that only the first 8 characters of variable names are used in the output.
  Shorten variable names to avoid any confusion.
*** WARNING in PLOT command
  Note that only the first 8 characters of variable names are used in plots.
  If variable names are not unique within the first 8 characters, problems
  may occur.
*** WARNING in OUTPUT command
  TECH14 option is not available for TYPE=MIXTURE with weights.
  Request for TECH14 is ignored.
   3 WARNING(S) FOUND IN THE INPUT INSTRUCTIONS




Class 2

SUMMARY OF ANALYSIS

Number of groups                                                 1
Number of observations                                        7301

Number of dependent variables                                    5
Number of independent variables                                  0
Number of continuous latent variables                            0
Number of categorical latent variables                           1

Observed dependent variables

  Binary and ordered categorical (ordinal)
   P_RULE_E    P_USE_EC    P_KNOW      P_RULE_B    P_USE_B

Categorical latent variables
   C

Variables with special functions

  Weight variable       WEIGHT

Estimator                                                      MLR
Information matrix                                        OBSERVED
Optimization Specifications for the Quasi-Newton Algorithm for
Continuous Outcomes
  Maximum number of iterations                                 100
  Convergence criterion                                  0.100D-05
Optimization Specifications for the EM Algorithm
  Maximum number of iterations                                 500
  Convergence criteria
    Loglikelihood change                                 0.100D-06
    Relative loglikelihood change                        0.100D-06
    Derivative                                           0.100D-05
Optimization Specifications for the M step of the EM Algorithm for
Categorical Latent variables
  Number of M step iterations                                    1
  M step convergence criterion                           0.100D-05
  Basis for M step termination                           ITERATION
Optimization Specifications for the M step of the EM Algorithm for
Censored, Binary or Ordered Categorical (Ordinal), Unordered
Categorical (Nominal) and Count Outcomes
  Number of M step iterations                                    1
  M step convergence criterion                           0.100D-05
  Basis for M step termination                           ITERATION
  Maximum value for logit thresholds                            15
  Minimum value for logit thresholds                           -15
  Minimum expected cell size for chi-square              0.100D-01
Maximum number of iterations for H1                           2000
Convergence criterion for H1                             0.100D-03
Optimization algorithm                                         EMA
Random Starts Specifications
  Number of initial stage random starts                       1000
  Number of final stage optimizations                          200
  Number of initial stage iterations                            10
  Initial stage convergence criterion                    0.100D+01
  Random starts scale                                    0.500D+01
  Random seed for generating random starts                       0
Link                                                         LOGIT

Input data file(s)
  C:/Users/chens/Desktop/PATHparentLCA/useme_lca/mplus_lca_ecig_w/lca_ecig_w.dat
Input data format  FREE


SUMMARY OF DATA

     Number of missing data patterns             5
     Number of y missing data patterns           0
     Number of u missing data patterns           5


COVARIANCE COVERAGE OF DATA

Minimum covariance coverage value   0.100


     PROPORTION OF DATA PRESENT FOR U


           Covariance Coverage
              P_RULE_E      P_USE_EC      P_KNOW        P_RULE_B      P_USE_B
              ________      ________      ________      ________      ________
 P_RULE_E       0.996
 P_USE_EC       0.996         1.000
 P_KNOW         0.986         0.990         0.990
 P_RULE_B       0.996         0.996         0.986         0.996
 P_USE_B        0.996         1.000         0.990         0.996         1.000


UNIVARIATE PROPORTIONS AND COUNTS FOR CATEGORICAL VARIABLES

    P_RULE_E
      Category 1    0.828         6025.611
      Category 2    0.172         1247.344
    P_USE_EC
      Category 1    0.934         6820.261
      Category 2    0.066          480.739
    P_KNOW
      Category 1    0.894         6462.369
      Category 2    0.106          762.434
    P_RULE_B
      Category 1    0.872         6343.601
      Category 2    0.128          930.094
    P_USE_B
      Category 1    0.843         6155.619
      Category 2    0.157         1145.381


RANDOM STARTS RESULTS RANKED FROM THE BEST TO THE WORST LOGLIKELIHOOD VALUES

Final stage loglikelihood values at local maxima, seeds, and initial stage start numbers:

          -11892.090  507154           387
          -11892.090  991329           182
          -11892.090  241197           747
          -11892.090  850840           232
          -11892.090  505879           424
          -11892.090  206099           363
          -11892.090  137377           397
          -11892.090  72866            692
          -11892.090  628143           854
          -11892.090  379729           512
          -11892.090  728038           177
          -11892.090  621542           375
          -11892.090  848969           173
          -11892.090  288738           940
          -11892.090  562716           300
          -11892.090  940533           764
          -11892.090  668003           647
          -11892.090  742688           594
          -11892.090  963967           941
          -11892.090  195763           358
          -11892.090  985387           381
          -11892.090  132336           362
          -11892.090  645052           910
          -11892.090  508445           946
          -11892.090  298201           903
          -11892.090  136842           58
          -11892.090  659832           754
          -11892.090  838615           677
          -11892.090  783102           433
          -11892.090  608496           4
          -11892.090  76337            76
          -11892.090  483369           270
          -11892.090  93468            3
          -11892.090  23012            352
          -11892.090  140849           515
          -11892.090  625191           350
          -11892.090  506113           895
          -11892.090  690596           858
          -11892.090  793487           595
          -11892.090  476498           179
          -11892.090  357866           968
          -11892.090  730868           977
          -11892.090  751054           117
          -11892.090  645664           39
          -11892.090  579138           706
          -11892.090  637095           207
          -11892.090  263049           454
          -11892.090  252346           528
          -11892.090  220492           743
          -11892.090  813779           92
          -11892.090  643311           888
          -11892.090  506886           576
          -11892.090  127215           9
          -11892.090  371737           532
          -11892.090  301180           236
          -11892.090  209031           632
          -11892.090  700846           867
          -11892.090  824956           607
          -11892.090  12477            155
          -11892.090  unperturbed      0
          -11892.090  748692           204
          -11892.090  953843           651
          -11892.090  923437           398
          -11892.090  97158            205
          -11892.090  775884           639
          -11892.090  436460           89
          -11892.090  246575           291
          -11892.090  29591            633
          -11892.090  3607             873
          -11892.090  22089            143
          -11892.090  80438            246
          -11892.090  197223           332
          -11892.090  945065           255
          -11892.090  113138           585
          -11892.090  790059           469
          -11892.090  792389           746
          -11892.090  319575           499
          -11892.090  434915           552
          -11892.090  39136            226
          -11892.090  576783           866
          -11892.090  148918           682
          -11892.090  494209           904
          -11892.090  582296           452
          -11892.090  216565           474
          -11892.090  284109           82
          -11892.090  427006           839
          -11892.090  294811           637
          -11892.090  948615           140
          -11892.090  563002           360
          -11892.090  238317           812
          -11892.090  575700           100
          -11892.090  328661           813
          -11892.090  765392           382
          -11892.090  341519           653
          -11892.090  127362           757
          -11892.090  970689           266
          -11892.090  456213           160
          -11892.090  440368           797
          -11892.090  180889           920
          -11892.090  570782           193
          -11892.090  425982           485
          -11892.090  794236           127
          -11892.090  659773           663
          -11892.090  335485           496
          -11892.090  783110           72
          -11892.090  130541           896
          -11892.090  156536           245
          -11892.090  314034           513
          -11892.090  486646           586
          -11892.090  278661           674
          -11892.090  752476           614
          -11892.090  679615           942
          -11892.090  602797           336
          -11892.090  840031           276
          -11892.090  264935           281
          -11892.090  407168           44
          -11892.090  859432           770
          -11892.090  518828           432
          -11892.090  264081           186
          -11892.090  422103           62
          -11892.090  118958           994
          -11892.090  617243           237
          -11892.090  779820           877
          -11892.090  876056           1000
          -11892.090  88437            761
          -11892.090  638977           643
          -11892.090  76974            16
          -11892.090  749453           33
          -11892.090  188498           258
          -11892.090  194143           510
          -11892.090  502157           799
          -11892.090  153053           378
          -11892.090  284716           713
          -11892.090  566739           575
          -11892.090  366533           484
          -11892.090  539389           544
          -11892.090  466971           109
          -11892.090  63231            935
          -11892.090  631413           439
          -11892.090  425149           878
          -11892.090  383986           159
          -11892.090  724519           333
          -11892.090  881886           608
          -11892.090  259507           53
          -11892.090  313306           612
          -11892.090  714455           476
          -11892.090  995648           936
          -11892.090  315029           471
          -11892.090  314084           81
          -11892.090  40327            971
          -11892.090  566687           597
          -11892.090  21345            199
          -11892.090  549244           756
          -11892.090  614009           317
          -11892.090  251680           794
          -11892.090  637345           19
          -11892.090  192071           142
          -11892.090  98068            998
          -11892.090  889774           954
          -11892.090  931558           898
          -11892.090  536551           696
          -11892.090  435506           988
          -11892.090  926283           269
          -11892.090  502495           724
          -11892.090  761302           744
          -11892.090  231400           738
          -11892.090  391949           295
          -11892.090  100874           108
          -11892.090  614535           449
          -11892.090  7886             804
          -11892.090  58507            793
          -11892.090  392751           480
          -11892.090  581196           921
          -11892.090  193569           440
          -11892.090  157351           579
          -11892.090  284384           600
          -11892.090  150531           154
          -11892.090  544077           809
          -11892.090  845580           805
          -11892.090  508482           446
          -11892.090  404042           675
          -11892.090  802682           419
          -11892.090  567165           319
          -11892.090  766903           505
          -11892.090  686384           690
          -11892.090  391368           802
          -11892.090  485635           876
          -11892.090  347515           24
          -11892.090  286735           175
          -11892.090  4091             548
          -11892.090  580539           786
          -11892.090  55115            408
          -11892.090  499150           216
          -11892.090  314757           345
          -11892.090  118421           139
          -11892.090  760850           739
          -11892.090  67009            564
          -11892.090  869564           869
          -11892.090  137305           379

1 perturbed starting value run(s) did not converge or were rejected in the third stage.



THE BEST LOGLIKELIHOOD VALUE HAS BEEN REPLICATED.  RERUN WITH AT LEAST TWICE THE
RANDOM STARTS TO CHECK THAT THE BEST LOGLIKELIHOOD IS STILL OBTAINED AND REPLICATED.

     IN THE OPTIMIZATION, ONE OR MORE LOGIT THRESHOLDS APPROACHED EXTREME VALUES
     OF -15.000 AND 15.000 AND WERE FIXED TO STABILIZE MODEL ESTIMATION.  THESE
     VALUES IMPLY PROBABILITIES OF 0 AND 1.  IN THE MODEL RESULTS SECTION, THESE
     PARAMETERS HAVE 0 STANDARD ERRORS AND 999 IN THE Z-SCORE AND P-VALUE COLUMNS.




THE MODEL ESTIMATION TERMINATED NORMALLY



MODEL FIT INFORMATION

Number of Free Parameters                       11

Loglikelihood

          H0 Value                      -11892.090
          H0 Scaling Correction Factor      1.1241
            for MLR

Information Criteria

          Akaike (AIC)                   23806.181
          Bayesian (BIC)                 23882.034
          Sample-Size Adjusted BIC       23847.078
            (n* = (n + 2) / 24)

Chi-Square Test of Model Fit for the Binary and Ordered Categorical
(Ordinal) Outcomes

          Pearson Chi-Square

          Value                            304.737
          Degrees of Freedom                    20
          P-Value                           0.0000

          Likelihood Ratio Chi-Square

          Value                            333.816
          Degrees of Freedom                    20
          P-Value                           0.0000

Chi-Square Test for MCAR under the Unrestricted Latent Class Indicator Model

          Pearson Chi-Square

          Value                             20.593
          Degrees of Freedom                    52
          P-Value                           1.0000

          Likelihood Ratio Chi-Square

          Value                             23.142
          Degrees of Freedom                    52
          P-Value                           0.9998



FINAL CLASS COUNTS AND PROPORTIONS FOR THE LATENT CLASSES
BASED ON THE ESTIMATED MODEL

    Latent
   Classes

       1       1780.76631          0.24391
       2       5520.23369          0.75609


FINAL CLASS COUNTS AND PROPORTIONS FOR THE LATENT CLASSES
BASED ON ESTIMATED POSTERIOR PROBABILITIES

    Latent
   Classes

       1       1780.76631          0.24391
       2       5520.23369          0.75609


FINAL CLASS COUNTS AND PROPORTIONS FOR THE LATENT CLASSES
BASED ON THEIR MOST LIKELY LATENT CLASS MEMBERSHIP

Class Counts and Proportions

    Latent
   Classes

       1             1617          0.22153
       2             5684          0.77847


CLASSIFICATION QUALITY

     Entropy                         0.827


Average Latent Class Probabilities for Most Likely Latent Class Membership (Row)
by Latent Class (Column)

           1        2

    1   0.980    0.020
    2   0.035    0.965


Classification Probabilities for the Most Likely Latent Class Membership (Column)
by Latent Class (Row)

           1        2

    1   0.890    0.110
    2   0.006    0.994


Logits for the Classification Probabilities for the Most Likely Latent Class Membership (Column)
by Latent Class (Row)

              1        2

    1      2.089    0.000
    2     -5.117    0.000


MODEL RESULTS

                                                    Two-Tailed
                    Estimate       S.E.  Est./S.E.    P-Value

Latent Class 1

 Thresholds
    P_RULE_E$1        -0.858      0.105     -8.194      0.000
    P_USE_EC$1         1.020      0.067     15.182      0.000
    P_KNOW$1           1.779      0.076     23.333      0.000
    P_RULE_B$1        -0.039      0.060     -0.650      0.516
    P_USE_B$1          0.421      0.054      7.815      0.000

Latent Class 2

 Thresholds
    P_RULE_E$1        15.000      0.000    999.000    999.000
    P_USE_EC$1         6.426      1.149      5.594      0.000
    P_KNOW$1           2.278      0.050     45.108      0.000
    P_RULE_B$1         5.431      0.889      6.111      0.000
    P_USE_B$1          2.448      0.064     38.350      0.000

Categorical Latent Variables

 Means
    C#1               -1.131      0.045    -24.872      0.000


QUALITY OF NUMERICAL RESULTS

     Condition Number for the Information Matrix              0.633E-03
       (ratio of smallest to largest eigenvalue)


RESULTS IN PROBABILITY SCALE

                                                    Two-Tailed
                    Estimate       S.E.  Est./S.E.    P-Value

Latent Class 1

 P_RULE_EC
    Category 1         0.298      0.022     13.601      0.000
    Category 2         0.702      0.022     32.075      0.000
 P_USE_EC
    Category 1         0.735      0.013     56.154      0.000
    Category 2         0.265      0.013     20.241      0.000
 P_KNOW
    Category 1         0.856      0.009     90.815      0.000
    Category 2         0.144      0.009     15.329      0.000
 P_RULE_B
    Category 1         0.490      0.015     32.444      0.000
    Category 2         0.510      0.015     33.744      0.000
 P_USE_B
    Category 1         0.604      0.013     46.876      0.000
    Category 2         0.396      0.013     30.782      0.000

Latent Class 2

 P_RULE_EC
    Category 1         1.000      0.000      0.000      1.000
    Category 2         0.000      0.000      0.000      1.000
 P_USE_EC
    Category 1         0.998      0.002    538.824      0.000
    Category 2         0.002      0.002      0.872      0.383
 P_KNOW
    Category 1         0.907      0.004    212.963      0.000
    Category 2         0.093      0.004     21.836      0.000
 P_RULE_B
    Category 1         0.996      0.004    257.976      0.000
    Category 2         0.004      0.004      1.130      0.258
 P_USE_B
    Category 1         0.920      0.005    196.797      0.000
    Category 2         0.080      0.005     17.024      0.000


LATENT CLASS INDICATOR ODDS RATIOS FOR THE LATENT CLASSES

                                                95% C.I.
                    Estimate       S.E.  Lower 2.5% Upper 2.5%

Latent Class 1 Compared to Latent Class 2

 P_RULE_E
    Category > 1   *********      0.000  *********  *********
 P_USE_EC
    Category > 1     222.764    257.760     23.062   2151.728
 P_KNOW
    Category > 1       1.646      0.157      1.366      1.984
 P_RULE_B
    Category > 1     237.417    211.516     41.415   1361.019
 P_USE_B
    Category > 1       7.591      0.652      6.414      8.983


TECHNICAL 11 OUTPUT

     Random Starts Specifications for the k-1 Class Analysis Model
        Number of initial stage random starts                1000
        Number of final stage optimizations                   200



     VUONG-LO-MENDELL-RUBIN LIKELIHOOD RATIO TEST FOR 1 (H0) VERSUS 2 CLASSES

          H0 Loglikelihood Value                       -13493.410
          2 Times the Loglikelihood Difference           3202.640
          Difference in the Number of Parameters                6
          Mean                                              5.661
          Standard Deviation                                7.833
          P-Value                                          0.0000

     LO-MENDELL-RUBIN ADJUSTED LRT TEST

          Value                                          3143.740
          P-Value                                          0.0000


PLOT INFORMATION

The following plots are available:

  Histograms (sample values)
  Scatterplots (sample values)
  Sample proportions and estimated probabilities

     Beginning Time:  17:43:50
        Ending Time:  17:43:59
       Elapsed Time:  00:00:09


Mplus VERSION 8.11 DEMO has the following limitations:
  Maximum number of dependent variables: 6
  Maximum number of independent variables: 2
  Maximum number of between variables: 2
  Maximum number of continuous latent variables in time series analysis: 2


MUTHEN & MUTHEN
3463 Stoner Ave.
Los Angeles, CA  90066

Tel: (310) 391-9971
Fax: (310) 391-8971
Web: www.StatModel.com
Support: Support@StatModel.com

Copyright (c) 1998-2024 Muthen & Muthen
