Mplus VERSION 8.11 DEMO
MUTHEN & MUTHEN
12/19/2025   5:44 PM

INPUT INSTRUCTIONS

  TITLE:
  Class 3
  DATA:
  FILE = "C:/Users/chens/Desktop/PATHparentLCA/useme_lca/mplus_lca_ecig_w/
  lca_ecig_w.dat";
  VARIABLE:
  NAMES = caseid p_rule_ec p_use_ec p_know p_rule_b p_use_b c_try_ec dem_gen dem_age
       dem_inc dem_hisp weight;
   MISSING=.;
   categorical = p_rule_ec p_use_ec p_know p_rule_b p_use_b;
  usevar = p_rule_ec p_use_ec p_know p_rule_b p_use_b;
  weight = weight;
  classes = c(3);
  ANALYSIS:
  estimator = mlr;
      type = mixture;
      starts = 1000 200;
      processors = 10;
  OUTPUT:
  tech11 tech14;
  PLOT:
  type = plot3;
       series = p_rule_ec p_use_ec p_know p_rule_b p_use_b(*);



*** WARNING in VARIABLE command
  Note that only the first 8 characters of variable names are used in the output.
  Shorten variable names to avoid any confusion.
*** WARNING in PLOT command
  Note that only the first 8 characters of variable names are used in plots.
  If variable names are not unique within the first 8 characters, problems
  may occur.
*** WARNING in OUTPUT command
  TECH14 option is not available for TYPE=MIXTURE with weights.
  Request for TECH14 is ignored.
   3 WARNING(S) FOUND IN THE INPUT INSTRUCTIONS




Class 3

SUMMARY OF ANALYSIS

Number of groups                                                 1
Number of observations                                        7301

Number of dependent variables                                    5
Number of independent variables                                  0
Number of continuous latent variables                            0
Number of categorical latent variables                           1

Observed dependent variables

  Binary and ordered categorical (ordinal)
   P_RULE_E    P_USE_EC    P_KNOW      P_RULE_B    P_USE_B

Categorical latent variables
   C

Variables with special functions

  Weight variable       WEIGHT

Estimator                                                      MLR
Information matrix                                        OBSERVED
Optimization Specifications for the Quasi-Newton Algorithm for
Continuous Outcomes
  Maximum number of iterations                                 100
  Convergence criterion                                  0.100D-05
Optimization Specifications for the EM Algorithm
  Maximum number of iterations                                 500
  Convergence criteria
    Loglikelihood change                                 0.100D-06
    Relative loglikelihood change                        0.100D-06
    Derivative                                           0.100D-05
Optimization Specifications for the M step of the EM Algorithm for
Categorical Latent variables
  Number of M step iterations                                    1
  M step convergence criterion                           0.100D-05
  Basis for M step termination                           ITERATION
Optimization Specifications for the M step of the EM Algorithm for
Censored, Binary or Ordered Categorical (Ordinal), Unordered
Categorical (Nominal) and Count Outcomes
  Number of M step iterations                                    1
  M step convergence criterion                           0.100D-05
  Basis for M step termination                           ITERATION
  Maximum value for logit thresholds                            15
  Minimum value for logit thresholds                           -15
  Minimum expected cell size for chi-square              0.100D-01
Maximum number of iterations for H1                           2000
Convergence criterion for H1                             0.100D-03
Optimization algorithm                                         EMA
Random Starts Specifications
  Number of initial stage random starts                       1000
  Number of final stage optimizations                          200
  Number of initial stage iterations                            10
  Initial stage convergence criterion                    0.100D+01
  Random starts scale                                    0.500D+01
  Random seed for generating random starts                       0
Link                                                         LOGIT

Input data file(s)
  C:/Users/chens/Desktop/PATHparentLCA/useme_lca/mplus_lca_ecig_w/lca_ecig_w.dat
Input data format  FREE


SUMMARY OF DATA

     Number of missing data patterns             5
     Number of y missing data patterns           0
     Number of u missing data patterns           5


COVARIANCE COVERAGE OF DATA

Minimum covariance coverage value   0.100


     PROPORTION OF DATA PRESENT FOR U


           Covariance Coverage
              P_RULE_E      P_USE_EC      P_KNOW        P_RULE_B      P_USE_B
              ________      ________      ________      ________      ________
 P_RULE_E       0.996
 P_USE_EC       0.996         1.000
 P_KNOW         0.986         0.990         0.990
 P_RULE_B       0.996         0.996         0.986         0.996
 P_USE_B        0.996         1.000         0.990         0.996         1.000


UNIVARIATE PROPORTIONS AND COUNTS FOR CATEGORICAL VARIABLES

    P_RULE_E
      Category 1    0.828         6025.611
      Category 2    0.172         1247.344
    P_USE_EC
      Category 1    0.934         6820.261
      Category 2    0.066          480.739
    P_KNOW
      Category 1    0.894         6462.369
      Category 2    0.106          762.434
    P_RULE_B
      Category 1    0.872         6343.601
      Category 2    0.128          930.094
    P_USE_B
      Category 1    0.843         6155.619
      Category 2    0.157         1145.381


RANDOM STARTS RESULTS RANKED FROM THE BEST TO THE WORST LOGLIKELIHOOD VALUES

Final stage loglikelihood values at local maxima, seeds, and initial stage start numbers:

          -11776.632  575700           100
          -11776.632  967902           52
          -11776.632  17896            592
          -11776.632  232559           136
          -11776.632  351622           551
          -11776.632  521770           945
          -11776.632  376411           473
          -11776.632  284716           713
          -11776.632  484687           306
          -11776.632  696773           80
          -11776.632  302046           863
          -11776.632  448829           938
          -11776.632  782179           835
          -11776.632  57226            208
          -11776.632  77571            980
          -11776.632  499150           216
          -11776.632  659832           754
          -11776.632  730868           977
          -11776.632  318177           748
          -11776.632  917702           693
          -11776.632  606576           151
          -11776.632  667250           318
          -11776.632  66276            217
          -11776.632  576220           115
          -11776.632  642909           251
          -11776.632  674171           195
          -11776.632  910224           580
          -11776.632  7959             256
          -11776.632  366706           29
          -11776.632  50983            834
          -11776.632  650354           577
          -11776.632  662718           460
          -11776.632  461866           722
          -11776.632  879211           453
          -11776.632  374219           353
          -11776.632  749453           33
          -11776.632  964570           701
          -11776.632  534864           307
          -11776.632  231400           738
          -11776.632  476498           179
          -11776.632  350608           334
          -11776.632  545140           278
          -11776.632  987560           985
          -11776.632  200041           810
          -11776.632  970689           266
          -11776.632  535303           923
          -11776.632  348637           749
          -11776.632  603842           61
          -11776.632  153053           378
          -11776.632  455410           999
          -11776.632  608496           4
          -11776.632  626208           698
          -11776.632  506886           576
          -11776.632  411615           171
          -11776.632  416250           390
          -11776.632  783110           72
          -11776.632  570782           193
          -11776.632  822698           621
          -11776.632  847088           750
          -11776.632  781190           219
          -11776.632  246794           801
          -11776.632  252346           528
          -11776.632  417035           149
          -11778.394  972430           491
          -11778.394  319575           499
          -11778.394  405079           68
          -11778.394  937068           982
          -11778.394  4091             548
          -11778.394  436892           565
          -11778.394  647617           725
          -11778.394  341041           34
          -11778.394  391368           802
          -11778.394  215353           164
          -11778.394  435506           988
          -11778.394  574942           558
          -11778.394  313407           132
          -11778.394  704798           530
          -11778.394  807534           850
          -11778.394  544077           809
          -11778.394  850545           357
          -11778.394  882750           646
          -11778.394  15715            274
          -11778.394  327475           518
          -11778.394  405371           569
          -11778.394  197223           332
          -11778.394  399508           415
          -11778.394  414284           158
          -11778.394  251641           784
          -11778.394  185071           370
          -11778.394  425929           508
          -11778.394  220454           288
          -11778.394  284109           82
          -11778.394  422103           62
          -11778.394  758647           951
          -11778.394  650371           14
          -11778.394  370957           554
          -11778.394  654136           167
          -11778.394  436460           89
          -11778.394  737601           891
          -11778.394  276696           676
          -11803.454  937225           394
          -11803.454  802928           892
          -11803.454  505879           424
          -11803.454  848331           137
          -11803.454  137305           379
          -11803.454  127215           9
          -11803.454  167409           772
          -11803.454  225995           847
          -11803.454  275475           413
          -11803.454  86698            893
          -11803.454  403801           762
          -11803.454  631413           439
          -11803.454  148918           682
          -11803.454  775881           778
          -11803.454  634782           979
          -11803.454  801717           364
          -11803.693  533738           11
          -11803.693  432148           30
          -11810.802  154575           539
          -11810.802  736574           414
          -11810.802  997222           229
          -11810.802  420910           928
          -11810.802  96941            890
          -11810.802  21132            351
          -11810.802  928287           197
          -11810.802  202790           198
          -11810.802  691041           590
          -11810.802  408713           450
          -11810.842  784664           75
          -11810.842  662983           666
          -11810.842  669639           699

69 perturbed starting value run(s) did not converge or were rejected in the third stage.



THE BEST LOGLIKELIHOOD VALUE HAS BEEN REPLICATED.  RERUN WITH AT LEAST TWICE THE
RANDOM STARTS TO CHECK THAT THE BEST LOGLIKELIHOOD IS STILL OBTAINED AND REPLICATED.

     IN THE OPTIMIZATION, ONE OR MORE LOGIT THRESHOLDS APPROACHED EXTREME VALUES
     OF -15.000 AND 15.000 AND WERE FIXED TO STABILIZE MODEL ESTIMATION.  THESE
     VALUES IMPLY PROBABILITIES OF 0 AND 1.  IN THE MODEL RESULTS SECTION, THESE
     PARAMETERS HAVE 0 STANDARD ERRORS AND 999 IN THE Z-SCORE AND P-VALUE COLUMNS.




THE MODEL ESTIMATION TERMINATED NORMALLY



MODEL FIT INFORMATION

Number of Free Parameters                       17

Loglikelihood

          H0 Value                      -11776.632
          H0 Scaling Correction Factor      1.1240
            for MLR

Information Criteria

          Akaike (AIC)                   23587.264
          Bayesian (BIC)                 23704.492
          Sample-Size Adjusted BIC       23650.469
            (n* = (n + 2) / 24)

Chi-Square Test of Model Fit for the Binary and Ordered Categorical
(Ordinal) Outcomes

          Pearson Chi-Square

          Value                            112.042
          Degrees of Freedom                    14
          P-Value                           0.0000

          Likelihood Ratio Chi-Square

          Value                            119.759
          Degrees of Freedom                    14
          P-Value                           0.0000

Chi-Square Test for MCAR under the Unrestricted Latent Class Indicator Model

          Pearson Chi-Square

          Value                             20.593
          Degrees of Freedom                    52
          P-Value                           1.0000

          Likelihood Ratio Chi-Square

          Value                             23.142
          Degrees of Freedom                    52
          P-Value                           0.9998



FINAL CLASS COUNTS AND PROPORTIONS FOR THE LATENT CLASSES
BASED ON THE ESTIMATED MODEL

    Latent
   Classes

       1        592.85225          0.08120
       2        890.08663          0.12191
       3       5818.06111          0.79689


FINAL CLASS COUNTS AND PROPORTIONS FOR THE LATENT CLASSES
BASED ON ESTIMATED POSTERIOR PROBABILITIES

    Latent
   Classes

       1        592.85225          0.08120
       2        890.08663          0.12191
       3       5818.06111          0.79689


FINAL CLASS COUNTS AND PROPORTIONS FOR THE LATENT CLASSES
BASED ON THEIR MOST LIKELY LATENT CLASS MEMBERSHIP

Class Counts and Proportions

    Latent
   Classes

       1              451          0.06179
       2              930          0.12739
       3             5920          0.81082


CLASSIFICATION QUALITY

     Entropy                         0.906


Average Latent Class Probabilities for Most Likely Latent Class Membership (Row)
by Latent Class (Column)

           1        2        3

    1   0.934    0.008    0.059
    2   0.000    0.948    0.052
    3   0.029    0.001    0.970


Classification Probabilities for the Most Likely Latent Class Membership (Column)
by Latent Class (Row)

           1        2        3

    1   0.711    0.000    0.289
    2   0.004    0.990    0.006
    3   0.005    0.008    0.987


Logits for the Classification Probabilities for the Most Likely Latent Class Membership (Column)
by Latent Class (Row)

              1        2        3

    1      0.898  -12.576    0.000
    2     -0.392    5.159    0.000
    3     -5.381   -4.774    0.000


MODEL RESULTS

                                                    Two-Tailed
                    Estimate       S.E.  Est./S.E.    P-Value

Latent Class 1

 Thresholds
    P_RULE_E$1        -0.865      0.131     -6.614      0.000
    P_USE_EC$1        -0.323      1.014     -0.318      0.750
    P_KNOW$1           1.542      0.176      8.739      0.000
    P_RULE_B$1        15.000      0.000    999.000    999.000
    P_USE_B$1          0.657      0.159      4.132      0.000

Latent Class 2

 Thresholds
    P_RULE_E$1        -1.093      0.123     -8.902      0.000
    P_USE_EC$1         1.705      0.106     16.077      0.000
    P_KNOW$1           1.864      0.105     17.793      0.000
    P_RULE_B$1        -4.862     31.010     -0.157      0.875
    P_USE_B$1          0.036      0.076      0.477      0.634

Latent Class 3

 Thresholds
    P_RULE_E$1         3.522      0.374      9.418      0.000
    P_USE_EC$1        15.000      0.000    999.000    999.000
    P_KNOW$1           2.267      0.050     45.153      0.000
    P_RULE_B$1         4.774      0.461     10.357      0.000
    P_USE_B$1          2.351      0.055     42.403      0.000

Categorical Latent Variables

 Means
    C#1               -2.284      0.532     -4.289      0.000
    C#2               -1.877      0.232     -8.097      0.000


QUALITY OF NUMERICAL RESULTS

     Condition Number for the Information Matrix              0.199E-05
       (ratio of smallest to largest eigenvalue)


RESULTS IN PROBABILITY SCALE

                                                    Two-Tailed
                    Estimate       S.E.  Est./S.E.    P-Value

Latent Class 1

 P_RULE_EC
    Category 1         0.296      0.027     10.871      0.000
    Category 2         0.704      0.027     25.809      0.000
 P_USE_EC
    Category 1         0.420      0.247      1.699      0.089
    Category 2         0.580      0.247      2.347      0.019
 P_KNOW
    Category 1         0.824      0.026     32.152      0.000
    Category 2         0.176      0.026      6.882      0.000
 P_RULE_B
    Category 1         1.000      0.000      0.000      1.000
    Category 2         0.000      0.000      0.000      1.000
 P_USE_B
    Category 1         0.658      0.036     18.430      0.000
    Category 2         0.342      0.036      9.558      0.000

Latent Class 2

 P_RULE_EC
    Category 1         0.251      0.023     10.880      0.000
    Category 2         0.749      0.023     32.443      0.000
 P_USE_EC
    Category 1         0.846      0.014     61.312      0.000
    Category 2         0.154      0.014     11.140      0.000
 P_KNOW
    Category 1         0.866      0.012     71.113      0.000
    Category 2         0.134      0.012     11.024      0.000
 P_RULE_B
    Category 1         0.008      0.236      0.032      0.974
    Category 2         0.992      0.236      4.201      0.000
 P_USE_B
    Category 1         0.509      0.019     26.855      0.000
    Category 2         0.491      0.019     25.901      0.000

Latent Class 3

 P_RULE_EC
    Category 1         0.971      0.010     93.225      0.000
    Category 2         0.029      0.010      2.753      0.006
 P_USE_EC
    Category 1         1.000      0.000      0.000      1.000
    Category 2         0.000      0.000      0.000      1.000
 P_KNOW
    Category 1         0.906      0.004    212.079      0.000
    Category 2         0.094      0.004     21.987      0.000
 P_RULE_B
    Category 1         0.992      0.004    259.106      0.000
    Category 2         0.008      0.004      2.188      0.029
 P_USE_B
    Category 1         0.913      0.004    207.381      0.000
    Category 2         0.087      0.004     19.750      0.000


LATENT CLASS INDICATOR ODDS RATIOS FOR THE LATENT CLASSES

                                                95% C.I.
                    Estimate       S.E.  Lower 2.5% Upper 2.5%

Latent Class 1 Compared to Latent Class 2

 P_RULE_E
    Category > 1       0.796      0.148      0.553      1.146
 P_USE_EC
    Category > 1       7.602      7.859      1.002     57.660
 P_KNOW
    Category > 1       1.381      0.275      0.934      2.040
 P_RULE_B
    Category > 1       0.000      0.000      0.000      0.000
 P_USE_B
    Category > 1       0.538      0.093      0.383      0.755

Latent Class 1 Compared to Latent Class 3

 P_RULE_E
    Category > 1      80.408     28.773     39.875    162.144
 P_USE_EC
    Category > 1   *********      0.000  *********  *********
 P_KNOW
    Category > 1       2.064      0.371      1.452      2.935
 P_RULE_B
    Category > 1       0.000      0.000      0.000      0.000
 P_USE_B
    Category > 1       5.446      0.965      3.848      7.707

Latent Class 2 Compared to Latent Class 3

 P_RULE_E
    Category > 1     100.991     42.367     44.380    229.815
 P_USE_EC
    Category > 1   *********      0.000  *********  *********
 P_KNOW
    Category > 1       1.495      0.173      1.192      1.876
 P_RULE_B
    Category > 1   15312.489  *********      0.000  *********
 P_USE_B
    Category > 1      10.127      0.949      8.429     12.168


TECHNICAL 11 OUTPUT

     Random Starts Specifications for the k-1 Class Analysis Model
        Number of initial stage random starts                1000
        Number of final stage optimizations                   200



     VUONG-LO-MENDELL-RUBIN LIKELIHOOD RATIO TEST FOR 2 (H0) VERSUS 3 CLASSES

          H0 Loglikelihood Value                       -11892.090
          2 Times the Loglikelihood Difference            230.917
          Difference in the Number of Parameters                6
          Mean                                              6.983
          Standard Deviation                                7.631
          P-Value                                          0.0000

     LO-MENDELL-RUBIN ADJUSTED LRT TEST

          Value                                           226.670
          P-Value                                          0.0000


PLOT INFORMATION

The following plots are available:

  Histograms (sample values)
  Scatterplots (sample values)
  Sample proportions and estimated probabilities

     Beginning Time:  17:44:00
        Ending Time:  17:44:14
       Elapsed Time:  00:00:14


Mplus VERSION 8.11 DEMO has the following limitations:
  Maximum number of dependent variables: 6
  Maximum number of independent variables: 2
  Maximum number of between variables: 2
  Maximum number of continuous latent variables in time series analysis: 2


MUTHEN & MUTHEN
3463 Stoner Ave.
Los Angeles, CA  90066

Tel: (310) 391-9971
Fax: (310) 391-8971
Web: www.StatModel.com
Support: Support@StatModel.com

Copyright (c) 1998-2024 Muthen & Muthen
