Mplus VERSION 8.11 DEMO
MUTHEN & MUTHEN
12/19/2025   5:44 PM

INPUT INSTRUCTIONS

  TITLE:
  Class 4
  DATA:
  FILE = "C:/Users/chens/Desktop/PATHparentLCA/useme_lca/mplus_lca_ecig_w/
  lca_ecig_w.dat";
  VARIABLE:
  NAMES = caseid p_rule_ec p_use_ec p_know p_rule_b p_use_b c_try_ec dem_gen dem_age
       dem_inc dem_hisp weight;
   MISSING=.;
   categorical = p_rule_ec p_use_ec p_know p_rule_b p_use_b;
  usevar = p_rule_ec p_use_ec p_know p_rule_b p_use_b;
  weight = weight;
  classes = c(4);
  ANALYSIS:
  estimator = mlr;
      type = mixture;
      starts = 1000 200;
      processors = 10;
  OUTPUT:
  tech11 tech14;
  PLOT:
  type = plot3;
       series = p_rule_ec p_use_ec p_know p_rule_b p_use_b(*);



*** WARNING in VARIABLE command
  Note that only the first 8 characters of variable names are used in the output.
  Shorten variable names to avoid any confusion.
*** WARNING in PLOT command
  Note that only the first 8 characters of variable names are used in plots.
  If variable names are not unique within the first 8 characters, problems
  may occur.
*** WARNING in OUTPUT command
  TECH14 option is not available for TYPE=MIXTURE with weights.
  Request for TECH14 is ignored.
   3 WARNING(S) FOUND IN THE INPUT INSTRUCTIONS




Class 4

SUMMARY OF ANALYSIS

Number of groups                                                 1
Number of observations                                        7301

Number of dependent variables                                    5
Number of independent variables                                  0
Number of continuous latent variables                            0
Number of categorical latent variables                           1

Observed dependent variables

  Binary and ordered categorical (ordinal)
   P_RULE_E    P_USE_EC    P_KNOW      P_RULE_B    P_USE_B

Categorical latent variables
   C

Variables with special functions

  Weight variable       WEIGHT

Estimator                                                      MLR
Information matrix                                        OBSERVED
Optimization Specifications for the Quasi-Newton Algorithm for
Continuous Outcomes
  Maximum number of iterations                                 100
  Convergence criterion                                  0.100D-05
Optimization Specifications for the EM Algorithm
  Maximum number of iterations                                 500
  Convergence criteria
    Loglikelihood change                                 0.100D-06
    Relative loglikelihood change                        0.100D-06
    Derivative                                           0.100D-05
Optimization Specifications for the M step of the EM Algorithm for
Categorical Latent variables
  Number of M step iterations                                    1
  M step convergence criterion                           0.100D-05
  Basis for M step termination                           ITERATION
Optimization Specifications for the M step of the EM Algorithm for
Censored, Binary or Ordered Categorical (Ordinal), Unordered
Categorical (Nominal) and Count Outcomes
  Number of M step iterations                                    1
  M step convergence criterion                           0.100D-05
  Basis for M step termination                           ITERATION
  Maximum value for logit thresholds                            15
  Minimum value for logit thresholds                           -15
  Minimum expected cell size for chi-square              0.100D-01
Maximum number of iterations for H1                           2000
Convergence criterion for H1                             0.100D-03
Optimization algorithm                                         EMA
Random Starts Specifications
  Number of initial stage random starts                       1000
  Number of final stage optimizations                          200
  Number of initial stage iterations                            10
  Initial stage convergence criterion                    0.100D+01
  Random starts scale                                    0.500D+01
  Random seed for generating random starts                       0
Link                                                         LOGIT

Input data file(s)
  C:/Users/chens/Desktop/PATHparentLCA/useme_lca/mplus_lca_ecig_w/lca_ecig_w.dat
Input data format  FREE


SUMMARY OF DATA

     Number of missing data patterns             5
     Number of y missing data patterns           0
     Number of u missing data patterns           5


COVARIANCE COVERAGE OF DATA

Minimum covariance coverage value   0.100


     PROPORTION OF DATA PRESENT FOR U


           Covariance Coverage
              P_RULE_E      P_USE_EC      P_KNOW        P_RULE_B      P_USE_B
              ________      ________      ________      ________      ________
 P_RULE_E       0.996
 P_USE_EC       0.996         1.000
 P_KNOW         0.986         0.990         0.990
 P_RULE_B       0.996         0.996         0.986         0.996
 P_USE_B        0.996         1.000         0.990         0.996         1.000


UNIVARIATE PROPORTIONS AND COUNTS FOR CATEGORICAL VARIABLES

    P_RULE_E
      Category 1    0.828         6025.611
      Category 2    0.172         1247.344
    P_USE_EC
      Category 1    0.934         6820.261
      Category 2    0.066          480.739
    P_KNOW
      Category 1    0.894         6462.369
      Category 2    0.106          762.434
    P_RULE_B
      Category 1    0.872         6343.601
      Category 2    0.128          930.094
    P_USE_B
      Category 1    0.843         6155.619
      Category 2    0.157         1145.381


RANDOM STARTS RESULTS RANKED FROM THE BEST TO THE WORST LOGLIKELIHOOD VALUES

Final stage loglikelihood values at local maxima, seeds, and initial stage start numbers:

          -11725.982  7886             804
          -11725.982  484501           163
          -11725.982  351622           551
          -11725.982  900921           984
          -11725.982  797594           234
          -11725.982  648555           113
          -11725.982  657994           788
          -11725.982  424223           900
          -11725.982  318177           748
          -11725.982  443442           380
          -11725.982  616917           261
          -11725.982  662718           460
          -11725.982  497522           502
          -11725.982  829540           324
          -11725.982  326091           759
          -11725.982  907810           795
          -11725.982  533738           11
          -11726.133  376411           473
          -11726.133  264081           186
          -11726.133  699554           427
          -11726.133  247224           94
          -11726.133  654136           167
          -11726.187  46437            153
          -11726.187  97158            205
          -11726.187  366706           29
          -11726.187  850840           232
          -11726.294  603842           61
          -11726.294  575700           100
          -11726.819  772131           407
          -11737.562  570908           98
          -11737.562  499150           216
          -11737.562  645664           39
          -11737.562  207896           25
          -11737.562  471398           74
          -11737.965  85462            51
          -11740.358  246261           38
          -11740.358  813779           92
          -11743.059  260601           36
          -11743.647  76974            16
          -11743.647  392418           28
          -11743.647  372176           23
          -11744.344  49221            254
          -11744.344  604861           800
          -11744.344  273992           349
          -11744.344  700846           867
          -11751.083  411615           171

154 perturbed starting value run(s) did not converge or were rejected in the third stage.



THE BEST LOGLIKELIHOOD VALUE HAS BEEN REPLICATED.  RERUN WITH AT LEAST TWICE THE
RANDOM STARTS TO CHECK THAT THE BEST LOGLIKELIHOOD IS STILL OBTAINED AND REPLICATED.

     IN THE OPTIMIZATION, ONE OR MORE LOGIT THRESHOLDS APPROACHED EXTREME VALUES
     OF -15.000 AND 15.000 AND WERE FIXED TO STABILIZE MODEL ESTIMATION.  THESE
     VALUES IMPLY PROBABILITIES OF 0 AND 1.  IN THE MODEL RESULTS SECTION, THESE
     PARAMETERS HAVE 0 STANDARD ERRORS AND 999 IN THE Z-SCORE AND P-VALUE COLUMNS.




THE MODEL ESTIMATION TERMINATED NORMALLY



MODEL FIT INFORMATION

Number of Free Parameters                       23

Loglikelihood

          H0 Value                      -11725.982
          H0 Scaling Correction Factor      1.0955
            for MLR

Information Criteria

          Akaike (AIC)                   23497.965
          Bayesian (BIC)                 23656.567
          Sample-Size Adjusted BIC       23583.478
            (n* = (n + 2) / 24)

Chi-Square Test of Model Fit for the Binary and Ordered Categorical
(Ordinal) Outcomes

          Pearson Chi-Square

          Value                             26.129
          Degrees of Freedom                     8
          P-Value                           0.0010

          Likelihood Ratio Chi-Square

          Value                             25.818
          Degrees of Freedom                     8
          P-Value                           0.0011

Chi-Square Test for MCAR under the Unrestricted Latent Class Indicator Model

          Pearson Chi-Square

          Value                             20.593
          Degrees of Freedom                    52
          P-Value                           1.0000

          Likelihood Ratio Chi-Square

          Value                             23.142
          Degrees of Freedom                    52
          P-Value                           0.9998



FINAL CLASS COUNTS AND PROPORTIONS FOR THE LATENT CLASSES
BASED ON THE ESTIMATED MODEL

    Latent
   Classes

       1        270.90915          0.03711
       2        752.10352          0.10301
       3       5431.57535          0.74395
       4        846.41197          0.11593


FINAL CLASS COUNTS AND PROPORTIONS FOR THE LATENT CLASSES
BASED ON ESTIMATED POSTERIOR PROBABILITIES

    Latent
   Classes

       1        270.90915          0.03711
       2        752.10352          0.10301
       3       5431.57535          0.74395
       4        846.41197          0.11593


FINAL CLASS COUNTS AND PROPORTIONS FOR THE LATENT CLASSES
BASED ON THEIR MOST LIKELY LATENT CLASS MEMBERSHIP

Class Counts and Proportions

    Latent
   Classes

       1              289          0.03965
       2              704          0.09636
       3             5569          0.76279
       4              739          0.10120


CLASSIFICATION QUALITY

     Entropy                         0.925


Average Latent Class Probabilities for Most Likely Latent Class Membership (Row)
by Latent Class (Column)

           1        2        3        4

    1   0.803    0.013    0.061    0.123
    2   0.012    0.988    0.000    0.000
    3   0.004    0.010    0.971    0.015
    4   0.008    0.000    0.006    0.986


Classification Probabilities for the Most Likely Latent Class Membership (Column)
by Latent Class (Row)

           1        2        3        4

    1   0.858    0.030    0.090    0.022
    2   0.005    0.924    0.070    0.000
    3   0.003    0.000    0.996    0.001
    4   0.042    0.000    0.097    0.860


Logits for the Classification Probabilities for the Most Likely Latent Class Membership (Column)
by Latent Class (Row)

              1        2        3        4

    1      3.669    0.327    1.417    0.000
    2      2.389    7.618    5.043    0.000
    3      1.432   -3.031    7.151    0.000
    4     -3.018  -13.665   -2.178    0.000


MODEL RESULTS

                                                    Two-Tailed
                    Estimate       S.E.  Est./S.E.    P-Value

Latent Class 1

 Thresholds
    P_RULE_E$1        -1.876      1.201     -1.562      0.118
    P_USE_EC$1        -2.037      3.295     -0.618      0.536
    P_KNOW$1           1.455      0.242      6.018      0.000
    P_RULE_B$1        15.000      0.000    999.000    999.000
    P_USE_B$1          1.290      0.236      5.457      0.000

Latent Class 2

 Thresholds
    P_RULE_E$1        15.000      0.000    999.000    999.000
    P_USE_EC$1         2.428      0.217     11.170      0.000
    P_KNOW$1           1.682      0.108     15.589      0.000
    P_RULE_B$1         1.430      0.104     13.750      0.000
    P_USE_B$1         -2.493      1.390     -1.793      0.073

Latent Class 3

 Thresholds
    P_RULE_E$1         3.437      0.301     11.420      0.000
    P_USE_EC$1         5.707      1.798      3.174      0.002
    P_KNOW$1           2.332      0.054     43.503      0.000
    P_RULE_B$1         3.723      0.149     25.060      0.000
    P_USE_B$1         15.000      0.000    999.000    999.000

Latent Class 4

 Thresholds
    P_RULE_E$1       -15.000      0.000    999.000    999.000
    P_USE_EC$1         1.440      0.102     14.061      0.000
    P_KNOW$1           1.795      0.117     15.406      0.000
    P_RULE_B$1        -1.255      0.340     -3.694      0.000
    P_USE_B$1          0.147      0.083      1.770      0.077

Categorical Latent Variables

 Means
    C#1               -1.139      0.545     -2.089      0.037
    C#2               -0.118      0.136     -0.871      0.384
    C#3                1.859      0.075     24.861      0.000


QUALITY OF NUMERICAL RESULTS

     Condition Number for the Information Matrix              0.626E-04
       (ratio of smallest to largest eigenvalue)


RESULTS IN PROBABILITY SCALE

                                                    Two-Tailed
                    Estimate       S.E.  Est./S.E.    P-Value

Latent Class 1

 P_RULE_EC
    Category 1         0.133      0.138      0.960      0.337
    Category 2         0.867      0.138      6.266      0.000
 P_USE_EC
    Category 1         0.115      0.336      0.343      0.732
    Category 2         0.885      0.336      2.631      0.009
 P_KNOW
    Category 1         0.811      0.037     21.855      0.000
    Category 2         0.189      0.037      5.102      0.000
 P_RULE_B
    Category 1         1.000      0.000      0.000      1.000
    Category 2         0.000      0.000      0.000      1.000
 P_USE_B
    Category 1         0.784      0.040     19.598      0.000
    Category 2         0.216      0.040      5.395      0.000

Latent Class 2

 P_RULE_EC
    Category 1         1.000      0.000      0.000      1.000
    Category 2         0.000      0.000      0.000      1.000
 P_USE_EC
    Category 1         0.919      0.016     56.755      0.000
    Category 2         0.081      0.016      5.006      0.000
 P_KNOW
    Category 1         0.843      0.014     59.096      0.000
    Category 2         0.157      0.014     10.992      0.000
 P_RULE_B
    Category 1         0.807      0.016     49.799      0.000
    Category 2         0.193      0.016     11.912      0.000
 P_USE_B
    Category 1         0.076      0.098      0.779      0.436
    Category 2         0.924      0.098      9.422      0.000

Latent Class 3

 P_RULE_EC
    Category 1         0.969      0.009    106.658      0.000
    Category 2         0.031      0.009      3.429      0.001
 P_USE_EC
    Category 1         0.997      0.006    167.968      0.000
    Category 2         0.003      0.006      0.558      0.577
 P_KNOW
    Category 1         0.911      0.004    210.745      0.000
    Category 2         0.089      0.004     20.469      0.000
 P_RULE_B
    Category 1         0.976      0.003    285.324      0.000
    Category 2         0.024      0.003      6.894      0.000
 P_USE_B
    Category 1         1.000      0.000      0.000      1.000
    Category 2         0.000      0.000      0.000      1.000

Latent Class 4

 P_RULE_EC
    Category 1         0.000      0.000      0.000      1.000
    Category 2         1.000      0.000      0.000      1.000
 P_USE_EC
    Category 1         0.808      0.016     50.979      0.000
    Category 2         0.192      0.016     12.078      0.000
 P_KNOW
    Category 1         0.858      0.014     60.251      0.000
    Category 2         0.142      0.014     10.006      0.000
 P_RULE_B
    Category 1         0.222      0.059      3.783      0.000
    Category 2         0.778      0.059     13.269      0.000
 P_USE_B
    Category 1         0.537      0.021     26.044      0.000
    Category 2         0.463      0.021     22.490      0.000


LATENT CLASS INDICATOR ODDS RATIOS FOR THE LATENT CLASSES

                                                95% C.I.
                    Estimate       S.E.  Lower 2.5% Upper 2.5%

Latent Class 1 Compared to Latent Class 2

 P_RULE_E
    Category > 1   *********      0.000  *********  *********
 P_USE_EC
    Category > 1      86.955    284.945      0.141  53537.457
 P_KNOW
    Category > 1       1.255      0.335      0.744      2.117
 P_RULE_B
    Category > 1       0.000      0.000      0.000      0.000
 P_USE_B
    Category > 1       0.023      0.032      0.001      0.372

Latent Class 1 Compared to Latent Class 3

 P_RULE_E
    Category > 1     202.953    247.842     18.531   2222.729
 P_USE_EC
    Category > 1    2308.646   8266.003      2.068  *********
 P_KNOW
    Category > 1       2.404      0.590      1.486      3.888
 P_RULE_B
    Category > 1       0.000      0.000      0.000      0.000
 P_USE_B
    Category > 1   *********      0.000  *********  *********

Latent Class 1 Compared to Latent Class 4

 P_RULE_E
    Category > 1       0.000      0.000      0.000      0.000
 P_USE_EC
    Category > 1      32.373    106.584      0.051  20544.439
 P_KNOW
    Category > 1       1.406      0.391      0.815      2.424
 P_RULE_B
    Category > 1       0.000      0.000      0.000      0.000
 P_USE_B
    Category > 1       0.319      0.081      0.194      0.525

Latent Class 2 Compared to Latent Class 3

 P_RULE_E
    Category > 1       0.000      0.000      0.000      0.000
 P_USE_EC
    Category > 1      26.550     43.949      1.035    680.947
 P_KNOW
    Category > 1       1.915      0.237      1.503      2.440
 P_RULE_B
    Category > 1       9.901      1.842      6.876     14.257
 P_USE_B
    Category > 1   *********      0.000  *********  *********

Latent Class 2 Compared to Latent Class 4

 P_RULE_E
    Category > 1       0.000      0.000      0.000      0.000
 P_USE_EC
    Category > 1       0.372      0.088      0.234      0.593
 P_KNOW
    Category > 1       1.120      0.177      0.821      1.527
 P_RULE_B
    Category > 1       0.068      0.024      0.035      0.135
 P_USE_B
    Category > 1      14.008     19.482      0.917    213.920

Latent Class 3 Compared to Latent Class 4

 P_RULE_E
    Category > 1       0.000      0.000      0.000      0.000
 P_USE_EC
    Category > 1       0.014      0.025      0.000      0.476
 P_KNOW
    Category > 1       0.585      0.074      0.456      0.749
 P_RULE_B
    Category > 1       0.007      0.003      0.003      0.014
 P_USE_B
    Category > 1       0.000      0.000      0.000      0.000


TECHNICAL 11 OUTPUT

     Random Starts Specifications for the k-1 Class Analysis Model
        Number of initial stage random starts                1000
        Number of final stage optimizations                   200



     VUONG-LO-MENDELL-RUBIN LIKELIHOOD RATIO TEST FOR 3 (H0) VERSUS 4 CLASSES

          H0 Loglikelihood Value                       -11776.632
          2 Times the Loglikelihood Difference            101.299
          Difference in the Number of Parameters                6
          Mean                                              3.480
          Standard Deviation                                7.374
          P-Value                                          0.0000

     LO-MENDELL-RUBIN ADJUSTED LRT TEST

          Value                                            99.436
          P-Value                                          0.0000


PLOT INFORMATION

The following plots are available:

  Histograms (sample values)
  Scatterplots (sample values)
  Sample proportions and estimated probabilities

     Beginning Time:  17:44:15
        Ending Time:  17:44:30
       Elapsed Time:  00:00:15


Mplus VERSION 8.11 DEMO has the following limitations:
  Maximum number of dependent variables: 6
  Maximum number of independent variables: 2
  Maximum number of between variables: 2
  Maximum number of continuous latent variables in time series analysis: 2


MUTHEN & MUTHEN
3463 Stoner Ave.
Los Angeles, CA  90066

Tel: (310) 391-9971
Fax: (310) 391-8971
Web: www.StatModel.com
Support: Support@StatModel.com

Copyright (c) 1998-2024 Muthen & Muthen
