Mplus VERSION 8.11 DEMO
MUTHEN & MUTHEN
12/19/2025   5:44 PM

INPUT INSTRUCTIONS

  TITLE:
  Class 5
  DATA:
  FILE = "C:/Users/chens/Desktop/PATHparentLCA/useme_lca/mplus_lca_ecig_w/
  lca_ecig_w.dat";
  VARIABLE:
  NAMES = caseid p_rule_ec p_use_ec p_know p_rule_b p_use_b c_try_ec dem_gen dem_age
       dem_inc dem_hisp weight;
   MISSING=.;
   categorical = p_rule_ec p_use_ec p_know p_rule_b p_use_b;
  usevar = p_rule_ec p_use_ec p_know p_rule_b p_use_b;
  weight = weight;
  classes = c(5);
  ANALYSIS:
  estimator = mlr;
      type = mixture;
      starts = 1000 200;
      processors = 10;
  OUTPUT:
  tech11 tech14;
  PLOT:
  type = plot3;
       series = p_rule_ec p_use_ec p_know p_rule_b p_use_b(*);



*** WARNING in VARIABLE command
  Note that only the first 8 characters of variable names are used in the output.
  Shorten variable names to avoid any confusion.
*** WARNING in PLOT command
  Note that only the first 8 characters of variable names are used in plots.
  If variable names are not unique within the first 8 characters, problems
  may occur.
*** WARNING in OUTPUT command
  TECH14 option is not available for TYPE=MIXTURE with weights.
  Request for TECH14 is ignored.
   3 WARNING(S) FOUND IN THE INPUT INSTRUCTIONS




Class 5

SUMMARY OF ANALYSIS

Number of groups                                                 1
Number of observations                                        7301

Number of dependent variables                                    5
Number of independent variables                                  0
Number of continuous latent variables                            0
Number of categorical latent variables                           1

Observed dependent variables

  Binary and ordered categorical (ordinal)
   P_RULE_E    P_USE_EC    P_KNOW      P_RULE_B    P_USE_B

Categorical latent variables
   C

Variables with special functions

  Weight variable       WEIGHT

Estimator                                                      MLR
Information matrix                                        OBSERVED
Optimization Specifications for the Quasi-Newton Algorithm for
Continuous Outcomes
  Maximum number of iterations                                 100
  Convergence criterion                                  0.100D-05
Optimization Specifications for the EM Algorithm
  Maximum number of iterations                                 500
  Convergence criteria
    Loglikelihood change                                 0.100D-06
    Relative loglikelihood change                        0.100D-06
    Derivative                                           0.100D-05
Optimization Specifications for the M step of the EM Algorithm for
Categorical Latent variables
  Number of M step iterations                                    1
  M step convergence criterion                           0.100D-05
  Basis for M step termination                           ITERATION
Optimization Specifications for the M step of the EM Algorithm for
Censored, Binary or Ordered Categorical (Ordinal), Unordered
Categorical (Nominal) and Count Outcomes
  Number of M step iterations                                    1
  M step convergence criterion                           0.100D-05
  Basis for M step termination                           ITERATION
  Maximum value for logit thresholds                            15
  Minimum value for logit thresholds                           -15
  Minimum expected cell size for chi-square              0.100D-01
Maximum number of iterations for H1                           2000
Convergence criterion for H1                             0.100D-03
Optimization algorithm                                         EMA
Random Starts Specifications
  Number of initial stage random starts                       1000
  Number of final stage optimizations                          200
  Number of initial stage iterations                            10
  Initial stage convergence criterion                    0.100D+01
  Random starts scale                                    0.500D+01
  Random seed for generating random starts                       0
Link                                                         LOGIT

Input data file(s)
  C:/Users/chens/Desktop/PATHparentLCA/useme_lca/mplus_lca_ecig_w/lca_ecig_w.dat
Input data format  FREE


SUMMARY OF DATA

     Number of missing data patterns             5
     Number of y missing data patterns           0
     Number of u missing data patterns           5


COVARIANCE COVERAGE OF DATA

Minimum covariance coverage value   0.100


     PROPORTION OF DATA PRESENT FOR U


           Covariance Coverage
              P_RULE_E      P_USE_EC      P_KNOW        P_RULE_B      P_USE_B
              ________      ________      ________      ________      ________
 P_RULE_E       0.996
 P_USE_EC       0.996         1.000
 P_KNOW         0.986         0.990         0.990
 P_RULE_B       0.996         0.996         0.986         0.996
 P_USE_B        0.996         1.000         0.990         0.996         1.000


UNIVARIATE PROPORTIONS AND COUNTS FOR CATEGORICAL VARIABLES

    P_RULE_E
      Category 1    0.828         6025.611
      Category 2    0.172         1247.344
    P_USE_EC
      Category 1    0.934         6820.261
      Category 2    0.066          480.739
    P_KNOW
      Category 1    0.894         6462.369
      Category 2    0.106          762.434
    P_RULE_B
      Category 1    0.872         6343.601
      Category 2    0.128          930.094
    P_USE_B
      Category 1    0.843         6155.619
      Category 2    0.157         1145.381


RANDOM STARTS RESULTS RANKED FROM THE BEST TO THE WORST LOGLIKELIHOOD VALUES

Final stage loglikelihood values at local maxima, seeds, and initial stage start numbers:

          -11715.948  7195             697
          -11715.948  609185           181
          -11715.981  766903           505
          -11715.981  797594           234
          -11715.981  247912           537
          -11715.981  677720           681
          -11715.981  97158            205
          -11715.981  971853           402
          -11715.981  495366           964
          -11715.981  860772           174
          -11715.982  345726           461
          -11715.984  405371           569
          -11715.984  602797           336
          -11715.992  958107           790
          -11716.031  264935           281
          -11716.065  391179           78
          -11716.124  561664           392
          -11716.157  407108           366
          -11716.162  296162           856
          -11716.162  978061           488
          -11716.165  645664           39
          -11716.194  887580           493
          -11716.194  226322           478
          -11716.194  46437            153
          -11716.297  784664           75
          -11716.297  247224           94
          -11716.788  937588           293
          -11716.853  967237           48
          -11717.628  232559           136
          -11717.760  107446           12
          -11717.849  575700           100
          -11718.053  371246           101
          -11718.453  441191           361
          -11722.975  407168           44
          -11722.975  576596           99
          -11722.975  997222           229
          -11722.975  93468            3
          -11723.073  686482           215
          -11725.230  405079           68
          -11736.663  366706           29

160 perturbed starting value run(s) did not converge or were rejected in the third stage.



THE BEST LOGLIKELIHOOD VALUE HAS BEEN REPLICATED.  RERUN WITH AT LEAST TWICE THE
RANDOM STARTS TO CHECK THAT THE BEST LOGLIKELIHOOD IS STILL OBTAINED AND REPLICATED.

     IN THE OPTIMIZATION, ONE OR MORE LOGIT THRESHOLDS APPROACHED EXTREME VALUES
     OF -15.000 AND 15.000 AND WERE FIXED TO STABILIZE MODEL ESTIMATION.  THESE
     VALUES IMPLY PROBABILITIES OF 0 AND 1.  IN THE MODEL RESULTS SECTION, THESE
     PARAMETERS HAVE 0 STANDARD ERRORS AND 999 IN THE Z-SCORE AND P-VALUE COLUMNS.




THE MODEL ESTIMATION TERMINATED NORMALLY



MODEL FIT INFORMATION

Number of Free Parameters                       29

Loglikelihood

          H0 Value                      -11715.948
          H0 Scaling Correction Factor      1.0762
            for MLR

Information Criteria

          Akaike (AIC)                   23489.896
          Bayesian (BIC)                 23689.873
          Sample-Size Adjusted BIC       23597.718
            (n* = (n + 2) / 24)

Chi-Square Test of Model Fit for the Binary and Ordered Categorical
(Ordinal) Outcomes

          Pearson Chi-Square

          Value                              7.601
          Degrees of Freedom                     2
          P-Value                           0.0224

          Likelihood Ratio Chi-Square

          Value                              7.152
          Degrees of Freedom                     2
          P-Value                           0.0280

Chi-Square Test for MCAR under the Unrestricted Latent Class Indicator Model

          Pearson Chi-Square

          Value                             20.593
          Degrees of Freedom                    52
          P-Value                           1.0000

          Likelihood Ratio Chi-Square

          Value                             23.142
          Degrees of Freedom                    52
          P-Value                           0.9998



FINAL CLASS COUNTS AND PROPORTIONS FOR THE LATENT CLASSES
BASED ON THE ESTIMATED MODEL

    Latent
   Classes

       1        684.89352          0.09381
       2        688.79541          0.09434
       3        395.42918          0.05416
       4        152.58121          0.02090
       5       5379.30068          0.73679


FINAL CLASS COUNTS AND PROPORTIONS FOR THE LATENT CLASSES
BASED ON ESTIMATED POSTERIOR PROBABILITIES

    Latent
   Classes

       1        684.89352          0.09381
       2        688.79541          0.09434
       3        395.42918          0.05416
       4        152.58121          0.02090
       5       5379.30068          0.73679


FINAL CLASS COUNTS AND PROPORTIONS FOR THE LATENT CLASSES
BASED ON THEIR MOST LIKELY LATENT CLASS MEMBERSHIP

Class Counts and Proportions

    Latent
   Classes

       1              746          0.10218
       2              668          0.09152
       3              297          0.04072
       4              108          0.01482
       5             5481          0.75075


CLASSIFICATION QUALITY

     Entropy                         0.924


Average Latent Class Probabilities for Most Likely Latent Class Membership (Row)
by Latent Class (Column)

           1        2        3        4        5

    1   0.795    0.079    0.024    0.103    0.000
    2   0.040    0.932    0.025    0.002    0.000
    3   0.000    0.017    0.978    0.000    0.005
    4   0.140    0.015    0.155    0.690    0.000
    5   0.009    0.000    0.010    0.000    0.981


Classification Probabilities for the Most Likely Latent Class Membership (Column)
by Latent Class (Row)

           1        2        3        4        5

    1   0.866    0.039    0.000    0.022    0.073
    2   0.086    0.905    0.007    0.002    0.000
    3   0.045    0.042    0.735    0.042    0.135
    4   0.501    0.010    0.000    0.489    0.000
    5   0.000    0.000    0.000    0.000    1.000


Logits for the Classification Probabilities for the Most Likely Latent Class Membership (Column)
by Latent Class (Row)

              1        2        3        4        5

    1      2.475   -0.614  -11.196   -1.194    0.000
    2     11.358   13.715    8.898    7.791    0.000
    3     -1.108   -1.170    1.691   -1.162    0.000
    4     13.125    9.181    0.000   13.100    0.000
    5    -13.815  -13.815   -8.166  -13.815    0.000


MODEL RESULTS

                                                    Two-Tailed
                    Estimate       S.E.  Est./S.E.    P-Value

Latent Class 1

 Thresholds
    P_RULE_E$1        -0.769      0.127     -6.037      0.000
    P_USE_EC$1        15.000      0.000    999.000    999.000
    P_KNOW$1           2.113      0.187     11.309      0.000
    P_RULE_B$1        -2.180      3.791     -0.575      0.565
    P_USE_B$1          0.805      0.715      1.126      0.260

Latent Class 2

 Thresholds
    P_RULE_E$1         2.373      1.162      2.042      0.041
    P_USE_EC$1         2.231      0.157     14.242      0.000
    P_KNOW$1           1.625      0.136     11.963      0.000
    P_RULE_B$1         2.089      0.875      2.388      0.017
    P_USE_B$1        -15.000      0.000    999.000    999.000

Latent Class 3

 Thresholds
    P_RULE_E$1        -3.908      0.989     -3.951      0.000
    P_USE_EC$1        -1.315      1.067     -1.232      0.218
    P_KNOW$1           1.377      0.163      8.444      0.000
    P_RULE_B$1         1.248      0.168      7.428      0.000
    P_USE_B$1          1.188      0.203      5.845      0.000

Latent Class 4

 Thresholds
    P_RULE_E$1        -3.866      6.055     -0.638      0.523
    P_USE_EC$1         0.464      0.937      0.495      0.621
    P_KNOW$1           1.580      0.308      5.137      0.000
    P_RULE_B$1       -15.000      0.000    999.000    999.000
    P_USE_B$1        -15.000      0.000    999.000    999.000

Latent Class 5

 Thresholds
    P_RULE_E$1         3.326      0.652      5.100      0.000
    P_USE_EC$1         4.814      0.195     24.701      0.000
    P_KNOW$1           2.328      0.051     45.293      0.000
    P_RULE_B$1        15.000      0.000    999.000    999.000
    P_USE_B$1         15.000      0.000    999.000    999.000

Categorical Latent Variables

 Means
    C#1               -2.061      0.492     -4.190      0.000
    C#2               -2.055      0.169    -12.132      0.000
    C#3               -2.610      0.241    -10.816      0.000
    C#4               -3.563      0.474     -7.512      0.000


QUALITY OF NUMERICAL RESULTS

     Condition Number for the Information Matrix              0.390E-04
       (ratio of smallest to largest eigenvalue)


RESULTS IN PROBABILITY SCALE

                                                    Two-Tailed
                    Estimate       S.E.  Est./S.E.    P-Value

Latent Class 1

 P_RULE_EC
    Category 1         0.317      0.028     11.483      0.000
    Category 2         0.683      0.028     24.785      0.000
 P_USE_EC
    Category 1         1.000      0.000      0.000      1.000
    Category 2         0.000      0.000      0.000      1.000
 P_KNOW
    Category 1         0.892      0.018     49.633      0.000
    Category 2         0.108      0.018      5.999      0.000
 P_RULE_B
    Category 1         0.102      0.346      0.294      0.769
    Category 2         0.898      0.346      2.598      0.009
 P_USE_B
    Category 1         0.691      0.153      4.526      0.000
    Category 2         0.309      0.153      2.024      0.043

Latent Class 2

 P_RULE_EC
    Category 1         0.915      0.091     10.093      0.000
    Category 2         0.085      0.091      0.941      0.347
 P_USE_EC
    Category 1         0.903      0.014     65.822      0.000
    Category 2         0.097      0.014      7.068      0.000
 P_KNOW
    Category 1         0.836      0.019     44.751      0.000
    Category 2         0.164      0.019      8.809      0.000
 P_RULE_B
    Category 1         0.890      0.086     10.373      0.000
    Category 2         0.110      0.086      1.285      0.199
 P_USE_B
    Category 1         0.000      0.000      0.000      1.000
    Category 2         1.000      0.000      0.000      1.000

Latent Class 3

 P_RULE_EC
    Category 1         0.020      0.019      1.031      0.302
    Category 2         0.980      0.019     51.355      0.000
 P_USE_EC
    Category 1         0.212      0.178      1.189      0.235
    Category 2         0.788      0.178      4.427      0.000
 P_KNOW
    Category 1         0.798      0.026     30.432      0.000
    Category 2         0.202      0.026      7.683      0.000
 P_RULE_B
    Category 1         0.777      0.029     26.684      0.000
    Category 2         0.223      0.029      7.659      0.000
 P_USE_B
    Category 1         0.766      0.036     21.061      0.000
    Category 2         0.234      0.036      6.417      0.000

Latent Class 4

 P_RULE_EC
    Category 1         0.021      0.122      0.169      0.866
    Category 2         0.979      0.122      8.049      0.000
 P_USE_EC
    Category 1         0.614      0.222      2.765      0.006
    Category 2         0.386      0.222      1.739      0.082
 P_KNOW
    Category 1         0.829      0.044     19.035      0.000
    Category 2         0.171      0.044      3.921      0.000
 P_RULE_B
    Category 1         0.000      0.000      0.000      1.000
    Category 2         1.000      0.000      0.000      1.000
 P_USE_B
    Category 1         0.000      0.000      0.000      1.000
    Category 2         1.000      0.000      0.000      1.000

Latent Class 5

 P_RULE_EC
    Category 1         0.965      0.022     44.191      0.000
    Category 2         0.035      0.022      1.589      0.112
 P_USE_EC
    Category 1         0.992      0.002    637.550      0.000
    Category 2         0.008      0.002      5.172      0.000
 P_KNOW
    Category 1         0.911      0.004    219.040      0.000
    Category 2         0.089      0.004     21.350      0.000
 P_RULE_B
    Category 1         1.000      0.000      0.000      1.000
    Category 2         0.000      0.000      0.000      1.000
 P_USE_B
    Category 1         1.000      0.000      0.000      1.000
    Category 2         0.000      0.000      0.000      1.000


LATENT CLASS INDICATOR ODDS RATIOS FOR THE LATENT CLASSES

                                                95% C.I.
                    Estimate       S.E.  Lower 2.5% Upper 2.5%

Latent Class 1 Compared to Latent Class 2

 P_RULE_E
    Category > 1      23.152     26.901      2.374    225.765
 P_USE_EC
    Category > 1       0.000      0.000      0.000      0.000
 P_KNOW
    Category > 1       0.614      0.128      0.408      0.924
 P_RULE_B
    Category > 1      71.468    278.308      0.035  *********
 P_USE_B
    Category > 1       0.000      0.000      0.000      0.000

Latent Class 1 Compared to Latent Class 3

 P_RULE_E
    Category > 1       0.043      0.043      0.006      0.309
 P_USE_EC
    Category > 1       0.000      0.000      0.000      0.000
 P_KNOW
    Category > 1       0.479      0.117      0.296      0.774
 P_RULE_B
    Category > 1      30.834    116.865      0.018  51905.434
 P_USE_B
    Category > 1       1.468      1.052      0.360      5.983

Latent Class 1 Compared to Latent Class 4

 P_RULE_E
    Category > 1       0.045      0.273      0.000   6123.042
 P_USE_EC
    Category > 1       0.000      0.000      0.000      0.000
 P_KNOW
    Category > 1       0.587      0.248      0.257      1.342
 P_RULE_B
    Category > 1       0.000      0.000      0.000      0.000
 P_USE_B
    Category > 1       0.000      0.000      0.000      0.000

Latent Class 1 Compared to Latent Class 5

 P_RULE_E
    Category > 1      60.040     39.364     16.610    217.031
 P_USE_EC
    Category > 1       0.000      0.000      0.000      0.000
 P_KNOW
    Category > 1       1.240      0.240      0.849      1.812
 P_RULE_B
    Category > 1   *********      0.000  *********  *********
 P_USE_B
    Category > 1   *********      0.000  *********  *********

Latent Class 2 Compared to Latent Class 3

 P_RULE_E
    Category > 1       0.002      0.003      0.000      0.038
 P_USE_EC
    Category > 1       0.029      0.031      0.004      0.234
 P_KNOW
    Category > 1       0.780      0.166      0.513      1.184
 P_RULE_B
    Category > 1       0.431      0.385      0.075      2.483
 P_USE_B
    Category > 1   *********      0.000  *********  *********

Latent Class 2 Compared to Latent Class 4

 P_RULE_E
    Category > 1       0.002      0.012      0.000    243.925
 P_USE_EC
    Category > 1       0.171      0.162      0.027      1.096
 P_KNOW
    Category > 1       0.956      0.339      0.477      1.916
 P_RULE_B
    Category > 1       0.000      0.000      0.000      0.000
 P_USE_B
    Category > 1       1.000      0.000      1.000      1.000

Latent Class 2 Compared to Latent Class 5

 P_RULE_E
    Category > 1       2.593      1.512      0.827      8.129
 P_USE_EC
    Category > 1      13.237      3.189      8.254     21.226
 P_KNOW
    Category > 1       2.020      0.295      1.516      2.690
 P_RULE_B
    Category > 1   *********      0.000  *********  *********
 P_USE_B
    Category > 1   *********      0.000  *********  *********

Latent Class 3 Compared to Latent Class 4

 P_RULE_E
    Category > 1       1.043      6.448      0.000  *********
 P_USE_EC
    Category > 1       5.922      8.282      0.382     91.825
 P_KNOW
    Category > 1       1.225      0.439      0.607      2.474
 P_RULE_B
    Category > 1       0.000      0.000      0.000      0.000
 P_USE_B
    Category > 1       0.000      0.000      0.000      0.000

Latent Class 3 Compared to Latent Class 5

 P_RULE_E
    Category > 1    1385.191   1644.899    135.113  14201.065
 P_USE_EC
    Category > 1     459.120    498.114     54.753   3849.818
 P_KNOW
    Category > 1       2.590      0.444      1.851      3.624
 P_RULE_B
    Category > 1   *********      0.000  *********  *********
 P_USE_B
    Category > 1   *********      0.000  *********  *********

Latent Class 4 Compared to Latent Class 5

 P_RULE_E
    Category > 1    1328.010   8091.312      0.009  *********
 P_USE_EC
    Category > 1      77.528     74.136     11.898    505.164
 P_KNOW
    Category > 1       2.113      0.659      1.147      3.894
 P_RULE_B
    Category > 1   *********      0.000  *********  *********
 P_USE_B
    Category > 1   *********      0.000  *********  *********


TECHNICAL 11 OUTPUT

     Random Starts Specifications for the k-1 Class Analysis Model
        Number of initial stage random starts                1000
        Number of final stage optimizations                   200



     VUONG-LO-MENDELL-RUBIN LIKELIHOOD RATIO TEST FOR 4 (H0) VERSUS 5 CLASSES

          H0 Loglikelihood Value                       -11725.982
          2 Times the Loglikelihood Difference             20.069
          Difference in the Number of Parameters                6
          Mean                                              4.783
          Standard Deviation                                7.731
          P-Value                                          0.0337

     LO-MENDELL-RUBIN ADJUSTED LRT TEST

          Value                                            19.700
          P-Value                                          0.0361


PLOT INFORMATION

The following plots are available:

  Histograms (sample values)
  Scatterplots (sample values)
  Sample proportions and estimated probabilities

     Beginning Time:  17:44:31
        Ending Time:  17:44:46
       Elapsed Time:  00:00:15


Mplus VERSION 8.11 DEMO has the following limitations:
  Maximum number of dependent variables: 6
  Maximum number of independent variables: 2
  Maximum number of between variables: 2
  Maximum number of continuous latent variables in time series analysis: 2


MUTHEN & MUTHEN
3463 Stoner Ave.
Los Angeles, CA  90066

Tel: (310) 391-9971
Fax: (310) 391-8971
Web: www.StatModel.com
Support: Support@StatModel.com

Copyright (c) 1998-2024 Muthen & Muthen
