Mplus VERSION 8.11 DEMO
MUTHEN & MUTHEN
12/19/2025   5:44 PM

INPUT INSTRUCTIONS

  TITLE:
  Class 6
  DATA:
  FILE = "C:/Users/chens/Desktop/PATHparentLCA/useme_lca/mplus_lca_ecig_w/
  lca_ecig_w.dat";
  VARIABLE:
  NAMES = caseid p_rule_ec p_use_ec p_know p_rule_b p_use_b c_try_ec dem_gen dem_age
       dem_inc dem_hisp weight;
   MISSING=.;
   categorical = p_rule_ec p_use_ec p_know p_rule_b p_use_b;
  usevar = p_rule_ec p_use_ec p_know p_rule_b p_use_b;
  weight = weight;
  classes = c(6);
  ANALYSIS:
  estimator = mlr;
      type = mixture;
      starts = 1000 200;
      processors = 10;
  OUTPUT:
  tech11 tech14;
  PLOT:
  type = plot3;
       series = p_rule_ec p_use_ec p_know p_rule_b p_use_b(*);



*** WARNING in VARIABLE command
  Note that only the first 8 characters of variable names are used in the output.
  Shorten variable names to avoid any confusion.
*** WARNING in PLOT command
  Note that only the first 8 characters of variable names are used in plots.
  If variable names are not unique within the first 8 characters, problems
  may occur.
*** WARNING in OUTPUT command
  TECH14 option is not available for TYPE=MIXTURE with weights.
  Request for TECH14 is ignored.
   3 WARNING(S) FOUND IN THE INPUT INSTRUCTIONS




Class 6

SUMMARY OF ANALYSIS

Number of groups                                                 1
Number of observations                                        7301

Number of dependent variables                                    5
Number of independent variables                                  0
Number of continuous latent variables                            0
Number of categorical latent variables                           1

Observed dependent variables

  Binary and ordered categorical (ordinal)
   P_RULE_E    P_USE_EC    P_KNOW      P_RULE_B    P_USE_B

Categorical latent variables
   C

Variables with special functions

  Weight variable       WEIGHT

Estimator                                                      MLR
Information matrix                                        OBSERVED
Optimization Specifications for the Quasi-Newton Algorithm for
Continuous Outcomes
  Maximum number of iterations                                 100
  Convergence criterion                                  0.100D-05
Optimization Specifications for the EM Algorithm
  Maximum number of iterations                                 500
  Convergence criteria
    Loglikelihood change                                 0.100D-06
    Relative loglikelihood change                        0.100D-06
    Derivative                                           0.100D-05
Optimization Specifications for the M step of the EM Algorithm for
Categorical Latent variables
  Number of M step iterations                                    1
  M step convergence criterion                           0.100D-05
  Basis for M step termination                           ITERATION
Optimization Specifications for the M step of the EM Algorithm for
Censored, Binary or Ordered Categorical (Ordinal), Unordered
Categorical (Nominal) and Count Outcomes
  Number of M step iterations                                    1
  M step convergence criterion                           0.100D-05
  Basis for M step termination                           ITERATION
  Maximum value for logit thresholds                            15
  Minimum value for logit thresholds                           -15
  Minimum expected cell size for chi-square              0.100D-01
Maximum number of iterations for H1                           2000
Convergence criterion for H1                             0.100D-03
Optimization algorithm                                         EMA
Random Starts Specifications
  Number of initial stage random starts                       1000
  Number of final stage optimizations                          200
  Number of initial stage iterations                            10
  Initial stage convergence criterion                    0.100D+01
  Random starts scale                                    0.500D+01
  Random seed for generating random starts                       0
Link                                                         LOGIT

Input data file(s)
  C:/Users/chens/Desktop/PATHparentLCA/useme_lca/mplus_lca_ecig_w/lca_ecig_w.dat
Input data format  FREE


SUMMARY OF DATA

     Number of missing data patterns             5
     Number of y missing data patterns           0
     Number of u missing data patterns           5


COVARIANCE COVERAGE OF DATA

Minimum covariance coverage value   0.100


     PROPORTION OF DATA PRESENT FOR U


           Covariance Coverage
              P_RULE_E      P_USE_EC      P_KNOW        P_RULE_B      P_USE_B
              ________      ________      ________      ________      ________
 P_RULE_E       0.996
 P_USE_EC       0.996         1.000
 P_KNOW         0.986         0.990         0.990
 P_RULE_B       0.996         0.996         0.986         0.996
 P_USE_B        0.996         1.000         0.990         0.996         1.000


UNIVARIATE PROPORTIONS AND COUNTS FOR CATEGORICAL VARIABLES

    P_RULE_E
      Category 1    0.828         6025.611
      Category 2    0.172         1247.344
    P_USE_EC
      Category 1    0.934         6820.261
      Category 2    0.066          480.739
    P_KNOW
      Category 1    0.894         6462.369
      Category 2    0.106          762.434
    P_RULE_B
      Category 1    0.872         6343.601
      Category 2    0.128          930.094
    P_USE_B
      Category 1    0.843         6155.619
      Category 2    0.157         1145.381


RANDOM STARTS RESULTS RANKED FROM THE BEST TO THE WORST LOGLIKELIHOOD VALUES

Final stage loglikelihood values at local maxima, seeds, and initial stage start numbers:

          -11712.946  318230           46
          -11713.393  869564           869
          -11713.526  422103           62
          -11713.526  266340           683
          -11713.571  576220           115
          -11713.571  788796           145
          -11713.900  438144           271
          -11714.002  533738           11
          -11714.051  699554           427
          -11714.153  618760           489
          -11714.153  723775           97
          -11714.161  705224           953
          -11714.638  848890           95
          -11714.638  822698           621
          -11714.797  778953           635
          -11714.797  603842           61
          -11714.797  830570           369
          -11714.904  650371           14
          -11714.904  366706           29
          -11714.930  887580           493
          -11714.946  569131           26
          -11715.077  967902           52
          -11715.408  97158            205
          -11715.558  432148           30
          -11715.732  544048           87
          -11715.828  667250           318
          -11715.864  948615           140
          -11716.093  107446           12
          -11716.458  89970            223
          -11716.952  247224           94
          -11717.785  399671           13
          -11720.198  645664           39
          -11721.504  93468            3

167 perturbed starting value run(s) did not converge or were rejected in the third stage.



     WARNING:  THE BEST LOGLIKELIHOOD VALUE WAS NOT REPLICATED.  THE
     SOLUTION MAY NOT BE TRUSTWORTHY DUE TO LOCAL MAXIMA.  INCREASE THE
     NUMBER OF RANDOM STARTS.

     IN THE OPTIMIZATION, ONE OR MORE LOGIT THRESHOLDS APPROACHED EXTREME VALUES
     OF -15.000 AND 15.000 AND WERE FIXED TO STABILIZE MODEL ESTIMATION.  THESE
     VALUES IMPLY PROBABILITIES OF 0 AND 1.  IN THE MODEL RESULTS SECTION, THESE
     PARAMETERS HAVE 0 STANDARD ERRORS AND 999 IN THE Z-SCORE AND P-VALUE COLUMNS.

     THE STANDARD ERRORS OF THE MODEL PARAMETER ESTIMATES MAY NOT BE
     TRUSTWORTHY FOR SOME PARAMETERS DUE TO A NON-POSITIVE DEFINITE
     FIRST-ORDER DERIVATIVE PRODUCT MATRIX.  THIS MAY BE DUE TO THE STARTING
     VALUES BUT MAY ALSO BE AN INDICATION OF MODEL NONIDENTIFICATION.  THE
     CONDITION NUMBER IS       0.505D-13.  PROBLEM INVOLVING THE FOLLOWING PARAMETER:
     Parameter 16, %C#4%: [ P_RULE_EC$1 ]




THE MODEL ESTIMATION TERMINATED NORMALLY



MODEL FIT INFORMATION

Number of Free Parameters                       35

Loglikelihood

          H0 Value                      -11712.946
          H0 Scaling Correction Factor      1.0365
            for MLR

Information Criteria

          Akaike (AIC)                   23495.892
          Bayesian (BIC)                 23737.244
          Sample-Size Adjusted BIC       23626.021
            (n* = (n + 2) / 24)

Chi-Square Test of Model Fit for the Binary and Ordered Categorical
(Ordinal) Outcomes

          Pearson Chi-Square

          Value                              1.515
          Degrees of freedom cannot be computed for this model part.

          Likelihood Ratio Chi-Square

          Value                              1.518
          Degrees of freedom cannot be computed for this model part.

Chi-Square Test for MCAR under the Unrestricted Latent Class Indicator Model

          Pearson Chi-Square

          Value                             20.593
          Degrees of Freedom                    52
          P-Value                           1.0000

          Likelihood Ratio Chi-Square

          Value                             23.142
          Degrees of Freedom                    52
          P-Value                           0.9998



FINAL CLASS COUNTS AND PROPORTIONS FOR THE LATENT CLASSES
BASED ON THE ESTIMATED MODEL

    Latent
   Classes

       1         56.20095          0.00770
       2        959.32812          0.13140
       3        343.32837          0.04702
       4        561.58842          0.07692
       5         54.33238          0.00744
       6       5326.22175          0.72952


FINAL CLASS COUNTS AND PROPORTIONS FOR THE LATENT CLASSES
BASED ON ESTIMATED POSTERIOR PROBABILITIES

    Latent
   Classes

       1         56.20095          0.00770
       2        959.32812          0.13140
       3        343.32837          0.04702
       4        561.58842          0.07692
       5         54.33238          0.00744
       6       5326.22175          0.72952


FINAL CLASS COUNTS AND PROPORTIONS FOR THE LATENT CLASSES
BASED ON THEIR MOST LIKELY LATENT CLASS MEMBERSHIP

Class Counts and Proportions

    Latent
   Classes

       1               71          0.00968
       2              871          0.11931
       3              296          0.04059
       4              569          0.07791
       5               13          0.00175
       6             5481          0.75075


CLASSIFICATION QUALITY

     Entropy                         0.933


Average Latent Class Probabilities for Most Likely Latent Class Membership (Row)
by Latent Class (Column)

           1        2        3        4        5        6

    1   0.795    0.000    0.174    0.028    0.003    0.000
    2   0.000    0.925    0.021    0.024    0.030    0.000
    3   0.000    0.000    0.953    0.000    0.042    0.005
    4   0.000    0.052    0.000    0.947    0.002    0.000
    5   0.000    0.000    0.184    0.016    0.801    0.000
    6   0.000    0.023    0.005    0.000    0.001    0.971


Classification Probabilities for the Most Likely Latent Class Membership (Column)
by Latent Class (Row)

           1        2        3        4        5        6

    1   1.000    0.000    0.000    0.000    0.000    0.000
    2   0.000    0.840    0.000    0.031    0.000    0.130
    3   0.036    0.053    0.823    0.000    0.007    0.081
    4   0.003    0.037    0.000    0.959    0.000    0.000
    5   0.004    0.484    0.229    0.018    0.189    0.076
    6   0.000    0.000    0.000    0.000    0.000    1.000


Logits for the Classification Probabilities for the Most Likely Latent Class Membership (Column)
by Latent Class (Row)

              1        2        3        4        5        6

    1     13.816    0.000    0.000    0.000    0.000    0.000
    2    -11.772    1.869  -11.772   -1.443  -11.772    0.000
    3     -0.819   -0.427    2.315  -11.306   -2.473    0.000
    4      8.152   10.527    0.000   13.774    5.879    0.000
    5     -2.990    1.855    1.106   -1.435    0.912    0.000
    6    -13.815  -13.815   -8.289  -13.815  -13.815    0.000


MODEL RESULTS

                                                    Two-Tailed
                    Estimate       S.E.  Est./S.E.    P-Value

Latent Class 1

 Thresholds
    P_RULE_E$1        -2.180      0.594     -3.671      0.000
    P_USE_EC$1       -15.000      0.000    999.000    999.000
    P_KNOW$1          15.000      0.000    999.000    999.000
    P_RULE_B$1       -15.000      0.000    999.000    999.000
    P_USE_B$1        -15.000      0.000    999.000    999.000

Latent Class 2

 Thresholds
    P_RULE_E$1        -0.762      0.138     -5.526      0.000
    P_USE_EC$1        15.000      0.000    999.000    999.000
    P_KNOW$1           2.259      0.280      8.055      0.000
    P_RULE_B$1        -1.243      0.417     -2.979      0.003
    P_USE_B$1          0.282      0.110      2.574      0.010

Latent Class 3

 Thresholds
    P_RULE_E$1       -15.000      0.000    999.000    999.000
    P_USE_EC$1        -1.863      3.247     -0.574      0.566
    P_KNOW$1           1.627      0.294      5.527      0.000
    P_RULE_B$1         1.346      0.187      7.214      0.000
    P_USE_B$1          1.159      0.172      6.734      0.000

Latent Class 4

 Thresholds
    P_RULE_E$1        13.709      3.869      3.544      0.000
    P_USE_EC$1         2.177      0.147     14.797      0.000
    P_KNOW$1           1.581      0.122     12.972      0.000
    P_RULE_B$1         3.149      0.875      3.598      0.000
    P_USE_B$1        -15.000      0.000    999.000    999.000

Latent Class 5

 Thresholds
    P_RULE_E$1        -2.283      0.881     -2.592      0.010
    P_USE_EC$1         0.259      0.942      0.275      0.783
    P_KNOW$1         -15.000      0.000    999.000    999.000
    P_RULE_B$1        -0.783      0.986     -0.794      0.427
    P_USE_B$1         -0.451      0.639     -0.705      0.481

Latent Class 6

 Thresholds
    P_RULE_E$1         3.519      0.362      9.725      0.000
    P_USE_EC$1         4.732      0.160     29.527      0.000
    P_KNOW$1           2.327      0.051     45.200      0.000
    P_RULE_B$1        15.000      0.000    999.000    999.000
    P_USE_B$1         15.000      0.000    999.000    999.000

Categorical Latent Variables

 Means
    C#1               -4.551      0.162    -28.140      0.000
    C#2               -1.714      0.128    -13.426      0.000
    C#3               -2.742      0.462     -5.929      0.000
    C#4               -2.250      0.065    -34.637      0.000
    C#5               -4.585      0.473     -9.698      0.000


QUALITY OF NUMERICAL RESULTS

     Condition Number for the Information Matrix              0.505E-13
       (ratio of smallest to largest eigenvalue)


RESULTS IN PROBABILITY SCALE

                                                    Two-Tailed
                    Estimate       S.E.  Est./S.E.    P-Value

Latent Class 1

 P_RULE_EC
    Category 1         0.102      0.054      1.874      0.061
    Category 2         0.898      0.054     16.583      0.000
 P_USE_EC
    Category 1         0.000      0.000      0.000      1.000
    Category 2         1.000      0.000      0.000      1.000
 P_KNOW
    Category 1         1.000      0.000      0.000      1.000
    Category 2         0.000      0.000      0.000      1.000
 P_RULE_B
    Category 1         0.000      0.000      0.000      1.000
    Category 2         1.000      0.000      0.000      1.000
 P_USE_B
    Category 1         0.000      0.000      0.000      1.000
    Category 2         1.000      0.000      0.000      1.000

Latent Class 2

 P_RULE_EC
    Category 1         0.318      0.030     10.632      0.000
    Category 2         0.682      0.030     22.785      0.000
 P_USE_EC
    Category 1         1.000      0.000      0.000      1.000
    Category 2         0.000      0.000      0.000      1.000
 P_KNOW
    Category 1         0.905      0.024     37.707      0.000
    Category 2         0.095      0.024      3.938      0.000
 P_RULE_B
    Category 1         0.224      0.073      3.088      0.002
    Category 2         0.776      0.073     10.704      0.000
 P_USE_B
    Category 1         0.570      0.027     21.210      0.000
    Category 2         0.430      0.027     15.994      0.000

Latent Class 3

 P_RULE_EC
    Category 1         0.000      0.000      0.000      1.000
    Category 2         1.000      0.000      0.000      1.000
 P_USE_EC
    Category 1         0.134      0.378      0.356      0.722
    Category 2         0.866      0.378      2.292      0.022
 P_KNOW
    Category 1         0.836      0.040     20.684      0.000
    Category 2         0.164      0.040      4.063      0.000
 P_RULE_B
    Category 1         0.793      0.031     25.950      0.000
    Category 2         0.207      0.031      6.756      0.000
 P_USE_B
    Category 1         0.761      0.031     24.324      0.000
    Category 2         0.239      0.031      7.630      0.000

Latent Class 4

 P_RULE_EC
    Category 1         1.000      0.000  *********      0.000
    Category 2         0.000      0.000      0.258      0.796
 P_USE_EC
    Category 1         0.898      0.013     66.756      0.000
    Category 2         0.102      0.013      7.566      0.000
 P_KNOW
    Category 1         0.829      0.017     48.077      0.000
    Category 2         0.171      0.017      9.894      0.000
 P_RULE_B
    Category 1         0.959      0.035     27.787      0.000
    Category 2         0.041      0.035      1.192      0.233
 P_USE_B
    Category 1         0.000      0.000      0.000      1.000
    Category 2         1.000      0.000      0.000      1.000

Latent Class 5

 P_RULE_EC
    Category 1         0.093      0.074      1.251      0.211
    Category 2         0.907      0.074     12.272      0.000
 P_USE_EC
    Category 1         0.564      0.232      2.438      0.015
    Category 2         0.436      0.232      1.881      0.060
 P_KNOW
    Category 1         0.000      0.000      0.000      1.000
    Category 2         1.000      0.000      0.000      1.000
 P_RULE_B
    Category 1         0.314      0.212      1.477      0.140
    Category 2         0.686      0.212      3.233      0.001
 P_USE_B
    Category 1         0.389      0.152      2.561      0.010
    Category 2         0.611      0.152      4.020      0.000

Latent Class 6

 P_RULE_EC
    Category 1         0.971      0.010     96.019      0.000
    Category 2         0.029      0.010      2.846      0.004
 P_USE_EC
    Category 1         0.991      0.001    714.686      0.000
    Category 2         0.009      0.001      6.295      0.000
 P_KNOW
    Category 1         0.911      0.004    218.508      0.000
    Category 2         0.089      0.004     21.315      0.000
 P_RULE_B
    Category 1         1.000      0.000      0.000      1.000
    Category 2         0.000      0.000      0.000      1.000
 P_USE_B
    Category 1         1.000      0.000      0.000      1.000
    Category 2         0.000      0.000      0.000      1.000


LATENT CLASS INDICATOR ODDS RATIOS FOR THE LATENT CLASSES

                                                95% C.I.
                    Estimate       S.E.  Lower 2.5% Upper 2.5%

Latent Class 1 Compared to Latent Class 2

 P_RULE_E
    Category > 1       4.129      2.336      1.362     12.514
 P_USE_EC
    Category > 1   *********      0.000  *********  *********
 P_KNOW
    Category > 1       0.000      0.000      0.000      0.000
 P_RULE_B
    Category > 1   *********      0.000  *********  *********
 P_USE_B
    Category > 1   *********      0.000  *********  *********

Latent Class 1 Compared to Latent Class 3

 P_RULE_E
    Category > 1       0.000      0.000      0.000      0.000
 P_USE_EC
    Category > 1   *********      0.000  *********  *********
 P_KNOW
    Category > 1       0.000      0.000      0.000      0.000
 P_RULE_B
    Category > 1   *********      0.000  *********  *********
 P_USE_B
    Category > 1   *********      0.000  *********  *********

Latent Class 1 Compared to Latent Class 4

 P_RULE_E
    Category > 1   *********  *********   1563.266  *********
 P_USE_EC
    Category > 1   *********      0.000  *********  *********
 P_KNOW
    Category > 1       0.000      0.000      0.000      0.000
 P_RULE_B
    Category > 1   *********      0.000  *********  *********
 P_USE_B
    Category > 1       1.000      0.000      1.000      1.000

Latent Class 1 Compared to Latent Class 5

 P_RULE_E
    Category > 1       0.902      0.920      0.122      6.665
 P_USE_EC
    Category > 1   *********      0.000  *********  *********
 P_KNOW
    Category > 1       0.000      0.000      0.000      0.000
 P_RULE_B
    Category > 1   *********      0.000  *********  *********
 P_USE_B
    Category > 1   *********      0.000  *********  *********

Latent Class 1 Compared to Latent Class 6

 P_RULE_E
    Category > 1     298.569    201.232     79.677   1118.804
 P_USE_EC
    Category > 1   *********      0.000  *********  *********
 P_KNOW
    Category > 1       0.000      0.000      0.000      0.000
 P_RULE_B
    Category > 1   *********      0.000  *********  *********
 P_USE_B
    Category > 1   *********      0.000  *********  *********

Latent Class 2 Compared to Latent Class 3

 P_RULE_E
    Category > 1       0.000      0.000      0.000      0.000
 P_USE_EC
    Category > 1       0.000      0.000      0.000      0.000
 P_KNOW
    Category > 1       0.532      0.240      0.219      1.288
 P_RULE_B
    Category > 1      13.314      6.093      5.429     32.648
 P_USE_B
    Category > 1       2.404      0.496      1.605      3.601

Latent Class 2 Compared to Latent Class 4

 P_RULE_E
    Category > 1   *********  *********    982.469  *********
 P_USE_EC
    Category > 1       0.000      0.000      0.000      0.000
 P_KNOW
    Category > 1       0.507      0.159      0.275      0.938
 P_RULE_B
    Category > 1      80.822     86.871      9.831    664.439
 P_USE_B
    Category > 1       0.000      0.000      0.000      0.000

Latent Class 2 Compared to Latent Class 5

 P_RULE_E
    Category > 1       0.218      0.194      0.038      1.243
 P_USE_EC
    Category > 1       0.000      0.000      0.000      0.000
 P_KNOW
    Category > 1       0.000      0.000      0.000      0.000
 P_RULE_B
    Category > 1       1.584      1.451      0.263      9.544
 P_USE_B
    Category > 1       0.480      0.311      0.135      1.711

Latent Class 2 Compared to Latent Class 6

 P_RULE_E
    Category > 1      72.308     23.267     38.485    135.858
 P_USE_EC
    Category > 1       0.000      0.000      0.000      0.000
 P_KNOW
    Category > 1       1.070      0.308      0.609      1.881
 P_RULE_B
    Category > 1   *********      0.000  *********  *********
 P_USE_B
    Category > 1   *********      0.000  *********  *********

Latent Class 3 Compared to Latent Class 4

 P_RULE_E
    Category > 1   *********      0.000  *********  *********
 P_USE_EC
    Category > 1      56.848    183.906      0.100  32244.863
 P_KNOW
    Category > 1       0.955      0.300      0.516      1.766
 P_RULE_B
    Category > 1       6.070      5.444      1.047     35.203
 P_USE_B
    Category > 1       0.000      0.000      0.000      0.000

Latent Class 3 Compared to Latent Class 5

 P_RULE_E
    Category > 1   *********      0.000  *********  *********
 P_USE_EC
    Category > 1       8.350     28.630      0.010   6921.944
 P_KNOW
    Category > 1       0.000      0.000      0.000      0.000
 P_RULE_B
    Category > 1       0.119      0.119      0.017      0.842
 P_USE_B
    Category > 1       0.200      0.132      0.055      0.730

Latent Class 3 Compared to Latent Class 6

 P_RULE_E
    Category > 1   *********      0.000  *********  *********
 P_USE_EC
    Category > 1     731.560   2379.982      1.244  *********
 P_KNOW
    Category > 1       2.014      0.599      1.124      3.609
 P_RULE_B
    Category > 1   *********      0.000  *********  *********
 P_USE_B
    Category > 1   *********      0.000  *********  *********

Latent Class 4 Compared to Latent Class 5

 P_RULE_E
    Category > 1       0.000      0.000      0.000      0.001
 P_USE_EC
    Category > 1       0.147      0.140      0.023      0.957
 P_KNOW
    Category > 1       0.000      0.000      0.000      0.000
 P_RULE_B
    Category > 1       0.020      0.026      0.001      0.277
 P_USE_B
    Category > 1   *********      0.000  *********  *********

Latent Class 4 Compared to Latent Class 6

 P_RULE_E
    Category > 1       0.000      0.000      0.000      0.074
 P_USE_EC
    Category > 1      12.869      2.795      8.407     19.698
 P_KNOW
    Category > 1       2.110      0.278      1.629      2.732
 P_RULE_B
    Category > 1   *********      0.000  *********  *********
 P_USE_B
    Category > 1   *********      0.000  *********  *********

Latent Class 5 Compared to Latent Class 6

 P_RULE_E
    Category > 1     330.998    321.841     49.222   2225.831
 P_USE_EC
    Category > 1      87.608     84.049     13.363    574.357
 P_KNOW
    Category > 1   *********      0.000  *********  *********
 P_RULE_B
    Category > 1   *********      0.000  *********  *********
 P_USE_B
    Category > 1   *********      0.000  *********  *********


TECHNICAL 11 OUTPUT

     Random Starts Specifications for the k-1 Class Analysis Model
        Number of initial stage random starts                1000
        Number of final stage optimizations                   200



     VUONG-LO-MENDELL-RUBIN LIKELIHOOD RATIO TEST FOR 5 (H0) VERSUS 6 CLASSES

          H0 Loglikelihood Value                       -11715.948
          2 Times the Loglikelihood Difference              6.004
          Difference in the Number of Parameters                6
          Mean                                              1.634
          Standard Deviation                                7.385
          P-Value                                          0.2575

     LO-MENDELL-RUBIN ADJUSTED LRT TEST

          Value                                             5.894
          P-Value                                          0.2627


PLOT INFORMATION

The following plots are available:

  Histograms (sample values)
  Scatterplots (sample values)
  Sample proportions and estimated probabilities

     Beginning Time:  17:44:47
        Ending Time:  17:45:02
       Elapsed Time:  00:00:15


Mplus VERSION 8.11 DEMO has the following limitations:
  Maximum number of dependent variables: 6
  Maximum number of independent variables: 2
  Maximum number of between variables: 2
  Maximum number of continuous latent variables in time series analysis: 2


MUTHEN & MUTHEN
3463 Stoner Ave.
Los Angeles, CA  90066

Tel: (310) 391-9971
Fax: (310) 391-8971
Web: www.StatModel.com
Support: Support@StatModel.com

Copyright (c) 1998-2024 Muthen & Muthen
