Mplus VERSION 8.11 DEMO
MUTHEN & MUTHEN
12/19/2025   5:45 PM

INPUT INSTRUCTIONS

  TITLE:
  Class 7
  DATA:
  FILE = "C:/Users/chens/Desktop/PATHparentLCA/useme_lca/mplus_lca_ecig_w/
  lca_ecig_w.dat";
  VARIABLE:
  NAMES = caseid p_rule_ec p_use_ec p_know p_rule_b p_use_b c_try_ec dem_gen dem_age
       dem_inc dem_hisp weight;
   MISSING=.;
   categorical = p_rule_ec p_use_ec p_know p_rule_b p_use_b;
  usevar = p_rule_ec p_use_ec p_know p_rule_b p_use_b;
  weight = weight;
  classes = c(7);
  ANALYSIS:
  estimator = mlr;
      type = mixture;
      starts = 1000 200;
      processors = 10;
  OUTPUT:
  tech11 tech14;
  PLOT:
  type = plot3;
       series = p_rule_ec p_use_ec p_know p_rule_b p_use_b(*);



*** WARNING in VARIABLE command
  Note that only the first 8 characters of variable names are used in the output.
  Shorten variable names to avoid any confusion.
*** WARNING in PLOT command
  Note that only the first 8 characters of variable names are used in plots.
  If variable names are not unique within the first 8 characters, problems
  may occur.
*** WARNING in OUTPUT command
  TECH14 option is not available for TYPE=MIXTURE with weights.
  Request for TECH14 is ignored.
   3 WARNING(S) FOUND IN THE INPUT INSTRUCTIONS




Class 7

SUMMARY OF ANALYSIS

Number of groups                                                 1
Number of observations                                        7301

Number of dependent variables                                    5
Number of independent variables                                  0
Number of continuous latent variables                            0
Number of categorical latent variables                           1

Observed dependent variables

  Binary and ordered categorical (ordinal)
   P_RULE_E    P_USE_EC    P_KNOW      P_RULE_B    P_USE_B

Categorical latent variables
   C

Variables with special functions

  Weight variable       WEIGHT

Estimator                                                      MLR
Information matrix                                        OBSERVED
Optimization Specifications for the Quasi-Newton Algorithm for
Continuous Outcomes
  Maximum number of iterations                                 100
  Convergence criterion                                  0.100D-05
Optimization Specifications for the EM Algorithm
  Maximum number of iterations                                 500
  Convergence criteria
    Loglikelihood change                                 0.100D-06
    Relative loglikelihood change                        0.100D-06
    Derivative                                           0.100D-05
Optimization Specifications for the M step of the EM Algorithm for
Categorical Latent variables
  Number of M step iterations                                    1
  M step convergence criterion                           0.100D-05
  Basis for M step termination                           ITERATION
Optimization Specifications for the M step of the EM Algorithm for
Censored, Binary or Ordered Categorical (Ordinal), Unordered
Categorical (Nominal) and Count Outcomes
  Number of M step iterations                                    1
  M step convergence criterion                           0.100D-05
  Basis for M step termination                           ITERATION
  Maximum value for logit thresholds                            15
  Minimum value for logit thresholds                           -15
  Minimum expected cell size for chi-square              0.100D-01
Maximum number of iterations for H1                           2000
Convergence criterion for H1                             0.100D-03
Optimization algorithm                                         EMA
Random Starts Specifications
  Number of initial stage random starts                       1000
  Number of final stage optimizations                          200
  Number of initial stage iterations                            10
  Initial stage convergence criterion                    0.100D+01
  Random starts scale                                    0.500D+01
  Random seed for generating random starts                       0
Link                                                         LOGIT

Input data file(s)
  C:/Users/chens/Desktop/PATHparentLCA/useme_lca/mplus_lca_ecig_w/lca_ecig_w.dat
Input data format  FREE


SUMMARY OF DATA

     Number of missing data patterns             5
     Number of y missing data patterns           0
     Number of u missing data patterns           5


COVARIANCE COVERAGE OF DATA

Minimum covariance coverage value   0.100


     PROPORTION OF DATA PRESENT FOR U


           Covariance Coverage
              P_RULE_E      P_USE_EC      P_KNOW        P_RULE_B      P_USE_B
              ________      ________      ________      ________      ________
 P_RULE_E       0.996
 P_USE_EC       0.996         1.000
 P_KNOW         0.986         0.990         0.990
 P_RULE_B       0.996         0.996         0.986         0.996
 P_USE_B        0.996         1.000         0.990         0.996         1.000


UNIVARIATE PROPORTIONS AND COUNTS FOR CATEGORICAL VARIABLES

    P_RULE_E
      Category 1    0.828         6025.611
      Category 2    0.172         1247.344
    P_USE_EC
      Category 1    0.934         6820.261
      Category 2    0.066          480.739
    P_KNOW
      Category 1    0.894         6462.369
      Category 2    0.106          762.434
    P_RULE_B
      Category 1    0.872         6343.601
      Category 2    0.128          930.094
    P_USE_B
      Category 1    0.843         6155.619
      Category 2    0.157         1145.381


RANDOM STARTS RESULTS RANKED FROM THE BEST TO THE WORST LOGLIKELIHOOD VALUES

Final stage loglikelihood values at local maxima, seeds, and initial stage start numbers:

          -11712.206  320494           465
          -11712.505  302046           863
          -11712.521  565819           65
          -11712.586  575700           100
          -11712.588  971853           402
          -11712.597  124999           96
          -11712.607  850545           357
          -11712.726  939870           655
          -11712.827  529496           343
          -11712.832  599729           658
          -11712.832  39136            226
          -11712.855  407108           366
          -11712.918  610181           711
          -11712.963  648555           113
          -11713.002  436806           883
          -11713.038  848331           137
          -11713.053  569131           26
          -11713.219  520865           763
          -11713.238  266340           683
          -11713.308  404510           442
          -11713.447  926797           406
          -11713.457  113138           585
          -11713.474  967902           52
          -11713.484  441191           361
          -11713.487  851945           18
          -11713.487  699554           427
          -11713.522  804104           566
          -11713.526  22075            659
          -11713.549  534864           307
          -11713.600  784664           75
          -11713.668  175199           247
          -11713.683  109357           765
          -11713.684  76451            211
          -11713.827  645664           39
          -11714.299  602032           648
          -11714.465  366706           29
          -11714.510  637095           207
          -11714.625  857799           315
          -11714.743  202790           198
          -11714.899  437181           135
          -11714.996  93468            3
          -11715.325  642909           251
          -11716.250  481835           57

157 perturbed starting value run(s) did not converge or were rejected in the third stage.



     WARNING:  THE BEST LOGLIKELIHOOD VALUE WAS NOT REPLICATED.  THE
     SOLUTION MAY NOT BE TRUSTWORTHY DUE TO LOCAL MAXIMA.  INCREASE THE
     NUMBER OF RANDOM STARTS.

     IN THE OPTIMIZATION, ONE OR MORE LOGIT THRESHOLDS APPROACHED EXTREME VALUES
     OF -15.000 AND 15.000 AND WERE FIXED TO STABILIZE MODEL ESTIMATION.  THESE
     VALUES IMPLY PROBABILITIES OF 0 AND 1.  IN THE MODEL RESULTS SECTION, THESE
     PARAMETERS HAVE 0 STANDARD ERRORS AND 999 IN THE Z-SCORE AND P-VALUE COLUMNS.

     THE STANDARD ERRORS OF THE MODEL PARAMETER ESTIMATES MAY NOT BE
     TRUSTWORTHY FOR SOME PARAMETERS DUE TO A NON-POSITIVE DEFINITE
     FIRST-ORDER DERIVATIVE PRODUCT MATRIX.  THIS MAY BE DUE TO THE STARTING
     VALUES BUT MAY ALSO BE AN INDICATION OF MODEL NONIDENTIFICATION.  THE
     CONDITION NUMBER IS       0.267D-12.  PROBLEM INVOLVING THE FOLLOWING PARAMETER:
     Parameter 5, %C#1%: [ P_USE_B$1 ]

     ONE OR MORE PARAMETERS WERE FIXED TO AVOID SINGULARITY OF THE
     INFORMATION MATRIX. THE SINGULARITY IS MOST LIKELY BECAUSE THE
     MODEL IS NOT IDENTIFIED, OR BECAUSE OF EMPTY CELLS IN THE JOINT
     DISTRIBUTION OF THE CATEGORICAL VARIABLES IN THE MODEL.
     THE FOLLOWING PARAMETERS WERE FIXED:
     Parameter 4, %C#1%: [ P_RULE_B$1 ]




THE MODEL ESTIMATION TERMINATED NORMALLY



MODEL FIT INFORMATION

Number of Free Parameters                       41

Loglikelihood

          H0 Value                      -11712.206
          H0 Scaling Correction Factor      1.0036
            for MLR

Information Criteria

          Akaike (AIC)                   23506.412
          Bayesian (BIC)                 23789.139
          Sample-Size Adjusted BIC       23658.850
            (n* = (n + 2) / 24)

Chi-Square Test of Model Fit for the Binary and Ordered Categorical
(Ordinal) Outcomes

          Pearson Chi-Square

          Value                              0.081
          Degrees of freedom cannot be computed for this model part.

          Likelihood Ratio Chi-Square

          Value                              0.078
          Degrees of freedom cannot be computed for this model part.

Chi-Square Test for MCAR under the Unrestricted Latent Class Indicator Model

          Pearson Chi-Square

          Value                             20.593
          Degrees of Freedom                    52
          P-Value                           1.0000

          Likelihood Ratio Chi-Square

          Value                             23.142
          Degrees of Freedom                    52
          P-Value                           0.9998



FINAL CLASS COUNTS AND PROPORTIONS FOR THE LATENT CLASSES
BASED ON THE ESTIMATED MODEL

    Latent
   Classes

       1         89.08282          0.01220
       2         67.00596          0.00918
       3        929.08272          0.12725
       4         65.98599          0.00904
       5        266.20425          0.03646
       6        568.86421          0.07792
       7       5314.77404          0.72795


FINAL CLASS COUNTS AND PROPORTIONS FOR THE LATENT CLASSES
BASED ON ESTIMATED POSTERIOR PROBABILITIES

    Latent
   Classes

       1         89.08282          0.01220
       2         67.00596          0.00918
       3        929.08272          0.12725
       4         65.98599          0.00904
       5        266.20425          0.03646
       6        568.86421          0.07792
       7       5314.77404          0.72795


FINAL CLASS COUNTS AND PROPORTIONS FOR THE LATENT CLASSES
BASED ON THEIR MOST LIKELY LATENT CLASS MEMBERSHIP

Class Counts and Proportions

    Latent
   Classes

       1               39          0.00540
       2               26          0.00353
       3              871          0.11931
       4               71          0.00968
       5              244          0.03342
       6              569          0.07791
       7             5481          0.75075


CLASSIFICATION QUALITY

     Entropy                         0.902


Average Latent Class Probabilities for Most Likely Latent Class Membership (Row)
by Latent Class (Column)

           1        2        3        4        5        6        7

    1   0.638    0.004    0.000    0.000    0.358    0.000    0.000
    2   0.000    0.870    0.000    0.000    0.130    0.000    0.000
    3   0.073    0.032    0.889    0.000    0.004    0.000    0.001
    4   0.000    0.003    0.000    0.934    0.063    0.000    0.000
    5   0.000    0.040    0.000    0.000    0.955    0.000    0.005
    6   0.000    0.001    0.069    0.000    0.000    0.872    0.058
    7   0.000    0.001    0.021    0.000    0.001    0.013    0.963


Classification Probabilities for the Most Likely Latent Class Membership (Column)
by Latent Class (Row)

           1        2        3        4        5        6        7

    1   0.282    0.000    0.715    0.000    0.000    0.000    0.003
    2   0.002    0.335    0.419    0.004    0.145    0.011    0.085
    3   0.000    0.000    0.834    0.000    0.000    0.042    0.124
    4   0.000    0.000    0.000    1.000    0.000    0.000    0.000
    5   0.053    0.013    0.013    0.017    0.875    0.000    0.030
    6   0.000    0.000    0.000    0.000    0.000    0.872    0.128
    7   0.000    0.000    0.000    0.000    0.000    0.006    0.993


Logits for the Classification Probabilities for the Most Likely Latent Class Membership (Column)
by Latent Class (Row)

              1        2        3        4        5        6        7

    1      4.485   -8.066    5.414   -5.728   -8.066   -8.066    0.000
    2     -3.706    1.375    1.600   -3.138    0.536   -2.008    0.000
    3    -11.727  -11.727    1.906  -11.727  -11.727   -1.077    0.000
    4      0.000    0.000    0.000   13.816    0.000    0.000    0.000
    5      0.578   -0.863   -0.832   -0.580    3.382  -10.300    0.000
    6    -11.760  -11.760  -11.760  -11.760  -11.760    1.919    0.000
    7    -13.809  -13.809   -8.413  -13.809   -8.278   -5.081    0.000


MODEL RESULTS

                                                    Two-Tailed
                    Estimate       S.E.  Est./S.E.    P-Value

Latent Class 1

 Thresholds
    P_RULE_E$1       -15.000      0.000    999.000    999.000
    P_USE_EC$1         0.934      2.473      0.378      0.706
    P_KNOW$1          15.000      0.000    999.000    999.000
    P_RULE_B$1       -13.379      0.000    999.000    999.000
    P_USE_B$1         10.212     19.025      0.537      0.591

Latent Class 2

 Thresholds
    P_RULE_E$1        -2.556      0.975     -2.621      0.009
    P_USE_EC$1         0.015      1.127      0.014      0.989
    P_KNOW$1         -15.000      0.000    999.000    999.000
    P_RULE_B$1        -0.789      1.013     -0.779      0.436
    P_USE_B$1         -0.020      0.688     -0.029      0.977

Latent Class 3

 Thresholds
    P_RULE_E$1        -0.556      0.121     -4.609      0.000
    P_USE_EC$1        15.000      0.000    999.000    999.000
    P_KNOW$1           2.163      0.265      8.164      0.000
    P_RULE_B$1        -1.164      0.587     -1.982      0.047
    P_USE_B$1          0.054      0.131      0.415      0.678

Latent Class 4

 Thresholds
    P_RULE_E$1        -2.031      0.515     -3.941      0.000
    P_USE_EC$1       -15.000      0.000    999.000    999.000
    P_KNOW$1          15.000      0.000    999.000    999.000
    P_RULE_B$1       -15.000      0.000    999.000    999.000
    P_USE_B$1        -15.000      0.000    999.000    999.000

Latent Class 5

 Thresholds
    P_RULE_E$1       -15.000      0.000    999.000    999.000
    P_USE_EC$1        -3.110     16.281     -0.191      0.848
    P_KNOW$1           1.697      0.424      4.005      0.000
    P_RULE_B$1         2.365      4.515      0.524      0.600
    P_USE_B$1          1.160      0.172      6.760      0.000

Latent Class 6

 Thresholds
    P_RULE_E$1        15.000      0.000    999.000    999.000
    P_USE_EC$1         2.085      0.627      3.327      0.001
    P_KNOW$1           1.527      0.380      4.021      0.000
    P_RULE_B$1        15.000      0.000    999.000    999.000
    P_USE_B$1         -1.919      3.132     -0.613      0.540

Latent Class 7

 Thresholds
    P_RULE_E$1         3.326      0.478      6.952      0.000
    P_USE_EC$1         4.917      0.665      7.392      0.000
    P_KNOW$1           2.344      0.073     32.331      0.000
    P_RULE_B$1        15.000      0.000    999.000    999.000
    P_USE_B$1          5.046      9.053      0.557      0.577

Categorical Latent Variables

 Means
    C#1               -4.089      0.908     -4.502      0.000
    C#2               -4.373      0.549     -7.966      0.000
    C#3               -1.744      0.187     -9.317      0.000
    C#4               -4.389      0.338    -12.966      0.000
    C#5               -2.994      0.878     -3.410      0.001
    C#6               -2.235      0.850     -2.628      0.009


QUALITY OF NUMERICAL RESULTS

     Condition Number for the Information Matrix              0.133E-08
       (ratio of smallest to largest eigenvalue)


RESULTS IN PROBABILITY SCALE

                                                    Two-Tailed
                    Estimate       S.E.  Est./S.E.    P-Value

Latent Class 1

 P_RULE_EC
    Category 1         0.000      0.000      0.000      1.000
    Category 2         1.000      0.000      0.000      1.000
 P_USE_EC
    Category 1         0.718      0.501      1.433      0.152
    Category 2         0.282      0.501      0.563      0.573
 P_KNOW
    Category 1         1.000      0.000      0.000      1.000
    Category 2         0.000      0.000      0.000      1.000
 P_RULE_B
    Category 1         0.000      0.000      0.000      1.000
    Category 2         1.000      0.000      0.000      1.000
 P_USE_B
    Category 1         1.000      0.001   1431.764      0.000
    Category 2         0.000      0.001      0.053      0.958

Latent Class 2

 P_RULE_EC
    Category 1         0.072      0.065      1.105      0.269
    Category 2         0.928      0.065     14.232      0.000
 P_USE_EC
    Category 1         0.504      0.282      1.788      0.074
    Category 2         0.496      0.282      1.761      0.078
 P_KNOW
    Category 1         0.000      0.000      0.000      1.000
    Category 2         1.000      0.000      0.000      1.000
 P_RULE_B
    Category 1         0.312      0.218      1.436      0.151
    Category 2         0.688      0.218      3.159      0.002
 P_USE_B
    Category 1         0.495      0.172      2.878      0.004
    Category 2         0.505      0.172      2.936      0.003

Latent Class 3

 P_RULE_EC
    Category 1         0.365      0.028     13.052      0.000
    Category 2         0.635      0.028     22.752      0.000
 P_USE_EC
    Category 1         1.000      0.000      0.000      1.000
    Category 2         0.000      0.000      0.000      1.000
 P_KNOW
    Category 1         0.897      0.025     36.602      0.000
    Category 2         0.103      0.025      4.209      0.000
 P_RULE_B
    Category 1         0.238      0.106      2.234      0.025
    Category 2         0.762      0.106      7.156      0.000
 P_USE_B
    Category 1         0.514      0.033     15.750      0.000
    Category 2         0.486      0.033     14.921      0.000

Latent Class 4

 P_RULE_EC
    Category 1         0.116      0.053      2.196      0.028
    Category 2         0.884      0.053     16.728      0.000
 P_USE_EC
    Category 1         0.000      0.000      0.000      1.000
    Category 2         1.000      0.000      0.000      1.000
 P_KNOW
    Category 1         1.000      0.000      0.000      1.000
    Category 2         0.000      0.000      0.000      1.000
 P_RULE_B
    Category 1         0.000      0.000      0.000      1.000
    Category 2         1.000      0.000      0.000      1.000
 P_USE_B
    Category 1         0.000      0.000      0.000      1.000
    Category 2         1.000      0.000      0.000      1.000

Latent Class 5

 P_RULE_EC
    Category 1         0.000      0.000      0.000      1.000
    Category 2         1.000      0.000      0.000      1.000
 P_USE_EC
    Category 1         0.043      0.665      0.064      0.949
    Category 2         0.957      0.665      1.439      0.150
 P_KNOW
    Category 1         0.845      0.055     15.238      0.000
    Category 2         0.155      0.055      2.793      0.005
 P_RULE_B
    Category 1         0.914      0.354      2.579      0.010
    Category 2         0.086      0.354      0.242      0.809
 P_USE_B
    Category 1         0.761      0.031     24.418      0.000
    Category 2         0.239      0.031      7.654      0.000

Latent Class 6

 P_RULE_EC
    Category 1         1.000      0.000      0.000      1.000
    Category 2         0.000      0.000      0.000      1.000
 P_USE_EC
    Category 1         0.889      0.062     14.431      0.000
    Category 2         0.111      0.062      1.794      0.073
 P_KNOW
    Category 1         0.822      0.056     14.756      0.000
    Category 2         0.178      0.056      3.205      0.001
 P_RULE_B
    Category 1         1.000      0.000      0.000      1.000
    Category 2         0.000      0.000      0.000      1.000
 P_USE_B
    Category 1         0.128      0.349      0.366      0.714
    Category 2         0.872      0.349      2.495      0.013

Latent Class 7

 P_RULE_EC
    Category 1         0.965      0.016     60.254      0.000
    Category 2         0.035      0.016      2.165      0.030
 P_USE_EC
    Category 1         0.993      0.005    206.801      0.000
    Category 2         0.007      0.005      1.514      0.130
 P_KNOW
    Category 1         0.912      0.006    157.592      0.000
    Category 2         0.088      0.006     15.113      0.000
 P_RULE_B
    Category 1         1.000      0.000      0.000      1.000
    Category 2         0.000      0.000      0.000      1.000
 P_USE_B
    Category 1         0.994      0.058     17.273      0.000
    Category 2         0.006      0.058      0.111      0.911


LATENT CLASS INDICATOR ODDS RATIOS FOR THE LATENT CLASSES

                                                95% C.I.
                    Estimate       S.E.  Lower 2.5% Upper 2.5%

Latent Class 1 Compared to Latent Class 2

 P_RULE_E
    Category > 1   *********      0.000  *********  *********
 P_USE_EC
    Category > 1       0.399      0.738      0.011     14.951
 P_KNOW
    Category > 1       0.000      0.000      0.000      0.000
 P_RULE_B
    Category > 1   *********  *********  40313.500  *********
 P_USE_B
    Category > 1       0.000      0.001      0.000  *********

Latent Class 1 Compared to Latent Class 3

 P_RULE_E
    Category > 1   *********      0.000  *********  *********
 P_USE_EC
    Category > 1   *********      0.000  *********  *********
 P_KNOW
    Category > 1       0.000      0.000      0.000      0.000
 P_RULE_B
    Category > 1   *********  *********  63803.195  *********
 P_USE_B
    Category > 1       0.000      0.001      0.000  *********

Latent Class 1 Compared to Latent Class 4

 P_RULE_E
    Category > 1   *********      0.000  *********  *********
 P_USE_EC
    Category > 1       0.000      0.000      0.000      0.000
 P_KNOW
    Category > 1       1.000      0.000      1.000      1.000
 P_RULE_B
    Category > 1       0.198      0.000      0.198      0.198
 P_USE_B
    Category > 1       0.000      0.000      0.000      0.000

Latent Class 1 Compared to Latent Class 5

 P_RULE_E
    Category > 1       1.000      0.000      1.000      1.000
 P_USE_EC
    Category > 1       0.018      0.289      0.000  *********
 P_KNOW
    Category > 1       0.000      0.000      0.000      0.000
 P_RULE_B
    Category > 1   *********  *********    468.591  *********
 P_USE_B
    Category > 1       0.000      0.002      0.000  *********

Latent Class 1 Compared to Latent Class 6

 P_RULE_E
    Category > 1   *********      0.000  *********  *********
 P_USE_EC
    Category > 1       3.163      8.087      0.021    474.780
 P_KNOW
    Category > 1       0.000      0.000      0.000      0.000
 P_RULE_B
    Category > 1   *********      0.000  *********  *********
 P_USE_B
    Category > 1       0.000      0.000      0.000  *********

Latent Class 1 Compared to Latent Class 7

 P_RULE_E
    Category > 1   *********      0.000  *********  *********
 P_USE_EC
    Category > 1      53.687    136.404      0.369   7808.684
 P_KNOW
    Category > 1       0.000      0.000      0.000      0.000
 P_RULE_B
    Category > 1   *********      0.000  *********  *********
 P_USE_B
    Category > 1       0.006      0.119      0.000  *********

Latent Class 2 Compared to Latent Class 3

 P_RULE_E
    Category > 1       7.388      7.294      1.067     51.155
 P_USE_EC
    Category > 1   *********      0.000  *********  *********
 P_KNOW
    Category > 1   *********      0.000  *********  *********
 P_RULE_B
    Category > 1       0.687      0.570      0.135      3.493
 P_USE_B
    Category > 1       1.077      0.793      0.254      4.561

Latent Class 2 Compared to Latent Class 4

 P_RULE_E
    Category > 1       1.690      1.508      0.294      9.710
 P_USE_EC
    Category > 1       0.000      0.000      0.000      0.000
 P_KNOW
    Category > 1   *********      0.000  *********  *********
 P_RULE_B
    Category > 1       0.000      0.000      0.000      0.000
 P_USE_B
    Category > 1       0.000      0.000      0.000      0.000

Latent Class 2 Compared to Latent Class 5

 P_RULE_E
    Category > 1       0.000      0.000      0.000      0.000
 P_USE_EC
    Category > 1       0.044      0.719      0.000  *********
 P_KNOW
    Category > 1   *********      0.000  *********  *********
 P_RULE_B
    Category > 1      23.426    105.592      0.003  *********
 P_USE_B
    Category > 1       3.254      2.274      0.827     12.804

Latent Class 2 Compared to Latent Class 6

 P_RULE_E
    Category > 1   *********      0.000  *********  *********
 P_USE_EC
    Category > 1       7.922     10.253      0.627    100.113
 P_KNOW
    Category > 1   *********      0.000  *********  *********
 P_RULE_B
    Category > 1   *********      0.000  *********  *********
 P_USE_B
    Category > 1       0.150      0.491      0.000     93.098

Latent Class 2 Compared to Latent Class 7

 P_RULE_E
    Category > 1     358.413    387.689     43.016   2986.291
 P_USE_EC
    Category > 1     134.468    173.282     10.757   1680.886
 P_KNOW
    Category > 1   *********      0.000  *********  *********
 P_RULE_B
    Category > 1   *********      0.000  *********  *********
 P_USE_B
    Category > 1     158.465   1434.231      0.000  *********

Latent Class 3 Compared to Latent Class 4

 P_RULE_E
    Category > 1       0.229      0.122      0.080      0.652
 P_USE_EC
    Category > 1       0.000      0.000      0.000      0.000
 P_KNOW
    Category > 1   *********      0.000  *********  *********
 P_RULE_B
    Category > 1       0.000      0.000      0.000      0.000
 P_USE_B
    Category > 1       0.000      0.000      0.000      0.000

Latent Class 3 Compared to Latent Class 5

 P_RULE_E
    Category > 1       0.000      0.000      0.000      0.000
 P_USE_EC
    Category > 1       0.000      0.000      0.000      0.000
 P_KNOW
    Category > 1       0.627      0.348      0.212      1.858
 P_RULE_B
    Category > 1      34.094    154.179      0.005  *********
 P_USE_B
    Category > 1       3.022      0.649      1.984      4.604

Latent Class 3 Compared to Latent Class 6

 P_RULE_E
    Category > 1   *********      0.000  *********  *********
 P_USE_EC
    Category > 1       0.000      0.000      0.000      0.000
 P_KNOW
    Category > 1       0.529      0.245      0.213      1.313
 P_RULE_B
    Category > 1   *********      0.000  *********  *********
 P_USE_B
    Category > 1       0.139      0.435      0.000     64.500

Latent Class 3 Compared to Latent Class 7

 P_RULE_E
    Category > 1      48.510     23.637     18.667    126.066
 P_USE_EC
    Category > 1       0.000      0.000      0.000      0.000
 P_KNOW
    Category > 1       1.199      0.331      0.698      2.061
 P_RULE_B
    Category > 1   *********      0.000  *********  *********
 P_USE_B
    Category > 1     147.189   1332.737      0.000  *********

Latent Class 4 Compared to Latent Class 5

 P_RULE_E
    Category > 1       0.000      0.000      0.000      0.000
 P_USE_EC
    Category > 1   *********      0.000  *********  *********
 P_KNOW
    Category > 1       0.000      0.000      0.000      0.000
 P_RULE_B
    Category > 1   *********      0.000  *********  *********
 P_USE_B
    Category > 1   *********      0.000  *********  *********

Latent Class 4 Compared to Latent Class 6

 P_RULE_E
    Category > 1   *********      0.000  *********  *********
 P_USE_EC
    Category > 1   *********      0.000  *********  *********
 P_KNOW
    Category > 1       0.000      0.000      0.000      0.000
 P_RULE_B
    Category > 1   *********      0.000  *********  *********
 P_USE_B
    Category > 1   *********      0.000  *********  *********

Latent Class 4 Compared to Latent Class 7

 P_RULE_E
    Category > 1     212.021    146.522     54.717    821.544
 P_USE_EC
    Category > 1   *********      0.000  *********  *********
 P_KNOW
    Category > 1       0.000      0.000      0.000      0.000
 P_RULE_B
    Category > 1   *********      0.000  *********  *********
 P_USE_B
    Category > 1   *********      0.000  *********  *********

Latent Class 5 Compared to Latent Class 6

 P_RULE_E
    Category > 1   *********      0.000  *********  *********
 P_USE_EC
    Category > 1     180.449   2943.976      0.000  *********
 P_KNOW
    Category > 1       0.844      0.468      0.285      2.502
 P_RULE_B
    Category > 1   *********      0.000  *********  *********
 P_USE_B
    Category > 1       0.046      0.144      0.000     21.522

Latent Class 5 Compared to Latent Class 7

 P_RULE_E
    Category > 1   *********      0.000  *********  *********
 P_USE_EC
    Category > 1    3062.895  49490.348      0.000  *********
 P_KNOW
    Category > 1       1.911      0.832      0.814      4.488
 P_RULE_B
    Category > 1   *********      0.000  *********  *********
 P_USE_B
    Category > 1      48.703    440.899      0.000  *********

Latent Class 6 Compared to Latent Class 7

 P_RULE_E
    Category > 1       0.000      0.000      0.000      0.000
 P_USE_EC
    Category > 1      16.974     14.301      3.255     88.500
 P_KNOW
    Category > 1       2.265      0.858      1.077      4.761
 P_RULE_B
    Category > 1       1.000      0.000      1.000      1.000
 P_USE_B
    Category > 1    1058.818   9674.903      0.000  *********


TECHNICAL 11 OUTPUT

     Random Starts Specifications for the k-1 Class Analysis Model
        Number of initial stage random starts                1000
        Number of final stage optimizations                   200



     VUONG-LO-MENDELL-RUBIN LIKELIHOOD RATIO TEST FOR 6 (H0) VERSUS 7 CLASSES

          H0 Loglikelihood Value                       -11713.698
          2 Times the Loglikelihood Difference              2.983
          Difference in the Number of Parameters                6
          Mean                                            107.979
          Standard Deviation                              135.331
          P-Value                                          0.9464

     LO-MENDELL-RUBIN ADJUSTED LRT TEST

          Value                                             2.928
          P-Value                                          0.9468


PLOT INFORMATION

The following plots are available:

  Histograms (sample values)
  Scatterplots (sample values)
  Sample proportions and estimated probabilities

     Beginning Time:  17:45:03
        Ending Time:  17:45:21
       Elapsed Time:  00:00:18


Mplus VERSION 8.11 DEMO has the following limitations:
  Maximum number of dependent variables: 6
  Maximum number of independent variables: 2
  Maximum number of between variables: 2
  Maximum number of continuous latent variables in time series analysis: 2


MUTHEN & MUTHEN
3463 Stoner Ave.
Los Angeles, CA  90066

Tel: (310) 391-9971
Fax: (310) 391-8971
Web: www.StatModel.com
Support: Support@StatModel.com

Copyright (c) 1998-2024 Muthen & Muthen
