Mplus VERSION 8.11 DEMO
MUTHEN & MUTHEN
12/16/2025   9:57 PM

INPUT INSTRUCTIONS

  TITLE:
  Class 4
  DATA:
  FILE = "C:/Users/chens/Desktop/useme_lca/mplus_lca_sm_w/lca_sm_w.dat";
  VARIABLE:
  NAMES = caseid p_rule_sm p_use_sm p_know p_rule_b p_use_b c_try_sm dem_gen dem_age
       dem_inc dem_hisp weight;
   MISSING=.;
   categorical = p_rule_sm p_use_sm p_know p_rule_b p_use_b;
  usevar = p_rule_sm p_use_sm p_know p_rule_b p_use_b;
  weight = weight;
  classes = c(4);
  ANALYSIS:
  estimator = mlr;
      type = mixture;
      starts = 1000 200;
      processors = 10;
  OUTPUT:
  tech11 tech14;
  PLOT:
  type = plot3;
       series = p_rule_sm p_use_sm p_know p_rule_b p_use_b(*);



*** WARNING in VARIABLE command
  Note that only the first 8 characters of variable names are used in the output.
  Shorten variable names to avoid any confusion.
*** WARNING in PLOT command
  Note that only the first 8 characters of variable names are used in plots.
  If variable names are not unique within the first 8 characters, problems
  may occur.
*** WARNING in OUTPUT command
  TECH14 option is not available for TYPE=MIXTURE with weights.
  Request for TECH14 is ignored.
   3 WARNING(S) FOUND IN THE INPUT INSTRUCTIONS




Class 4

SUMMARY OF ANALYSIS

Number of groups                                                 1
Number of observations                                        7301

Number of dependent variables                                    5
Number of independent variables                                  0
Number of continuous latent variables                            0
Number of categorical latent variables                           1

Observed dependent variables

  Binary and ordered categorical (ordinal)
   P_RULE_S    P_USE_SM    P_KNOW      P_RULE_B    P_USE_B

Categorical latent variables
   C

Variables with special functions

  Weight variable       WEIGHT

Estimator                                                      MLR
Information matrix                                        OBSERVED
Optimization Specifications for the Quasi-Newton Algorithm for
Continuous Outcomes
  Maximum number of iterations                                 100
  Convergence criterion                                  0.100D-05
Optimization Specifications for the EM Algorithm
  Maximum number of iterations                                 500
  Convergence criteria
    Loglikelihood change                                 0.100D-06
    Relative loglikelihood change                        0.100D-06
    Derivative                                           0.100D-05
Optimization Specifications for the M step of the EM Algorithm for
Categorical Latent variables
  Number of M step iterations                                    1
  M step convergence criterion                           0.100D-05
  Basis for M step termination                           ITERATION
Optimization Specifications for the M step of the EM Algorithm for
Censored, Binary or Ordered Categorical (Ordinal), Unordered
Categorical (Nominal) and Count Outcomes
  Number of M step iterations                                    1
  M step convergence criterion                           0.100D-05
  Basis for M step termination                           ITERATION
  Maximum value for logit thresholds                            15
  Minimum value for logit thresholds                           -15
  Minimum expected cell size for chi-square              0.100D-01
Maximum number of iterations for H1                           2000
Convergence criterion for H1                             0.100D-03
Optimization algorithm                                         EMA
Random Starts Specifications
  Number of initial stage random starts                       1000
  Number of final stage optimizations                          200
  Number of initial stage iterations                            10
  Initial stage convergence criterion                    0.100D+01
  Random starts scale                                    0.500D+01
  Random seed for generating random starts                       0
Link                                                         LOGIT

Input data file(s)
  C:/Users/chens/Desktop/useme_lca/mplus_lca_sm_w/lca_sm_w.dat
Input data format  FREE


SUMMARY OF DATA

     Number of missing data patterns             5
     Number of y missing data patterns           0
     Number of u missing data patterns           5


COVARIANCE COVERAGE OF DATA

Minimum covariance coverage value   0.100


     PROPORTION OF DATA PRESENT FOR U


           Covariance Coverage
              P_RULE_S      P_USE_SM      P_KNOW        P_RULE_B      P_USE_B
              ________      ________      ________      ________      ________
 P_RULE_S       0.995
 P_USE_SM       0.995         1.000
 P_KNOW         0.984         0.990         0.990
 P_RULE_B       0.995         0.996         0.986         0.996
 P_USE_B        0.995         1.000         0.990         0.996         1.000


UNIVARIATE PROPORTIONS AND COUNTS FOR CATEGORICAL VARIABLES

    P_RULE_S
      Category 1    0.845         6136.811
      Category 2    0.155         1126.803
    P_USE_SM
      Category 1    0.987         7202.491
      Category 2    0.013           98.509
    P_KNOW
      Category 1    0.894         6462.369
      Category 2    0.106          762.434
    P_RULE_B
      Category 1    0.872         6343.601
      Category 2    0.128          930.094
    P_USE_B
      Category 1    0.843         6155.619
      Category 2    0.157         1145.381


RANDOM STARTS RESULTS RANKED FROM THE BEST TO THE WORST LOGLIKELIHOOD VALUES

Final stage loglikelihood values at local maxima, seeds, and initial stage start numbers:

          -11198.178  922042           492
          -11198.178  243346           930
          -11198.178  638611           524
          -11198.178  197223           332
          -11198.178  265218           924
          -11198.178  531546           702
          -11198.178  512403           719
          -11198.178  465160           862
          -11198.178  303634           169
          -11198.178  545108           667
          -11198.178  464179           106
          -11198.178  761633           50
          -11198.246  351622           551
          -11198.246  155622           507
          -11198.246  645052           910
          -11198.246  318177           748
          -11198.246  94610            884
          -11198.246  533738           11
          -11198.246  49221            254
          -11198.246  443442           380
          -11198.246  326091           759
          -11198.246  772131           407
          -11198.246  484501           163
          -11198.246  662718           460
          -11198.246  805935           615
          -11198.246  350608           334
          -11198.268  575700           100
          -11198.268  961454           665
          -11198.268  247224           94
          -11198.268  276102           599
          -11198.303  545140           278
          -11198.330  481835           57
          -11198.331  369602           146
          -11198.331  850840           232
          -11198.331  471398           74
          -11198.332  392418           28
          -11198.340  561664           392
          -11198.340  170954           86
          -11198.340  85462            51
          -11198.340  370466           41
          -11198.340  76974            16
          -11198.340  414284           158
          -11198.342  281462           285
          -11198.343  915642           40
          -11198.344  366706           29
          -11198.344  207896           25
          -11198.359  152496           123
          -11198.362  422103           62
          -11198.363  49910            829
          -11198.368  172913           557

150 perturbed starting value run(s) did not converge or were rejected in the third stage.



THE BEST LOGLIKELIHOOD VALUE HAS BEEN REPLICATED.  RERUN WITH AT LEAST TWICE THE
RANDOM STARTS TO CHECK THAT THE BEST LOGLIKELIHOOD IS STILL OBTAINED AND REPLICATED.

     IN THE OPTIMIZATION, ONE OR MORE LOGIT THRESHOLDS APPROACHED EXTREME VALUES
     OF -15.000 AND 15.000 AND WERE FIXED TO STABILIZE MODEL ESTIMATION.  THESE
     VALUES IMPLY PROBABILITIES OF 0 AND 1.  IN THE MODEL RESULTS SECTION, THESE
     PARAMETERS HAVE 0 STANDARD ERRORS AND 999 IN THE Z-SCORE AND P-VALUE COLUMNS.




THE MODEL ESTIMATION TERMINATED NORMALLY



MODEL FIT INFORMATION

Number of Free Parameters                       23

Loglikelihood

          H0 Value                      -11198.178
          H0 Scaling Correction Factor      1.0835
            for MLR

Information Criteria

          Akaike (AIC)                   22442.355
          Bayesian (BIC)                 22600.958
          Sample-Size Adjusted BIC       22527.869
            (n* = (n + 2) / 24)

Chi-Square Test of Model Fit for the Binary and Ordered Categorical
(Ordinal) Outcomes

          Pearson Chi-Square

          Value                              5.132
          Degrees of Freedom                     8
          P-Value                           0.7433

          Likelihood Ratio Chi-Square

          Value                              5.664
          Degrees of Freedom                     8
          P-Value                           0.6848

Chi-Square Test for MCAR under the Unrestricted Latent Class Indicator Model

          Pearson Chi-Square

          Value                             46.814
          Degrees of Freedom                    52
          P-Value                           0.6774

          Likelihood Ratio Chi-Square

          Value                             35.720
          Degrees of Freedom                    52
          P-Value                           0.9586



FINAL CLASS COUNTS AND PROPORTIONS FOR THE LATENT CLASSES
BASED ON THE ESTIMATED MODEL

    Latent
   Classes

       1        411.06797          0.05630
       2       1279.95951          0.17531
       3       5070.18510          0.69445
       4        539.78742          0.07393


FINAL CLASS COUNTS AND PROPORTIONS FOR THE LATENT CLASSES
BASED ON ESTIMATED POSTERIOR PROBABILITIES

    Latent
   Classes

       1        411.06797          0.05630
       2       1279.95951          0.17531
       3       5070.18510          0.69445
       4        539.78742          0.07393


FINAL CLASS COUNTS AND PROPORTIONS FOR THE LATENT CLASSES
BASED ON THEIR MOST LIKELY LATENT CLASS MEMBERSHIP

Class Counts and Proportions

    Latent
   Classes

       1              157          0.02144
       2             1036          0.14192
       3             5556          0.76106
       4              552          0.07557


CLASSIFICATION QUALITY

     Entropy                         0.814


Average Latent Class Probabilities for Most Likely Latent Class Membership (Row)
by Latent Class (Column)

           1        2        3        4

    1   0.804    0.084    0.003    0.109
    2   0.037    0.945    0.015    0.003
    3   0.042    0.047    0.910    0.001
    4   0.021    0.048    0.000    0.931


Classification Probabilities for the Most Likely Latent Class Membership (Column)
by Latent Class (Row)

           1        2        3        4

    1   0.306    0.094    0.571    0.028
    2   0.010    0.765    0.204    0.021
    3   0.000    0.003    0.997    0.000
    4   0.032    0.007    0.010    0.951


Logits for the Classification Probabilities for the Most Likely Latent Class Membership (Column)
by Latent Class (Row)

              1        2        3        4

    1      2.376    1.197    3.000    0.000
    2     -0.705    3.609    2.289    0.000
    3      4.523    8.009   13.812    0.000
    4     -3.400   -4.984   -4.524    0.000


MODEL RESULTS

                                                    Two-Tailed
                    Estimate       S.E.  Est./S.E.    P-Value

Latent Class 1

 Thresholds
    P_RULE_S$1        -0.925      0.260     -3.556      0.000
    P_USE_SM$1         1.182      1.359      0.869      0.385
    P_KNOW$1           1.745      0.426      4.099      0.000
    P_RULE_B$1         1.975      0.382      5.167      0.000
    P_USE_B$1         15.000      0.000    999.000    999.000

Latent Class 2

 Thresholds
    P_RULE_S$1         0.017      0.094      0.181      0.856
    P_USE_SM$1        15.000      0.000    999.000    999.000
    P_KNOW$1           1.879      0.107     17.498      0.000
    P_RULE_B$1        -0.797      0.367     -2.171      0.030
    P_USE_B$1          0.009      0.150      0.058      0.954

Latent Class 3

 Thresholds
    P_RULE_S$1         3.269      1.455      2.246      0.025
    P_USE_SM$1        15.000      0.000    999.000    999.000
    P_KNOW$1          15.000      0.000    999.000    999.000
    P_RULE_B$1        15.000      0.000    999.000    999.000
    P_USE_B$1          2.422      0.090     26.948      0.000

Latent Class 4

 Thresholds
    P_RULE_S$1         3.323      2.211      1.503      0.133
    P_USE_SM$1         5.593      1.771      3.158      0.002
    P_KNOW$1         -15.000      0.000    999.000    999.000
    P_RULE_B$1        15.000      0.000    999.000    999.000
    P_USE_B$1          1.543      0.133     11.608      0.000

Categorical Latent Variables

 Means
    C#1               -0.272      1.137     -0.239      0.811
    C#2                0.863      0.176      4.902      0.000
    C#3                2.240      0.065     34.255      0.000


QUALITY OF NUMERICAL RESULTS

     Condition Number for the Information Matrix              0.750E-04
       (ratio of smallest to largest eigenvalue)


RESULTS IN PROBABILITY SCALE

                                                    Two-Tailed
                    Estimate       S.E.  Est./S.E.    P-Value

Latent Class 1

 P_RULE_SM
    Category 1         0.284      0.053      5.371      0.000
    Category 2         0.716      0.053     13.540      0.000
 P_USE_SM
    Category 1         0.765      0.244      3.134      0.002
    Category 2         0.235      0.244      0.961      0.336
 P_KNOW
    Category 1         0.851      0.054     15.796      0.000
    Category 2         0.149      0.054      2.760      0.006
 P_RULE_B
    Category 1         0.878      0.041     21.474      0.000
    Category 2         0.122      0.041      2.978      0.003
 P_USE_B
    Category 1         1.000      0.000      0.000      1.000
    Category 2         0.000      0.000      0.000      1.000

Latent Class 2

 P_RULE_SM
    Category 1         0.504      0.024     21.453      0.000
    Category 2         0.496      0.024     21.091      0.000
 P_USE_SM
    Category 1         1.000      0.000      0.000      1.000
    Category 2         0.000      0.000      0.000      1.000
 P_KNOW
    Category 1         0.868      0.012     70.288      0.000
    Category 2         0.132      0.012     10.733      0.000
 P_RULE_B
    Category 1         0.311      0.079      3.950      0.000
    Category 2         0.689      0.079      8.768      0.000
 P_USE_B
    Category 1         0.502      0.038     13.367      0.000
    Category 2         0.498      0.038     13.251      0.000

Latent Class 3

 P_RULE_SM
    Category 1         0.963      0.051     18.745      0.000
    Category 2         0.037      0.051      0.713      0.476
 P_USE_SM
    Category 1         1.000      0.000      0.000      1.000
    Category 2         0.000      0.000      0.000      1.000
 P_KNOW
    Category 1         1.000      0.000      0.000      1.000
    Category 2         0.000      0.000      0.000      1.000
 P_RULE_B
    Category 1         1.000      0.000      0.000      1.000
    Category 2         0.000      0.000      0.000      1.000
 P_USE_B
    Category 1         0.919      0.007    136.519      0.000
    Category 2         0.081      0.007     12.112      0.000

Latent Class 4

 P_RULE_SM
    Category 1         0.965      0.074     12.997      0.000
    Category 2         0.035      0.074      0.469      0.639
 P_USE_SM
    Category 1         0.996      0.007    152.163      0.000
    Category 2         0.004      0.007      0.567      0.571
 P_KNOW
    Category 1         0.000      0.000      0.000      1.000
    Category 2         1.000      0.000      0.000      1.000
 P_RULE_B
    Category 1         1.000      0.000      0.000      1.000
    Category 2         0.000      0.000      0.000      1.000
 P_USE_B
    Category 1         0.824      0.019     42.722      0.000
    Category 2         0.176      0.019      9.127      0.000


LATENT CLASS INDICATOR ODDS RATIOS FOR THE LATENT CLASSES

                                                95% C.I.
                    Estimate       S.E.  Lower 2.5% Upper 2.5%

Latent Class 1 Compared to Latent Class 2

 P_RULE_S
    Category > 1       2.564      0.767      1.427      4.608
 P_USE_SM
    Category > 1   *********      0.000  *********  *********
 P_KNOW
    Category > 1       1.144      0.529      0.463      2.830
 P_RULE_B
    Category > 1       0.062      0.037      0.020      0.197
 P_USE_B
    Category > 1       0.000      0.000      0.000      0.000

Latent Class 1 Compared to Latent Class 3

 P_RULE_S
    Category > 1      66.251    102.873      3.158   1389.787
 P_USE_SM
    Category > 1   *********      0.000  *********  *********
 P_KNOW
    Category > 1   *********      0.000  *********  *********
 P_RULE_B
    Category > 1   *********      0.000  *********  *********
 P_USE_B
    Category > 1       0.000      0.000      0.000      0.000

Latent Class 1 Compared to Latent Class 4

 P_RULE_S
    Category > 1      69.919    159.821      0.792   6170.172
 P_USE_SM
    Category > 1      82.377    223.450      0.404  16778.406
 P_KNOW
    Category > 1       0.000      0.000      0.000      0.000
 P_RULE_B
    Category > 1   *********      0.000  *********  *********
 P_USE_B
    Category > 1       0.000      0.000      0.000      0.000

Latent Class 2 Compared to Latent Class 3

 P_RULE_S
    Category > 1      25.836     36.191      1.659    402.335
 P_USE_SM
    Category > 1       1.000      0.000      1.000      1.000
 P_KNOW
    Category > 1   *********      0.000  *********  *********
 P_RULE_B
    Category > 1   *********      0.000  *********  *********
 P_USE_B
    Category > 1      11.173      2.363      7.382     16.913

Latent Class 2 Compared to Latent Class 4

 P_RULE_S
    Category > 1      27.267     58.877      0.396   1877.886
 P_USE_SM
    Category > 1       0.000      0.000      0.000      0.000
 P_KNOW
    Category > 1       0.000      0.000      0.000      0.000
 P_RULE_B
    Category > 1   *********      0.000  *********  *********
 P_USE_B
    Category > 1       4.640      1.020      3.016      7.139

Latent Class 3 Compared to Latent Class 4

 P_RULE_S
    Category > 1       1.055      1.007      0.163      6.846
 P_USE_SM
    Category > 1       0.000      0.000      0.000      0.000
 P_KNOW
    Category > 1       0.000      0.000      0.000      0.000
 P_RULE_B
    Category > 1       1.000      0.000      1.000      1.000
 P_USE_B
    Category > 1       0.415      0.060      0.313      0.551


TECHNICAL 11 OUTPUT

     Random Starts Specifications for the k-1 Class Analysis Model
        Number of initial stage random starts                1000
        Number of final stage optimizations                   200



     VUONG-LO-MENDELL-RUBIN LIKELIHOOD RATIO TEST FOR 3 (H0) VERSUS 4 CLASSES

          H0 Loglikelihood Value                       -11215.104
          2 Times the Loglikelihood Difference             33.852
          Difference in the Number of Parameters                6
          Mean                                             55.575
          Standard Deviation                               69.101
          P-Value                                          0.4778

     LO-MENDELL-RUBIN ADJUSTED LRT TEST

          Value                                            33.230
          P-Value                                          0.4834


PLOT INFORMATION

The following plots are available:

  Histograms (sample values)
  Scatterplots (sample values)
  Sample proportions and estimated probabilities

     Beginning Time:  21:57:15
        Ending Time:  21:57:28
       Elapsed Time:  00:00:13


Mplus VERSION 8.11 DEMO has the following limitations:
  Maximum number of dependent variables: 6
  Maximum number of independent variables: 2
  Maximum number of between variables: 2
  Maximum number of continuous latent variables in time series analysis: 2


MUTHEN & MUTHEN
3463 Stoner Ave.
Los Angeles, CA  90066

Tel: (310) 391-9971
Fax: (310) 391-8971
Web: www.StatModel.com
Support: Support@StatModel.com

Copyright (c) 1998-2024 Muthen & Muthen
