Mplus VERSION 8.11 DEMO
MUTHEN & MUTHEN
12/16/2025   9:57 PM

INPUT INSTRUCTIONS

  TITLE:
  Class 5
  DATA:
  FILE = "C:/Users/chens/Desktop/useme_lca/mplus_lca_sm_w/lca_sm_w.dat";
  VARIABLE:
  NAMES = caseid p_rule_sm p_use_sm p_know p_rule_b p_use_b c_try_sm dem_gen dem_age
       dem_inc dem_hisp weight;
   MISSING=.;
   categorical = p_rule_sm p_use_sm p_know p_rule_b p_use_b;
  usevar = p_rule_sm p_use_sm p_know p_rule_b p_use_b;
  weight = weight;
  classes = c(5);
  ANALYSIS:
  estimator = mlr;
      type = mixture;
      starts = 1000 200;
      processors = 10;
  OUTPUT:
  tech11 tech14;
  PLOT:
  type = plot3;
       series = p_rule_sm p_use_sm p_know p_rule_b p_use_b(*);



*** WARNING in VARIABLE command
  Note that only the first 8 characters of variable names are used in the output.
  Shorten variable names to avoid any confusion.
*** WARNING in PLOT command
  Note that only the first 8 characters of variable names are used in plots.
  If variable names are not unique within the first 8 characters, problems
  may occur.
*** WARNING in OUTPUT command
  TECH14 option is not available for TYPE=MIXTURE with weights.
  Request for TECH14 is ignored.
   3 WARNING(S) FOUND IN THE INPUT INSTRUCTIONS




Class 5

SUMMARY OF ANALYSIS

Number of groups                                                 1
Number of observations                                        7301

Number of dependent variables                                    5
Number of independent variables                                  0
Number of continuous latent variables                            0
Number of categorical latent variables                           1

Observed dependent variables

  Binary and ordered categorical (ordinal)
   P_RULE_S    P_USE_SM    P_KNOW      P_RULE_B    P_USE_B

Categorical latent variables
   C

Variables with special functions

  Weight variable       WEIGHT

Estimator                                                      MLR
Information matrix                                        OBSERVED
Optimization Specifications for the Quasi-Newton Algorithm for
Continuous Outcomes
  Maximum number of iterations                                 100
  Convergence criterion                                  0.100D-05
Optimization Specifications for the EM Algorithm
  Maximum number of iterations                                 500
  Convergence criteria
    Loglikelihood change                                 0.100D-06
    Relative loglikelihood change                        0.100D-06
    Derivative                                           0.100D-05
Optimization Specifications for the M step of the EM Algorithm for
Categorical Latent variables
  Number of M step iterations                                    1
  M step convergence criterion                           0.100D-05
  Basis for M step termination                           ITERATION
Optimization Specifications for the M step of the EM Algorithm for
Censored, Binary or Ordered Categorical (Ordinal), Unordered
Categorical (Nominal) and Count Outcomes
  Number of M step iterations                                    1
  M step convergence criterion                           0.100D-05
  Basis for M step termination                           ITERATION
  Maximum value for logit thresholds                            15
  Minimum value for logit thresholds                           -15
  Minimum expected cell size for chi-square              0.100D-01
Maximum number of iterations for H1                           2000
Convergence criterion for H1                             0.100D-03
Optimization algorithm                                         EMA
Random Starts Specifications
  Number of initial stage random starts                       1000
  Number of final stage optimizations                          200
  Number of initial stage iterations                            10
  Initial stage convergence criterion                    0.100D+01
  Random starts scale                                    0.500D+01
  Random seed for generating random starts                       0
Link                                                         LOGIT

Input data file(s)
  C:/Users/chens/Desktop/useme_lca/mplus_lca_sm_w/lca_sm_w.dat
Input data format  FREE


SUMMARY OF DATA

     Number of missing data patterns             5
     Number of y missing data patterns           0
     Number of u missing data patterns           5


COVARIANCE COVERAGE OF DATA

Minimum covariance coverage value   0.100


     PROPORTION OF DATA PRESENT FOR U


           Covariance Coverage
              P_RULE_S      P_USE_SM      P_KNOW        P_RULE_B      P_USE_B
              ________      ________      ________      ________      ________
 P_RULE_S       0.995
 P_USE_SM       0.995         1.000
 P_KNOW         0.984         0.990         0.990
 P_RULE_B       0.995         0.996         0.986         0.996
 P_USE_B        0.995         1.000         0.990         0.996         1.000


UNIVARIATE PROPORTIONS AND COUNTS FOR CATEGORICAL VARIABLES

    P_RULE_S
      Category 1    0.845         6136.811
      Category 2    0.155         1126.803
    P_USE_SM
      Category 1    0.987         7202.491
      Category 2    0.013           98.509
    P_KNOW
      Category 1    0.894         6462.369
      Category 2    0.106          762.434
    P_RULE_B
      Category 1    0.872         6343.601
      Category 2    0.128          930.094
    P_USE_B
      Category 1    0.843         6155.619
      Category 2    0.157         1145.381


RANDOM STARTS RESULTS RANKED FROM THE BEST TO THE WORST LOGLIKELIHOOD VALUES

Final stage loglikelihood values at local maxima, seeds, and initial stage start numbers:

          -11196.645  848356           602
          -11196.795  940533           764
          -11196.795  856536           144
          -11196.832  903633           553
          -11196.887  366706           29
          -11196.901  46437            153
          -11196.903  465160           862
          -11196.903  370466           41
          -11196.921  502532           445
          -11196.921  407168           44
          -11196.921  80438            246
          -11196.921  545140           278
          -11196.922  816765           959
          -11196.922  576596           99
          -11196.949  575700           100
          -11196.949  51375            148
          -11196.952  507154           387
          -11196.952  608460           244
          -11196.961  264935           281
          -11196.962  423661           875
          -11196.963  268896           124
          -11196.964  967902           52
          -11196.973  951709           348
          -11196.974  266038           672
          -11196.983  434915           552
          -11196.983  920593           611
          -11196.983  383979           603
          -11197.004  997222           229
          -11197.004  226322           478
          -11197.004  182524           373
          -11197.063  438144           271
          -11197.069  227563           63
          -11197.130  391179           78
          -11197.142  887580           493
          -11197.143  967237           48
          -11197.152  915107           54
          -11197.221  152496           123
          -11197.243  247224           94
          -11197.256  405079           68
          -11197.257  544048           87
          -11198.005  784664           75
          -11198.010  318230           46

158 perturbed starting value run(s) did not converge or were rejected in the third stage.



     WARNING:  THE BEST LOGLIKELIHOOD VALUE WAS NOT REPLICATED.  THE
     SOLUTION MAY NOT BE TRUSTWORTHY DUE TO LOCAL MAXIMA.  INCREASE THE
     NUMBER OF RANDOM STARTS.

     IN THE OPTIMIZATION, ONE OR MORE LOGIT THRESHOLDS APPROACHED EXTREME VALUES
     OF -15.000 AND 15.000 AND WERE FIXED TO STABILIZE MODEL ESTIMATION.  THESE
     VALUES IMPLY PROBABILITIES OF 0 AND 1.  IN THE MODEL RESULTS SECTION, THESE
     PARAMETERS HAVE 0 STANDARD ERRORS AND 999 IN THE Z-SCORE AND P-VALUE COLUMNS.

     THE STANDARD ERRORS OF THE MODEL PARAMETER ESTIMATES MAY NOT BE
     TRUSTWORTHY FOR SOME PARAMETERS DUE TO A NON-POSITIVE DEFINITE
     FIRST-ORDER DERIVATIVE PRODUCT MATRIX.  THIS MAY BE DUE TO THE STARTING
     VALUES BUT MAY ALSO BE AN INDICATION OF MODEL NONIDENTIFICATION.  THE
     CONDITION NUMBER IS       0.693D-15.  PROBLEM INVOLVING THE FOLLOWING PARAMETER:
     Parameter 23, %C#5%: [ P_KNOW$1 ]




THE MODEL ESTIMATION TERMINATED NORMALLY



MODEL FIT INFORMATION

Number of Free Parameters                       29

Loglikelihood

          H0 Value                      -11196.645
          H0 Scaling Correction Factor      1.0272
            for MLR

Information Criteria

          Akaike (AIC)                   22451.290
          Bayesian (BIC)                 22651.267
          Sample-Size Adjusted BIC       22559.112
            (n* = (n + 2) / 24)

Chi-Square Test of Model Fit for the Binary and Ordered Categorical
(Ordinal) Outcomes

          Pearson Chi-Square

          Value                              1.978
          Degrees of Freedom                     2
          P-Value                           0.3719

          Likelihood Ratio Chi-Square

          Value                              2.696
          Degrees of Freedom                     2
          P-Value                           0.2597

Chi-Square Test for MCAR under the Unrestricted Latent Class Indicator Model

          Pearson Chi-Square

          Value                             46.814
          Degrees of Freedom                    52
          P-Value                           0.6774

          Likelihood Ratio Chi-Square

          Value                             35.720
          Degrees of Freedom                    52
          P-Value                           0.9586



FINAL CLASS COUNTS AND PROPORTIONS FOR THE LATENT CLASSES
BASED ON THE ESTIMATED MODEL

    Latent
   Classes

       1        575.14173          0.07878
       2         26.06234          0.00357
       3       1259.51545          0.17251
       4        523.33754          0.07168
       5       4916.94295          0.67346


FINAL CLASS COUNTS AND PROPORTIONS FOR THE LATENT CLASSES
BASED ON ESTIMATED POSTERIOR PROBABILITIES

    Latent
   Classes

       1        575.14173          0.07878
       2         26.06234          0.00357
       3       1259.51545          0.17251
       4        523.33754          0.07168
       5       4916.94295          0.67346


FINAL CLASS COUNTS AND PROPORTIONS FOR THE LATENT CLASSES
BASED ON THEIR MOST LIKELY LATENT CLASS MEMBERSHIP

Class Counts and Proportions

    Latent
   Classes

       1              579          0.07928
       2                0          0.00000
       3             1035          0.14179
       4              552          0.07557
       5             5135          0.70336


CLASSIFICATION QUALITY

     Entropy                         0.822


Average Latent Class Probabilities for Most Likely Latent Class Membership (Row)
by Latent Class (Column)

           1        2        3        4        5

    1   0.682    0.003    0.173    0.003    0.139
    2   0.000    0.000    0.000    0.000    0.000
    3   0.058    0.023    0.907    0.005    0.007
    4   0.032    0.000    0.042    0.925    0.000
    5   0.020    0.000    0.039    0.001    0.940


Classification Probabilities for the Most Likely Latent Class Membership (Column)
by Latent Class (Row)

           1        2        3        4        5

    1   0.686    0.000    0.105    0.031    0.178
    2   0.075    0.000    0.925    0.001    0.000
    3   0.079    0.000    0.745    0.018    0.157
    4   0.004    0.000    0.010    0.976    0.011
    5   0.016    0.000    0.001    0.000    0.982


Logits for the Classification Probabilities for the Most Likely Latent Class Membership (Column)
by Latent Class (Row)

              1        2        3        4        5

    1      1.350  -12.089   -0.532   -1.746    0.000
    2     11.220    0.000   13.737    6.723    0.000
    3     -0.683  -11.964    1.557   -2.138    0.000
    4     -1.084   -9.267   -0.036    4.524    0.000
    5     -4.096  -13.798   -6.535  -13.798    0.000


MODEL RESULTS

                                                    Two-Tailed
                    Estimate       S.E.  Est./S.E.    P-Value

Latent Class 1

 Thresholds
    P_RULE_S$1        -0.930      0.253     -3.682      0.000
    P_USE_SM$1         1.600      0.383      4.177      0.000
    P_KNOW$1           1.730      0.364      4.756      0.000
    P_RULE_B$1         1.945      0.373      5.220      0.000
    P_USE_B$1         15.000      0.000    999.000    999.000

Latent Class 2

 Thresholds
    P_RULE_S$1       -15.000      0.000    999.000    999.000
    P_USE_SM$1        15.000      0.000    999.000    999.000
    P_KNOW$1         -15.000      0.000    999.000    999.000
    P_RULE_B$1        -0.764      0.894     -0.855      0.393
    P_USE_B$1         -1.159      1.852     -0.626      0.532

Latent Class 3

 Thresholds
    P_RULE_S$1         0.072      0.092      0.783      0.433
    P_USE_SM$1        15.000      0.000    999.000    999.000
    P_KNOW$1           2.124      0.282      7.526      0.000
    P_RULE_B$1        -0.685      0.185     -3.704      0.000
    P_USE_B$1         -0.029      0.118     -0.249      0.804

Latent Class 4

 Thresholds
    P_RULE_S$1        15.000      0.000    999.000    999.000
    P_USE_SM$1         5.629      1.686      3.339      0.001
    P_KNOW$1         -15.000      0.000    999.000    999.000
    P_RULE_B$1         4.572      2.232      2.049      0.041
    P_USE_B$1          1.521      0.132     11.493      0.000

Latent Class 5

 Thresholds
    P_RULE_S$1         4.008      1.344      2.983      0.003
    P_USE_SM$1        15.000      0.000    999.000    999.000
    P_KNOW$1          14.455      1.183     12.214      0.000
    P_RULE_B$1        15.000      0.000    999.000    999.000
    P_USE_B$1          2.444      0.079     30.855      0.000

Categorical Latent Variables

 Means
    C#1               -2.146      0.332     -6.469      0.000
    C#2               -5.240      0.841     -6.227      0.000
    C#3               -1.362      0.084    -16.217      0.000
    C#4               -2.240      0.071    -31.559      0.000


QUALITY OF NUMERICAL RESULTS

     Condition Number for the Information Matrix              0.693E-15
       (ratio of smallest to largest eigenvalue)


RESULTS IN PROBABILITY SCALE

                                                    Two-Tailed
                    Estimate       S.E.  Est./S.E.    P-Value

Latent Class 1

 P_RULE_SM
    Category 1         0.283      0.051      5.521      0.000
    Category 2         0.717      0.051     13.993      0.000
 P_USE_SM
    Category 1         0.832      0.054     15.539      0.000
    Category 2         0.168      0.054      3.138      0.002
 P_KNOW
    Category 1         0.849      0.047     18.259      0.000
    Category 2         0.151      0.047      3.236      0.001
 P_RULE_B
    Category 1         0.875      0.041     21.456      0.000
    Category 2         0.125      0.041      3.068      0.002
 P_USE_B
    Category 1         1.000      0.000      0.000      1.000
    Category 2         0.000      0.000      0.000      1.000

Latent Class 2

 P_RULE_SM
    Category 1         0.000      0.000      0.000      1.000
    Category 2         1.000      0.000      0.000      1.000
 P_USE_SM
    Category 1         1.000      0.000      0.000      1.000
    Category 2         0.000      0.000      0.000      1.000
 P_KNOW
    Category 1         0.000      0.000      0.000      1.000
    Category 2         1.000      0.000      0.000      1.000
 P_RULE_B
    Category 1         0.318      0.194      1.639      0.101
    Category 2         0.682      0.194      3.520      0.000
 P_USE_B
    Category 1         0.239      0.337      0.709      0.478
    Category 2         0.761      0.337      2.260      0.024

Latent Class 3

 P_RULE_SM
    Category 1         0.518      0.023     22.656      0.000
    Category 2         0.482      0.023     21.088      0.000
 P_USE_SM
    Category 1         1.000      0.000      0.000      1.000
    Category 2         0.000      0.000      0.000      1.000
 P_KNOW
    Category 1         0.893      0.027     33.181      0.000
    Category 2         0.107      0.027      3.966      0.000
 P_RULE_B
    Category 1         0.335      0.041      8.133      0.000
    Category 2         0.665      0.041     16.134      0.000
 P_USE_B
    Category 1         0.493      0.030     16.672      0.000
    Category 2         0.507      0.030     17.170      0.000

Latent Class 4

 P_RULE_SM
    Category 1         1.000      0.000      0.000      1.000
    Category 2         0.000      0.000      0.000      1.000
 P_USE_SM
    Category 1         0.996      0.006    165.676      0.000
    Category 2         0.004      0.006      0.595      0.552
 P_KNOW
    Category 1         0.000      0.000      0.000      1.000
    Category 2         1.000      0.000      0.000      1.000
 P_RULE_B
    Category 1         0.990      0.023     43.779      0.000
    Category 2         0.010      0.023      0.453      0.651
 P_USE_B
    Category 1         0.821      0.019     42.144      0.000
    Category 2         0.179      0.019      9.204      0.000

Latent Class 5

 P_RULE_SM
    Category 1         0.982      0.024     41.689      0.000
    Category 2         0.018      0.024      0.758      0.449
 P_USE_SM
    Category 1         1.000      0.000      0.000      1.000
    Category 2         0.000      0.000      0.000      1.000
 P_KNOW
    Category 1         1.000      0.000  *********      0.000
    Category 2         0.000      0.000      0.845      0.398
 P_RULE_B
    Category 1         1.000      0.000      0.000      1.000
    Category 2         0.000      0.000      0.000      1.000
 P_USE_B
    Category 1         0.920      0.006    158.059      0.000
    Category 2         0.080      0.006     13.720      0.000


LATENT CLASS INDICATOR ODDS RATIOS FOR THE LATENT CLASSES

                                                95% C.I.
                    Estimate       S.E.  Lower 2.5% Upper 2.5%

Latent Class 1 Compared to Latent Class 2

 P_RULE_S
    Category > 1       0.000      0.000      0.000      0.000
 P_USE_SM
    Category > 1   *********      0.000  *********  *********
 P_KNOW
    Category > 1       0.000      0.000      0.000      0.000
 P_RULE_B
    Category > 1       0.067      0.063      0.010      0.423
 P_USE_B
    Category > 1       0.000      0.000      0.000      0.000

Latent Class 1 Compared to Latent Class 3

 P_RULE_S
    Category > 1       2.723      0.785      1.548      4.792
 P_USE_SM
    Category > 1   *********      0.000  *********  *********
 P_KNOW
    Category > 1       1.483      0.664      0.616      3.566
 P_RULE_B
    Category > 1       0.072      0.033      0.030      0.174
 P_USE_B
    Category > 1       0.000      0.000      0.000      0.000

Latent Class 1 Compared to Latent Class 4

 P_RULE_S
    Category > 1   *********      0.000  *********  *********
 P_USE_SM
    Category > 1      56.201    106.238      1.383   2284.634
 P_KNOW
    Category > 1       0.000      0.000      0.000      0.000
 P_RULE_B
    Category > 1      13.824     30.943      0.172   1111.561
 P_USE_B
    Category > 1       0.000      0.000      0.000      0.000

Latent Class 1 Compared to Latent Class 5

 P_RULE_S
    Category > 1     139.439    200.585      8.316   2338.146
 P_USE_SM
    Category > 1   *********      0.000  *********  *********
 P_KNOW
    Category > 1   *********  *********  38278.176  *********
 P_RULE_B
    Category > 1   *********      0.000  *********  *********
 P_USE_B
    Category > 1       0.000      0.000      0.000      0.000

Latent Class 2 Compared to Latent Class 3

 P_RULE_S
    Category > 1   *********      0.000  *********  *********
 P_USE_SM
    Category > 1       1.000      0.000      1.000      1.000
 P_KNOW
    Category > 1   *********      0.000  *********  *********
 P_RULE_B
    Category > 1       1.082      1.066      0.157      7.454
 P_USE_B
    Category > 1       3.094      5.790      0.079    121.261

Latent Class 2 Compared to Latent Class 4

 P_RULE_S
    Category > 1   *********      0.000  *********  *********
 P_USE_SM
    Category > 1       0.000      0.000      0.000      0.000
 P_KNOW
    Category > 1       1.000      0.000      1.000      1.000
 P_RULE_B
    Category > 1     207.634    496.312      1.917  22489.643
 P_USE_B
    Category > 1      14.588     27.254      0.375    567.919

Latent Class 2 Compared to Latent Class 5

 P_RULE_S
    Category > 1   *********      0.000  *********  *********
 P_USE_SM
    Category > 1       1.000      0.000      1.000      1.000
 P_KNOW
    Category > 1   *********      0.000  *********  *********
 P_RULE_B
    Category > 1   *********      0.000  *********  *********
 P_USE_B
    Category > 1      36.701     67.914      0.976   1379.806

Latent Class 3 Compared to Latent Class 4

 P_RULE_S
    Category > 1   *********      0.000  *********  *********
 P_USE_SM
    Category > 1       0.000      0.000      0.000      0.000
 P_KNOW
    Category > 1       0.000      0.000      0.000      0.000
 P_RULE_B
    Category > 1     191.839    430.840      2.351  15654.505
 P_USE_B
    Category > 1       4.716      0.864      3.292      6.754

Latent Class 3 Compared to Latent Class 5

 P_RULE_S
    Category > 1      51.205     67.271      3.900    672.360
 P_USE_SM
    Category > 1       1.000      0.000      1.000      1.000
 P_KNOW
    Category > 1   *********  *********  21825.168  *********
 P_RULE_B
    Category > 1   *********      0.000  *********  *********
 P_USE_B
    Category > 1      11.864      1.859      8.727     16.128

Latent Class 4 Compared to Latent Class 5

 P_RULE_S
    Category > 1       0.000      0.000      0.000      0.000
 P_USE_SM
    Category > 1   11746.484      0.000  11746.484  11746.484
 P_KNOW
    Category > 1   *********      0.000  *********  *********
 P_RULE_B
    Category > 1   33806.316      0.000  33806.316  33806.316
 P_USE_B
    Category > 1       2.516      0.369      1.888      3.353


TECHNICAL 11 OUTPUT

     Random Starts Specifications for the k-1 Class Analysis Model
        Number of initial stage random starts                1000
        Number of final stage optimizations                   200



     VUONG-LO-MENDELL-RUBIN LIKELIHOOD RATIO TEST FOR 4 (H0) VERSUS 5 CLASSES

          H0 Loglikelihood Value                       -11198.178
          2 Times the Loglikelihood Difference              3.065
          Difference in the Number of Parameters                6
          Mean                                              4.328
          Standard Deviation                                7.477
          P-Value                                          0.5638

     LO-MENDELL-RUBIN ADJUSTED LRT TEST

          Value                                             3.009
          P-Value                                          0.5673


PLOT INFORMATION

The following plots are available:

  Histograms (sample values)
  Scatterplots (sample values)
  Sample proportions and estimated probabilities

     Beginning Time:  21:57:29
        Ending Time:  21:57:43
       Elapsed Time:  00:00:14


Mplus VERSION 8.11 DEMO has the following limitations:
  Maximum number of dependent variables: 6
  Maximum number of independent variables: 2
  Maximum number of between variables: 2
  Maximum number of continuous latent variables in time series analysis: 2


MUTHEN & MUTHEN
3463 Stoner Ave.
Los Angeles, CA  90066

Tel: (310) 391-9971
Fax: (310) 391-8971
Web: www.StatModel.com
Support: Support@StatModel.com

Copyright (c) 1998-2024 Muthen & Muthen
