Mplus VERSION 8.11 DEMO
MUTHEN & MUTHEN
12/16/2025  10:21 PM

INPUT INSTRUCTIONS

  TITLE:
  Class 4
  DATA:
  FILE = "C:/Users/chens/Desktop/useme_lca/mplus_lca_ecig/lca_ecig.dat";
  VARIABLE:
  NAMES = caseid p_rule_ec p_use_ec p_know p_rule_b p_use_b c_try_ec dem_gen dem_age
       dem_inc dem_hisp weight;
   MISSING=.;
   categorical = p_rule_ec p_use_ec p_know p_rule_b p_use_b;
  usevar = p_rule_ec p_use_ec p_know p_rule_b p_use_b;
  classes = c(4);
  ANALYSIS:
  estimator = mlr;
      type = mixture;
      starts = 1000 200;
      processors = 10;
  OUTPUT:
  tech11 tech14;
  PLOT:
  type = plot3;
       series = p_rule_ec p_use_ec p_know p_rule_b p_use_b(*);



*** WARNING in VARIABLE command
  Note that only the first 8 characters of variable names are used in the output.
  Shorten variable names to avoid any confusion.
*** WARNING in PLOT command
  Note that only the first 8 characters of variable names are used in plots.
  If variable names are not unique within the first 8 characters, problems
  may occur.
   2 WARNING(S) FOUND IN THE INPUT INSTRUCTIONS




Class 4

SUMMARY OF ANALYSIS

Number of groups                                                 1
Number of observations                                        7301

Number of dependent variables                                    5
Number of independent variables                                  0
Number of continuous latent variables                            0
Number of categorical latent variables                           1

Observed dependent variables

  Binary and ordered categorical (ordinal)
   P_RULE_E    P_USE_EC    P_KNOW      P_RULE_B    P_USE_B

Categorical latent variables
   C


Estimator                                                      MLR
Information matrix                                        OBSERVED
Optimization Specifications for the Quasi-Newton Algorithm for
Continuous Outcomes
  Maximum number of iterations                                 100
  Convergence criterion                                  0.100D-05
Optimization Specifications for the EM Algorithm
  Maximum number of iterations                                 500
  Convergence criteria
    Loglikelihood change                                 0.100D-06
    Relative loglikelihood change                        0.100D-06
    Derivative                                           0.100D-05
Optimization Specifications for the M step of the EM Algorithm for
Categorical Latent variables
  Number of M step iterations                                    1
  M step convergence criterion                           0.100D-05
  Basis for M step termination                           ITERATION
Optimization Specifications for the M step of the EM Algorithm for
Censored, Binary or Ordered Categorical (Ordinal), Unordered
Categorical (Nominal) and Count Outcomes
  Number of M step iterations                                    1
  M step convergence criterion                           0.100D-05
  Basis for M step termination                           ITERATION
  Maximum value for logit thresholds                            15
  Minimum value for logit thresholds                           -15
  Minimum expected cell size for chi-square              0.100D-01
Maximum number of iterations for H1                           2000
Convergence criterion for H1                             0.100D-03
Optimization algorithm                                         EMA
Random Starts Specifications
  Number of initial stage random starts                       1000
  Number of final stage optimizations                          200
  Number of initial stage iterations                            10
  Initial stage convergence criterion                    0.100D+01
  Random starts scale                                    0.500D+01
  Random seed for generating random starts                       0
Link                                                         LOGIT

Input data file(s)
  C:/Users/chens/Desktop/useme_lca/mplus_lca_ecig/lca_ecig.dat
Input data format  FREE


SUMMARY OF DATA

     Number of missing data patterns             5
     Number of y missing data patterns           0
     Number of u missing data patterns           5


COVARIANCE COVERAGE OF DATA

Minimum covariance coverage value   0.100


     PROPORTION OF DATA PRESENT FOR U


           Covariance Coverage
              P_RULE_E      P_USE_EC      P_KNOW        P_RULE_B      P_USE_B
              ________      ________      ________      ________      ________
 P_RULE_E       0.996
 P_USE_EC       0.996         1.000
 P_KNOW         0.986         0.990         0.990
 P_RULE_B       0.996         0.996         0.986         0.996
 P_USE_B        0.996         1.000         0.990         0.996         1.000


UNIVARIATE PROPORTIONS AND COUNTS FOR CATEGORICAL VARIABLES

    P_RULE_E
      Category 1    0.827         6017.000
      Category 2    0.173         1255.000
    P_USE_EC
      Category 1    0.963         7033.000
      Category 2    0.037          268.000
    P_KNOW
      Category 1    0.888         6419.000
      Category 2    0.112          806.000
    P_RULE_B
      Category 1    0.871         6334.000
      Category 2    0.129          939.000
    P_USE_B
      Category 1    0.840         6134.000
      Category 2    0.160         1167.000


RANDOM STARTS RESULTS RANKED FROM THE BEST TO THE WORST LOGLIKELIHOOD VALUES

Final stage loglikelihood values at local maxima, seeds, and initial stage start numbers:

          -11349.814  422103           62
          -11349.814  49221            254
          -11349.814  318177           748
          -11349.814  900921           984
          -11349.814  291112           645
          -11349.814  648555           113
          -11349.814  424223           900
          -11349.814  326091           759
          -11349.814  94610            884
          -11349.814  575700           100
          -11349.814  377504           294
          -11349.814  616917           261
          -11349.814  670281           721
          -11349.814  85734            411
          -11349.814  153942           31
          -11349.814  535804           111
          -11349.814  158612           581
          -11349.814  443442           380
          -11349.814  650371           14
          -11349.814  370466           41
          -11349.815  85462            51
          -11349.815  155622           507
          -11349.815  829540           324
          -11349.815  414284           158
          -11349.815  375590           438
          -11349.815  170954           86
          -11349.815  17896            592
          -11349.815  961454           665
          -11349.816  602032           648
          -11349.816  484501           163
          -11349.816  204959           695
          -11349.816  471398           74
          -11349.816  499150           216
          -11349.816  207896           25
          -11349.816  576220           115
          -11349.816  915642           40
          -11349.816  645052           910
          -11349.816  978061           488
          -11349.816  951709           348
          -11349.816  667250           318
          -11349.816  561664           392
          -11349.816  329127           185
          -11349.816  392418           28
          -11349.816  850840           232
          -11349.816  432148           30
          -11349.816  366706           29
          -11349.816  772131           407
          -11353.458  761633           50

152 perturbed starting value run(s) did not converge or were rejected in the third stage.



THE BEST LOGLIKELIHOOD VALUE HAS BEEN REPLICATED.  RERUN WITH AT LEAST TWICE THE
RANDOM STARTS TO CHECK THAT THE BEST LOGLIKELIHOOD IS STILL OBTAINED AND REPLICATED.

     IN THE OPTIMIZATION, ONE OR MORE LOGIT THRESHOLDS APPROACHED EXTREME VALUES
     OF -15.000 AND 15.000 AND WERE FIXED TO STABILIZE MODEL ESTIMATION.  THESE
     VALUES IMPLY PROBABILITIES OF 0 AND 1.  IN THE MODEL RESULTS SECTION, THESE
     PARAMETERS HAVE 0 STANDARD ERRORS AND 999 IN THE Z-SCORE AND P-VALUE COLUMNS.




THE MODEL ESTIMATION TERMINATED NORMALLY



MODEL FIT INFORMATION

Number of Free Parameters                       23

Loglikelihood

          H0 Value                      -11349.814
          H0 Scaling Correction Factor      0.9997
            for MLR

Information Criteria

          Akaike (AIC)                   22745.628
          Bayesian (BIC)                 22904.231
          Sample-Size Adjusted BIC       22831.142
            (n* = (n + 2) / 24)

Chi-Square Test of Model Fit for the Binary and Ordered Categorical
(Ordinal) Outcomes

          Pearson Chi-Square

          Value                              9.154
          Degrees of Freedom                     8
          P-Value                           0.3295

          Likelihood Ratio Chi-Square

          Value                              8.247
          Degrees of Freedom                     8
          P-Value                           0.4097

Chi-Square Test for MCAR under the Unrestricted Latent Class Indicator Model

          Pearson Chi-Square

          Value                             20.271
          Degrees of Freedom                    52
          P-Value                           1.0000

          Likelihood Ratio Chi-Square

          Value                             25.153
          Degrees of Freedom                    52
          P-Value                           0.9994



FINAL CLASS COUNTS AND PROPORTIONS FOR THE LATENT CLASSES
BASED ON THE ESTIMATED MODEL

    Latent
   Classes

       1        342.03368          0.04685
       2        861.80273          0.11804
       3       5332.13237          0.73033
       4        765.03122          0.10478


FINAL CLASS COUNTS AND PROPORTIONS FOR THE LATENT CLASSES
BASED ON ESTIMATED POSTERIOR PROBABILITIES

    Latent
   Classes

       1        342.03368          0.04685
       2        861.80273          0.11804
       3       5332.13237          0.73033
       4        765.03122          0.10478


FINAL CLASS COUNTS AND PROPORTIONS FOR THE LATENT CLASSES
BASED ON THEIR MOST LIKELY LATENT CLASS MEMBERSHIP

Class Counts and Proportions

    Latent
   Classes

       1              222          0.03041
       2              887          0.12149
       3             5478          0.75031
       4              714          0.09779


CLASSIFICATION QUALITY

     Entropy                         0.942


Average Latent Class Probabilities for Most Likely Latent Class Membership (Row)
by Latent Class (Column)

           1        2        3        4

    1   0.993    0.000    0.007    0.000
    2   0.030    0.970    0.000    0.000
    3   0.017    0.000    0.973    0.009
    4   0.000    0.000    0.000    1.000


Classification Probabilities for the Most Likely Latent Class Membership (Column)
by Latent Class (Row)

           1        2        3        4

    1   0.645    0.079    0.276    0.000
    2   0.000    0.998    0.002    0.000
    3   0.000    0.000    1.000    0.000
    4   0.000    0.000    0.067    0.933


Logits for the Classification Probabilities for the Most Likely Latent Class Membership (Column)
by Latent Class (Row)

              1        2        3        4

    1     13.377   11.278   12.529    0.000
    2      0.000   13.813    7.668    0.000
    3      5.607    0.000   13.815    0.000
    4    -13.746  -13.746   -2.638    0.000


MODEL RESULTS

                                                    Two-Tailed
                    Estimate       S.E.  Est./S.E.    P-Value

Latent Class 1

 Thresholds
    P_RULE_E$1        -3.838      1.002     -3.830      0.000
    P_USE_EC$1        -0.644      1.540     -0.418      0.676
    P_KNOW$1           1.526      0.179      8.522      0.000
    P_RULE_B$1         1.200      0.161      7.445      0.000
    P_USE_B$1         15.000      0.000    999.000    999.000

Latent Class 2

 Thresholds
    P_RULE_E$1        -0.815      0.098     -8.288      0.000
    P_USE_EC$1        15.000      0.000    999.000    999.000
    P_KNOW$1           1.886      0.104     18.175      0.000
    P_RULE_B$1       -15.000      0.000    999.000    999.000
    P_USE_B$1         -0.103      0.122     -0.844      0.399

Latent Class 3

 Thresholds
    P_RULE_E$1         3.384      0.398      8.495      0.000
    P_USE_EC$1         4.796      0.219     21.878      0.000
    P_KNOW$1           2.267      0.142     15.925      0.000
    P_RULE_B$1        15.000      0.000    999.000    999.000
    P_USE_B$1         15.000      0.000    999.000    999.000

Latent Class 4

 Thresholds
    P_RULE_E$1         1.402      0.094     14.910      0.000
    P_USE_EC$1        15.000      0.000    999.000    999.000
    P_KNOW$1           1.501      0.097     15.422      0.000
    P_RULE_B$1        15.000      0.000    999.000    999.000
    P_USE_B$1         -2.638     16.080     -0.164      0.870

Categorical Latent Variables

 Means
    C#1               -0.805      1.559     -0.517      0.605
    C#2                0.119      1.033      0.115      0.908
    C#3                1.942      1.204      1.612      0.107


QUALITY OF NUMERICAL RESULTS

     Condition Number for the Information Matrix              0.197E-05
       (ratio of smallest to largest eigenvalue)


RESULTS IN PROBABILITY SCALE

                                                    Two-Tailed
                    Estimate       S.E.  Est./S.E.    P-Value

Latent Class 1

 P_RULE_EC
    Category 1         0.021      0.021      1.019      0.308
    Category 2         0.979      0.021     47.346      0.000
 P_USE_EC
    Category 1         0.344      0.348      0.991      0.322
    Category 2         0.656      0.348      1.887      0.059
 P_KNOW
    Category 1         0.821      0.026     31.272      0.000
    Category 2         0.179      0.026      6.797      0.000
 P_RULE_B
    Category 1         0.769      0.029     26.803      0.000
    Category 2         0.231      0.029      8.071      0.000
 P_USE_B
    Category 1         1.000      0.000      0.000      1.000
    Category 2         0.000      0.000      0.000      1.000

Latent Class 2

 P_RULE_EC
    Category 1         0.307      0.021     14.660      0.000
    Category 2         0.693      0.021     33.136      0.000
 P_USE_EC
    Category 1         1.000      0.000      0.000      1.000
    Category 2         0.000      0.000      0.000      1.000
 P_KNOW
    Category 1         0.868      0.012     73.179      0.000
    Category 2         0.132      0.012     11.097      0.000
 P_RULE_B
    Category 1         0.000      0.000      0.000      1.000
    Category 2         1.000      0.000      0.000      1.000
 P_USE_B
    Category 1         0.474      0.030     15.633      0.000
    Category 2         0.526      0.030     17.324      0.000

Latent Class 3

 P_RULE_EC
    Category 1         0.967      0.013     76.510      0.000
    Category 2         0.033      0.013      2.596      0.009
 P_USE_EC
    Category 1         0.992      0.002    556.427      0.000
    Category 2         0.008      0.002      4.600      0.000
 P_KNOW
    Category 1         0.906      0.012     74.818      0.000
    Category 2         0.094      0.012      7.752      0.000
 P_RULE_B
    Category 1         1.000      0.000      0.000      1.000
    Category 2         0.000      0.000      0.000      1.000
 P_USE_B
    Category 1         1.000      0.000      0.000      1.000
    Category 2         0.000      0.000      0.000      1.000

Latent Class 4

 P_RULE_EC
    Category 1         0.803      0.015     53.847      0.000
    Category 2         0.197      0.015     13.252      0.000
 P_USE_EC
    Category 1         1.000      0.000      0.000      1.000
    Category 2         0.000      0.000      0.000      1.000
 P_KNOW
    Category 1         0.818      0.015     56.373      0.000
    Category 2         0.182      0.015     12.560      0.000
 P_RULE_B
    Category 1         1.000      0.000      0.000      1.000
    Category 2         0.000      0.000      0.000      1.000
 P_USE_B
    Category 1         0.067      1.001      0.067      0.947
    Category 2         0.933      1.001      0.932      0.351


LATENT CLASS INDICATOR ODDS RATIOS FOR THE LATENT CLASSES

                                                95% C.I.
                    Estimate       S.E.  Lower 2.5% Upper 2.5%

Latent Class 1 Compared to Latent Class 2

 P_RULE_E
    Category > 1      20.547     20.822      2.819    149.746
 P_USE_EC
    Category > 1   *********      0.000  *********  *********
 P_KNOW
    Category > 1       1.433      0.302      0.948      2.167
 P_RULE_B
    Category > 1       0.000      0.000      0.000      0.000
 P_USE_B
    Category > 1       0.000      0.000      0.000      0.000

Latent Class 1 Compared to Latent Class 3

 P_RULE_E
    Category > 1    1368.869   1495.452    160.854  11649.115
 P_USE_EC
    Category > 1     230.403    333.950     13.450   3946.906
 P_KNOW
    Category > 1       2.098      0.479      1.341      3.281
 P_RULE_B
    Category > 1   *********      0.000  *********  *********
 P_USE_B
    Category > 1       1.000      0.000      1.000      1.000

Latent Class 1 Compared to Latent Class 4

 P_RULE_E
    Category > 1     188.715    189.939     26.246   1356.894
 P_USE_EC
    Category > 1   *********      0.000  *********  *********
 P_KNOW
    Category > 1       0.975      0.199      0.654      1.455
 P_RULE_B
    Category > 1   *********      0.000  *********  *********
 P_USE_B
    Category > 1       0.000      0.000      0.000      0.000

Latent Class 2 Compared to Latent Class 3

 P_RULE_E
    Category > 1      66.620     26.513     30.538    145.334
 P_USE_EC
    Category > 1       0.000      0.000      0.000      0.000
 P_KNOW
    Category > 1       1.464      0.266      1.024      2.091
 P_RULE_B
    Category > 1   *********      0.000  *********  *********
 P_USE_B
    Category > 1   *********      0.000  *********  *********

Latent Class 2 Compared to Latent Class 4

 P_RULE_E
    Category > 1       9.184      1.237      7.053     11.960
 P_USE_EC
    Category > 1       1.000      0.000      1.000      1.000
 P_KNOW
    Category > 1       0.681      0.097      0.515      0.899
 P_RULE_B
    Category > 1   *********      0.000  *********  *********
 P_USE_B
    Category > 1       0.079      1.267      0.000  *********

Latent Class 3 Compared to Latent Class 4

 P_RULE_E
    Category > 1       0.138      0.057      0.062      0.308
 P_USE_EC
    Category > 1   27024.322      0.000  27024.322  27024.322
 P_KNOW
    Category > 1       0.465      0.080      0.331      0.653
 P_RULE_B
    Category > 1       1.000      0.000      1.000      1.000
 P_USE_B
    Category > 1       0.000      0.000      0.000      0.000


TECHNICAL 11 OUTPUT

     Random Starts Specifications for the k-1 Class Analysis Model
        Number of initial stage random starts                1000
        Number of final stage optimizations                   200



     VUONG-LO-MENDELL-RUBIN LIKELIHOOD RATIO TEST FOR 3 (H0) VERSUS 4 CLASSES

          H0 Loglikelihood Value                       -11371.530
          2 Times the Loglikelihood Difference             43.431
          Difference in the Number of Parameters                6
          Mean                                              1.109
          Standard Deviation                                2.659
          P-Value                                          0.0000

     LO-MENDELL-RUBIN ADJUSTED LRT TEST

          Value                                            42.632
          P-Value                                          0.0000


TECHNICAL 14 OUTPUT

     Random Starts Specifications for the k-1 Class Analysis Model
        Number of initial stage random starts                1000
        Number of final stage optimizations                   200

     Random Starts Specification for the k-1 Class Model for Generated Data
        Number of initial stage random starts                   0
        Number of final stage optimizations for the
           initial stage random starts                          0
     Random Starts Specification for the k Class Model for Generated Data
        Number of initial stage random starts                  40
        Number of final stage optimizations                     8
     Number of bootstrap draws requested                   Varies


     PARAMETRIC BOOTSTRAPPED LIKELIHOOD RATIO TEST FOR 3 (H0) VERSUS 4 CLASSES

          H0 Loglikelihood Value                       -11371.530
          2 Times the Loglikelihood Difference             43.431
          Difference in the Number of Parameters                6
          Approximate P-Value                              0.0000
          Successful Bootstrap Draws                            5

     WARNING:  OF THE 5 BOOTSTRAP DRAWS, 4 DRAWS HAD BOTH A SMALLER LRT VALUE THAN THE
     OBSERVED LRT VALUE AND NOT A REPLICATED BEST LOGLIKELIHOOD VALUE FOR THE 4-CLASS MODEL.
     THIS MEANS THAT THE P-VALUE MAY NOT BE TRUSTWORTHY DUE TO LOCAL MAXIMA.
     INCREASE THE NUMBER OF RANDOM STARTS USING THE LRTSTARTS OPTION.



PLOT INFORMATION

The following plots are available:

  Histograms (sample values)
  Scatterplots (sample values)
  Sample proportions and estimated probabilities

     Beginning Time:  22:21:38
        Ending Time:  22:21:53
       Elapsed Time:  00:00:15


Mplus VERSION 8.11 DEMO has the following limitations:
  Maximum number of dependent variables: 6
  Maximum number of independent variables: 2
  Maximum number of between variables: 2
  Maximum number of continuous latent variables in time series analysis: 2


MUTHEN & MUTHEN
3463 Stoner Ave.
Los Angeles, CA  90066

Tel: (310) 391-9971
Fax: (310) 391-8971
Web: www.StatModel.com
Support: Support@StatModel.com

Copyright (c) 1998-2024 Muthen & Muthen
