Mplus VERSION 8.11 DEMO
MUTHEN & MUTHEN
12/16/2025  10:21 PM

INPUT INSTRUCTIONS

  TITLE:
  Class 5
  DATA:
  FILE = "C:/Users/chens/Desktop/useme_lca/mplus_lca_ecig/lca_ecig.dat";
  VARIABLE:
  NAMES = caseid p_rule_ec p_use_ec p_know p_rule_b p_use_b c_try_ec dem_gen dem_age
       dem_inc dem_hisp weight;
   MISSING=.;
   categorical = p_rule_ec p_use_ec p_know p_rule_b p_use_b;
  usevar = p_rule_ec p_use_ec p_know p_rule_b p_use_b;
  classes = c(5);
  ANALYSIS:
  estimator = mlr;
      type = mixture;
      starts = 1000 200;
      processors = 10;
  OUTPUT:
  tech11 tech14;
  PLOT:
  type = plot3;
       series = p_rule_ec p_use_ec p_know p_rule_b p_use_b(*);



*** WARNING in VARIABLE command
  Note that only the first 8 characters of variable names are used in the output.
  Shorten variable names to avoid any confusion.
*** WARNING in PLOT command
  Note that only the first 8 characters of variable names are used in plots.
  If variable names are not unique within the first 8 characters, problems
  may occur.
   2 WARNING(S) FOUND IN THE INPUT INSTRUCTIONS




Class 5

SUMMARY OF ANALYSIS

Number of groups                                                 1
Number of observations                                        7301

Number of dependent variables                                    5
Number of independent variables                                  0
Number of continuous latent variables                            0
Number of categorical latent variables                           1

Observed dependent variables

  Binary and ordered categorical (ordinal)
   P_RULE_E    P_USE_EC    P_KNOW      P_RULE_B    P_USE_B

Categorical latent variables
   C


Estimator                                                      MLR
Information matrix                                        OBSERVED
Optimization Specifications for the Quasi-Newton Algorithm for
Continuous Outcomes
  Maximum number of iterations                                 100
  Convergence criterion                                  0.100D-05
Optimization Specifications for the EM Algorithm
  Maximum number of iterations                                 500
  Convergence criteria
    Loglikelihood change                                 0.100D-06
    Relative loglikelihood change                        0.100D-06
    Derivative                                           0.100D-05
Optimization Specifications for the M step of the EM Algorithm for
Categorical Latent variables
  Number of M step iterations                                    1
  M step convergence criterion                           0.100D-05
  Basis for M step termination                           ITERATION
Optimization Specifications for the M step of the EM Algorithm for
Censored, Binary or Ordered Categorical (Ordinal), Unordered
Categorical (Nominal) and Count Outcomes
  Number of M step iterations                                    1
  M step convergence criterion                           0.100D-05
  Basis for M step termination                           ITERATION
  Maximum value for logit thresholds                            15
  Minimum value for logit thresholds                           -15
  Minimum expected cell size for chi-square              0.100D-01
Maximum number of iterations for H1                           2000
Convergence criterion for H1                             0.100D-03
Optimization algorithm                                         EMA
Random Starts Specifications
  Number of initial stage random starts                       1000
  Number of final stage optimizations                          200
  Number of initial stage iterations                            10
  Initial stage convergence criterion                    0.100D+01
  Random starts scale                                    0.500D+01
  Random seed for generating random starts                       0
Link                                                         LOGIT

Input data file(s)
  C:/Users/chens/Desktop/useme_lca/mplus_lca_ecig/lca_ecig.dat
Input data format  FREE


SUMMARY OF DATA

     Number of missing data patterns             5
     Number of y missing data patterns           0
     Number of u missing data patterns           5


COVARIANCE COVERAGE OF DATA

Minimum covariance coverage value   0.100


     PROPORTION OF DATA PRESENT FOR U


           Covariance Coverage
              P_RULE_E      P_USE_EC      P_KNOW        P_RULE_B      P_USE_B
              ________      ________      ________      ________      ________
 P_RULE_E       0.996
 P_USE_EC       0.996         1.000
 P_KNOW         0.986         0.990         0.990
 P_RULE_B       0.996         0.996         0.986         0.996
 P_USE_B        0.996         1.000         0.990         0.996         1.000


UNIVARIATE PROPORTIONS AND COUNTS FOR CATEGORICAL VARIABLES

    P_RULE_E
      Category 1    0.827         6017.000
      Category 2    0.173         1255.000
    P_USE_EC
      Category 1    0.963         7033.000
      Category 2    0.037          268.000
    P_KNOW
      Category 1    0.888         6419.000
      Category 2    0.112          806.000
    P_RULE_B
      Category 1    0.871         6334.000
      Category 2    0.129          939.000
    P_USE_B
      Category 1    0.840         6134.000
      Category 2    0.160         1167.000


RANDOM STARTS RESULTS RANKED FROM THE BEST TO THE WORST LOGLIKELIHOOD VALUES

Final stage loglikelihood values at local maxima, seeds, and initial stage start numbers:

          -11346.719  610181           711
          -11348.314  931874           141
          -11348.314  478341           731
          -11348.314  486622           522
          -11348.314  97158            205
          -11348.314  476498           179
          -11348.314  869564           869
          -11348.315  953843           651
          -11348.431  860102           495
          -11348.431  471398           74
          -11348.431  967902           52
          -11348.431  787985           482
          -11348.434  466971           109
          -11348.434  180889           920
          -11348.443  434915           552
          -11348.532  65651            214
          -11348.532  85462            51
          -11348.532  736574           414
          -11348.532  87586            871
          -11348.532  46437            153
          -11348.534  21132            351
          -11348.564  964570           701
          -11348.646  190339           102
          -11348.700  732596           320
          -11348.746  247912           537
          -11348.753  784664           75
          -11348.766  391179           78
          -11349.137  830392           35
          -11349.137  320494           465
          -11349.137  863094           147
          -11349.137  378393           509
          -11349.180  246575           291
          -11349.180  569131           26
          -11349.188  797594           234
          -11349.188  939870           655
          -11349.188  407108           366
          -11349.252  561664           392
          -11349.300  373702           669
          -11349.310  392418           28
          -11349.311  318230           46
          -11349.315  645664           39
          -11349.477  405079           68
          -11349.477  606576           151
          -11349.556  366706           29
          -11349.582  544048           87
          -11349.589  170954           86
          -11349.597  915107           54
          -11350.031  576596           99

152 perturbed starting value run(s) did not converge or were rejected in the third stage.



     WARNING:  THE BEST LOGLIKELIHOOD VALUE WAS NOT REPLICATED.  THE
     SOLUTION MAY NOT BE TRUSTWORTHY DUE TO LOCAL MAXIMA.  INCREASE THE
     NUMBER OF RANDOM STARTS.

     IN THE OPTIMIZATION, ONE OR MORE LOGIT THRESHOLDS APPROACHED EXTREME VALUES
     OF -15.000 AND 15.000 AND WERE FIXED TO STABILIZE MODEL ESTIMATION.  THESE
     VALUES IMPLY PROBABILITIES OF 0 AND 1.  IN THE MODEL RESULTS SECTION, THESE
     PARAMETERS HAVE 0 STANDARD ERRORS AND 999 IN THE Z-SCORE AND P-VALUE COLUMNS.




THE MODEL ESTIMATION TERMINATED NORMALLY



MODEL FIT INFORMATION

Number of Free Parameters                       29

Loglikelihood

          H0 Value                      -11346.719
          H0 Scaling Correction Factor      1.0001
            for MLR

Information Criteria

          Akaike (AIC)                   22751.438
          Bayesian (BIC)                 22951.416
          Sample-Size Adjusted BIC       22859.260
            (n* = (n + 2) / 24)

Chi-Square Test of Model Fit for the Binary and Ordered Categorical
(Ordinal) Outcomes

          Pearson Chi-Square

          Value                              1.986
          Degrees of Freedom                     2
          P-Value                           0.3704

          Likelihood Ratio Chi-Square

          Value                              2.057
          Degrees of Freedom                     2
          P-Value                           0.3575

Chi-Square Test for MCAR under the Unrestricted Latent Class Indicator Model

          Pearson Chi-Square

          Value                             20.271
          Degrees of Freedom                    52
          P-Value                           1.0000

          Likelihood Ratio Chi-Square

          Value                             25.153
          Degrees of Freedom                    52
          P-Value                           0.9994



FINAL CLASS COUNTS AND PROPORTIONS FOR THE LATENT CLASSES
BASED ON THE ESTIMATED MODEL

    Latent
   Classes

       1        290.82785          0.03983
       2        865.75763          0.11858
       3         41.97988          0.00575
       4       1661.20929          0.22753
       5       4441.22536          0.60830


FINAL CLASS COUNTS AND PROPORTIONS FOR THE LATENT CLASSES
BASED ON ESTIMATED POSTERIOR PROBABILITIES

    Latent
   Classes

       1        290.82785          0.03983
       2        865.75763          0.11858
       3         41.97988          0.00575
       4       1661.20929          0.22753
       5       4441.22536          0.60830


FINAL CLASS COUNTS AND PROPORTIONS FOR THE LATENT CLASSES
BASED ON THEIR MOST LIKELY LATENT CLASS MEMBERSHIP

Class Counts and Proportions

    Latent
   Classes

       1              183          0.02507
       2              887          0.12149
       3               39          0.00534
       4              985          0.13491
       5             5207          0.71319


CLASSIFICATION QUALITY

     Entropy                         0.798


Average Latent Class Probabilities for Most Likely Latent Class Membership (Row)
by Latent Class (Column)

           1        2        3        4        5

    1   0.997    0.000    0.003    0.000    0.000
    2   0.026    0.974    0.000    0.000    0.000
    3   0.000    0.000    1.000    0.000    0.000
    4   0.086    0.000    0.000    0.914    0.000
    5   0.000    0.000    0.000    0.146    0.853


Classification Probabilities for the Most Likely Latent Class Membership (Column)
by Latent Class (Row)

           1        2        3        4        5

    1   0.627    0.079    0.000    0.291    0.002
    2   0.000    0.998    0.000    0.000    0.002
    3   0.013    0.000    0.929    0.000    0.058
    4   0.000    0.000    0.000    0.542    0.458
    5   0.000    0.000    0.000    0.000    1.000


Logits for the Classification Probabilities for the Most Likely Latent Class Membership (Column)
by Latent Class (Row)

              1        2        3        4        5

    1      5.848    3.781   -7.501    5.081    0.000
    2     -7.672    6.142   -7.672   -7.672    0.000
    3     -1.488  -10.967    2.775  -10.967    0.000
    4    -13.035  -13.035  -13.035    0.168    0.000
    5    -13.816  -13.816  -13.816  -13.816    0.000


MODEL RESULTS

                                                    Two-Tailed
                    Estimate       S.E.  Est./S.E.    P-Value

Latent Class 1

 Thresholds
    P_RULE_E$1       -15.000      0.000    999.000    999.000
    P_USE_EC$1        -0.521      0.391     -1.332      0.183
    P_KNOW$1          15.000      0.000    999.000    999.000
    P_RULE_B$1         1.307      0.180      7.248      0.000
    P_USE_B$1         15.000      0.000    999.000    999.000

Latent Class 2

 Thresholds
    P_RULE_E$1        -0.819      0.076    -10.790      0.000
    P_USE_EC$1        15.000      0.000    999.000    999.000
    P_KNOW$1           1.847      0.101     18.305      0.000
    P_RULE_B$1       -15.000      0.000    999.000    999.000
    P_USE_B$1         -0.093      0.073     -1.275      0.202

Latent Class 3

 Thresholds
    P_RULE_E$1        -2.419      0.746     -3.244      0.001
    P_USE_EC$1       -15.000      0.000    999.000    999.000
    P_KNOW$1         -15.000      0.000    999.000    999.000
    P_RULE_B$1         0.775      0.340      2.279      0.023
    P_USE_B$1         15.000      0.000    999.000    999.000

Latent Class 4

 Thresholds
    P_RULE_E$1         1.402      0.094     14.923      0.000
    P_USE_EC$1        15.000      0.000    999.000    999.000
    P_KNOW$1           1.500      0.096     15.550      0.000
    P_RULE_B$1        15.000      0.000    999.000    999.000
    P_USE_B$1          0.283      0.201      1.403      0.161

Latent Class 5

 Thresholds
    P_RULE_E$1        15.000      0.000    999.000    999.000
    P_USE_EC$1         4.614      0.161     28.738      0.000
    P_KNOW$1           2.454      0.082     29.805      0.000
    P_RULE_B$1        15.000      0.000    999.000    999.000
    P_USE_B$1         15.000      0.000    999.000    999.000

Categorical Latent Variables

 Means
    C#1               -2.726      0.128    -21.360      0.000
    C#2               -1.635      0.058    -28.186      0.000
    C#3               -4.661      0.165    -28.183      0.000
    C#4               -0.983      0.150     -6.564      0.000


QUALITY OF NUMERICAL RESULTS

     Condition Number for the Information Matrix              0.107E-02
       (ratio of smallest to largest eigenvalue)


RESULTS IN PROBABILITY SCALE

                                                    Two-Tailed
                    Estimate       S.E.  Est./S.E.    P-Value

Latent Class 1

 P_RULE_EC
    Category 1         0.000      0.000      0.000      1.000
    Category 2         1.000      0.000      0.000      1.000
 P_USE_EC
    Category 1         0.373      0.091      4.077      0.000
    Category 2         0.627      0.091      6.864      0.000
 P_KNOW
    Category 1         1.000      0.000      0.000      1.000
    Category 2         0.000      0.000      0.000      1.000
 P_RULE_B
    Category 1         0.787      0.030     26.035      0.000
    Category 2         0.213      0.030      7.049      0.000
 P_USE_B
    Category 1         1.000      0.000      0.000      1.000
    Category 2         0.000      0.000      0.000      1.000

Latent Class 2

 P_RULE_EC
    Category 1         0.306      0.016     18.984      0.000
    Category 2         0.694      0.016     43.059      0.000
 P_USE_EC
    Category 1         1.000      0.000      0.000      1.000
    Category 2         0.000      0.000      0.000      1.000
 P_KNOW
    Category 1         0.864      0.012     72.751      0.000
    Category 2         0.136      0.012     11.473      0.000
 P_RULE_B
    Category 1         0.000      0.000      0.000      1.000
    Category 2         1.000      0.000      0.000      1.000
 P_USE_B
    Category 1         0.477      0.018     26.193      0.000
    Category 2         0.523      0.018     28.747      0.000

Latent Class 3

 P_RULE_EC
    Category 1         0.082      0.056      1.460      0.144
    Category 2         0.918      0.056     16.407      0.000
 P_USE_EC
    Category 1         0.000      0.000      0.000      1.000
    Category 2         1.000      0.000      0.000      1.000
 P_KNOW
    Category 1         0.000      0.000      0.000      1.000
    Category 2         1.000      0.000      0.000      1.000
 P_RULE_B
    Category 1         0.685      0.073      9.323      0.000
    Category 2         0.315      0.073      4.294      0.000
 P_USE_B
    Category 1         1.000      0.000      0.000      1.000
    Category 2         0.000      0.000      0.000      1.000

Latent Class 4

 P_RULE_EC
    Category 1         0.802      0.015     53.895      0.000
    Category 2         0.198      0.015     13.266      0.000
 P_USE_EC
    Category 1         1.000      0.000      0.000      1.000
    Category 2         0.000      0.000      0.000      1.000
 P_KNOW
    Category 1         0.818      0.014     56.826      0.000
    Category 2         0.182      0.014     12.683      0.000
 P_RULE_B
    Category 1         1.000      0.000      0.000      1.000
    Category 2         0.000      0.000      0.000      1.000
 P_USE_B
    Category 1         0.570      0.049     11.547      0.000
    Category 2         0.430      0.049      8.704      0.000

Latent Class 5

 P_RULE_EC
    Category 1         1.000      0.000      0.000      1.000
    Category 2         0.000      0.000      0.000      1.000
 P_USE_EC
    Category 1         0.990      0.002    634.828      0.000
    Category 2         0.010      0.002      6.289      0.000
 P_KNOW
    Category 1         0.921      0.006    153.452      0.000
    Category 2         0.079      0.006     13.190      0.000
 P_RULE_B
    Category 1         1.000      0.000      0.000      1.000
    Category 2         0.000      0.000      0.000      1.000
 P_USE_B
    Category 1         1.000      0.000      0.000      1.000
    Category 2         0.000      0.000      0.000      1.000


LATENT CLASS INDICATOR ODDS RATIOS FOR THE LATENT CLASSES

                                                95% C.I.
                    Estimate       S.E.  Lower 2.5% Upper 2.5%

Latent Class 1 Compared to Latent Class 2

 P_RULE_E
    Category > 1   *********      0.000  *********  *********
 P_USE_EC
    Category > 1   *********      0.000  *********  *********
 P_KNOW
    Category > 1       0.000      0.000      0.000      0.000
 P_RULE_B
    Category > 1       0.000      0.000      0.000      0.000
 P_USE_B
    Category > 1       0.000      0.000      0.000      0.000

Latent Class 1 Compared to Latent Class 3

 P_RULE_E
    Category > 1   *********      0.000  *********  *********
 P_USE_EC
    Category > 1       0.000      0.000      0.000      0.000
 P_KNOW
    Category > 1       0.000      0.000      0.000      0.000
 P_RULE_B
    Category > 1       0.588      0.227      0.276      1.253
 P_USE_B
    Category > 1       1.000      0.000      1.000      1.000

Latent Class 1 Compared to Latent Class 4

 P_RULE_E
    Category > 1   *********      0.000  *********  *********
 P_USE_EC
    Category > 1   *********      0.000  *********  *********
 P_KNOW
    Category > 1       0.000      0.000      0.000      0.000
 P_RULE_B
    Category > 1   *********      0.000  *********  *********
 P_USE_B
    Category > 1       0.000      0.000      0.000      0.000

Latent Class 1 Compared to Latent Class 5

 P_RULE_E
    Category > 1   *********      0.000  *********  *********
 P_USE_EC
    Category > 1     169.925     67.662     77.860    370.852
 P_KNOW
    Category > 1       0.000      0.000      0.000      0.000
 P_RULE_B
    Category > 1   *********      0.000  *********  *********
 P_USE_B
    Category > 1       1.000      0.000      1.000      1.000

Latent Class 2 Compared to Latent Class 3

 P_RULE_E
    Category > 1       0.202      0.151      0.046      0.878
 P_USE_EC
    Category > 1       0.000      0.000      0.000      0.000
 P_KNOW
    Category > 1       0.000      0.000      0.000      0.000
 P_RULE_B
    Category > 1   *********      0.000  *********  *********
 P_USE_B
    Category > 1   *********      0.000  *********  *********

Latent Class 2 Compared to Latent Class 4

 P_RULE_E
    Category > 1       9.215      1.113      7.273     11.676
 P_USE_EC
    Category > 1       1.000      0.000      1.000      1.000
 P_KNOW
    Category > 1       0.707      0.096      0.541      0.923
 P_RULE_B
    Category > 1   *********      0.000  *********  *********
 P_USE_B
    Category > 1       1.456      0.288      0.988      2.146

Latent Class 2 Compared to Latent Class 5

 P_RULE_E
    Category > 1   *********      0.000  *********  *********
 P_USE_EC
    Category > 1       0.000      0.000      0.000      0.000
 P_KNOW
    Category > 1       1.835      0.235      1.428      2.358
 P_RULE_B
    Category > 1   *********      0.000  *********  *********
 P_USE_B
    Category > 1   *********      0.000  *********  *********

Latent Class 3 Compared to Latent Class 4

 P_RULE_E
    Category > 1      45.645     34.210     10.505    198.323
 P_USE_EC
    Category > 1   *********      0.000  *********  *********
 P_KNOW
    Category > 1   *********      0.000  *********  *********
 P_RULE_B
    Category > 1   *********      0.000  *********  *********
 P_USE_B
    Category > 1       0.000      0.000      0.000      0.000

Latent Class 3 Compared to Latent Class 5

 P_RULE_E
    Category > 1   *********      0.000  *********  *********
 P_USE_EC
    Category > 1   *********      0.000  *********  *********
 P_KNOW
    Category > 1   *********      0.000  *********  *********
 P_RULE_B
    Category > 1   *********      0.000  *********  *********
 P_USE_B
    Category > 1       1.000      0.000      1.000      1.000

Latent Class 4 Compared to Latent Class 5

 P_RULE_E
    Category > 1   *********      0.000  *********  *********
 P_USE_EC
    Category > 1       0.000      0.000      0.000      0.000
 P_KNOW
    Category > 1       2.597      0.359      1.980      3.406
 P_RULE_B
    Category > 1       1.000      0.000      1.000      1.000
 P_USE_B
    Category > 1   *********      0.000  *********  *********


TECHNICAL 11 OUTPUT

     Random Starts Specifications for the k-1 Class Analysis Model
        Number of initial stage random starts                1000
        Number of final stage optimizations                   200



     VUONG-LO-MENDELL-RUBIN LIKELIHOOD RATIO TEST FOR 4 (H0) VERSUS 5 CLASSES

          H0 Loglikelihood Value                       -11349.814
          2 Times the Loglikelihood Difference              6.190
          Difference in the Number of Parameters                6
          Mean                                             -0.070
          Standard Deviation                                2.489
          P-Value                                          0.0131

     LO-MENDELL-RUBIN ADJUSTED LRT TEST

          Value                                             6.076
          P-Value                                          0.0140


TECHNICAL 14 OUTPUT

     Random Starts Specifications for the k-1 Class Analysis Model
        Number of initial stage random starts                1000
        Number of final stage optimizations                   200

     Random Starts Specification for the k-1 Class Model for Generated Data
        Number of initial stage random starts                   0
        Number of final stage optimizations for the
           initial stage random starts                          0
     Random Starts Specification for the k Class Model for Generated Data
        Number of initial stage random starts                  40
        Number of final stage optimizations                     8
     Number of bootstrap draws requested                   Varies


     PARAMETRIC BOOTSTRAPPED LIKELIHOOD RATIO TEST FOR 4 (H0) VERSUS 5 CLASSES

          H0 Loglikelihood Value                       -11349.814
          2 Times the Loglikelihood Difference              6.190
          Difference in the Number of Parameters                6
          Approximate P-Value                              0.1579
          Successful Bootstrap Draws                           38

     WARNING:  1 OUT OF 39 BOOTSTRAP DRAWS DID NOT CONVERGE.
     INCREASE THE NUMBER OF RANDOM STARTS USING THE LRTSTARTS OPTION.



PLOT INFORMATION

The following plots are available:

  Histograms (sample values)
  Scatterplots (sample values)
  Sample proportions and estimated probabilities

     Beginning Time:  22:21:54
        Ending Time:  22:22:21
       Elapsed Time:  00:00:27


Mplus VERSION 8.11 DEMO has the following limitations:
  Maximum number of dependent variables: 6
  Maximum number of independent variables: 2
  Maximum number of between variables: 2
  Maximum number of continuous latent variables in time series analysis: 2


MUTHEN & MUTHEN
3463 Stoner Ave.
Los Angeles, CA  90066

Tel: (310) 391-9971
Fax: (310) 391-8971
Web: www.StatModel.com
Support: Support@StatModel.com

Copyright (c) 1998-2024 Muthen & Muthen
