Mplus VERSION 8.11 DEMO
MUTHEN & MUTHEN
12/16/2025  10:22 PM

INPUT INSTRUCTIONS

  TITLE:
  Class 7
  DATA:
  FILE = "C:/Users/chens/Desktop/useme_lca/mplus_lca_ecig/lca_ecig.dat";
  VARIABLE:
  NAMES = caseid p_rule_ec p_use_ec p_know p_rule_b p_use_b c_try_ec dem_gen dem_age
       dem_inc dem_hisp weight;
   MISSING=.;
   categorical = p_rule_ec p_use_ec p_know p_rule_b p_use_b;
  usevar = p_rule_ec p_use_ec p_know p_rule_b p_use_b;
  classes = c(7);
  ANALYSIS:
  estimator = mlr;
      type = mixture;
      starts = 1000 200;
      processors = 10;
  OUTPUT:
  tech11 tech14;
  PLOT:
  type = plot3;
       series = p_rule_ec p_use_ec p_know p_rule_b p_use_b(*);



*** WARNING in VARIABLE command
  Note that only the first 8 characters of variable names are used in the output.
  Shorten variable names to avoid any confusion.
*** WARNING in PLOT command
  Note that only the first 8 characters of variable names are used in plots.
  If variable names are not unique within the first 8 characters, problems
  may occur.
   2 WARNING(S) FOUND IN THE INPUT INSTRUCTIONS




Class 7

SUMMARY OF ANALYSIS

Number of groups                                                 1
Number of observations                                        7301

Number of dependent variables                                    5
Number of independent variables                                  0
Number of continuous latent variables                            0
Number of categorical latent variables                           1

Observed dependent variables

  Binary and ordered categorical (ordinal)
   P_RULE_E    P_USE_EC    P_KNOW      P_RULE_B    P_USE_B

Categorical latent variables
   C


Estimator                                                      MLR
Information matrix                                        OBSERVED
Optimization Specifications for the Quasi-Newton Algorithm for
Continuous Outcomes
  Maximum number of iterations                                 100
  Convergence criterion                                  0.100D-05
Optimization Specifications for the EM Algorithm
  Maximum number of iterations                                 500
  Convergence criteria
    Loglikelihood change                                 0.100D-06
    Relative loglikelihood change                        0.100D-06
    Derivative                                           0.100D-05
Optimization Specifications for the M step of the EM Algorithm for
Categorical Latent variables
  Number of M step iterations                                    1
  M step convergence criterion                           0.100D-05
  Basis for M step termination                           ITERATION
Optimization Specifications for the M step of the EM Algorithm for
Censored, Binary or Ordered Categorical (Ordinal), Unordered
Categorical (Nominal) and Count Outcomes
  Number of M step iterations                                    1
  M step convergence criterion                           0.100D-05
  Basis for M step termination                           ITERATION
  Maximum value for logit thresholds                            15
  Minimum value for logit thresholds                           -15
  Minimum expected cell size for chi-square              0.100D-01
Maximum number of iterations for H1                           2000
Convergence criterion for H1                             0.100D-03
Optimization algorithm                                         EMA
Random Starts Specifications
  Number of initial stage random starts                       1000
  Number of final stage optimizations                          200
  Number of initial stage iterations                            10
  Initial stage convergence criterion                    0.100D+01
  Random starts scale                                    0.500D+01
  Random seed for generating random starts                       0
Link                                                         LOGIT

Input data file(s)
  C:/Users/chens/Desktop/useme_lca/mplus_lca_ecig/lca_ecig.dat
Input data format  FREE


SUMMARY OF DATA

     Number of missing data patterns             5
     Number of y missing data patterns           0
     Number of u missing data patterns           5


COVARIANCE COVERAGE OF DATA

Minimum covariance coverage value   0.100


     PROPORTION OF DATA PRESENT FOR U


           Covariance Coverage
              P_RULE_E      P_USE_EC      P_KNOW        P_RULE_B      P_USE_B
              ________      ________      ________      ________      ________
 P_RULE_E       0.996
 P_USE_EC       0.996         1.000
 P_KNOW         0.986         0.990         0.990
 P_RULE_B       0.996         0.996         0.986         0.996
 P_USE_B        0.996         1.000         0.990         0.996         1.000


UNIVARIATE PROPORTIONS AND COUNTS FOR CATEGORICAL VARIABLES

    P_RULE_E
      Category 1    0.827         6017.000
      Category 2    0.173         1255.000
    P_USE_EC
      Category 1    0.963         7033.000
      Category 2    0.037          268.000
    P_KNOW
      Category 1    0.888         6419.000
      Category 2    0.112          806.000
    P_RULE_B
      Category 1    0.871         6334.000
      Category 2    0.129          939.000
    P_USE_B
      Category 1    0.840         6134.000
      Category 2    0.160         1167.000


RANDOM STARTS RESULTS RANKED FROM THE BEST TO THE WORST LOGLIKELIHOOD VALUES

Final stage loglikelihood values at local maxima, seeds, and initial stage start numbers:

          -11345.691  835767           210
          -11345.691  850545           357
          -11345.691  391949           295
          -11345.691  817298           967
          -11345.691  860102           495
          -11345.691  320494           465
          -11345.691  565819           65
          -11345.691  629720           926
          -11345.691  407108           366
          -11345.691  804104           566
          -11345.691  645664           39
          -11345.691  961454           665
          -11345.691  97158            205
          -11345.691  781489           627
          -11345.691  484406           421
          -11345.691  857799           315
          -11345.691  760531           550
          -11345.691  545140           278
          -11345.692  39136            226
          -11345.693  987090           70
          -11345.693  677720           681
          -11345.693  784664           75
          -11345.717  715255           523
          -11345.735  437181           135
          -11345.760  59963            670
          -11345.777  967902           52
          -11345.944  848331           137
          -11346.051  182524           373
          -11346.052  153053           378
          -11346.090  436806           883
          -11346.214  208797           931
          -11346.223  404510           442
          -11346.477  679615           942
          -11346.565  694303           282
          -11347.087  830392           35
          -11347.087  416463           467
          -11347.087  202790           198
          -11347.422  957392           79
          -11347.427  366706           29
          -11348.431  467339           66
          -11348.521  432148           30
          -11348.533  195873           6
          -11348.572  992389           77

157 perturbed starting value run(s) did not converge or were rejected in the third stage.



THE BEST LOGLIKELIHOOD VALUE HAS BEEN REPLICATED.  RERUN WITH AT LEAST TWICE THE
RANDOM STARTS TO CHECK THAT THE BEST LOGLIKELIHOOD IS STILL OBTAINED AND REPLICATED.

     IN THE OPTIMIZATION, ONE OR MORE LOGIT THRESHOLDS APPROACHED EXTREME VALUES
     OF -15.000 AND 15.000 AND WERE FIXED TO STABILIZE MODEL ESTIMATION.  THESE
     VALUES IMPLY PROBABILITIES OF 0 AND 1.  IN THE MODEL RESULTS SECTION, THESE
     PARAMETERS HAVE 0 STANDARD ERRORS AND 999 IN THE Z-SCORE AND P-VALUE COLUMNS.

     THE STANDARD ERRORS OF THE MODEL PARAMETER ESTIMATES MAY NOT BE
     TRUSTWORTHY FOR SOME PARAMETERS DUE TO A NON-POSITIVE DEFINITE
     FIRST-ORDER DERIVATIVE PRODUCT MATRIX.  THIS MAY BE DUE TO THE STARTING
     VALUES BUT MAY ALSO BE AN INDICATION OF MODEL NONIDENTIFICATION.  THE
     CONDITION NUMBER IS      -0.447D-12.  PROBLEM INVOLVING THE FOLLOWING PARAMETER:
     Parameter 38, [ C#3 ]

     ONE OR MORE PARAMETERS WERE FIXED TO AVOID SINGULARITY OF THE
     INFORMATION MATRIX. THE SINGULARITY IS MOST LIKELY BECAUSE THE
     MODEL IS NOT IDENTIFIED, OR BECAUSE OF EMPTY CELLS IN THE JOINT
     DISTRIBUTION OF THE CATEGORICAL VARIABLES IN THE MODEL.
     THE FOLLOWING PARAMETERS WERE FIXED:
     Parameter 41, [ C#6 ]
     Parameter 34, %C#7%: [ P_RULE_B$1 ]




THE MODEL ESTIMATION TERMINATED NORMALLY

     THE DEGREES OF FREEDOM FOR THIS MODEL ARE NEGATIVE.  THE MODEL IS NOT
     IDENTIFIED OR TOO MANY CELLS WERE DELETED.  A CHI-SQUARE TEST IS NOT
     AVAILABLE.



MODEL FIT INFORMATION

Number of Free Parameters                       41

Loglikelihood

          H0 Value                      -11345.691
          H0 Scaling Correction Factor      0.8780
            for MLR

Information Criteria

          Akaike (AIC)                   22773.381
          Bayesian (BIC)                 23056.108
          Sample-Size Adjusted BIC       22925.819
            (n* = (n + 2) / 24)



FINAL CLASS COUNTS AND PROPORTIONS FOR THE LATENT CLASSES
BASED ON THE ESTIMATED MODEL

    Latent
   Classes

       1         91.32365          0.01251
       2        367.90835          0.05039
       3        103.86264          0.01423
       4         41.59156          0.00570
       5       1022.63121          0.14007
       6       5087.62333          0.69684
       7        586.05926          0.08027


FINAL CLASS COUNTS AND PROPORTIONS FOR THE LATENT CLASSES
BASED ON ESTIMATED POSTERIOR PROBABILITIES

    Latent
   Classes

       1         91.32365          0.01251
       2        367.90835          0.05039
       3        103.86264          0.01423
       4         41.59156          0.00570
       5       1022.63121          0.14007
       6       5087.62333          0.69684
       7        586.05926          0.08027


FINAL CLASS COUNTS AND PROPORTIONS FOR THE LATENT CLASSES
BASED ON THEIR MOST LIKELY LATENT CLASS MEMBERSHIP

Class Counts and Proportions

    Latent
   Classes

       1               34          0.00466
       2              420          0.05753
       3               26          0.00356
       4               39          0.00534
       5             1002          0.13724
       6             5207          0.71319
       7              573          0.07848


CLASSIFICATION QUALITY

     Entropy                         0.898


Average Latent Class Probabilities for Most Likely Latent Class Membership (Row)
by Latent Class (Column)

           1        2        3        4        5        6        7

    1   0.531    0.000    0.172    0.000    0.248    0.041    0.007
    2   0.000    0.780    0.018    0.001    0.159    0.039    0.003
    3   0.000    0.000    0.388    0.000    0.363    0.000    0.249
    4   0.002    0.000    0.000    0.997    0.000    0.000    0.000
    5   0.000    0.039    0.079    0.000    0.853    0.000    0.028
    6   0.014    0.000    0.000    0.000    0.008    0.974    0.004
    7   0.000    0.000    0.001    0.000    0.074    0.000    0.925


Classification Probabilities for the Most Likely Latent Class Membership (Column)
by Latent Class (Row)

           1        2        3        4        5        6        7

    1   0.198    0.001    0.000    0.001    0.000    0.800    0.000
    2   0.000    0.891    0.000    0.000    0.107    0.002    0.000
    3   0.056    0.071    0.097    0.000    0.763    0.005    0.006
    4   0.000    0.013    0.000    0.935    0.000    0.051    0.000
    5   0.008    0.065    0.009    0.000    0.836    0.039    0.041
    6   0.000    0.003    0.000    0.000    0.000    0.997    0.000
    7   0.000    0.002    0.011    0.000    0.048    0.034    0.904


Logits for the Classification Probabilities for the Most Likely Latent Class Membership (Column)
by Latent Class (Row)

              1        2        3        4        5        6        7

    1     12.194    7.299    0.000    6.847    0.000   13.592    0.000
    2      0.000   13.700    0.000    0.000   11.578    7.804    0.000
    3      2.164    2.397    2.707   -8.777    4.768   -0.197    0.000
    4      0.000    9.487    0.000   13.749    0.000   10.849    0.000
    5     -1.612    0.458   -1.501  -10.631    3.006   -0.048    0.000
    6      5.618    8.066    0.000    0.868    0.000   13.812    0.000
    7     -7.695   -6.216   -4.406  -13.715   -2.930   -3.278    0.000


MODEL RESULTS

                                                    Two-Tailed
                    Estimate       S.E.  Est./S.E.    P-Value

Latent Class 1

 Thresholds
    P_RULE_E$1         1.382      2.312      0.598      0.550
    P_USE_EC$1         5.346      8.500      0.629      0.529
    P_KNOW$1         -15.000      0.000    999.000    999.000
    P_RULE_B$1        15.000      0.000    999.000    999.000
    P_USE_B$1         15.000      0.000    999.000    999.000

Latent Class 2

 Thresholds
    P_RULE_E$1       -15.000      0.000    999.000    999.000
    P_USE_EC$1         0.018      2.315      0.008      0.994
    P_KNOW$1          15.000      0.000    999.000    999.000
    P_RULE_B$1         1.309      0.187      6.997      0.000
    P_USE_B$1         15.000      0.000    999.000    999.000

Latent Class 3

 Thresholds
    P_RULE_E$1        -3.517     37.251     -0.094      0.925
    P_USE_EC$1        15.000      0.000    999.000    999.000
    P_KNOW$1           0.221      7.661      0.029      0.977
    P_RULE_B$1        -0.588      2.157     -0.273      0.785
    P_USE_B$1         -0.533      0.979     -0.544      0.586

Latent Class 4

 Thresholds
    P_RULE_E$1        -2.505      1.041     -2.407      0.016
    P_USE_EC$1       -15.000      0.000    999.000    999.000
    P_KNOW$1         -15.000      0.000    999.000    999.000
    P_RULE_B$1         0.761      0.356      2.140      0.032
    P_USE_B$1         15.000      0.000    999.000    999.000

Latent Class 5

 Thresholds
    P_RULE_E$1        -0.682      0.906     -0.752      0.452
    P_USE_EC$1        15.000      0.000    999.000    999.000
    P_KNOW$1           2.063      0.979      2.108      0.035
    P_RULE_B$1        -1.182      0.876     -1.349      0.177
    P_USE_B$1         -0.100      0.159     -0.629      0.530

Latent Class 6

 Thresholds
    P_RULE_E$1         5.658     25.740      0.220      0.826
    P_USE_EC$1         4.749      0.160     29.631      0.000
    P_KNOW$1           2.433      0.543      4.484      0.000
    P_RULE_B$1        15.000      0.000    999.000    999.000
    P_USE_B$1         15.000      0.000    999.000    999.000

Latent Class 7

 Thresholds
    P_RULE_E$1         2.728      4.466      0.611      0.541
    P_USE_EC$1        15.000      0.000    999.000    999.000
    P_KNOW$1           1.471      0.134     10.969      0.000
    P_RULE_B$1         8.328      0.000    999.000    999.000
    P_USE_B$1         -3.278      5.535     -0.592      0.554

Categorical Latent Variables

 Means
    C#1               -1.859      2.599     -0.715      0.474
    C#2               -0.466      1.331     -0.350      0.727
    C#3               -1.730      5.012     -0.345      0.730
    C#4               -2.646      0.239    -11.079      0.000
    C#5                0.557      0.158      3.515      0.000
    C#6                2.161      0.000    999.000    999.000


QUALITY OF NUMERICAL RESULTS

     Condition Number for the Information Matrix              0.106E-08
       (ratio of smallest to largest eigenvalue)


RESULTS IN PROBABILITY SCALE

                                                    Two-Tailed
                    Estimate       S.E.  Est./S.E.    P-Value

Latent Class 1

 P_RULE_EC
    Category 1         0.799      0.371      2.155      0.031
    Category 2         0.201      0.371      0.541      0.588
 P_USE_EC
    Category 1         0.995      0.040     24.794      0.000
    Category 2         0.005      0.040      0.118      0.906
 P_KNOW
    Category 1         0.000      0.000      0.000      1.000
    Category 2         1.000      0.000      0.000      1.000
 P_RULE_B
    Category 1         1.000      0.000      0.000      1.000
    Category 2         0.000      0.000      0.000      1.000
 P_USE_B
    Category 1         1.000      0.000      0.000      1.000
    Category 2         0.000      0.000      0.000      1.000

Latent Class 2

 P_RULE_EC
    Category 1         0.000      0.000      0.000      1.000
    Category 2         1.000      0.000      0.000      1.000
 P_USE_EC
    Category 1         0.504      0.579      0.872      0.383
    Category 2         0.496      0.579      0.856      0.392
 P_KNOW
    Category 1         1.000      0.000      0.000      1.000
    Category 2         0.000      0.000      0.000      1.000
 P_RULE_B
    Category 1         0.787      0.031     25.136      0.000
    Category 2         0.213      0.031      6.787      0.000
 P_USE_B
    Category 1         1.000      0.000      0.000      1.000
    Category 2         0.000      0.000      0.000      1.000

Latent Class 3

 P_RULE_EC
    Category 1         0.029      1.043      0.028      0.978
    Category 2         0.971      1.043      0.931      0.352
 P_USE_EC
    Category 1         1.000      0.000      0.000      1.000
    Category 2         0.000      0.000      0.000      1.000
 P_KNOW
    Category 1         0.555      1.892      0.293      0.769
    Category 2         0.445      1.892      0.235      0.814
 P_RULE_B
    Category 1         0.357      0.495      0.721      0.471
    Category 2         0.643      0.495      1.298      0.194
 P_USE_B
    Category 1         0.370      0.228      1.621      0.105
    Category 2         0.630      0.228      2.762      0.006

Latent Class 4

 P_RULE_EC
    Category 1         0.076      0.073      1.039      0.299
    Category 2         0.924      0.073     12.723      0.000
 P_USE_EC
    Category 1         0.000      0.000      0.000      1.000
    Category 2         1.000      0.000      0.000      1.000
 P_KNOW
    Category 1         0.000      0.000      0.000      1.000
    Category 2         1.000      0.000      0.000      1.000
 P_RULE_B
    Category 1         0.682      0.077      8.828      0.000
    Category 2         0.318      0.077      4.123      0.000
 P_USE_B
    Category 1         1.000      0.000      0.000      1.000
    Category 2         0.000      0.000      0.000      1.000

Latent Class 5

 P_RULE_EC
    Category 1         0.336      0.202      1.662      0.097
    Category 2         0.664      0.202      3.286      0.001
 P_USE_EC
    Category 1         1.000      0.000      0.000      1.000
    Category 2         0.000      0.000      0.000      1.000
 P_KNOW
    Category 1         0.887      0.098      9.064      0.000
    Category 2         0.113      0.098      1.151      0.250
 P_RULE_B
    Category 1         0.235      0.157      1.492      0.136
    Category 2         0.765      0.157      4.864      0.000
 P_USE_B
    Category 1         0.475      0.040     12.011      0.000
    Category 2         0.525      0.040     13.271      0.000

Latent Class 6

 P_RULE_EC
    Category 1         0.997      0.089     11.169      0.000
    Category 2         0.003      0.089      0.039      0.969
 P_USE_EC
    Category 1         0.991      0.001    726.932      0.000
    Category 2         0.009      0.001      6.293      0.000
 P_KNOW
    Category 1         0.919      0.040     22.835      0.000
    Category 2         0.081      0.040      2.005      0.045
 P_RULE_B
    Category 1         1.000      0.000      0.000      1.000
    Category 2         0.000      0.000      0.000      1.000
 P_USE_B
    Category 1         1.000      0.000      0.000      1.000
    Category 2         0.000      0.000      0.000      1.000

Latent Class 7

 P_RULE_EC
    Category 1         0.939      0.257      3.651      0.000
    Category 2         0.061      0.257      0.239      0.811
 P_USE_EC
    Category 1         1.000      0.000      0.000      1.000
    Category 2         0.000      0.000      0.000      1.000
 P_KNOW
    Category 1         0.813      0.020     39.918      0.000
    Category 2         0.187      0.020      9.171      0.000
 P_RULE_B
    Category 1         1.000      0.000      0.000      1.000
    Category 2         0.000      0.000      0.000      1.000
 P_USE_B
    Category 1         0.036      0.194      0.187      0.851
    Category 2         0.964      0.194      4.973      0.000


LATENT CLASS INDICATOR ODDS RATIOS FOR THE LATENT CLASSES

                                                95% C.I.
                    Estimate       S.E.  Lower 2.5% Upper 2.5%

Latent Class 1 Compared to Latent Class 2

 P_RULE_E
    Category > 1       0.000      0.000      0.000      0.000
 P_USE_EC
    Category > 1       0.005      0.045      0.000  *********
 P_KNOW
    Category > 1   *********      0.000  *********  *********
 P_RULE_B
    Category > 1       0.000      0.000      0.000      0.000
 P_USE_B
    Category > 1       1.000      0.000      1.000      1.000

Latent Class 1 Compared to Latent Class 3

 P_RULE_E
    Category > 1       0.007      0.283      0.000  *********
 P_USE_EC
    Category > 1   15585.951      0.000  15585.951  15585.951
 P_KNOW
    Category > 1   *********      0.000  *********  *********
 P_RULE_B
    Category > 1       0.000      0.000      0.000      0.000
 P_USE_B
    Category > 1       0.000      0.000      0.000      0.000

Latent Class 1 Compared to Latent Class 4

 P_RULE_E
    Category > 1       0.021      0.039      0.000      0.844
 P_USE_EC
    Category > 1       0.000      0.000      0.000      0.000
 P_KNOW
    Category > 1       1.000      0.000      1.000      1.000
 P_RULE_B
    Category > 1       0.000      0.000      0.000      0.000
 P_USE_B
    Category > 1       1.000      0.000      1.000      1.000

Latent Class 1 Compared to Latent Class 5

 P_RULE_E
    Category > 1       0.127      0.264      0.002      7.475
 P_USE_EC
    Category > 1   15585.951      0.000  15585.951  15585.951
 P_KNOW
    Category > 1   *********      0.000  *********  *********
 P_RULE_B
    Category > 1       0.000      0.000      0.000      0.000
 P_USE_B
    Category > 1       0.000      0.000      0.000      0.000

Latent Class 1 Compared to Latent Class 6

 P_RULE_E
    Category > 1      71.962   1785.080      0.000  *********
 P_USE_EC
    Category > 1       0.551      4.692      0.000  *********
 P_KNOW
    Category > 1   *********      0.000  *********  *********
 P_RULE_B
    Category > 1       1.000      0.000      1.000      1.000
 P_USE_B
    Category > 1       1.000      0.000      1.000      1.000

Latent Class 1 Compared to Latent Class 7

 P_RULE_E
    Category > 1       3.845     15.470      0.001  10229.737
 P_USE_EC
    Category > 1   15585.951      0.000  15585.951  15585.951
 P_KNOW
    Category > 1   *********      0.000  *********  *********
 P_RULE_B
    Category > 1       0.001      0.000      0.001      0.001
 P_USE_B
    Category > 1       0.000      0.000      0.000      0.000

Latent Class 2 Compared to Latent Class 3

 P_RULE_E
    Category > 1   97042.234  *********      0.000  *********
 P_USE_EC
    Category > 1   *********      0.000  *********  *********
 P_KNOW
    Category > 1       0.000      0.000      0.000      0.000
 P_RULE_B
    Category > 1       0.150      0.318      0.002      9.611
 P_USE_B
    Category > 1       0.000      0.000      0.000      0.000

Latent Class 2 Compared to Latent Class 4

 P_RULE_E
    Category > 1   *********      0.000  *********  *********
 P_USE_EC
    Category > 1       0.000      0.000      0.000      0.000
 P_KNOW
    Category > 1       0.000      0.000      0.000      0.000
 P_RULE_B
    Category > 1       0.578      0.233      0.263      1.273
 P_USE_B
    Category > 1       1.000      0.000      1.000      1.000

Latent Class 2 Compared to Latent Class 5

 P_RULE_E
    Category > 1   *********      0.000  *********  *********
 P_USE_EC
    Category > 1   *********      0.000  *********  *********
 P_KNOW
    Category > 1       0.000      0.000      0.000      0.000
 P_RULE_B
    Category > 1       0.083      0.070      0.016      0.430
 P_USE_B
    Category > 1       0.000      0.000      0.000      0.000

Latent Class 2 Compared to Latent Class 6

 P_RULE_E
    Category > 1   *********      0.000  *********  *********
 P_USE_EC
    Category > 1     113.472    265.969      1.147  11222.266
 P_KNOW
    Category > 1       0.000      0.000      0.000      0.000
 P_RULE_B
    Category > 1   *********      0.000  *********  *********
 P_USE_B
    Category > 1       1.000      0.000      1.000      1.000

Latent Class 2 Compared to Latent Class 7

 P_RULE_E
    Category > 1   *********      0.000  *********  *********
 P_USE_EC
    Category > 1   *********      0.000  *********  *********
 P_KNOW
    Category > 1       0.000      0.000      0.000      0.000
 P_RULE_B
    Category > 1    1117.072    209.033    774.099   1612.003
 P_USE_B
    Category > 1       0.000      0.000      0.000      0.000

Latent Class 3 Compared to Latent Class 4

 P_RULE_E
    Category > 1       2.752    102.560      0.000  *********
 P_USE_EC
    Category > 1       0.000      0.000      0.000      0.000
 P_KNOW
    Category > 1       0.000      0.000      0.000      0.000
 P_RULE_B
    Category > 1       3.856      8.421      0.053    278.614
 P_USE_B
    Category > 1   *********      0.000  *********  *********

Latent Class 3 Compared to Latent Class 5

 P_RULE_E
    Category > 1      17.037    645.907      0.000  *********
 P_USE_EC
    Category > 1       1.000      0.000      1.000      1.000
 P_KNOW
    Category > 1       6.312     53.011      0.000  *********
 P_RULE_B
    Category > 1       0.552      0.909      0.022     13.887
 P_USE_B
    Category > 1       1.542      1.613      0.198     11.986

Latent Class 3 Compared to Latent Class 6

 P_RULE_E
    Category > 1    9650.754  *********      0.000  *********
 P_USE_EC
    Category > 1       0.000      0.000      0.000      0.000
 P_KNOW
    Category > 1       9.131     66.533      0.000  *********
 P_RULE_B
    Category > 1   *********      0.000  *********  *********
 P_USE_B
    Category > 1   *********      0.000  *********  *********

Latent Class 3 Compared to Latent Class 7

 P_RULE_E
    Category > 1     515.599  20702.844      0.000  *********
 P_USE_EC
    Category > 1       1.000      0.000      1.000      1.000
 P_KNOW
    Category > 1       3.490     26.973      0.000  *********
 P_RULE_B
    Category > 1    7449.869  16069.466    108.658  *********
 P_USE_B
    Category > 1       0.064      0.335      0.000   1767.582

Latent Class 4 Compared to Latent Class 5

 P_RULE_E
    Category > 1       6.191      8.521      0.417     91.919
 P_USE_EC
    Category > 1   *********      0.000  *********  *********
 P_KNOW
    Category > 1   *********      0.000  *********  *********
 P_RULE_B
    Category > 1       0.143      0.135      0.023      0.911
 P_USE_B
    Category > 1       0.000      0.000      0.000      0.000

Latent Class 4 Compared to Latent Class 6

 P_RULE_E
    Category > 1    3506.620  90331.586      0.000  *********
 P_USE_EC
    Category > 1   *********      0.000  *********  *********
 P_KNOW
    Category > 1   *********      0.000  *********  *********
 P_RULE_B
    Category > 1   *********      0.000  *********  *********
 P_USE_B
    Category > 1       1.000      0.000      1.000      1.000

Latent Class 4 Compared to Latent Class 7

 P_RULE_E
    Category > 1     187.344    859.087      0.023  *********
 P_USE_EC
    Category > 1   *********      0.000  *********  *********
 P_KNOW
    Category > 1   *********      0.000  *********  *********
 P_RULE_B
    Category > 1    1932.032    687.505    961.862   3880.753
 P_USE_B
    Category > 1       0.000      0.000      0.000      0.000

Latent Class 5 Compared to Latent Class 6

 P_RULE_E
    Category > 1     566.447  14077.203      0.000  *********
 P_USE_EC
    Category > 1       0.000      0.000      0.000      0.000
 P_KNOW
    Category > 1       1.447      1.904      0.110     19.072
 P_RULE_B
    Category > 1   *********      0.000  *********  *********
 P_USE_B
    Category > 1   *********      0.000  *********  *********

Latent Class 5 Compared to Latent Class 7

 P_RULE_E
    Category > 1      30.263    108.529      0.027  34162.695
 P_USE_EC
    Category > 1       1.000      0.000      1.000      1.000
 P_KNOW
    Category > 1       0.553      0.515      0.089      3.429
 P_RULE_B
    Category > 1   13488.015  11813.805   2423.198  75077.086
 P_USE_B
    Category > 1       0.042      0.235      0.000   2655.257

Latent Class 6 Compared to Latent Class 7

 P_RULE_E
    Category > 1       0.053      1.137      0.000  *********
 P_USE_EC
    Category > 1   28298.973      0.000  28298.971  28298.971
 P_KNOW
    Category > 1       0.382      0.230      0.118      1.242
 P_RULE_B
    Category > 1       0.001      0.000      0.001      0.001
 P_USE_B
    Category > 1       0.000      0.000      0.000      0.000


TECHNICAL 11 OUTPUT

     Random Starts Specifications for the k-1 Class Analysis Model
        Number of initial stage random starts                1000
        Number of final stage optimizations                   200



     VUONG-LO-MENDELL-RUBIN LIKELIHOOD RATIO TEST FOR 6 (H0) VERSUS 7 CLASSES

          H0 Loglikelihood Value                       -11345.691
          2 Times the Loglikelihood Difference              0.000
          Difference in the Number of Parameters                6
          Mean                                             -0.208
          Standard Deviation                                0.340
          P-Value                                          0.1983

     LO-MENDELL-RUBIN ADJUSTED LRT TEST

          Value                                             0.000
          P-Value                                          0.1983


TECHNICAL 14 OUTPUT

     Random Starts Specifications for the k-1 Class Analysis Model
        Number of initial stage random starts                1000
        Number of final stage optimizations                   200

     Random Starts Specification for the k-1 Class Model for Generated Data
        Number of initial stage random starts                   0
        Number of final stage optimizations for the
           initial stage random starts                          0
     Random Starts Specification for the k Class Model for Generated Data
        Number of initial stage random starts                  40
        Number of final stage optimizations                     8
     Number of bootstrap draws requested                   Varies


     PARAMETRIC BOOTSTRAPPED LIKELIHOOD RATIO TEST FOR 6 (H0) VERSUS 7 CLASSES

          H0 Loglikelihood Value                       -11345.691
          2 Times the Loglikelihood Difference              0.000
          Difference in the Number of Parameters                6
          Approximate P-Value                              1.0000
          Successful Bootstrap Draws                            2


PLOT INFORMATION

The following plots are available:

  Histograms (sample values)
  Scatterplots (sample values)
  Sample proportions and estimated probabilities

     Beginning Time:  22:22:37
        Ending Time:  22:22:51
       Elapsed Time:  00:00:14


Mplus VERSION 8.11 DEMO has the following limitations:
  Maximum number of dependent variables: 6
  Maximum number of independent variables: 2
  Maximum number of between variables: 2
  Maximum number of continuous latent variables in time series analysis: 2


MUTHEN & MUTHEN
3463 Stoner Ave.
Los Angeles, CA  90066

Tel: (310) 391-9971
Fax: (310) 391-8971
Web: www.StatModel.com
Support: Support@StatModel.com

Copyright (c) 1998-2024 Muthen & Muthen
