Mplus VERSION 8.11 DEMO
MUTHEN & MUTHEN
12/17/2025   2:02 PM

INPUT INSTRUCTIONS

  TITLE:      Smokeless 4 Class BCH - Ethnicity, Gender (12.17.2025)
      DATA:       FILE IS mplus_sm.csv;
      VARIABLE:   NAMES ARE p_rule_sm p_use_sm p_know p_rule_b
                            p_use_b c_try_sm dem_gen dem_age dem_inc dem_hisp weight;
                  USEV ARE p_rule_sm p_use_sm p_know p_rule_b p_use_b;
                  CATEGORICAL = p_rule_sm p_use_sm p_know p_rule_b p_use_b;
                  CLASSES = c(4);
                  Missing are ALL (999);
  		Auxiliary = dem_hisp (bch) dem_gen (bch);
                  !BCH is preferred method for continuous distal outcomes
                  !DCAT  preferred method for categorical outcomes
                  !(Asparouhov & Muthen 2014)
      ANALYSIS:
                  TYPE = MIXTURE;
                  starts=1000 200;
      OUTPUT:     tech11 tech14;
      PLOT:	    type = plot3;
       		     series = p_rule_sm p_use_sm p_know p_rule_b p_use_b(*);




*** WARNING in VARIABLE command
  Note that only the first 8 characters of variable names are used in the output.
  Shorten variable names to avoid any confusion.
*** WARNING in PLOT command
  Note that only the first 8 characters of variable names are used in plots.
  If variable names are not unique within the first 8 characters, problems
  may occur.
   2 WARNING(S) FOUND IN THE INPUT INSTRUCTIONS



Smokeless 4 Class BCH - Ethnicity, Gender (12.17.2025)

SUMMARY OF ANALYSIS

Number of groups                                                 1
Number of observations                                        7301

Number of dependent variables                                    5
Number of independent variables                                  0
Number of continuous latent variables                            0
Number of categorical latent variables                           1

Observed dependent variables

  Binary and ordered categorical (ordinal)
   P_RULE_S    P_USE_SM    P_KNOW      P_RULE_B    P_USE_B

Observed auxiliary variables
   DEM_HISP    DEM_GEN

Categorical latent variables
   C


Estimator                                                      MLR
Information matrix                                        OBSERVED
Optimization Specifications for the Quasi-Newton Algorithm for
Continuous Outcomes
  Maximum number of iterations                                 100
  Convergence criterion                                  0.100D-05
Optimization Specifications for the EM Algorithm
  Maximum number of iterations                                 500
  Convergence criteria
    Loglikelihood change                                 0.100D-06
    Relative loglikelihood change                        0.100D-06
    Derivative                                           0.100D-05
Optimization Specifications for the M step of the EM Algorithm for
Categorical Latent variables
  Number of M step iterations                                    1
  M step convergence criterion                           0.100D-05
  Basis for M step termination                           ITERATION
Optimization Specifications for the M step of the EM Algorithm for
Censored, Binary or Ordered Categorical (Ordinal), Unordered
Categorical (Nominal) and Count Outcomes
  Number of M step iterations                                    1
  M step convergence criterion                           0.100D-05
  Basis for M step termination                           ITERATION
  Maximum value for logit thresholds                            15
  Minimum value for logit thresholds                           -15
  Minimum expected cell size for chi-square              0.100D-01
Maximum number of iterations for H1                           2000
Convergence criterion for H1                             0.100D-03
Optimization algorithm                                         EMA
Random Starts Specifications
  Number of initial stage random starts                       1000
  Number of final stage optimizations                          200
  Number of initial stage iterations                            10
  Initial stage convergence criterion                    0.100D+01
  Random starts scale                                    0.500D+01
  Random seed for generating random starts                       0
Link                                                         LOGIT

Input data file(s)
  mplus_sm.csv
Input data format  FREE


SUMMARY OF DATA

     Number of missing data patterns             5
     Number of y missing data patterns           0
     Number of u missing data patterns           5


COVARIANCE COVERAGE OF DATA

Minimum covariance coverage value   0.100


     PROPORTION OF DATA PRESENT FOR U


           Covariance Coverage
              P_RULE_S      P_USE_SM      P_KNOW        P_RULE_B      P_USE_B
              ________      ________      ________      ________      ________
 P_RULE_S       0.995
 P_USE_SM       0.995         1.000
 P_KNOW         0.984         0.990         0.990
 P_RULE_B       0.995         0.996         0.986         0.996
 P_USE_B        0.995         1.000         0.990         0.996         1.000


UNIVARIATE PROPORTIONS AND COUNTS FOR CATEGORICAL VARIABLES

    P_RULE_S
      Category 1    0.840         6097.000
      Category 2    0.160         1165.000
    P_USE_SM
      Category 1    0.986         7201.000
      Category 2    0.014          100.000
    P_KNOW
      Category 1    0.888         6419.000
      Category 2    0.112          806.000
    P_RULE_B
      Category 1    0.871         6334.000
      Category 2    0.129          939.000
    P_USE_B
      Category 1    0.840         6134.000
      Category 2    0.160         1167.000


RANDOM STARTS RESULTS RANKED FROM THE BEST TO THE WORST LOGLIKELIHOOD VALUES

Final stage loglikelihood values at local maxima, seeds, and initial stage start numbers:

          -11384.872  961454           665
          -11384.872  645052           910
          -11384.872  662718           460
          -11384.872  602032           648
          -11384.872  443442           380
          -11384.872  850840           232
          -11384.872  772131           407
          -11384.872  667250           318
          -11384.872  155622           507
          -11384.872  702492           718
          -11384.872  49221            254
          -11384.872  318177           748
          -11384.872  326091           759
          -11384.872  341519           653
          -11384.872  670281           721
          -11384.872  484501           163
          -11384.872  604861           800
          -11384.872  125727           899
          -11384.872  94610            884
          -11384.872  276102           599
          -11384.872  657994           788
          -11384.872  978061           488
          -11385.130  283492           435
          -11385.130  595759           997
          -11385.130  172913           557
          -11385.130  471398           74
          -11385.168  761633           50
          -11385.185  152496           123
          -11385.188  197223           332
          -11385.189  561664           392
          -11385.233  793487           595

169 perturbed starting value run(s) did not converge or were rejected in the third stage.



THE BEST LOGLIKELIHOOD VALUE HAS BEEN REPLICATED.  RERUN WITH AT LEAST TWICE THE
RANDOM STARTS TO CHECK THAT THE BEST LOGLIKELIHOOD IS STILL OBTAINED AND REPLICATED.

     IN THE OPTIMIZATION, ONE OR MORE LOGIT THRESHOLDS APPROACHED EXTREME VALUES
     OF -15.000 AND 15.000 AND WERE FIXED TO STABILIZE MODEL ESTIMATION.  THESE
     VALUES IMPLY PROBABILITIES OF 0 AND 1.  IN THE MODEL RESULTS SECTION, THESE
     PARAMETERS HAVE 0 STANDARD ERRORS AND 999 IN THE Z-SCORE AND P-VALUE COLUMNS.




THE MODEL ESTIMATION TERMINATED NORMALLY



MODEL FIT INFORMATION

Number of Free Parameters                       23

Loglikelihood

          H0 Value                      -11384.872
          H0 Scaling Correction Factor      1.0029
            for MLR

Information Criteria

          Akaike (AIC)                   22815.744
          Bayesian (BIC)                 22974.347
          Sample-Size Adjusted BIC       22901.258
            (n* = (n + 2) / 24)

Chi-Square Test of Model Fit for the Binary and Ordered Categorical
(Ordinal) Outcomes

          Pearson Chi-Square

          Value                              3.116
          Degrees of Freedom                     8
          P-Value                           0.9269

          Likelihood Ratio Chi-Square

          Value                              3.650
          Degrees of Freedom                     8
          P-Value                           0.8872

Chi-Square Test for MCAR under the Unrestricted Latent Class Indicator Model

          Pearson Chi-Square

          Value                             36.918
          Degrees of Freedom                    52
          P-Value                           0.9435

          Likelihood Ratio Chi-Square

          Value                             32.961
          Degrees of Freedom                    52
          P-Value                           0.9818



FINAL CLASS COUNTS AND PROPORTIONS FOR THE LATENT CLASSES
BASED ON THE ESTIMATED MODEL

    Latent
   Classes

       1       1259.60024          0.17252
       2        559.46914          0.07663
       3       5171.07894          0.70827
       4        310.85168          0.04258


FINAL CLASS COUNTS AND PROPORTIONS FOR THE LATENT CLASSES
BASED ON ESTIMATED POSTERIOR PROBABILITIES

    Latent
   Classes

       1       1259.60024          0.17252
       2        559.46914          0.07663
       3       5171.07894          0.70827
       4        310.85168          0.04258


FINAL CLASS COUNTS AND PROPORTIONS FOR THE LATENT CLASSES
BASED ON THEIR MOST LIKELY LATENT CLASS MEMBERSHIP

Class Counts and Proportions

    Latent
   Classes

       1             1052          0.14409
       2              592          0.08108
       3             5557          0.76113
       4              100          0.01370


CLASSIFICATION QUALITY

     Entropy                         0.825


Average Latent Class Probabilities for Most Likely Latent Class Membership (Row)
by Latent Class (Column)

           1        2        3        4

    1   0.930    0.050    0.000    0.020
    2   0.144    0.856    0.000    0.000
    3   0.035    0.000    0.930    0.034
    4   0.000    0.000    0.000    1.000


Classification Probabilities for the Most Likely Latent Class Membership (Column)
by Latent Class (Row)

           1        2        3        4

    1   0.776    0.068    0.156    0.000
    2   0.094    0.906    0.000    0.000
    3   0.000    0.000    1.000    0.000
    4   0.068    0.000    0.610    0.322


Logits for the Classification Probabilities for the Most Likely Latent Class Membership (Column)
by Latent Class (Row)

              1        2        3        4

    1     13.562   11.121   11.958    0.000
    2     11.451   13.717    0.000    0.000
    3      4.273    0.000   13.815    0.000
    4     -1.552  -12.681    0.640    0.000


MODEL RESULTS

                                                    Two-Tailed
                    Estimate       S.E.  Est./S.E.    P-Value

Latent Class 1

 Thresholds
    P_RULE_S$1        -0.126      0.101     -1.255      0.209
    P_USE_SM$1        15.000      0.000    999.000    999.000
    P_KNOW$1           1.836      0.105     17.539      0.000
    P_RULE_B$1        -0.854      0.763     -1.118      0.263
    P_USE_B$1          0.071      0.115      0.618      0.537

Latent Class 2

 Thresholds
    P_RULE_S$1         2.982      2.789      1.069      0.285
    P_USE_SM$1        15.000      0.000    999.000    999.000
    P_KNOW$1           1.409      0.135     10.426      0.000
    P_RULE_B$1         2.985      1.151      2.593      0.010
    P_USE_B$1        -15.000      0.000    999.000    999.000

Latent Class 3

 Thresholds
    P_RULE_S$1         2.912      0.379      7.693      0.000
    P_USE_SM$1        15.000      0.000    999.000    999.000
    P_KNOW$1           2.297      0.054     42.876      0.000
    P_RULE_B$1        15.000      0.000    999.000    999.000
    P_USE_B$1         15.000      0.000    999.000    999.000

Latent Class 4

 Thresholds
    P_RULE_S$1        -0.711      0.212     -3.350      0.001
    P_USE_SM$1         0.746      0.865      0.862      0.388
    P_KNOW$1           1.458      0.262      5.566      0.000
    P_RULE_B$1         2.196      0.334      6.578      0.000
    P_USE_B$1         15.000      0.000    999.000    999.000

Categorical Latent Variables

 Means
    C#1                1.399      0.724      1.931      0.053
    C#2                0.588      0.563      1.043      0.297
    C#3                2.812      0.603      4.663      0.000


QUALITY OF NUMERICAL RESULTS

     Condition Number for the Information Matrix              0.608E-04
       (ratio of smallest to largest eigenvalue)


RESULTS IN PROBABILITY SCALE

                                                    Two-Tailed
                    Estimate       S.E.  Est./S.E.    P-Value

Latent Class 1

 P_RULE_SM
    Category 1         0.468      0.025     18.676      0.000
    Category 2         0.532      0.025     21.194      0.000
 P_USE_SM
    Category 1         1.000      0.000      0.000      1.000
    Category 2         0.000      0.000      0.000      1.000
 P_KNOW
    Category 1         0.862      0.012     69.455      0.000
    Category 2         0.138      0.012     11.080      0.000
 P_RULE_B
    Category 1         0.299      0.160      1.868      0.062
    Category 2         0.701      0.160      4.386      0.000
 P_USE_B
    Category 1         0.518      0.029     18.105      0.000
    Category 2         0.482      0.029     16.868      0.000

Latent Class 2

 P_RULE_SM
    Category 1         0.952      0.128      7.434      0.000
    Category 2         0.048      0.128      0.377      0.706
 P_USE_SM
    Category 1         1.000      0.000      0.000      1.000
    Category 2         0.000      0.000      0.000      1.000
 P_KNOW
    Category 1         0.804      0.021     37.677      0.000
    Category 2         0.196      0.021      9.208      0.000
 P_RULE_B
    Category 1         0.952      0.053     18.054      0.000
    Category 2         0.048      0.053      0.913      0.361
 P_USE_B
    Category 1         0.000      0.000      0.000      1.000
    Category 2         1.000      0.000      0.000      1.000

Latent Class 3

 P_RULE_SM
    Category 1         0.948      0.019     51.230      0.000
    Category 2         0.052      0.019      2.785      0.005
 P_USE_SM
    Category 1         1.000      0.000      0.000      1.000
    Category 2         0.000      0.000      0.000      1.000
 P_KNOW
    Category 1         0.909      0.004    204.288      0.000
    Category 2         0.091      0.004     20.543      0.000
 P_RULE_B
    Category 1         1.000      0.000      0.000      1.000
    Category 2         0.000      0.000      0.000      1.000
 P_USE_B
    Category 1         1.000      0.000      0.000      1.000
    Category 2         0.000      0.000      0.000      1.000

Latent Class 4

 P_RULE_SM
    Category 1         0.329      0.047      7.024      0.000
    Category 2         0.671      0.047     14.303      0.000
 P_USE_SM
    Category 1         0.678      0.189      3.593      0.000
    Category 2         0.322      0.189      1.704      0.088
 P_KNOW
    Category 1         0.811      0.040     20.223      0.000
    Category 2         0.189      0.040      4.707      0.000
 P_RULE_B
    Category 1         0.900      0.030     29.920      0.000
    Category 2         0.100      0.030      3.329      0.001
 P_USE_B
    Category 1         1.000      0.000      0.000      1.000
    Category 2         0.000      0.000      0.000      1.000


LATENT CLASS INDICATOR ODDS RATIOS FOR THE LATENT CLASSES

                                                95% C.I.
                    Estimate       S.E.  Lower 2.5% Upper 2.5%

Latent Class 1 Compared to Latent Class 2

 P_RULE_S
    Category > 1      22.391     62.504      0.094   5323.766
 P_USE_SM
    Category > 1       1.000      0.000      1.000      1.000
 P_KNOW
    Category > 1       0.653      0.112      0.466      0.914
 P_RULE_B
    Category > 1      46.454     63.697      3.161    682.649
 P_USE_B
    Category > 1       0.000      0.000      0.000      0.000

Latent Class 1 Compared to Latent Class 3

 P_RULE_S
    Category > 1      20.871      7.819     10.015     43.495
 P_USE_SM
    Category > 1       1.000      0.000      1.000      1.000
 P_KNOW
    Category > 1       1.586      0.189      1.256      2.003
 P_RULE_B
    Category > 1   *********      0.000  *********  *********
 P_USE_B
    Category > 1   *********      0.000  *********  *********

Latent Class 1 Compared to Latent Class 4

 P_RULE_S
    Category > 1       0.557      0.135      0.347      0.896
 P_USE_SM
    Category > 1       0.000      0.000      0.000      0.000
 P_KNOW
    Category > 1       0.685      0.195      0.392      1.198
 P_RULE_B
    Category > 1      21.105     17.569      4.128    107.896
 P_USE_B
    Category > 1   *********      0.000  *********  *********

Latent Class 2 Compared to Latent Class 3

 P_RULE_S
    Category > 1       0.932      2.496      0.005    177.413
 P_USE_SM
    Category > 1       1.000      0.000      1.000      1.000
 P_KNOW
    Category > 1       2.430      0.358      1.820      3.244
 P_RULE_B
    Category > 1   *********      0.000  *********  *********
 P_USE_B
    Category > 1   *********      0.000  *********  *********

Latent Class 2 Compared to Latent Class 4

 P_RULE_S
    Category > 1       0.025      0.070      0.000      5.973
 P_USE_SM
    Category > 1       0.000      0.000      0.000      0.000
 P_KNOW
    Category > 1       1.050      0.311      0.587      1.878
 P_RULE_B
    Category > 1       0.454      0.555      0.041      4.986
 P_USE_B
    Category > 1   *********      0.000  *********  *********

Latent Class 3 Compared to Latent Class 4

 P_RULE_S
    Category > 1       0.027      0.012      0.011      0.063
 P_USE_SM
    Category > 1       0.000      0.000      0.000      0.000
 P_KNOW
    Category > 1       0.432      0.115      0.256      0.729
 P_RULE_B
    Category > 1       0.000      0.000      0.000      0.000
 P_USE_B
    Category > 1       1.000      0.000      1.000      1.000


EQUALITY TESTS OF MEANS ACROSS CLASSES USING THE BCH PROCEDURE
WITH 3 DEGREE(S) OF FREEDOM FOR THE OVERALL TEST

DEM_HISP
                          Mean       S.E.                          Mean       S.E.

  Class 1                0.193      0.013  Class 2                0.303      0.022
  Class 3                0.340      0.007  Class 4                0.040      0.020

                    Chi-Square     P-Value                   Chi-Square     P-Value

  Overall test         246.082      0.000  Class 1 vs. 2         15.480      0.000
  Class 1 vs. 3         89.965      0.000  Class 1 vs. 4         40.642      0.000
  Class 2 vs. 3          2.554      0.110  Class 2 vs. 4         79.694      0.000
  Class 3 vs. 4        195.634      0.000

DEM_GEN
                          Mean       S.E.                          Mean       S.E.

  Class 1                0.500      0.017  Class 2                0.502      0.024
  Class 3                0.530      0.007  Class 4                0.490      0.050

                    Chi-Square     P-Value                   Chi-Square     P-Value

  Overall test           3.996      0.262  Class 1 vs. 2          0.003      0.954
  Class 1 vs. 3          2.455      0.117  Class 1 vs. 4          0.035      0.851
  Class 2 vs. 3          1.191      0.275  Class 2 vs. 4          0.046      0.829
  Class 3 vs. 4          0.575      0.448



TECHNICAL 11 OUTPUT

     Random Starts Specifications for the k-1 Class Analysis Model
        Number of initial stage random starts                1000
        Number of final stage optimizations                   200



     VUONG-LO-MENDELL-RUBIN LIKELIHOOD RATIO TEST FOR 3 (H0) VERSUS 4 CLASSES

          H0 Loglikelihood Value                       -11404.374
          2 Times the Loglikelihood Difference             39.005
          Difference in the Number of Parameters                6
          Mean                                              3.776
          Standard Deviation                                3.220
          P-Value                                          0.0000

     LO-MENDELL-RUBIN ADJUSTED LRT TEST

          Value                                            38.287
          P-Value                                          0.0000


TECHNICAL 14 OUTPUT

     Random Starts Specifications for the k-1 Class Analysis Model
        Number of initial stage random starts                1000
        Number of final stage optimizations                   200

     Random Starts Specification for the k-1 Class Model for Generated Data
        Number of initial stage random starts                   0
        Number of final stage optimizations for the
           initial stage random starts                          0
     Random Starts Specification for the k Class Model for Generated Data
        Number of initial stage random starts                  40
        Number of final stage optimizations                     8
     Number of bootstrap draws requested                   Varies


     PARAMETRIC BOOTSTRAPPED LIKELIHOOD RATIO TEST FOR 3 (H0) VERSUS 4 CLASSES

          H0 Loglikelihood Value                       -11404.374
          2 Times the Loglikelihood Difference             39.005
          Difference in the Number of Parameters                6
          Approximate P-Value                              0.0000
          Successful Bootstrap Draws                           20

     WARNING:  OF THE 20 BOOTSTRAP DRAWS, 20 DRAWS HAD BOTH A SMALLER LRT VALUE THAN THE
     OBSERVED LRT VALUE AND NOT A REPLICATED BEST LOGLIKELIHOOD VALUE FOR THE 4-CLASS MODEL.
     THIS MEANS THAT THE P-VALUE MAY NOT BE TRUSTWORTHY DUE TO LOCAL MAXIMA.
     INCREASE THE NUMBER OF RANDOM STARTS USING THE LRTSTARTS OPTION.



PLOT INFORMATION

The following plots are available:

  Histograms (sample values)
  Scatterplots (sample values)
  Sample proportions and estimated probabilities

DIAGRAM INFORMATION

  Mplus diagrams are currently not available for Mixture analysis.
  No diagram output was produced.


     Beginning Time:  14:02:34
        Ending Time:  14:02:45
       Elapsed Time:  00:00:11


Mplus VERSION 8.11 DEMO has the following limitations:
  Maximum number of dependent variables: 6
  Maximum number of independent variables: 2
  Maximum number of between variables: 2
  Maximum number of continuous latent variables in time series analysis: 2


MUTHEN & MUTHEN
3463 Stoner Ave.
Los Angeles, CA  90066

Tel: (310) 391-9971
Fax: (310) 391-8971
Web: www.StatModel.com
Support: Support@StatModel.com

Copyright (c) 1998-2024 Muthen & Muthen
