Mplus VERSION 8.11 DEMO
MUTHEN & MUTHEN
12/16/2025   9:36 PM

INPUT INSTRUCTIONS

  TITLE:
  Class 1
  DATA:
  FILE = "C:/Users/chens/Desktop/useme_lca/mplus_lca_sm/lca_sm.dat";
  VARIABLE:
  NAMES = caseid p_rule_sm p_use_sm p_know p_rule_b p_use_b c_try_sm dem_gen dem_age
       dem_inc dem_hisp weight;
   MISSING=.;
   categorical = p_rule_sm p_use_sm p_know p_rule_b p_use_b;
  usevar = p_rule_sm p_use_sm p_know p_rule_b p_use_b;
  classes = c(1);
  ANALYSIS:
  estimator = mlr;
      type = mixture;
      starts = 1000 200;
      processors = 10;
  OUTPUT:
  tech11 tech14;
  PLOT:
  type = plot3;
       series = p_rule_sm p_use_sm p_know p_rule_b p_use_b(*);



*** WARNING in VARIABLE command
  Note that only the first 8 characters of variable names are used in the output.
  Shorten variable names to avoid any confusion.
*** WARNING in PLOT command
  Note that only the first 8 characters of variable names are used in plots.
  If variable names are not unique within the first 8 characters, problems
  may occur.
*** WARNING in OUTPUT command
  TECH11 option is not available for TYPE=MIXTURE with only one class.
  Request for TECH11 is ignored.
*** WARNING in OUTPUT command
  TECH14 option is not available for TYPE=MIXTURE with only one class.
  Request for TECH14 is ignored.
   4 WARNING(S) FOUND IN THE INPUT INSTRUCTIONS




Class 1

SUMMARY OF ANALYSIS

Number of groups                                                 1
Number of observations                                        7301

Number of dependent variables                                    5
Number of independent variables                                  0
Number of continuous latent variables                            0
Number of categorical latent variables                           1

Observed dependent variables

  Binary and ordered categorical (ordinal)
   P_RULE_S    P_USE_SM    P_KNOW      P_RULE_B    P_USE_B

Categorical latent variables
   C


Estimator                                                      MLR
Information matrix                                        OBSERVED
Optimization Specifications for the Quasi-Newton Algorithm for
Continuous Outcomes
  Maximum number of iterations                                 100
  Convergence criterion                                  0.100D-05
Optimization Specifications for the EM Algorithm
  Maximum number of iterations                                 500
  Convergence criteria
    Loglikelihood change                                 0.100D-06
    Relative loglikelihood change                        0.100D-06
    Derivative                                           0.100D-05
Optimization Specifications for the M step of the EM Algorithm for
Categorical Latent variables
  Number of M step iterations                                    1
  M step convergence criterion                           0.100D-05
  Basis for M step termination                           ITERATION
Optimization Specifications for the M step of the EM Algorithm for
Censored, Binary or Ordered Categorical (Ordinal), Unordered
Categorical (Nominal) and Count Outcomes
  Number of M step iterations                                    1
  M step convergence criterion                           0.100D-05
  Basis for M step termination                           ITERATION
  Maximum value for logit thresholds                            15
  Minimum value for logit thresholds                           -15
  Minimum expected cell size for chi-square              0.100D-01
Maximum number of iterations for H1                           2000
Convergence criterion for H1                             0.100D-03
Optimization algorithm                                         EMA
Random Starts Specifications
  Number of initial stage random starts                       1000
  Number of final stage optimizations                          200
  Number of initial stage iterations                            10
  Initial stage convergence criterion                    0.100D+01
  Random starts scale                                    0.500D+01
  Random seed for generating random starts                       0
Link                                                         LOGIT

Input data file(s)
  C:/Users/chens/Desktop/useme_lca/mplus_lca_sm/lca_sm.dat
Input data format  FREE


SUMMARY OF DATA

     Number of missing data patterns             5
     Number of y missing data patterns           0
     Number of u missing data patterns           5


COVARIANCE COVERAGE OF DATA

Minimum covariance coverage value   0.100


     PROPORTION OF DATA PRESENT FOR U


           Covariance Coverage
              P_RULE_S      P_USE_SM      P_KNOW        P_RULE_B      P_USE_B
              ________      ________      ________      ________      ________
 P_RULE_S       0.995
 P_USE_SM       0.995         1.000
 P_KNOW         0.984         0.990         0.990
 P_RULE_B       0.995         0.996         0.986         0.996
 P_USE_B        0.995         1.000         0.990         0.996         1.000


UNIVARIATE PROPORTIONS AND COUNTS FOR CATEGORICAL VARIABLES

    P_RULE_S
      Category 1    0.840         6097.000
      Category 2    0.160         1165.000
    P_USE_SM
      Category 1    0.986         7201.000
      Category 2    0.014          100.000
    P_KNOW
      Category 1    0.888         6419.000
      Category 2    0.112          806.000
    P_RULE_B
      Category 1    0.871         6334.000
      Category 2    0.129          939.000
    P_USE_B
      Category 1    0.840         6134.000
      Category 2    0.160         1167.000


RANDOM STARTS RESULTS RANKED FROM THE BEST TO THE WORST LOGLIKELIHOOD VALUES

Final stage loglikelihood values at local maxima, seeds, and initial stage start numbers:

          -12259.295  118438           601
          -12259.295  342019           301
          -12259.295  964570           701
          -12259.295  246794           801
          -12259.295  700349           401
          -12259.295  36714            201
          -12259.295  371246           101
          -12259.295  137888           901
          -12259.295  294669           501
          -12259.295  unperturbed      0
          -12259.295  462953           7
          -12259.295  27071            15
          -12259.295  153942           31
          -12259.295  227563           63
          -12259.295  379729           512
          -12259.295  7959             256
          -12259.295  314034           513
          -12259.295  147440           514
          -12259.295  164305           128
          -12259.295  871851           257
          -12259.295  140849           515
          -12259.295  689529           516
          -12259.295  188498           258
          -12259.295  79212            517
          -12259.295  327475           518
          -12259.295  311214           64
          -12259.295  814975           129
          -12259.295  622860           259
          -12259.295  161421           519
          -12259.295  489927           520
          -12259.295  804660           260
          -12259.295  745972           521
          -12259.295  486622           522
          -12259.295  509733           130
          -12259.295  616917           261
          -12259.295  715255           523
          -12259.295  638611           524
          -12259.295  520177           262
          -12259.295  995249           525
          -12259.295  126371           526
          -12259.295  626891           32
          -12259.295  565819           65
          -12259.295  468036           131
          -12259.295  349263           263
          -12259.295  830292           527
          -12259.295  252346           528
          -12259.295  358488           264
          -12259.295  78862            529
          -12259.295  704798           530
          -12259.295  313407           132
          -12259.295  105435           265
          -12259.295  970689           266
          -12259.295  467339           66
          -12259.295  321390           133
          -12259.295  930323           267
          -12259.295  529455           268
          -12259.295  903369           134
          -12259.295  926283           269
          -12259.295  483369           270
          -12259.295  76974            16
          -12259.295  749453           33
          -12259.295  789985           67
          -12259.295  437181           135
          -12259.295  438144           271
          -12259.295  782821           272
          -12259.295  232559           136
          -12259.295  688839           273
          -12259.295  15715            274
          -12259.295  405079           68
          -12259.295  848331           137
          -12259.295  741888           138
          -12259.295  341041           34
          -12259.295  685657           69
          -12259.295  118421           139
          -12259.295  948615           140
          -12259.295  987090           70
          -12259.295  931874           141
          -12259.295  192071           142
          -12259.295  285380           1
          -12259.295  93468            3
          -12259.295  22089            143
          -12259.295  856536           144
          -12259.295  788796           145
          -12259.295  369602           146
          -12259.295  939021           8
          -12259.295  68985            17
          -12259.295  848356           602
          -12259.295  383979           603
          -12259.295  402699           604
          -12259.295  679832           302
          -12259.295  213189           605
          -12259.295  645052           910
          -12259.295  588923           606
          -12259.295  790452           303
          -12259.295  824956           607
          -12259.295  881886           608
          -12259.295  92689            304
          -12259.295  941525           609
          -12259.295  15270            610
          -12259.295  81117            305
          -12259.295  920593           611
          -12259.295  313306           612
          -12259.295  484687           306
          -12259.295  507218           613
          -12259.295  752476           614
          -12259.295  534864           307
          -12259.295  805935           615
          -12259.295  852283           616
          -12259.295  692169           308
          -12259.295  351807           617
          -12259.295  373815           618
          -12259.295  879338           309
          -12259.295  738393           619
          -12259.295  763285           620
          -12259.295  996231           310
          -12259.295  478421           311
          -12259.295  798839           312
          -12259.295  521575           313
          -12259.295  626087           314
          -12259.295  857799           315
          -12259.295  193042           316
          -12259.295  614009           317
          -12259.295  667250           318
          -12259.295  567165           319
          -12259.295  732596           320
          -12259.295  531546           702
          -12259.295  35191            703
          -12259.295  926762           704
          -12259.295  476393           705
          -12259.295  579138           706
          -12259.295  49293            707
          -12259.295  114433           708
          -12259.295  765586           709
          -12259.295  117391           710
          -12259.295  610181           711
          -12259.295  77210            712
          -12259.295  284716           713
          -12259.295  46502            714
          -12259.295  833196           715
          -12259.295  853781           716
          -12259.295  607072           717
          -12259.295  702492           718
          -12259.295  512403           719
          -12259.295  178031           720
          -12259.295  391368           802
          -12259.295  432513           803
          -12259.295  7886             804
          -12259.295  971853           402
          -12259.295  845580           805
          -12259.295  203508           806
          -12259.295  471040           403
          -12259.295  739214           807
          -12259.295  496344           808
          -12259.295  605565           404
          -12259.295  544077           809
          -12259.295  200041           810
          -12259.295  596257           405
          -12259.295  599136           811
          -12259.295  238317           812
          -12259.295  926797           406
          -12259.295  328661           813
          -12259.295  671390           814
          -12259.295  772131           407
          -12259.295  494149           815
          -12259.295  941975           816
          -12259.295  55115            408
          -12259.295  168888           817
          -12259.295  548245           818
          -12259.295  605161           409
          -12259.295  467561           819
          -12259.295  300697           820
          -12259.295  746978           410
          -12259.295  85734            411
          -12259.295  918558           412
          -12259.295  275475           413
          -12259.295  736574           414
          -12259.295  399508           415
          -12259.295  791285           416
          -12259.295  665121           417
          -12259.295  298275           418
          -12259.295  802682           419
          -12259.295  749635           420
          -12259.295  695453           902
          -12259.295  298201           903
          -12259.295  494209           904
          -12259.295  379823           905
          -12259.295  663090           906
          -12259.295  81951            907
          -12259.295  327927           908
          -12259.295  105656           909
          -12259.295  954914           911
          -12259.295  241299           912
          -12259.295  979450           913
          -12259.295  816435           914
          -12259.295  484116           915
          -12259.295  735928           916
          -12259.295  937068           982
          -12259.295  573367           986
          -12259.295  495490           990
          -12259.295  98068            998



THE MODEL ESTIMATION TERMINATED NORMALLY



MODEL FIT INFORMATION

Number of Free Parameters                        5

Loglikelihood

          H0 Value                      -12259.295
          H0 Scaling Correction Factor      1.0000
            for MLR

Information Criteria

          Akaike (AIC)                   24528.590
          Bayesian (BIC)                 24563.069
          Sample-Size Adjusted BIC       24547.180
            (n* = (n + 2) / 24)

Chi-Square Test of Model Fit for the Binary and Ordered Categorical
(Ordinal) Outcomes

          Pearson Chi-Square

          Value                           1150.881
          Degrees of Freedom                    26
          P-Value                           0.0000

          Likelihood Ratio Chi-Square

          The chi-square is negative for this model part.  This is most likely
          due to deleted cells in the H0 log-likelihood calculation.

Chi-Square Test for MCAR under the Unrestricted Latent Class Indicator Model

          Pearson Chi-Square

          Value                             36.918
          Degrees of Freedom                    52
          P-Value                           0.9435

          Likelihood Ratio Chi-Square

          Value                             32.961
          Degrees of Freedom                    52
          P-Value                           0.9818



FINAL CLASS COUNTS AND PROPORTIONS FOR THE LATENT CLASSES
BASED ON THE ESTIMATED MODEL

    Latent
   Classes

       1       7301.00000          1.00000


FINAL CLASS COUNTS AND PROPORTIONS FOR THE LATENT CLASSES
BASED ON ESTIMATED POSTERIOR PROBABILITIES

    Latent
   Classes

       1       7301.00000          1.00000


FINAL CLASS COUNTS AND PROPORTIONS FOR THE LATENT CLASSES
BASED ON THEIR MOST LIKELY LATENT CLASS MEMBERSHIP

Class Counts and Proportions

    Latent
   Classes

       1             7301          1.00000


Average Latent Class Probabilities for Most Likely Latent Class Membership (Row)
by Latent Class (Column)

           1

    1   1.000


Classification Probabilities for the Most Likely Latent Class Membership (Column)
by Latent Class (Row)

           1

    1   1.000


Logits for the Classification Probabilities for the Most Likely Latent Class Membership (Column)
by Latent Class (Row)

              1

    1      0.000


MODEL RESULTS

                                                    Two-Tailed
                    Estimate       S.E.  Est./S.E.    P-Value

Latent Class 1

 Thresholds
    P_RULE_S$1         1.655      0.032     51.762      0.000
    P_USE_SM$1         4.277      0.101     42.474      0.000
    P_KNOW$1           2.075      0.037     55.525      0.000
    P_RULE_B$1         1.909      0.035     54.587      0.000
    P_USE_B$1          1.659      0.032     51.960      0.000


QUALITY OF NUMERICAL RESULTS

     Condition Number for the Information Matrix              0.644E-01
       (ratio of smallest to largest eigenvalue)


RESULTS IN PROBABILITY SCALE

                                                    Two-Tailed
                    Estimate       S.E.  Est./S.E.    P-Value

Latent Class 1

 P_RULE_SM
    Category 1         0.840      0.004    194.950      0.000
    Category 2         0.160      0.004     37.251      0.000
 P_USE_SM
    Category 1         0.986      0.001    725.083      0.000
    Category 2         0.014      0.001     10.069      0.000
 P_KNOW
    Category 1         0.888      0.004    239.875      0.000
    Category 2         0.112      0.004     30.120      0.000
 P_RULE_B
    Category 1         0.871      0.004    221.495      0.000
    Category 2         0.129      0.004     32.836      0.000
 P_USE_B
    Category 1         0.840      0.004    195.897      0.000
    Category 2         0.160      0.004     37.270      0.000


PLOT INFORMATION

The following plots are available:

  Histograms (sample values)
  Scatterplots (sample values)
  Sample proportions and estimated probabilities

     Beginning Time:  21:36:52
        Ending Time:  21:36:56
       Elapsed Time:  00:00:04


Mplus VERSION 8.11 DEMO has the following limitations:
  Maximum number of dependent variables: 6
  Maximum number of independent variables: 2
  Maximum number of between variables: 2
  Maximum number of continuous latent variables in time series analysis: 2


MUTHEN & MUTHEN
3463 Stoner Ave.
Los Angeles, CA  90066

Tel: (310) 391-9971
Fax: (310) 391-8971
Web: www.StatModel.com
Support: Support@StatModel.com

Copyright (c) 1998-2024 Muthen & Muthen
