Mplus VERSION 8.11 DEMO
MUTHEN & MUTHEN
12/16/2025   9:37 PM

INPUT INSTRUCTIONS

  TITLE:
  Class 5
  DATA:
  FILE = "C:/Users/chens/Desktop/useme_lca/mplus_lca_sm/lca_sm.dat";
  VARIABLE:
  NAMES = caseid p_rule_sm p_use_sm p_know p_rule_b p_use_b c_try_sm dem_gen dem_age
       dem_inc dem_hisp weight;
   MISSING=.;
   categorical = p_rule_sm p_use_sm p_know p_rule_b p_use_b;
  usevar = p_rule_sm p_use_sm p_know p_rule_b p_use_b;
  classes = c(5);
  ANALYSIS:
  estimator = mlr;
      type = mixture;
      starts = 1000 200;
      processors = 10;
  OUTPUT:
  tech11 tech14;
  PLOT:
  type = plot3;
       series = p_rule_sm p_use_sm p_know p_rule_b p_use_b(*);



*** WARNING in VARIABLE command
  Note that only the first 8 characters of variable names are used in the output.
  Shorten variable names to avoid any confusion.
*** WARNING in PLOT command
  Note that only the first 8 characters of variable names are used in plots.
  If variable names are not unique within the first 8 characters, problems
  may occur.
   2 WARNING(S) FOUND IN THE INPUT INSTRUCTIONS




Class 5

SUMMARY OF ANALYSIS

Number of groups                                                 1
Number of observations                                        7301

Number of dependent variables                                    5
Number of independent variables                                  0
Number of continuous latent variables                            0
Number of categorical latent variables                           1

Observed dependent variables

  Binary and ordered categorical (ordinal)
   P_RULE_S    P_USE_SM    P_KNOW      P_RULE_B    P_USE_B

Categorical latent variables
   C


Estimator                                                      MLR
Information matrix                                        OBSERVED
Optimization Specifications for the Quasi-Newton Algorithm for
Continuous Outcomes
  Maximum number of iterations                                 100
  Convergence criterion                                  0.100D-05
Optimization Specifications for the EM Algorithm
  Maximum number of iterations                                 500
  Convergence criteria
    Loglikelihood change                                 0.100D-06
    Relative loglikelihood change                        0.100D-06
    Derivative                                           0.100D-05
Optimization Specifications for the M step of the EM Algorithm for
Categorical Latent variables
  Number of M step iterations                                    1
  M step convergence criterion                           0.100D-05
  Basis for M step termination                           ITERATION
Optimization Specifications for the M step of the EM Algorithm for
Censored, Binary or Ordered Categorical (Ordinal), Unordered
Categorical (Nominal) and Count Outcomes
  Number of M step iterations                                    1
  M step convergence criterion                           0.100D-05
  Basis for M step termination                           ITERATION
  Maximum value for logit thresholds                            15
  Minimum value for logit thresholds                           -15
  Minimum expected cell size for chi-square              0.100D-01
Maximum number of iterations for H1                           2000
Convergence criterion for H1                             0.100D-03
Optimization algorithm                                         EMA
Random Starts Specifications
  Number of initial stage random starts                       1000
  Number of final stage optimizations                          200
  Number of initial stage iterations                            10
  Initial stage convergence criterion                    0.100D+01
  Random starts scale                                    0.500D+01
  Random seed for generating random starts                       0
Link                                                         LOGIT

Input data file(s)
  C:/Users/chens/Desktop/useme_lca/mplus_lca_sm/lca_sm.dat
Input data format  FREE


SUMMARY OF DATA

     Number of missing data patterns             5
     Number of y missing data patterns           0
     Number of u missing data patterns           5


COVARIANCE COVERAGE OF DATA

Minimum covariance coverage value   0.100


     PROPORTION OF DATA PRESENT FOR U


           Covariance Coverage
              P_RULE_S      P_USE_SM      P_KNOW        P_RULE_B      P_USE_B
              ________      ________      ________      ________      ________
 P_RULE_S       0.995
 P_USE_SM       0.995         1.000
 P_KNOW         0.984         0.990         0.990
 P_RULE_B       0.995         0.996         0.986         0.996
 P_USE_B        0.995         1.000         0.990         0.996         1.000


UNIVARIATE PROPORTIONS AND COUNTS FOR CATEGORICAL VARIABLES

    P_RULE_S
      Category 1    0.840         6097.000
      Category 2    0.160         1165.000
    P_USE_SM
      Category 1    0.986         7201.000
      Category 2    0.014          100.000
    P_KNOW
      Category 1    0.888         6419.000
      Category 2    0.112          806.000
    P_RULE_B
      Category 1    0.871         6334.000
      Category 2    0.129          939.000
    P_USE_B
      Category 1    0.840         6134.000
      Category 2    0.160         1167.000


RANDOM STARTS RESULTS RANKED FROM THE BEST TO THE WORST LOGLIKELIHOOD VALUES

Final stage loglikelihood values at local maxima, seeds, and initial stage start numbers:

          -11384.080  575700           100
          -11384.080  779820           877
          -11384.085  268896           124
          -11384.086  434915           552
          -11384.086  264935           281
          -11384.088  51375            148
          -11384.088  787985           482
          -11384.088  967902           52
          -11384.089  915107           54
          -11384.090  266038           672
          -11384.095  951709           348
          -11384.139  46437            153
          -11384.186  545140           278
          -11384.186  502532           445
          -11384.186  373702           669
          -11384.186  299700           932
          -11384.186  22362            365
          -11384.186  226322           478
          -11384.186  182524           373
          -11384.186  247912           537
          -11384.186  865906           641
          -11384.186  76337            76
          -11384.186  548245           818
          -11384.186  798821           423
          -11384.187  997222           229
          -11384.231  686482           215
          -11384.231  438144           271
          -11384.234  576596           99
          -11384.235  609185           181
          -11384.236  371246           101
          -11384.241  856536           144
          -11384.244  267983           228
          -11384.248  326091           759
          -11384.271  7195             697
          -11384.272  207917           976
          -11384.279  887580           493
          -11384.288  800454           751
          -11384.313  247224           94
          -11384.314  318230           46
          -11384.314  370466           41
          -11384.314  645664           39
          -11384.315  152496           123
          -11384.562  391179           78
          -11384.575  227563           63
          -11384.585  784664           75
          -11384.872  405079           68
          -11385.061  392418           28

153 perturbed starting value run(s) did not converge or were rejected in the third stage.



THE BEST LOGLIKELIHOOD VALUE HAS BEEN REPLICATED.  RERUN WITH AT LEAST TWICE THE
RANDOM STARTS TO CHECK THAT THE BEST LOGLIKELIHOOD IS STILL OBTAINED AND REPLICATED.

     IN THE OPTIMIZATION, ONE OR MORE LOGIT THRESHOLDS APPROACHED EXTREME VALUES
     OF -15.000 AND 15.000 AND WERE FIXED TO STABILIZE MODEL ESTIMATION.  THESE
     VALUES IMPLY PROBABILITIES OF 0 AND 1.  IN THE MODEL RESULTS SECTION, THESE
     PARAMETERS HAVE 0 STANDARD ERRORS AND 999 IN THE Z-SCORE AND P-VALUE COLUMNS.




THE MODEL ESTIMATION TERMINATED NORMALLY



MODEL FIT INFORMATION

Number of Free Parameters                       29

Loglikelihood

          H0 Value                      -11384.080
          H0 Scaling Correction Factor      1.0122
            for MLR

Information Criteria

          Akaike (AIC)                   22826.159
          Bayesian (BIC)                 23026.136
          Sample-Size Adjusted BIC       22933.981
            (n* = (n + 2) / 24)

Chi-Square Test of Model Fit for the Binary and Ordered Categorical
(Ordinal) Outcomes

          Pearson Chi-Square

          Value                              1.757
          Degrees of Freedom                     2
          P-Value                           0.4154

          Likelihood Ratio Chi-Square

          Value                              2.065
          Degrees of Freedom                     2
          P-Value                           0.3560

Chi-Square Test for MCAR under the Unrestricted Latent Class Indicator Model

          Pearson Chi-Square

          Value                             36.918
          Degrees of Freedom                    52
          P-Value                           0.9435

          Likelihood Ratio Chi-Square

          Value                             32.961
          Degrees of Freedom                    52
          P-Value                           0.9818



FINAL CLASS COUNTS AND PROPORTIONS FOR THE LATENT CLASSES
BASED ON THE ESTIMATED MODEL

    Latent
   Classes

       1         45.05014          0.00617
       2        694.84693          0.09517
       3       4744.56872          0.64985
       4        538.58643          0.07377
       5       1277.94778          0.17504


FINAL CLASS COUNTS AND PROPORTIONS FOR THE LATENT CLASSES
BASED ON ESTIMATED POSTERIOR PROBABILITIES

    Latent
   Classes

       1         45.05014          0.00617
       2        694.84693          0.09517
       3       4744.56872          0.64985
       4        538.58643          0.07377
       5       1277.94778          0.17504


FINAL CLASS COUNTS AND PROPORTIONS FOR THE LATENT CLASSES
BASED ON THEIR MOST LIKELY LATENT CLASS MEMBERSHIP

Class Counts and Proportions

    Latent
   Classes

       1               18          0.00247
       2              577          0.07903
       3             5076          0.69525
       4              579          0.07930
       5             1051          0.14395


CLASSIFICATION QUALITY

     Entropy                         0.818


Average Latent Class Probabilities for Most Likely Latent Class Membership (Row)
by Latent Class (Column)

           1        2        3        4        5

    1   0.656    0.344    0.000    0.000    0.000
    2   0.048    0.770    0.000    0.006    0.176
    3   0.001    0.026    0.934    0.001    0.038
    4   0.003    0.028    0.000    0.913    0.055
    5   0.000    0.089    0.005    0.001    0.905


Classification Probabilities for the Most Likely Latent Class Membership (Column)
by Latent Class (Row)

           1        2        3        4        5

    1   0.262    0.617    0.078    0.043    0.000
    2   0.009    0.639    0.193    0.023    0.135
    3   0.000    0.000    0.999    0.000    0.001
    4   0.000    0.006    0.010    0.982    0.001
    5   0.000    0.079    0.151    0.025    0.745


Logits for the Classification Probabilities for the Most Likely Latent Class Membership (Column)
by Latent Class (Row)

              1        2        3        4        5

    1     12.477   13.333   11.258   10.673    0.000
    2     -2.720    1.554    0.358   -1.760    0.000
    3     -6.919   -6.919    6.895   -6.919    0.000
    4     -7.225    1.537    2.005    6.572    0.000
    5    -13.521   -2.238   -1.596   -3.393    0.000


MODEL RESULTS

                                                    Two-Tailed
                    Estimate       S.E.  Est./S.E.    P-Value

Latent Class 1

 Thresholds
    P_RULE_S$1        -0.257      1.028     -0.250      0.802
    P_USE_SM$1        -0.970     20.808     -0.047      0.963
    P_KNOW$1           0.568      1.976      0.288      0.774
    P_RULE_B$1        15.000      0.000    999.000    999.000
    P_USE_B$1         15.000      0.000    999.000    999.000

Latent Class 2

 Thresholds
    P_RULE_S$1        -0.958      0.517     -1.852      0.064
    P_USE_SM$1         2.232      0.994      2.247      0.025
    P_KNOW$1           2.104      0.786      2.678      0.007
    P_RULE_B$1         1.732      0.905      1.913      0.056
    P_USE_B$1         15.000      0.000    999.000    999.000

Latent Class 3

 Thresholds
    P_RULE_S$1        15.000      0.000    999.000    999.000
    P_USE_SM$1        15.000      0.000    999.000    999.000
    P_KNOW$1          15.000      0.000    999.000    999.000
    P_RULE_B$1         6.891      9.727      0.708      0.479
    P_USE_B$1          2.451      0.073     33.368      0.000

Latent Class 4

 Thresholds
    P_RULE_S$1         4.847      6.691      0.724      0.469
    P_USE_SM$1        15.000      0.000    999.000    999.000
    P_KNOW$1         -15.000      0.000    999.000    999.000
    P_RULE_B$1        15.000      0.000    999.000    999.000
    P_USE_B$1          1.538      0.142     10.845      0.000

Latent Class 5

 Thresholds
    P_RULE_S$1        -0.003      0.097     -0.032      0.974
    P_USE_SM$1        15.000      0.000    999.000    999.000
    P_KNOW$1           1.783      0.129     13.775      0.000
    P_RULE_B$1        -0.624      0.119     -5.263      0.000
    P_USE_B$1         -0.176      0.337     -0.523      0.601

Categorical Latent Variables

 Means
    C#1               -3.345      5.952     -0.562      0.574
    C#2               -0.609      0.456     -1.338      0.181
    C#3                1.312      0.180      7.278      0.000
    C#4               -0.864      0.214     -4.030      0.000


QUALITY OF NUMERICAL RESULTS

     Condition Number for the Information Matrix              0.131E-05
       (ratio of smallest to largest eigenvalue)


RESULTS IN PROBABILITY SCALE

                                                    Two-Tailed
                    Estimate       S.E.  Est./S.E.    P-Value

Latent Class 1

 P_RULE_SM
    Category 1         0.436      0.253      1.725      0.084
    Category 2         0.564      0.253      2.232      0.026
 P_USE_SM
    Category 1         0.275      4.147      0.066      0.947
    Category 2         0.725      4.147      0.175      0.861
 P_KNOW
    Category 1         0.638      0.456      1.399      0.162
    Category 2         0.362      0.456      0.793      0.428
 P_RULE_B
    Category 1         1.000      0.000      0.000      1.000
    Category 2         0.000      0.000      0.000      1.000
 P_USE_B
    Category 1         1.000      0.000      0.000      1.000
    Category 2         0.000      0.000      0.000      1.000

Latent Class 2

 P_RULE_SM
    Category 1         0.277      0.104      2.676      0.007
    Category 2         0.723      0.104      6.972      0.000
 P_USE_SM
    Category 1         0.903      0.087     10.387      0.000
    Category 2         0.097      0.087      1.114      0.265
 P_KNOW
    Category 1         0.891      0.076     11.705      0.000
    Category 2         0.109      0.076      1.428      0.153
 P_RULE_B
    Category 1         0.850      0.116      7.348      0.000
    Category 2         0.150      0.116      1.300      0.194
 P_USE_B
    Category 1         1.000      0.000      0.000      1.000
    Category 2         0.000      0.000      0.000      1.000

Latent Class 3

 P_RULE_SM
    Category 1         1.000      0.000      0.000      1.000
    Category 2         0.000      0.000      0.000      1.000
 P_USE_SM
    Category 1         1.000      0.000      0.000      1.000
    Category 2         0.000      0.000      0.000      1.000
 P_KNOW
    Category 1         1.000      0.000      0.000      1.000
    Category 2         0.000      0.000      0.000      1.000
 P_RULE_B
    Category 1         0.999      0.010    101.202      0.000
    Category 2         0.001      0.010      0.103      0.918
 P_USE_B
    Category 1         0.921      0.005    171.508      0.000
    Category 2         0.079      0.005     14.790      0.000

Latent Class 4

 P_RULE_SM
    Category 1         0.992      0.052     19.180      0.000
    Category 2         0.008      0.052      0.151      0.880
 P_USE_SM
    Category 1         1.000      0.000      0.000      1.000
    Category 2         0.000      0.000      0.000      1.000
 P_KNOW
    Category 1         0.000      0.000      0.000      1.000
    Category 2         1.000      0.000      0.000      1.000
 P_RULE_B
    Category 1         1.000      0.000      0.000      1.000
    Category 2         0.000      0.000      0.000      1.000
 P_USE_B
    Category 1         0.823      0.021     39.876      0.000
    Category 2         0.177      0.021      8.569      0.000

Latent Class 5

 P_RULE_SM
    Category 1         0.499      0.024     20.654      0.000
    Category 2         0.501      0.024     20.719      0.000
 P_USE_SM
    Category 1         1.000      0.000      0.000      1.000
    Category 2         0.000      0.000      0.000      1.000
 P_KNOW
    Category 1         0.856      0.016     53.679      0.000
    Category 2         0.144      0.016      9.024      0.000
 P_RULE_B
    Category 1         0.349      0.027     12.946      0.000
    Category 2         0.651      0.027     24.170      0.000
 P_USE_B
    Category 1         0.456      0.084      5.460      0.000
    Category 2         0.544      0.084      6.511      0.000


LATENT CLASS INDICATOR ODDS RATIOS FOR THE LATENT CLASSES

                                                95% C.I.
                    Estimate       S.E.  Lower 2.5% Upper 2.5%

Latent Class 1 Compared to Latent Class 2

 P_RULE_S
    Category > 1       0.496      0.625      0.042      5.854
 P_USE_SM
    Category > 1      24.591    520.470      0.000  *********
 P_KNOW
    Category > 1       4.643     11.193      0.041    523.323
 P_RULE_B
    Category > 1       0.000      0.000      0.000      0.000
 P_USE_B
    Category > 1       1.000      0.000      1.000      1.000

Latent Class 1 Compared to Latent Class 3

 P_RULE_S
    Category > 1   *********      0.000  *********  *********
 P_USE_SM
    Category > 1   *********      0.000  *********  *********
 P_KNOW
    Category > 1   *********      0.000  *********  *********
 P_RULE_B
    Category > 1       0.000      0.000      0.000      0.000
 P_USE_B
    Category > 1       0.000      0.000      0.000      0.000

Latent Class 1 Compared to Latent Class 4

 P_RULE_S
    Category > 1     164.718   1142.630      0.000  *********
 P_USE_SM
    Category > 1   *********      0.000  *********  *********
 P_KNOW
    Category > 1       0.000      0.000      0.000      0.000
 P_RULE_B
    Category > 1       1.000      0.000      1.000      1.000
 P_USE_B
    Category > 1       0.000      0.000      0.000      0.000

Latent Class 1 Compared to Latent Class 5

 P_RULE_S
    Category > 1       1.290      1.346      0.167      9.970
 P_USE_SM
    Category > 1   *********      0.000  *********  *********
 P_KNOW
    Category > 1       3.370      6.816      0.064    177.608
 P_RULE_B
    Category > 1       0.000      0.000      0.000      0.000
 P_USE_B
    Category > 1       0.000      0.000      0.000      0.000

Latent Class 2 Compared to Latent Class 3

 P_RULE_S
    Category > 1   *********      0.000  *********  *********
 P_USE_SM
    Category > 1   *********      0.000  *********  *********
 P_KNOW
    Category > 1   *********      0.000  *********  *********
 P_RULE_B
    Category > 1     173.943   1583.428      0.000  *********
 P_USE_B
    Category > 1       0.000      0.000      0.000      0.000

Latent Class 2 Compared to Latent Class 4

 P_RULE_S
    Category > 1     331.769   2240.972      0.001  *********
 P_USE_SM
    Category > 1   *********      0.000  *********  *********
 P_KNOW
    Category > 1       0.000      0.000      0.000      0.000
 P_RULE_B
    Category > 1   *********      0.000  *********  *********
 P_USE_B
    Category > 1       0.000      0.000      0.000      0.000

Latent Class 2 Compared to Latent Class 5

 P_RULE_S
    Category > 1       2.597      1.395      0.907      7.441
 P_USE_SM
    Category > 1   *********      0.000  *********  *********
 P_KNOW
    Category > 1       0.726      0.596      0.145      3.626
 P_RULE_B
    Category > 1       0.095      0.089      0.015      0.600
 P_USE_B
    Category > 1       0.000      0.000      0.000      0.000

Latent Class 3 Compared to Latent Class 4

 P_RULE_S
    Category > 1       0.000      0.000      0.000      0.000
 P_USE_SM
    Category > 1       1.000      0.000      1.000      1.000
 P_KNOW
    Category > 1       0.000      0.000      0.000      0.000
 P_RULE_B
    Category > 1    3324.221      0.000   3324.221   3324.221
 P_USE_B
    Category > 1       0.401      0.060      0.300      0.537

Latent Class 3 Compared to Latent Class 5

 P_RULE_S
    Category > 1       0.000      0.000      0.000      0.000
 P_USE_SM
    Category > 1       1.000      0.000      1.000      1.000
 P_KNOW
    Category > 1       0.000      0.000      0.000      0.000
 P_RULE_B
    Category > 1       0.001      0.005      0.000  *********
 P_USE_B
    Category > 1       0.072      0.026      0.036      0.146

Latent Class 4 Compared to Latent Class 5

 P_RULE_S
    Category > 1       0.008      0.052      0.000   3950.386
 P_USE_SM
    Category > 1       1.000      0.000      1.000      1.000
 P_KNOW
    Category > 1   *********      0.000  *********  *********
 P_RULE_B
    Category > 1       0.000      0.000      0.000      0.000
 P_USE_B
    Category > 1       0.180      0.072      0.082      0.394


TECHNICAL 11 OUTPUT

     Random Starts Specifications for the k-1 Class Analysis Model
        Number of initial stage random starts                1000
        Number of final stage optimizations                   200



     VUONG-LO-MENDELL-RUBIN LIKELIHOOD RATIO TEST FOR 4 (H0) VERSUS 5 CLASSES

          H0 Loglikelihood Value                       -11384.872
          2 Times the Loglikelihood Difference              1.585
          Difference in the Number of Parameters                6
          Mean                                              3.752
          Standard Deviation                                3.607
          P-Value                                          0.7058

     LO-MENDELL-RUBIN ADJUSTED LRT TEST

          Value                                             1.556
          P-Value                                          0.7104


TECHNICAL 14 OUTPUT

     Random Starts Specifications for the k-1 Class Analysis Model
        Number of initial stage random starts                1000
        Number of final stage optimizations                   200

     Random Starts Specification for the k-1 Class Model for Generated Data
        Number of initial stage random starts                   0
        Number of final stage optimizations for the
           initial stage random starts                          0
     Random Starts Specification for the k Class Model for Generated Data
        Number of initial stage random starts                  40
        Number of final stage optimizations                     8
     Number of bootstrap draws requested                   Varies


     PARAMETRIC BOOTSTRAPPED LIKELIHOOD RATIO TEST FOR 4 (H0) VERSUS 5 CLASSES

          H0 Loglikelihood Value                       -11384.872
          2 Times the Loglikelihood Difference              1.585
          Difference in the Number of Parameters                6
          Approximate P-Value                              1.0000
          Successful Bootstrap Draws                            2


PLOT INFORMATION

The following plots are available:

  Histograms (sample values)
  Scatterplots (sample values)
  Sample proportions and estimated probabilities

     Beginning Time:  21:37:37
        Ending Time:  21:37:52
       Elapsed Time:  00:00:15


Mplus VERSION 8.11 DEMO has the following limitations:
  Maximum number of dependent variables: 6
  Maximum number of independent variables: 2
  Maximum number of between variables: 2
  Maximum number of continuous latent variables in time series analysis: 2


MUTHEN & MUTHEN
3463 Stoner Ave.
Los Angeles, CA  90066

Tel: (310) 391-9971
Fax: (310) 391-8971
Web: www.StatModel.com
Support: Support@StatModel.com

Copyright (c) 1998-2024 Muthen & Muthen
