Mplus VERSION 8.11 DEMO
MUTHEN & MUTHEN
12/19/2025   7:05 PM

INPUT INSTRUCTIONS

  TITLE:      E-Cig 4 Class BCH - Ethnicity, Gender (12.19.2025)
      DATA:       FILE IS mplus_ecig.csv;
      VARIABLE:   NAMES ARE p_rule_ec p_use_ec p_know p_rule_b
                            p_use_b c_try_ec dem_gen dem_age dem_inc dem_hisp weight;
                  USEV ARE p_rule_ec p_use_ec p_know p_rule_b p_use_b;
                  CATEGORICAL = p_rule_ec p_use_ec p_know p_rule_b p_use_b;
                  CLASSES = c(4);
                  Missing are ALL (999);
  		Auxiliary = dem_hisp (bch) dem_gen (bch);
                  !BCH is preferred method for continuous distal outcomes
                  !DCAT  preferred method for categorical outcomes
                  !(Asparouhov & Muthen 2014)
      ANALYSIS:
                  TYPE = MIXTURE;
                  starts=1000 200;
      OUTPUT:     tech11 tech14;
      PLOT:	    type = plot3;
       		     series = p_rule_ec p_use_ec p_know p_rule_b p_use_b(*);




*** WARNING in VARIABLE command
  Note that only the first 8 characters of variable names are used in the output.
  Shorten variable names to avoid any confusion.
*** WARNING in PLOT command
  Note that only the first 8 characters of variable names are used in plots.
  If variable names are not unique within the first 8 characters, problems
  may occur.
   2 WARNING(S) FOUND IN THE INPUT INSTRUCTIONS



E-Cig 4 Class BCH - Ethnicity, Gender (12.19.2025)

SUMMARY OF ANALYSIS

Number of groups                                                 1
Number of observations                                        7301

Number of dependent variables                                    5
Number of independent variables                                  0
Number of continuous latent variables                            0
Number of categorical latent variables                           1

Observed dependent variables

  Binary and ordered categorical (ordinal)
   P_RULE_E    P_USE_EC    P_KNOW      P_RULE_B    P_USE_B

Observed auxiliary variables
   DEM_HISP    DEM_GEN

Categorical latent variables
   C


Estimator                                                      MLR
Information matrix                                        OBSERVED
Optimization Specifications for the Quasi-Newton Algorithm for
Continuous Outcomes
  Maximum number of iterations                                 100
  Convergence criterion                                  0.100D-05
Optimization Specifications for the EM Algorithm
  Maximum number of iterations                                 500
  Convergence criteria
    Loglikelihood change                                 0.100D-06
    Relative loglikelihood change                        0.100D-06
    Derivative                                           0.100D-05
Optimization Specifications for the M step of the EM Algorithm for
Categorical Latent variables
  Number of M step iterations                                    1
  M step convergence criterion                           0.100D-05
  Basis for M step termination                           ITERATION
Optimization Specifications for the M step of the EM Algorithm for
Censored, Binary or Ordered Categorical (Ordinal), Unordered
Categorical (Nominal) and Count Outcomes
  Number of M step iterations                                    1
  M step convergence criterion                           0.100D-05
  Basis for M step termination                           ITERATION
  Maximum value for logit thresholds                            15
  Minimum value for logit thresholds                           -15
  Minimum expected cell size for chi-square              0.100D-01
Maximum number of iterations for H1                           2000
Convergence criterion for H1                             0.100D-03
Optimization algorithm                                         EMA
Random Starts Specifications
  Number of initial stage random starts                       1000
  Number of final stage optimizations                          200
  Number of initial stage iterations                            10
  Initial stage convergence criterion                    0.100D+01
  Random starts scale                                    0.500D+01
  Random seed for generating random starts                       0
Link                                                         LOGIT

Input data file(s)
  mplus_ecig.csv
Input data format  FREE


SUMMARY OF DATA

     Number of missing data patterns             5
     Number of y missing data patterns           0
     Number of u missing data patterns           5


COVARIANCE COVERAGE OF DATA

Minimum covariance coverage value   0.100


     PROPORTION OF DATA PRESENT FOR U


           Covariance Coverage
              P_RULE_E      P_USE_EC      P_KNOW        P_RULE_B      P_USE_B
              ________      ________      ________      ________      ________
 P_RULE_E       0.996
 P_USE_EC       0.996         1.000
 P_KNOW         0.986         0.990         0.990
 P_RULE_B       0.996         0.996         0.986         0.996
 P_USE_B        0.996         1.000         0.990         0.996         1.000


UNIVARIATE PROPORTIONS AND COUNTS FOR CATEGORICAL VARIABLES

    P_RULE_E
      Category 1    0.827         6017.000
      Category 2    0.173         1255.000
    P_USE_EC
      Category 1    0.934         6817.000
      Category 2    0.066          484.000
    P_KNOW
      Category 1    0.888         6419.000
      Category 2    0.112          806.000
    P_RULE_B
      Category 1    0.871         6334.000
      Category 2    0.129          939.000
    P_USE_B
      Category 1    0.840         6134.000
      Category 2    0.160         1167.000


RANDOM STARTS RESULTS RANKED FROM THE BEST TO THE WORST LOGLIKELIHOOD VALUES

Final stage loglikelihood values at local maxima, seeds, and initial stage start numbers:

          -11863.343  484501           163
          -11863.343  7886             804
          -11863.343  87586            871
          -11863.343  247224           94
          -11863.343  829540           324
          -11863.343  907810           795
          -11863.343  654136           167
          -11863.343  900921           984
          -11863.343  318177           748
          -11863.343  85734            411
          -11863.343  351622           551
          -11863.343  648555           113
          -11863.343  775881           778
          -11863.343  497522           502
          -11863.343  443442           380
          -11863.343  662718           460
          -11863.343  400319           887
          -11863.343  326091           759
          -11863.343  657994           788
          -11863.343  46437            153
          -11863.343  424223           900
          -11863.558  850840           232
          -11864.413  772131           407
          -11872.482  40327            971
          -11877.435  951709           348
          -11887.077  791396           243
          -11887.077  714997           399
          -11887.077  440368           797
          -11889.559  411615           171
          -11889.613  125727           899

170 perturbed starting value run(s) did not converge or were rejected in the third stage.



THE BEST LOGLIKELIHOOD VALUE HAS BEEN REPLICATED.  RERUN WITH AT LEAST TWICE THE
RANDOM STARTS TO CHECK THAT THE BEST LOGLIKELIHOOD IS STILL OBTAINED AND REPLICATED.

     IN THE OPTIMIZATION, ONE OR MORE LOGIT THRESHOLDS APPROACHED EXTREME VALUES
     OF -15.000 AND 15.000 AND WERE FIXED TO STABILIZE MODEL ESTIMATION.  THESE
     VALUES IMPLY PROBABILITIES OF 0 AND 1.  IN THE MODEL RESULTS SECTION, THESE
     PARAMETERS HAVE 0 STANDARD ERRORS AND 999 IN THE Z-SCORE AND P-VALUE COLUMNS.




THE MODEL ESTIMATION TERMINATED NORMALLY



MODEL FIT INFORMATION

Number of Free Parameters                       23

Loglikelihood

          H0 Value                      -11863.343
          H0 Scaling Correction Factor      1.0068
            for MLR

Information Criteria

          Akaike (AIC)                   23772.686
          Bayesian (BIC)                 23931.288
          Sample-Size Adjusted BIC       23858.199
            (n* = (n + 2) / 24)

Chi-Square Test of Model Fit for the Binary and Ordered Categorical
(Ordinal) Outcomes

          Pearson Chi-Square

          Value                             29.027
          Degrees of Freedom                     8
          P-Value                           0.0003

          Likelihood Ratio Chi-Square

          Value                             28.420
          Degrees of Freedom                     8
          P-Value                           0.0004

Chi-Square Test for MCAR under the Unrestricted Latent Class Indicator Model

          Pearson Chi-Square

          Value                             22.504
          Degrees of Freedom                    52
          P-Value                           0.9999

          Likelihood Ratio Chi-Square

          Value                             26.182
          Degrees of Freedom                    52
          P-Value                           0.9989



FINAL CLASS COUNTS AND PROPORTIONS FOR THE LATENT CLASSES
BASED ON THE ESTIMATED MODEL

    Latent
   Classes

       1       5376.24293          0.73637
       2        765.13744          0.10480
       3        868.89619          0.11901
       4        290.72344          0.03982


FINAL CLASS COUNTS AND PROPORTIONS FOR THE LATENT CLASSES
BASED ON ESTIMATED POSTERIOR PROBABILITIES

    Latent
   Classes

       1       5376.24293          0.73637
       2        765.13744          0.10480
       3        868.89619          0.11901
       4        290.72344          0.03982


FINAL CLASS COUNTS AND PROPORTIONS FOR THE LATENT CLASSES
BASED ON THEIR MOST LIKELY LATENT CLASS MEMBERSHIP

Class Counts and Proportions

    Latent
   Classes

       1             5549          0.76003
       2              713          0.09766
       3              755          0.10341
       4              284          0.03890


CLASSIFICATION QUALITY

     Entropy                         0.921


Average Latent Class Probabilities for Most Likely Latent Class Membership (Row)
by Latent Class (Column)

           1        2        3        4

    1   0.968    0.011    0.015    0.005
    2   0.000    0.980    0.000    0.020
    3   0.005    0.000    0.986    0.008
    4   0.000    0.015    0.136    0.850


Classification Probabilities for the Most Likely Latent Class Membership (Column)
by Latent Class (Row)

           1        2        3        4

    1   0.999    0.000    0.001    0.000
    2   0.081    0.913    0.000    0.005
    3   0.099    0.000    0.857    0.044
    4   0.100    0.049    0.022    0.830


Logits for the Classification Probabilities for the Most Likely Latent Class Membership (Column)
by Latent Class (Row)

              1        2        3        4

    1     13.815    0.000    6.558    0.000
    2      2.707    5.131   -2.518    0.000
    3      0.799  -10.701    2.960    0.000
    4     -2.120   -2.833   -3.648    0.000


MODEL RESULTS

                                                    Two-Tailed
                    Estimate       S.E.  Est./S.E.    P-Value

Latent Class 1

 Thresholds
    P_RULE_E$1         3.472      0.463      7.494      0.000
    P_USE_EC$1        15.000      0.000    999.000    999.000
    P_KNOW$1           2.268      0.051     44.847      0.000
    P_RULE_B$1         3.806      0.139     27.387      0.000
    P_USE_B$1         15.000      0.000    999.000    999.000

Latent Class 2

 Thresholds
    P_RULE_E$1        15.000      0.000    999.000    999.000
    P_USE_EC$1         2.470      0.169     14.647      0.000
    P_KNOW$1           1.589      0.102     15.555      0.000
    P_RULE_B$1         1.388      0.097     14.260      0.000
    P_USE_B$1         -2.344      0.968     -2.421      0.015

Latent Class 3

 Thresholds
    P_RULE_E$1       -15.000      0.000    999.000    999.000
    P_USE_EC$1         1.410      0.097     14.492      0.000
    P_KNOW$1           1.726      0.114     15.184      0.000
    P_RULE_B$1        -1.222      0.460     -2.657      0.008
    P_USE_B$1          0.130      0.078      1.670      0.095

Latent Class 4

 Thresholds
    P_RULE_E$1        -1.277      0.212     -6.021      0.000
    P_USE_EC$1        -1.926      4.781     -0.403      0.687
    P_KNOW$1           1.591      0.189      8.439      0.000
    P_RULE_B$1        15.000      0.000    999.000    999.000
    P_USE_B$1          1.292      0.260      4.971      0.000

Categorical Latent Variables

 Means
    C#1                2.917      0.705      4.135      0.000
    C#2                0.968      0.702      1.378      0.168
    C#3                1.095      0.785      1.395      0.163


QUALITY OF NUMERICAL RESULTS

     Condition Number for the Information Matrix              0.257E-04
       (ratio of smallest to largest eigenvalue)


RESULTS IN PROBABILITY SCALE

                                                    Two-Tailed
                    Estimate       S.E.  Est./S.E.    P-Value

Latent Class 1

 P_RULE_EC
    Category 1         0.970      0.014     71.651      0.000
    Category 2         0.030      0.014      2.226      0.026
 P_USE_EC
    Category 1         1.000      0.000      0.000      1.000
    Category 2         0.000      0.000      0.000      1.000
 P_KNOW
    Category 1         0.906      0.004    210.807      0.000
    Category 2         0.094      0.004     21.819      0.000
 P_RULE_B
    Category 1         0.978      0.003    330.740      0.000
    Category 2         0.022      0.003      7.356      0.000
 P_USE_B
    Category 1         1.000      0.000      0.000      1.000
    Category 2         0.000      0.000      0.000      1.000

Latent Class 2

 P_RULE_EC
    Category 1         1.000      0.000      0.000      1.000
    Category 2         0.000      0.000      0.000      1.000
 P_USE_EC
    Category 1         0.922      0.012     76.039      0.000
    Category 2         0.078      0.012      6.432      0.000
 P_KNOW
    Category 1         0.830      0.014     57.744      0.000
    Category 2         0.170      0.014     11.789      0.000
 P_RULE_B
    Category 1         0.800      0.016     51.442      0.000
    Category 2         0.200      0.016     12.833      0.000
 P_USE_B
    Category 1         0.088      0.077      1.132      0.258
    Category 2         0.912      0.077     11.796      0.000

Latent Class 3

 P_RULE_EC
    Category 1         0.000      0.000      0.000      1.000
    Category 2         1.000      0.000      0.000      1.000
 P_USE_EC
    Category 1         0.804      0.015     52.375      0.000
    Category 2         0.196      0.015     12.793      0.000
 P_KNOW
    Category 1         0.849      0.015     58.219      0.000
    Category 2         0.151      0.015     10.364      0.000
 P_RULE_B
    Category 1         0.228      0.081      2.815      0.005
    Category 2         0.772      0.081      9.553      0.000
 P_USE_B
    Category 1         0.533      0.019     27.432      0.000
    Category 2         0.467      0.019     24.083      0.000

Latent Class 4

 P_RULE_EC
    Category 1         0.218      0.036      6.028      0.000
    Category 2         0.782      0.036     21.623      0.000
 P_USE_EC
    Category 1         0.127      0.531      0.240      0.811
    Category 2         0.873      0.531      1.645      0.100
 P_KNOW
    Category 1         0.831      0.027     31.343      0.000
    Category 2         0.169      0.027      6.384      0.000
 P_RULE_B
    Category 1         1.000      0.000      0.000      1.000
    Category 2         0.000      0.000      0.000      1.000
 P_USE_B
    Category 1         0.784      0.044     17.851      0.000
    Category 2         0.216      0.044      4.904      0.000


LATENT CLASS INDICATOR ODDS RATIOS FOR THE LATENT CLASSES

                                                95% C.I.
                    Estimate       S.E.  Lower 2.5% Upper 2.5%

Latent Class 1 Compared to Latent Class 2

 P_RULE_E
    Category > 1   *********      0.000  *********  *********
 P_USE_EC
    Category > 1       0.000      0.000      0.000      0.000
 P_KNOW
    Category > 1       0.507      0.059      0.404      0.637
 P_RULE_B
    Category > 1       0.089      0.015      0.064      0.125
 P_USE_B
    Category > 1       0.000      0.000      0.000      0.000

Latent Class 1 Compared to Latent Class 3

 P_RULE_E
    Category > 1       0.000      0.000      0.000      0.000
 P_USE_EC
    Category > 1       0.000      0.000      0.000      0.000
 P_KNOW
    Category > 1       0.581      0.070      0.459      0.736
 P_RULE_B
    Category > 1       0.007      0.003      0.003      0.017
 P_USE_B
    Category > 1       0.000      0.000      0.000      0.000

Latent Class 1 Compared to Latent Class 4

 P_RULE_E
    Category > 1       0.009      0.005      0.003      0.026
 P_USE_EC
    Category > 1       0.000      0.000      0.000      0.000
 P_KNOW
    Category > 1       0.508      0.101      0.344      0.751
 P_RULE_B
    Category > 1   72708.383      0.000  72708.383  72708.383
 P_USE_B
    Category > 1       0.000      0.000      0.000      0.000

Latent Class 2 Compared to Latent Class 3

 P_RULE_E
    Category > 1       0.000      0.000      0.000      0.000
 P_USE_EC
    Category > 1       0.346      0.066      0.238      0.503
 P_KNOW
    Category > 1       1.147      0.174      0.852      1.544
 P_RULE_B
    Category > 1       0.074      0.033      0.030      0.178
 P_USE_B
    Category > 1      11.870     11.510      1.774     79.402

Latent Class 2 Compared to Latent Class 4

 P_RULE_E
    Category > 1       0.000      0.000      0.000      0.000
 P_USE_EC
    Category > 1       0.012      0.059      0.000    139.270
 P_KNOW
    Category > 1       1.002      0.219      0.654      1.537
 P_RULE_B
    Category > 1   *********      0.000  *********  *********
 P_USE_B
    Category > 1      37.930     38.787      5.111    281.478

Latent Class 3 Compared to Latent Class 4

 P_RULE_E
    Category > 1   *********      0.000  *********  *********
 P_USE_EC
    Category > 1       0.036      0.170      0.000    415.604
 P_KNOW
    Category > 1       0.874      0.209      0.547      1.395
 P_RULE_B
    Category > 1   *********      0.000  *********  *********
 P_USE_B
    Category > 1       3.195      0.883      1.859      5.492


EQUALITY TESTS OF MEANS ACROSS CLASSES USING THE BCH PROCEDURE
WITH 3 DEGREE(S) OF FREEDOM FOR THE OVERALL TEST

DEM_HISP
                          Mean       S.E.                          Mean       S.E.

  Class 1                0.329      0.007  Class 2                0.248      0.016
  Class 3                0.191      0.015  Class 4                0.206      0.028

                    Chi-Square     P-Value                   Chi-Square     P-Value

  Overall test          97.293      0.000  Class 1 vs. 2         20.436      0.000
  Class 1 vs. 3         72.293      0.000  Class 1 vs. 4         17.808      0.000
  Class 2 vs. 3          6.608      0.010  Class 2 vs. 4          1.592      0.207
  Class 3 vs. 4          0.188      0.665

DEM_GEN
                          Mean       S.E.                          Mean       S.E.

  Class 1                0.527      0.007  Class 2                0.488      0.019
  Class 3                0.504      0.018  Class 4                0.549      0.035

                    Chi-Square     P-Value                   Chi-Square     P-Value

  Overall test           4.684      0.196  Class 1 vs. 2          3.468      0.063
  Class 1 vs. 3          1.249      0.264  Class 1 vs. 4          0.404      0.525
  Class 2 vs. 3          0.358      0.549  Class 2 vs. 4          2.253      0.133
  Class 3 vs. 4          1.201      0.273



TECHNICAL 11 OUTPUT

     Random Starts Specifications for the k-1 Class Analysis Model
        Number of initial stage random starts                1000
        Number of final stage optimizations                   200



     VUONG-LO-MENDELL-RUBIN LIKELIHOOD RATIO TEST FOR 3 (H0) VERSUS 4 CLASSES

          H0 Loglikelihood Value                       -11917.293
          2 Times the Loglikelihood Difference            107.901
          Difference in the Number of Parameters                6
          Mean                                              3.953
          Standard Deviation                                3.895
          P-Value                                          0.0000

     LO-MENDELL-RUBIN ADJUSTED LRT TEST

          Value                                           105.917
          P-Value                                          0.0000


TECHNICAL 14 OUTPUT

     Random Starts Specifications for the k-1 Class Analysis Model
        Number of initial stage random starts                1000
        Number of final stage optimizations                   200

     Random Starts Specification for the k-1 Class Model for Generated Data
        Number of initial stage random starts                   0
        Number of final stage optimizations for the
           initial stage random starts                          0
     Random Starts Specification for the k Class Model for Generated Data
        Number of initial stage random starts                  40
        Number of final stage optimizations                     8
     Number of bootstrap draws requested                   Varies


     PARAMETRIC BOOTSTRAPPED LIKELIHOOD RATIO TEST FOR 3 (H0) VERSUS 4 CLASSES

          H0 Loglikelihood Value                       -11917.293
          2 Times the Loglikelihood Difference            107.901
          Difference in the Number of Parameters                6
          Approximate P-Value                              0.0000
          Successful Bootstrap Draws                            5

     WARNING:  OF THE 5 BOOTSTRAP DRAWS, 3 DRAWS HAD BOTH A SMALLER LRT VALUE THAN THE
     OBSERVED LRT VALUE AND NOT A REPLICATED BEST LOGLIKELIHOOD VALUE FOR THE 4-CLASS MODEL.
     THIS MEANS THAT THE P-VALUE MAY NOT BE TRUSTWORTHY DUE TO LOCAL MAXIMA.
     INCREASE THE NUMBER OF RANDOM STARTS USING THE LRTSTARTS OPTION.



PLOT INFORMATION

The following plots are available:

  Histograms (sample values)
  Scatterplots (sample values)
  Sample proportions and estimated probabilities

DIAGRAM INFORMATION

  Mplus diagrams are currently not available for Mixture analysis.
  No diagram output was produced.


     Beginning Time:  19:05:03
        Ending Time:  19:05:12
       Elapsed Time:  00:00:09


Mplus VERSION 8.11 DEMO has the following limitations:
  Maximum number of dependent variables: 6
  Maximum number of independent variables: 2
  Maximum number of between variables: 2
  Maximum number of continuous latent variables in time series analysis: 2


MUTHEN & MUTHEN
3463 Stoner Ave.
Los Angeles, CA  90066

Tel: (310) 391-9971
Fax: (310) 391-8971
Web: www.StatModel.com
Support: Support@StatModel.com

Copyright (c) 1998-2024 Muthen & Muthen
