Mplus VERSION 8.11 DEMO
MUTHEN & MUTHEN
12/17/2025   2:01 PM

INPUT INSTRUCTIONS

  TITLE:      E-Cig 4 Class BCH - Child Tried, Age, Income (12.17.2025)
      DATA:       FILE IS mplus_ecig.csv;
      VARIABLE:   NAMES ARE p_rule_ec p_use_ec p_know p_rule_b
                            p_use_b c_try_ec dem_gen dem_age dem_inc dem_hisp weight;
                  USEV ARE p_rule_ec p_use_ec p_know p_rule_b p_use_b;
                  CATEGORICAL = p_rule_ec p_use_ec p_know p_rule_b p_use_b;
                  CLASSES = c(4);
                  Missing are ALL (999);
  		Auxiliary = c_try_ec (bch) dem_age (bch) dem_inc (bch);
                  !BCH is preferred method for continuous distal outcomes
                  !DCAT  preferred method for categorical outcomes
                  !(Asparouhov & Muthen 2014)
      ANALYSIS:
                  TYPE = MIXTURE;
                  starts=1000 200;
      OUTPUT:     tech11 tech14;
      PLOT:	    type = plot3;
       		     series = p_rule_ec p_use_ec p_know p_rule_b p_use_b(*);




*** WARNING in VARIABLE command
  Note that only the first 8 characters of variable names are used in the output.
  Shorten variable names to avoid any confusion.
*** WARNING in PLOT command
  Note that only the first 8 characters of variable names are used in plots.
  If variable names are not unique within the first 8 characters, problems
  may occur.
   2 WARNING(S) FOUND IN THE INPUT INSTRUCTIONS



E-Cig 4 Class BCH - Child Tried, Age, Income (12.17.2025)

SUMMARY OF ANALYSIS

Number of groups                                                 1
Number of observations                                        7301

Number of dependent variables                                    5
Number of independent variables                                  0
Number of continuous latent variables                            0
Number of categorical latent variables                           1

Observed dependent variables

  Binary and ordered categorical (ordinal)
   P_RULE_E    P_USE_EC    P_KNOW      P_RULE_B    P_USE_B

Observed auxiliary variables
   C_TRY_EC    DEM_AGE     DEM_INC

Categorical latent variables
   C


Estimator                                                      MLR
Information matrix                                        OBSERVED
Optimization Specifications for the Quasi-Newton Algorithm for
Continuous Outcomes
  Maximum number of iterations                                 100
  Convergence criterion                                  0.100D-05
Optimization Specifications for the EM Algorithm
  Maximum number of iterations                                 500
  Convergence criteria
    Loglikelihood change                                 0.100D-06
    Relative loglikelihood change                        0.100D-06
    Derivative                                           0.100D-05
Optimization Specifications for the M step of the EM Algorithm for
Categorical Latent variables
  Number of M step iterations                                    1
  M step convergence criterion                           0.100D-05
  Basis for M step termination                           ITERATION
Optimization Specifications for the M step of the EM Algorithm for
Censored, Binary or Ordered Categorical (Ordinal), Unordered
Categorical (Nominal) and Count Outcomes
  Number of M step iterations                                    1
  M step convergence criterion                           0.100D-05
  Basis for M step termination                           ITERATION
  Maximum value for logit thresholds                            15
  Minimum value for logit thresholds                           -15
  Minimum expected cell size for chi-square              0.100D-01
Maximum number of iterations for H1                           2000
Convergence criterion for H1                             0.100D-03
Optimization algorithm                                         EMA
Random Starts Specifications
  Number of initial stage random starts                       1000
  Number of final stage optimizations                          200
  Number of initial stage iterations                            10
  Initial stage convergence criterion                    0.100D+01
  Random starts scale                                    0.500D+01
  Random seed for generating random starts                       0
Link                                                         LOGIT

Input data file(s)
  mplus_ecig.csv
Input data format  FREE


SUMMARY OF DATA

     Number of missing data patterns             5
     Number of y missing data patterns           0
     Number of u missing data patterns           5


COVARIANCE COVERAGE OF DATA

Minimum covariance coverage value   0.100


     PROPORTION OF DATA PRESENT FOR U


           Covariance Coverage
              P_RULE_E      P_USE_EC      P_KNOW        P_RULE_B      P_USE_B
              ________      ________      ________      ________      ________
 P_RULE_E       0.996
 P_USE_EC       0.996         1.000
 P_KNOW         0.986         0.990         0.990
 P_RULE_B       0.996         0.996         0.986         0.996
 P_USE_B        0.996         1.000         0.990         0.996         1.000


UNIVARIATE PROPORTIONS AND COUNTS FOR CATEGORICAL VARIABLES

    P_RULE_E
      Category 1    0.827         6017.000
      Category 2    0.173         1255.000
    P_USE_EC
      Category 1    0.963         7033.000
      Category 2    0.037          268.000
    P_KNOW
      Category 1    0.888         6419.000
      Category 2    0.112          806.000
    P_RULE_B
      Category 1    0.871         6334.000
      Category 2    0.129          939.000
    P_USE_B
      Category 1    0.840         6134.000
      Category 2    0.160         1167.000


RANDOM STARTS RESULTS RANKED FROM THE BEST TO THE WORST LOGLIKELIHOOD VALUES

Final stage loglikelihood values at local maxima, seeds, and initial stage start numbers:

          -11349.814  318177           748
          -11349.814  702492           718
          -11349.814  900921           984
          -11349.814  291112           645
          -11349.814  424223           900
          -11349.814  326091           759
          -11349.814  94610            884
          -11349.814  670281           721
          -11349.814  197223           332
          -11349.814  158612           581
          -11349.814  443442           380
          -11349.815  85462            51
          -11349.815  155622           507
          -11349.815  17896            592
          -11349.815  375590           438
          -11349.815  961454           665
          -11349.816  602032           648
          -11349.816  204959           695
          -11349.816  471398           74
          -11349.816  499150           216
          -11349.816  645052           910
          -11349.816  667250           318
          -11349.816  329127           185
          -11349.816  850840           232
          -11349.816  772131           407
          -11350.018  283492           435
          -11350.018  152496           123

173 perturbed starting value run(s) did not converge or were rejected in the third stage.



THE BEST LOGLIKELIHOOD VALUE HAS BEEN REPLICATED.  RERUN WITH AT LEAST TWICE THE
RANDOM STARTS TO CHECK THAT THE BEST LOGLIKELIHOOD IS STILL OBTAINED AND REPLICATED.

     IN THE OPTIMIZATION, ONE OR MORE LOGIT THRESHOLDS APPROACHED EXTREME VALUES
     OF -15.000 AND 15.000 AND WERE FIXED TO STABILIZE MODEL ESTIMATION.  THESE
     VALUES IMPLY PROBABILITIES OF 0 AND 1.  IN THE MODEL RESULTS SECTION, THESE
     PARAMETERS HAVE 0 STANDARD ERRORS AND 999 IN THE Z-SCORE AND P-VALUE COLUMNS.

     THE STANDARD ERRORS OF THE MODEL PARAMETER ESTIMATES MAY NOT BE
     TRUSTWORTHY FOR SOME PARAMETERS DUE TO A NON-POSITIVE DEFINITE
     FIRST-ORDER DERIVATIVE PRODUCT MATRIX.  THIS MAY BE DUE TO THE STARTING
     VALUES BUT MAY ALSO BE AN INDICATION OF MODEL NONIDENTIFICATION.  THE
     CONDITION NUMBER IS       0.274D-12.  PROBLEM INVOLVING THE FOLLOWING PARAMETER:
     Parameter 9, %C#2%: [ P_RULE_B$1 ]




THE MODEL ESTIMATION TERMINATED NORMALLY



MODEL FIT INFORMATION

Number of Free Parameters                       23

Loglikelihood

          H0 Value                      -11349.814
          H0 Scaling Correction Factor      0.9562
            for MLR

Information Criteria

          Akaike (AIC)                   22745.628
          Bayesian (BIC)                 22904.231
          Sample-Size Adjusted BIC       22831.142
            (n* = (n + 2) / 24)

Chi-Square Test of Model Fit for the Binary and Ordered Categorical
(Ordinal) Outcomes

          Pearson Chi-Square

          Value                              9.154
          Degrees of Freedom                     8
          P-Value                           0.3295

          Likelihood Ratio Chi-Square

          Value                              8.247
          Degrees of Freedom                     8
          P-Value                           0.4097

Chi-Square Test for MCAR under the Unrestricted Latent Class Indicator Model

          Pearson Chi-Square

          Value                             20.271
          Degrees of Freedom                    52
          P-Value                           1.0000

          Likelihood Ratio Chi-Square

          Value                             25.153
          Degrees of Freedom                    52
          P-Value                           0.9994



FINAL CLASS COUNTS AND PROPORTIONS FOR THE LATENT CLASSES
BASED ON THE ESTIMATED MODEL

    Latent
   Classes

       1        765.03271          0.10478
       2        861.80734          0.11804
       3        342.03229          0.04685
       4       5332.12766          0.73033


FINAL CLASS COUNTS AND PROPORTIONS FOR THE LATENT CLASSES
BASED ON ESTIMATED POSTERIOR PROBABILITIES

    Latent
   Classes

       1        765.03271          0.10478
       2        861.80734          0.11804
       3        342.03229          0.04685
       4       5332.12766          0.73033


FINAL CLASS COUNTS AND PROPORTIONS FOR THE LATENT CLASSES
BASED ON THEIR MOST LIKELY LATENT CLASS MEMBERSHIP

Class Counts and Proportions

    Latent
   Classes

       1              714          0.09779
       2              887          0.12149
       3              222          0.03041
       4             5478          0.75031


CLASSIFICATION QUALITY

     Entropy                         0.942


Average Latent Class Probabilities for Most Likely Latent Class Membership (Row)
by Latent Class (Column)

           1        2        3        4

    1   1.000    0.000    0.000    0.000
    2   0.000    0.970    0.030    0.000
    3   0.000    0.000    0.993    0.007
    4   0.009    0.000    0.017    0.973


Classification Probabilities for the Most Likely Latent Class Membership (Column)
by Latent Class (Row)

           1        2        3        4

    1   0.933    0.000    0.000    0.067
    2   0.000    0.998    0.000    0.002
    3   0.000    0.079    0.645    0.276
    4   0.000    0.000    0.000    1.000


Logits for the Classification Probabilities for the Most Likely Latent Class Membership (Column)
by Latent Class (Row)

              1        2        3        4

    1      2.638  -11.108  -11.108    0.000
    2     -6.646    6.144   -7.669    0.000
    3    -12.529   -1.251    0.848    0.000
    4    -13.815  -13.815   -8.208    0.000


MODEL RESULTS

                                                    Two-Tailed
                    Estimate       S.E.  Est./S.E.    P-Value

Latent Class 1

 Thresholds
    P_RULE_E$1         1.402      0.094     14.909      0.000
    P_USE_EC$1        15.000      0.000    999.000    999.000
    P_KNOW$1           1.501      0.097     15.422      0.000
    P_RULE_B$1        15.000      0.000    999.000    999.000
    P_USE_B$1         -2.638     16.077     -0.164      0.870

Latent Class 2

 Thresholds
    P_RULE_E$1        -0.815      0.098     -8.289      0.000
    P_USE_EC$1        15.000      0.000    999.000    999.000
    P_KNOW$1           1.886      0.104     18.175      0.000
    P_RULE_B$1       -12.149     22.306     -0.545      0.586
    P_USE_B$1         -0.103      0.122     -0.844      0.399

Latent Class 3

 Thresholds
    P_RULE_E$1        -3.838      1.002     -3.830      0.000
    P_USE_EC$1        -0.644      1.540     -0.419      0.676
    P_KNOW$1           1.526      0.179      8.522      0.000
    P_RULE_B$1         1.200      0.161      7.445      0.000
    P_USE_B$1         15.000      0.000    999.000    999.000

Latent Class 4

 Thresholds
    P_RULE_E$1         3.384      0.398      8.495      0.000
    P_USE_EC$1         4.796      0.219     21.879      0.000
    P_KNOW$1           2.267      0.142     15.926      0.000
    P_RULE_B$1        15.000      0.000    999.000    999.000
    P_USE_B$1         15.000      0.000    999.000    999.000

Categorical Latent Variables

 Means
    C#1               -1.942      1.204     -1.613      0.107
    C#2               -1.822      0.177    -10.312      0.000
    C#3               -2.747      0.429     -6.397      0.000


QUALITY OF NUMERICAL RESULTS

     Condition Number for the Information Matrix              0.274E-12
       (ratio of smallest to largest eigenvalue)


RESULTS IN PROBABILITY SCALE

                                                    Two-Tailed
                    Estimate       S.E.  Est./S.E.    P-Value

Latent Class 1

 P_RULE_EC
    Category 1         0.803      0.015     53.846      0.000
    Category 2         0.197      0.015     13.251      0.000
 P_USE_EC
    Category 1         1.000      0.000      0.000      1.000
    Category 2         0.000      0.000      0.000      1.000
 P_KNOW
    Category 1         0.818      0.015     56.373      0.000
    Category 2         0.182      0.015     12.560      0.000
 P_RULE_B
    Category 1         1.000      0.000      0.000      1.000
    Category 2         0.000      0.000      0.000      1.000
 P_USE_B
    Category 1         0.067      1.001      0.067      0.947
    Category 2         0.933      1.001      0.932      0.351

Latent Class 2

 P_RULE_EC
    Category 1         0.307      0.021     14.661      0.000
    Category 2         0.693      0.021     33.137      0.000
 P_USE_EC
    Category 1         1.000      0.000      0.000      1.000
    Category 2         0.000      0.000      0.000      1.000
 P_KNOW
    Category 1         0.868      0.012     73.179      0.000
    Category 2         0.132      0.012     11.097      0.000
 P_RULE_B
    Category 1         0.000      0.000      0.045      0.964
    Category 2         1.000      0.000   8469.817      0.000
 P_USE_B
    Category 1         0.474      0.030     15.634      0.000
    Category 2         0.526      0.030     17.325      0.000

Latent Class 3

 P_RULE_EC
    Category 1         0.021      0.021      1.019      0.308
    Category 2         0.979      0.021     47.346      0.000
 P_USE_EC
    Category 1         0.344      0.348      0.991      0.322
    Category 2         0.656      0.348      1.887      0.059
 P_KNOW
    Category 1         0.821      0.026     31.272      0.000
    Category 2         0.179      0.026      6.797      0.000
 P_RULE_B
    Category 1         0.769      0.029     26.803      0.000
    Category 2         0.231      0.029      8.071      0.000
 P_USE_B
    Category 1         1.000      0.000      0.000      1.000
    Category 2         0.000      0.000      0.000      1.000

Latent Class 4

 P_RULE_EC
    Category 1         0.967      0.013     76.512      0.000
    Category 2         0.033      0.013      2.596      0.009
 P_USE_EC
    Category 1         0.992      0.002    556.445      0.000
    Category 2         0.008      0.002      4.600      0.000
 P_KNOW
    Category 1         0.906      0.012     74.825      0.000
    Category 2         0.094      0.012      7.753      0.000
 P_RULE_B
    Category 1         1.000      0.000      0.000      1.000
    Category 2         0.000      0.000      0.000      1.000
 P_USE_B
    Category 1         1.000      0.000      0.000      1.000
    Category 2         0.000      0.000      0.000      1.000


LATENT CLASS INDICATOR ODDS RATIOS FOR THE LATENT CLASSES

                                                95% C.I.
                    Estimate       S.E.  Lower 2.5% Upper 2.5%

Latent Class 1 Compared to Latent Class 2

 P_RULE_E
    Category > 1       0.109      0.015      0.084      0.142
 P_USE_EC
    Category > 1       1.000      0.000      1.000      1.000
 P_KNOW
    Category > 1       1.469      0.209      1.112      1.942
 P_RULE_B
    Category > 1       0.000      0.000      0.000      0.000
 P_USE_B
    Category > 1      12.625    201.872      0.000  *********

Latent Class 1 Compared to Latent Class 3

 P_RULE_E
    Category > 1       0.005      0.005      0.001      0.038
 P_USE_EC
    Category > 1       0.000      0.000      0.000      0.000
 P_KNOW
    Category > 1       1.025      0.209      0.687      1.529
 P_RULE_B
    Category > 1       0.000      0.000      0.000      0.000
 P_USE_B
    Category > 1   *********      0.000  *********  *********

Latent Class 1 Compared to Latent Class 4

 P_RULE_E
    Category > 1       7.254      2.975      3.246     16.207
 P_USE_EC
    Category > 1       0.000      0.000      0.000      0.000
 P_KNOW
    Category > 1       2.150      0.372      1.533      3.017
 P_RULE_B
    Category > 1       1.000      0.000      1.000      1.000
 P_USE_B
    Category > 1   *********      0.000  *********  *********

Latent Class 2 Compared to Latent Class 3

 P_RULE_E
    Category > 1       0.049      0.049      0.007      0.355
 P_USE_EC
    Category > 1       0.000      0.000      0.000      0.000
 P_KNOW
    Category > 1       0.698      0.147      0.462      1.055
 P_RULE_B
    Category > 1   *********  *********      0.000  *********
 P_USE_B
    Category > 1   *********      0.000  *********  *********

Latent Class 2 Compared to Latent Class 4

 P_RULE_E
    Category > 1      66.620     26.512     30.539    145.331
 P_USE_EC
    Category > 1       0.000      0.000      0.000      0.000
 P_KNOW
    Category > 1       1.464      0.266      1.024      2.091
 P_RULE_B
    Category > 1   *********      0.000  *********  *********
 P_USE_B
    Category > 1   *********      0.000  *********  *********

Latent Class 3 Compared to Latent Class 4

 P_RULE_E
    Category > 1    1368.882   1495.469    160.854  11649.282
 P_USE_EC
    Category > 1     230.405    333.929     13.453   3946.142
 P_KNOW
    Category > 1       2.098      0.479      1.341      3.281
 P_RULE_B
    Category > 1   *********      0.000  *********  *********
 P_USE_B
    Category > 1       1.000      0.000      1.000      1.000


EQUALITY TESTS OF MEANS ACROSS CLASSES USING THE BCH PROCEDURE
WITH 3 DEGREE(S) OF FREEDOM FOR THE OVERALL TEST

C_TRY_EC

   NUMBER OF DELETED OBSERVATIONS FOR THE AUXILIARY VARIABLE:  9
   NUMBER OF OBSERVATIONS USED FOR THE AUXILIARY VARIABLE:  7292

                          Mean       S.E.                          Mean       S.E.

  Class 1                0.211      0.015  Class 2                0.186      0.014
  Class 3                0.244      0.029  Class 4                0.101      0.004

                    Chi-Square     P-Value                   Chi-Square     P-Value

  Overall test          93.475      0.000  Class 1 vs. 2          1.456      0.228
  Class 1 vs. 3          1.045      0.307  Class 1 vs. 4         46.605      0.000
  Class 2 vs. 3          3.140      0.076  Class 2 vs. 4         35.473      0.000
  Class 3 vs. 4         22.953      0.000

DEM_AGE
                          Mean       S.E.                          Mean       S.E.

  Class 1                0.310      0.017  Class 2                0.329      0.016
  Class 3                0.297      0.031  Class 4                0.342      0.007

                    Chi-Square     P-Value                   Chi-Square     P-Value

  Overall test           4.803      0.187  Class 1 vs. 2          0.675      0.411
  Class 1 vs. 3          0.125      0.724  Class 1 vs. 4          3.075      0.079
  Class 2 vs. 3          0.803      0.370  Class 2 vs. 4          0.568      0.451
  Class 3 vs. 4          1.987      0.159

DEM_INC

   NUMBER OF DELETED OBSERVATIONS FOR THE AUXILIARY VARIABLE:  351
   NUMBER OF OBSERVATIONS USED FOR THE AUXILIARY VARIABLE:  6950

                          Mean       S.E.                          Mean       S.E.

  Class 1                0.534      0.019  Class 2                0.415      0.017
  Class 3                0.676      0.032  Class 4                0.676      0.007

                    Chi-Square     P-Value                   Chi-Square     P-Value

  Overall test         224.147      0.000  Class 1 vs. 2         21.498      0.000
  Class 1 vs. 3         14.447      0.000  Class 1 vs. 4         48.758      0.000
  Class 2 vs. 3         48.676      0.000  Class 2 vs. 4        195.238      0.000
  Class 3 vs. 4          0.000      0.998



TECHNICAL 11 OUTPUT

     Random Starts Specifications for the k-1 Class Analysis Model
        Number of initial stage random starts                1000
        Number of final stage optimizations                   200



     VUONG-LO-MENDELL-RUBIN LIKELIHOOD RATIO TEST FOR 3 (H0) VERSUS 4 CLASSES

          H0 Loglikelihood Value                       -11371.530
          2 Times the Loglikelihood Difference             43.431
          Difference in the Number of Parameters                6
          Mean                                              1.109
          Standard Deviation                                2.659
          P-Value                                          0.0000

     LO-MENDELL-RUBIN ADJUSTED LRT TEST

          Value                                            42.632
          P-Value                                          0.0000


TECHNICAL 14 OUTPUT

     Random Starts Specifications for the k-1 Class Analysis Model
        Number of initial stage random starts                1000
        Number of final stage optimizations                   200

     Random Starts Specification for the k-1 Class Model for Generated Data
        Number of initial stage random starts                   0
        Number of final stage optimizations for the
           initial stage random starts                          0
     Random Starts Specification for the k Class Model for Generated Data
        Number of initial stage random starts                  40
        Number of final stage optimizations                     8
     Number of bootstrap draws requested                   Varies


     PARAMETRIC BOOTSTRAPPED LIKELIHOOD RATIO TEST FOR 3 (H0) VERSUS 4 CLASSES

          H0 Loglikelihood Value                       -11371.530
          2 Times the Loglikelihood Difference             43.431
          Difference in the Number of Parameters                6
          Approximate P-Value                              0.0000
          Successful Bootstrap Draws                            5

     WARNING:  OF THE 5 BOOTSTRAP DRAWS, 7 DRAWS HAD BOTH A SMALLER LRT VALUE THAN THE
     OBSERVED LRT VALUE AND NOT A REPLICATED BEST LOGLIKELIHOOD VALUE FOR THE 4-CLASS MODEL.
     THIS MEANS THAT THE P-VALUE MAY NOT BE TRUSTWORTHY DUE TO LOCAL MAXIMA.
     INCREASE THE NUMBER OF RANDOM STARTS USING THE LRTSTARTS OPTION.


     WARNING:  2 OUT OF 7 BOOTSTRAP DRAWS DID NOT CONVERGE.
     INCREASE THE NUMBER OF RANDOM STARTS USING THE LRTSTARTS OPTION.



PLOT INFORMATION

The following plots are available:

  Histograms (sample values)
  Scatterplots (sample values)
  Sample proportions and estimated probabilities

DIAGRAM INFORMATION

  Mplus diagrams are currently not available for Mixture analysis.
  No diagram output was produced.


     Beginning Time:  14:01:56
        Ending Time:  14:02:04
       Elapsed Time:  00:00:08


Mplus VERSION 8.11 DEMO has the following limitations:
  Maximum number of dependent variables: 6
  Maximum number of independent variables: 2
  Maximum number of between variables: 2
  Maximum number of continuous latent variables in time series analysis: 2


MUTHEN & MUTHEN
3463 Stoner Ave.
Los Angeles, CA  90066

Tel: (310) 391-9971
Fax: (310) 391-8971
Web: www.StatModel.com
Support: Support@StatModel.com

Copyright (c) 1998-2024 Muthen & Muthen
