Mplus VERSION 8.11 DEMO
MUTHEN & MUTHEN
12/19/2025   7:07 PM

INPUT INSTRUCTIONS

  TITLE:      Smokeless 4 Class BCH - Child Tried, Age, Income (12.19.2025)
      DATA:       FILE IS mplus_sm.csv;
      VARIABLE:   NAMES ARE p_rule_sm p_use_sm p_know p_rule_b
                            p_use_b c_try_sm dem_gen dem_age dem_inc dem_hisp weight;
                  USEV ARE p_rule_sm p_use_sm p_know p_rule_b p_use_b;
                  CATEGORICAL = p_rule_sm p_use_sm p_know p_rule_b p_use_b;
                  CLASSES = c(4);
                  Missing are ALL (999);
  		Auxiliary = c_try_sm (bch) dem_age (bch) dem_inc (bch);
                  !BCH is preferred method for continuous distal outcomes
                  !DCAT  preferred method for categorical outcomes
                  !(Asparouhov & Muthen 2014)
      ANALYSIS:
                  TYPE = MIXTURE;
                  starts=1000 200;
      OUTPUT:     tech11 tech14;
      PLOT:	    type = plot3;
       		     series = p_rule_sm p_use_sm p_know p_rule_b p_use_b(*);




*** WARNING in VARIABLE command
  Note that only the first 8 characters of variable names are used in the output.
  Shorten variable names to avoid any confusion.
*** WARNING in PLOT command
  Note that only the first 8 characters of variable names are used in plots.
  If variable names are not unique within the first 8 characters, problems
  may occur.
   2 WARNING(S) FOUND IN THE INPUT INSTRUCTIONS



Smokeless 4 Class BCH - Child Tried, Age, Income (12.19.2025)

SUMMARY OF ANALYSIS

Number of groups                                                 1
Number of observations                                        7301

Number of dependent variables                                    5
Number of independent variables                                  0
Number of continuous latent variables                            0
Number of categorical latent variables                           1

Observed dependent variables

  Binary and ordered categorical (ordinal)
   P_RULE_S    P_USE_SM    P_KNOW      P_RULE_B    P_USE_B

Observed auxiliary variables
   C_TRY_SM    DEM_AGE     DEM_INC

Categorical latent variables
   C


Estimator                                                      MLR
Information matrix                                        OBSERVED
Optimization Specifications for the Quasi-Newton Algorithm for
Continuous Outcomes
  Maximum number of iterations                                 100
  Convergence criterion                                  0.100D-05
Optimization Specifications for the EM Algorithm
  Maximum number of iterations                                 500
  Convergence criteria
    Loglikelihood change                                 0.100D-06
    Relative loglikelihood change                        0.100D-06
    Derivative                                           0.100D-05
Optimization Specifications for the M step of the EM Algorithm for
Categorical Latent variables
  Number of M step iterations                                    1
  M step convergence criterion                           0.100D-05
  Basis for M step termination                           ITERATION
Optimization Specifications for the M step of the EM Algorithm for
Censored, Binary or Ordered Categorical (Ordinal), Unordered
Categorical (Nominal) and Count Outcomes
  Number of M step iterations                                    1
  M step convergence criterion                           0.100D-05
  Basis for M step termination                           ITERATION
  Maximum value for logit thresholds                            15
  Minimum value for logit thresholds                           -15
  Minimum expected cell size for chi-square              0.100D-01
Maximum number of iterations for H1                           2000
Convergence criterion for H1                             0.100D-03
Optimization algorithm                                         EMA
Random Starts Specifications
  Number of initial stage random starts                       1000
  Number of final stage optimizations                          200
  Number of initial stage iterations                            10
  Initial stage convergence criterion                    0.100D+01
  Random starts scale                                    0.500D+01
  Random seed for generating random starts                       0
Link                                                         LOGIT

Input data file(s)
  mplus_sm.csv
Input data format  FREE


SUMMARY OF DATA

     Number of missing data patterns             5
     Number of y missing data patterns           0
     Number of u missing data patterns           5


COVARIANCE COVERAGE OF DATA

Minimum covariance coverage value   0.100


     PROPORTION OF DATA PRESENT FOR U


           Covariance Coverage
              P_RULE_S      P_USE_SM      P_KNOW        P_RULE_B      P_USE_B
              ________      ________      ________      ________      ________
 P_RULE_S       0.995
 P_USE_SM       0.995         1.000
 P_KNOW         0.984         0.990         0.990
 P_RULE_B       0.995         0.996         0.986         0.996
 P_USE_B        0.995         1.000         0.990         0.996         1.000


UNIVARIATE PROPORTIONS AND COUNTS FOR CATEGORICAL VARIABLES

    P_RULE_S
      Category 1    0.840         6097.000
      Category 2    0.160         1165.000
    P_USE_SM
      Category 1    0.977         7130.000
      Category 2    0.023          171.000
    P_KNOW
      Category 1    0.888         6419.000
      Category 2    0.112          806.000
    P_RULE_B
      Category 1    0.871         6334.000
      Category 2    0.129          939.000
    P_USE_B
      Category 1    0.840         6134.000
      Category 2    0.160         1167.000


RANDOM STARTS RESULTS RANKED FROM THE BEST TO THE WORST LOGLIKELIHOOD VALUES

Final stage loglikelihood values at local maxima, seeds, and initial stage start numbers:

          -11652.280  484501           163
          -11652.280  961454           665
          -11652.280  772131           407
          -11652.280  155622           507
          -11652.280  657994           788
          -11652.280  376411           473
          -11652.280  247224           94
          -11652.280  318177           748
          -11652.280  549244           756
          -11652.280  443442           380
          -11652.280  46437            153
          -11652.280  829540           324
          -11652.280  702492           718
          -11652.280  604861           800
          -11652.280  207917           976
          -11652.280  907810           795
          -11652.280  505879           424
          -11652.280  518828           432
          -11652.280  326091           759
          -11652.280  602032           648
          -11652.280  276102           599
          -11652.444  81233            825
          -11652.444  978061           488
          -11652.444  850840           232
          -11652.444  49221            254
          -11655.497  351622           551
          -11656.126  411615           171
          -11656.193  805935           615
          -11656.338  561664           392
          -11656.338  715255           523
          -11656.338  595759           997
          -11656.338  366706           29
          -11661.509  152496           123
          -11678.474  47719            962

166 perturbed starting value run(s) did not converge or were rejected in the third stage.



THE BEST LOGLIKELIHOOD VALUE HAS BEEN REPLICATED.  RERUN WITH AT LEAST TWICE THE
RANDOM STARTS TO CHECK THAT THE BEST LOGLIKELIHOOD IS STILL OBTAINED AND REPLICATED.

     IN THE OPTIMIZATION, ONE OR MORE LOGIT THRESHOLDS APPROACHED EXTREME VALUES
     OF -15.000 AND 15.000 AND WERE FIXED TO STABILIZE MODEL ESTIMATION.  THESE
     VALUES IMPLY PROBABILITIES OF 0 AND 1.  IN THE MODEL RESULTS SECTION, THESE
     PARAMETERS HAVE 0 STANDARD ERRORS AND 999 IN THE Z-SCORE AND P-VALUE COLUMNS.




THE MODEL ESTIMATION TERMINATED NORMALLY



MODEL FIT INFORMATION

Number of Free Parameters                       23

Loglikelihood

          H0 Value                      -11652.280
          H0 Scaling Correction Factor      1.0055
            for MLR

Information Criteria

          Akaike (AIC)                   23350.559
          Bayesian (BIC)                 23509.162
          Sample-Size Adjusted BIC       23436.073
            (n* = (n + 2) / 24)

Chi-Square Test of Model Fit for the Binary and Ordered Categorical
(Ordinal) Outcomes

          Pearson Chi-Square

          Value                             23.770
          Degrees of Freedom                     8
          P-Value                           0.0025

          Likelihood Ratio Chi-Square

          Value                             24.544
          Degrees of Freedom                     8
          P-Value                           0.0019

Chi-Square Test for MCAR under the Unrestricted Latent Class Indicator Model

          Pearson Chi-Square

          Value                             41.521
          Degrees of Freedom                    52
          P-Value                           0.8507

          Likelihood Ratio Chi-Square

          Value                             36.698
          Degrees of Freedom                    52
          P-Value                           0.9466



FINAL CLASS COUNTS AND PROPORTIONS FOR THE LATENT CLASSES
BASED ON THE ESTIMATED MODEL

    Latent
   Classes

       1       5289.23932          0.72445
       2        982.46097          0.13457
       3        796.22058          0.10906
       4        233.07912          0.03192


FINAL CLASS COUNTS AND PROPORTIONS FOR THE LATENT CLASSES
BASED ON ESTIMATED POSTERIOR PROBABILITIES

    Latent
   Classes

       1       5289.23932          0.72445
       2        982.46097          0.13457
       3        796.22058          0.10906
       4        233.07912          0.03192


FINAL CLASS COUNTS AND PROPORTIONS FOR THE LATENT CLASSES
BASED ON THEIR MOST LIKELY LATENT CLASS MEMBERSHIP

Class Counts and Proportions

    Latent
   Classes

       1             5774          0.79085
       2              818          0.11204
       3              618          0.08465
       4               91          0.01246


CLASSIFICATION QUALITY

     Entropy                         0.803


Average Latent Class Probabilities for Most Likely Latent Class Membership (Row)
by Latent Class (Column)

           1        2        3        4

    1   0.914    0.035    0.027    0.023
    2   0.000    0.942    0.050    0.009
    3   0.016    0.004    0.955    0.025
    4   0.000    0.060    0.104    0.836


Classification Probabilities for the Most Likely Latent Class Membership (Column)
by Latent Class (Row)

           1        2        3        4

    1   0.998    0.000    0.002    0.000
    2   0.208    0.784    0.003    0.006
    3   0.196    0.051    0.741    0.012
    4   0.577    0.031    0.066    0.326


Logits for the Classification Probabilities for the Most Likely Latent Class Membership (Column)
by Latent Class (Row)

              1        2        3        4

    1     13.814    0.000    7.542    0.000
    2      3.620    4.949   -0.733    0.000
    3      2.802    1.453    4.132    0.000
    4      0.571   -2.369   -1.604    0.000


MODEL RESULTS

                                                    Two-Tailed
                    Estimate       S.E.  Est./S.E.    P-Value

Latent Class 1

 Thresholds
    P_RULE_S$1         2.809      0.250     11.226      0.000
    P_USE_SM$1        15.000      0.000    999.000    999.000
    P_KNOW$1           2.311      0.076     30.488      0.000
    P_RULE_B$1         3.564      0.338     10.549      0.000
    P_USE_B$1         15.000      0.000    999.000    999.000

Latent Class 2

 Thresholds
    P_RULE_S$1        15.000      0.000    999.000    999.000
    P_USE_SM$1         3.315      0.258     12.835      0.000
    P_KNOW$1           1.552      0.107     14.558      0.000
    P_RULE_B$1         1.054      0.293      3.597      0.000
    P_USE_B$1         -1.295      1.524     -0.850      0.396

Latent Class 3

 Thresholds
    P_RULE_S$1        -2.114      2.388     -0.885      0.376
    P_USE_SM$1         2.644      0.194     13.629      0.000
    P_KNOW$1           1.750      0.123     14.250      0.000
    P_RULE_B$1        -0.756      0.208     -3.637      0.000
    P_USE_B$1          0.127      0.095      1.327      0.185

Latent Class 4

 Thresholds
    P_RULE_S$1        -0.792      0.410     -1.932      0.053
    P_USE_SM$1         0.579      0.927      0.624      0.532
    P_KNOW$1           1.366      0.295      4.626      0.000
    P_RULE_B$1        15.000      0.000    999.000    999.000
    P_USE_B$1          2.220      0.816      2.722      0.006

Categorical Latent Variables

 Means
    C#1                3.122      0.651      4.796      0.000
    C#2                1.439      0.771      1.867      0.062
    C#3                1.228      0.696      1.764      0.078


QUALITY OF NUMERICAL RESULTS

     Condition Number for the Information Matrix              0.800E-04
       (ratio of smallest to largest eigenvalue)


RESULTS IN PROBABILITY SCALE

                                                    Two-Tailed
                    Estimate       S.E.  Est./S.E.    P-Value

Latent Class 1

 P_RULE_SM
    Category 1         0.943      0.013     70.292      0.000
    Category 2         0.057      0.013      4.238      0.000
 P_USE_SM
    Category 1         1.000      0.000      0.000      1.000
    Category 2         0.000      0.000      0.000      1.000
 P_KNOW
    Category 1         0.910      0.006    146.205      0.000
    Category 2         0.090      0.006     14.504      0.000
 P_RULE_B
    Category 1         0.972      0.009    107.479      0.000
    Category 2         0.028      0.009      3.043      0.002
 P_USE_B
    Category 1         1.000      0.000      0.000      1.000
    Category 2         0.000      0.000      0.000      1.000

Latent Class 2

 P_RULE_SM
    Category 1         1.000      0.000      0.000      1.000
    Category 2         0.000      0.000      0.000      1.000
 P_USE_SM
    Category 1         0.965      0.009    110.431      0.000
    Category 2         0.035      0.009      4.012      0.000
 P_KNOW
    Category 1         0.825      0.015     53.667      0.000
    Category 2         0.175      0.015     11.365      0.000
 P_RULE_B
    Category 1         0.741      0.056     13.204      0.000
    Category 2         0.259      0.056      4.604      0.000
 P_USE_B
    Category 1         0.215      0.257      0.836      0.403
    Category 2         0.785      0.257      3.051      0.002

Latent Class 3

 P_RULE_SM
    Category 1         0.108      0.230      0.469      0.639
    Category 2         0.892      0.230      3.886      0.000
 P_USE_SM
    Category 1         0.934      0.012     77.687      0.000
    Category 2         0.066      0.012      5.520      0.000
 P_KNOW
    Category 1         0.852      0.015     54.997      0.000
    Category 2         0.148      0.015      9.559      0.000
 P_RULE_B
    Category 1         0.320      0.045      7.075      0.000
    Category 2         0.680      0.045     15.062      0.000
 P_USE_B
    Category 1         0.532      0.024     22.364      0.000
    Category 2         0.468      0.024     19.703      0.000

Latent Class 4

 P_RULE_SM
    Category 1         0.312      0.088      3.544      0.000
    Category 2         0.688      0.088      7.824      0.000
 P_USE_SM
    Category 1         0.641      0.213      3.003      0.003
    Category 2         0.359      0.213      1.684      0.092
 P_KNOW
    Category 1         0.797      0.048     16.659      0.000
    Category 2         0.203      0.048      4.252      0.000
 P_RULE_B
    Category 1         1.000      0.000      0.000      1.000
    Category 2         0.000      0.000      0.000      1.000
 P_USE_B
    Category 1         0.902      0.072     12.515      0.000
    Category 2         0.098      0.072      1.359      0.174


LATENT CLASS INDICATOR ODDS RATIOS FOR THE LATENT CLASSES

                                                95% C.I.
                    Estimate       S.E.  Lower 2.5% Upper 2.5%

Latent Class 1 Compared to Latent Class 2

 P_RULE_S
    Category > 1   *********      0.000  *********  *********
 P_USE_SM
    Category > 1       0.000      0.000      0.000      0.000
 P_KNOW
    Category > 1       0.468      0.059      0.367      0.599
 P_RULE_B
    Category > 1       0.081      0.040      0.031      0.212
 P_USE_B
    Category > 1       0.000      0.000      0.000      0.000

Latent Class 1 Compared to Latent Class 3

 P_RULE_S
    Category > 1       0.007      0.017      0.000      0.797
 P_USE_SM
    Category > 1       0.000      0.000      0.000      0.000
 P_KNOW
    Category > 1       0.571      0.084      0.428      0.761
 P_RULE_B
    Category > 1       0.013      0.006      0.006      0.031
 P_USE_B
    Category > 1       0.000      0.000      0.000      0.000

Latent Class 1 Compared to Latent Class 4

 P_RULE_S
    Category > 1       0.027      0.014      0.010      0.073
 P_USE_SM
    Category > 1       0.000      0.000      0.000      0.000
 P_KNOW
    Category > 1       0.389      0.116      0.216      0.699
 P_RULE_B
    Category > 1   92566.648      0.000  92566.641  92566.641
 P_USE_B
    Category > 1       0.000      0.000      0.000      0.000

Latent Class 2 Compared to Latent Class 3

 P_RULE_S
    Category > 1       0.000      0.000      0.000      0.000
 P_USE_SM
    Category > 1       0.511      0.150      0.287      0.910
 P_KNOW
    Category > 1       1.218      0.212      0.867      1.713
 P_RULE_B
    Category > 1       0.164      0.061      0.079      0.341
 P_USE_B
    Category > 1       4.144      6.256      0.215     79.848

Latent Class 2 Compared to Latent Class 4

 P_RULE_S
    Category > 1       0.000      0.000      0.000      0.000
 P_USE_SM
    Category > 1       0.065      0.062      0.010      0.416
 P_KNOW
    Category > 1       0.830      0.261      0.448      1.538
 P_RULE_B
    Category > 1   *********      0.000  *********  *********
 P_USE_B
    Category > 1      33.622     57.870      1.152    981.141

Latent Class 3 Compared to Latent Class 4

 P_RULE_S
    Category > 1       3.751      8.217      0.051    274.701
 P_USE_SM
    Category > 1       0.127      0.119      0.020      0.794
 P_KNOW
    Category > 1       0.681      0.223      0.359      1.293
 P_RULE_B
    Category > 1   *********      0.000  *********  *********
 P_USE_B
    Category > 1       8.113      6.717      1.601     41.111


EQUALITY TESTS OF MEANS ACROSS CLASSES USING THE BCH PROCEDURE
WITH 3 DEGREE(S) OF FREEDOM FOR THE OVERALL TEST

C_TRY_SM

   NUMBER OF DELETED OBSERVATIONS FOR THE AUXILIARY VARIABLE:  45
   NUMBER OF OBSERVATIONS USED FOR THE AUXILIARY VARIABLE:  7256

                          Mean       S.E.                          Mean       S.E.

  Class 1                0.018      0.002  Class 2                0.028      0.006
  Class 3                0.048      0.009  Class 4                0.097      0.036

                    Chi-Square     P-Value                   Chi-Square     P-Value

  Overall test          16.026      0.001  Class 1 vs. 2          2.106      0.147
  Class 1 vs. 3          9.967      0.002  Class 1 vs. 4          4.694      0.030
  Class 2 vs. 3          3.118      0.077  Class 2 vs. 4          3.590      0.058
  Class 3 vs. 4          1.660      0.198

DEM_AGE
                          Mean       S.E.                          Mean       S.E.

  Class 1                0.338      0.007  Class 2                0.314      0.017
  Class 3                0.333      0.020  Class 4                0.357      0.060

                    Chi-Square     P-Value                   Chi-Square     P-Value

  Overall test           1.789      0.617  Class 1 vs. 2          1.615      0.204
  Class 1 vs. 3          0.071      0.789  Class 1 vs. 4          0.086      0.769
  Class 2 vs. 3          0.468      0.494  Class 2 vs. 4          0.452      0.501
  Class 3 vs. 4          0.134      0.715

DEM_INC

   NUMBER OF DELETED OBSERVATIONS FOR THE AUXILIARY VARIABLE:  351
   NUMBER OF OBSERVATIONS USED FOR THE AUXILIARY VARIABLE:  6950

                          Mean       S.E.                          Mean       S.E.

  Class 1                0.673      0.007  Class 2                0.448      0.019
  Class 3                0.506      0.021  Class 4                0.871      0.051

                    Chi-Square     P-Value                   Chi-Square     P-Value

  Overall test         175.862      0.000  Class 1 vs. 2        117.805      0.000
  Class 1 vs. 3         52.214      0.000  Class 1 vs. 4         13.985      0.000
  Class 2 vs. 3          3.999      0.046  Class 2 vs. 4         58.209      0.000
  Class 3 vs. 4         39.993      0.000



TECHNICAL 11 OUTPUT

     Random Starts Specifications for the k-1 Class Analysis Model
        Number of initial stage random starts                1000
        Number of final stage optimizations                   200



     VUONG-LO-MENDELL-RUBIN LIKELIHOOD RATIO TEST FOR 3 (H0) VERSUS 4 CLASSES

          H0 Loglikelihood Value                       -11677.108
          2 Times the Loglikelihood Difference             49.657
          Difference in the Number of Parameters                6
          Mean                                              4.470
          Standard Deviation                                4.557
          P-Value                                          0.0000

     LO-MENDELL-RUBIN ADJUSTED LRT TEST

          Value                                            48.744
          P-Value                                          0.0000


TECHNICAL 14 OUTPUT

     Random Starts Specifications for the k-1 Class Analysis Model
        Number of initial stage random starts                1000
        Number of final stage optimizations                   200

     Random Starts Specification for the k-1 Class Model for Generated Data
        Number of initial stage random starts                   0
        Number of final stage optimizations for the
           initial stage random starts                          0
     Random Starts Specification for the k Class Model for Generated Data
        Number of initial stage random starts                  40
        Number of final stage optimizations                     8
     Number of bootstrap draws requested                   Varies


     PARAMETRIC BOOTSTRAPPED LIKELIHOOD RATIO TEST FOR 3 (H0) VERSUS 4 CLASSES

          H0 Loglikelihood Value                       -11677.108
          2 Times the Loglikelihood Difference             49.657
          Difference in the Number of Parameters                6
          Approximate P-Value                              0.0000
          Successful Bootstrap Draws                            5

     WARNING:  OF THE 5 BOOTSTRAP DRAWS, 5 DRAWS HAD BOTH A SMALLER LRT VALUE THAN THE
     OBSERVED LRT VALUE AND NOT A REPLICATED BEST LOGLIKELIHOOD VALUE FOR THE 4-CLASS MODEL.
     THIS MEANS THAT THE P-VALUE MAY NOT BE TRUSTWORTHY DUE TO LOCAL MAXIMA.
     INCREASE THE NUMBER OF RANDOM STARTS USING THE LRTSTARTS OPTION.



PLOT INFORMATION

The following plots are available:

  Histograms (sample values)
  Scatterplots (sample values)
  Sample proportions and estimated probabilities

DIAGRAM INFORMATION

  Mplus diagrams are currently not available for Mixture analysis.
  No diagram output was produced.


     Beginning Time:  19:07:36
        Ending Time:  19:07:46
       Elapsed Time:  00:00:10


Mplus VERSION 8.11 DEMO has the following limitations:
  Maximum number of dependent variables: 6
  Maximum number of independent variables: 2
  Maximum number of between variables: 2
  Maximum number of continuous latent variables in time series analysis: 2


MUTHEN & MUTHEN
3463 Stoner Ave.
Los Angeles, CA  90066

Tel: (310) 391-9971
Fax: (310) 391-8971
Web: www.StatModel.com
Support: Support@StatModel.com

Copyright (c) 1998-2024 Muthen & Muthen
